0.000 1.500 1.000 -0.000 0.500 -0.500 -0.000
0.010 1.500 1.005 -0.005 0.500 -0.500 -0.005
0.020 1.500 1.010 -0.010 0.500 -0.500 -0.010
0.030 1.500 1.015 -0.015 0.500 -0.500 -0.015
0.040 1.500 1.020 -0.020 0.500 -0.500 -0.020
0.050 1.499 1.025 -0.025 0.499 -0.499 -0.025
0.060 1.499 1.030 -0.030 0.499 -0.499 -0.030
0.070 1.499 1.035 -0.035 0.499 -0.499 -0.035
0.080 1.498 1.040 -0.040 0.498 -0.498 -0.040
0.090 1.498 1.045 -0.045 0.498 -0.498 -0.045
0.100 1.498 1.050 -0.050 0.498 -0.498 -0.050
0.110 1.497 1.055 -0.055 0.497 -0.497 -0.055
0.120 1.496 1.060 -0.060 0.496 -0.496 -0.060
0.130 1.496 1.065 -0.065 0.496 -0.496 -0.065
0.140 1.495 1.070 -0.070 0.495 -0.495 -0.070
0.150 1.494 1.075 -0.075 0.494 -0.494 -0.075
0.160 1.494 1.080 -0.080 0.494 -0.494 -0.080
0.170 1.493 1.085 -0.085 0.493 -0.493 -0.085
0.180 1.492 1.090 -0.090 0.492 -0.492 -0.090
0.190 1.491 1.094 -0.094 0.491 -0.491 -0.094
0.200 1.490 1.099 -0.099 0.490 -0.490 -0.099
0.210 1.489 1.104 -0.104 0.489 -0.489 -0.104
0.220 1.488 1.109 -0.109 0.488 -0.488 -0.109
0.230 1.487 1.114 -0.114 0.487 -0.487 -0.114
0.240 1.486 1.119 -0.119 0.486 -0.486 -0.119
0.250 1.484 1.124 -0.124 0.484 -0.484 -0.124
0.260 1.483 1.129 -0.129 0.483 -0.483 -0.129
0.270 1.482 1.133 -0.133 0.482 -0.482 -0.133
0.280 1.481 1.138 -0.138 0.481 -0.481 -0.138
0.290 1.479 1.143 -0.143 0.479 -0.479 -0.143
0.300 1.478 1.148 -0.148 0.478 -0.478 -0.148
0.310 1.476 1.153 -0.153 0.476 -0.476 -0.153
0.320 1.475 1.157 -0.157 0.475 -0.475 -0.157
0.330 1.473 1.162 -0.162 0.473 -0.473 -0.162
0.340 1.471 1.167 -0.167 0.471 -0.471 -0.167
0.350 1.470 1.171 -0.171 0.470 -0.470 -0.171
0.360 1.468 1.176 -0.176 0.468 -0.468 -0.176
0.370 1.466 1.181 -0.181 0.466 -0.466 -0.181
0.380 1.464 1.185 -0.185 0.464 -0.464 -0.185
0.390 1.462 1.190 -0.190 0.462 -0.462 -0.190
0.400 1.461 1.195 -0.195 0.461 -0.461 -0.195
0.410 1.459 1.199 -0.199 0.459 -0.459 -0.199
0.420 1.457 1.204 -0.204 0.457 -0.457 -0.204
0.430 1.454 1.208 -0.208 0.454 -0.454 -0.208
0.440 1.452 1.213 -0.213 0.452 -0.452 -0.213
0.450 1.450 1.217 -0.217 0.450 -0.450 -0.217
0.460 1.448 1.222 -0.222 0.448 -0.448 -0.222
0.470 1.446 1.226 -0.226 0.446 -0.446 -0.226
0.480 1.443 1.231 -0.231 0.443 -0.443 -0.231
0.490 1.441 1.235 -0.235 0.441 -0.441 -0.235
0.500 1.439 1.240 -0.240 0.439 -0.439 -0.240
0.510 1.436 1.244 -0.244 0.436 -0.436 -0.244
0.520 1.434 1.248 -0.248 0.434 -0.434 -0.248
0.530 1.431 1.253 -0.253 0.431 -0.431 -0.253
0.540 1.429 1.257 -0.257 0.429 -0.429 -0.257
0.550 1.426 1.261 -0.261 0.426 -0.426 -0.261
0.560 1.424 1.266 -0.266 0.424 -0.424 -0.266
0.570 1.421 1.270 -0.270 0.421 -0.421 -0.270
0.580 1.418 1.274 -0.274 0.418 -0.418 -0.274
0.590 1.415 1.278 -0.278 0.415 -0.415 -0.278
0.600 1.413 1.282 -0.282 0.413 -0.413 -0.282
0.610 1.410 1.286 -0.286 0.410 -0.410 -0.286
0.620 1.407 1.291 -0.291 0.407 -0.407 -0.291
0.630 1.404 1.295 -0.295 0.404 -0.404 -0.295
0.640 1.401 1.299 -0.299 0.401 -0.401 -0.299
0.650 1.398 1.303 -0.303 0.398 -0.398 -0.303
0.660 1.395 1.307 -0.307 0.395 -0.395 -0.307
0.670 1.392 1.310 -0.310 0.392 -0.392 -0.310
0.680 1.389 1.314 -0.314 0.389 -0.389 -0.314
0.690 1.386 1.318 -0.318 0.386 -0.386 -0.318
0.700 1.382 1.322 -0.322 0.382 -0.382 -0.322
0.710 1.379 1.326 -0.326 0.379 -0.379 -0.326
0.720 1.376 1.330 -0.330 0.376 -0.376 -0.330
0.730 1.373 1.333 -0.333 0.373 -0.373 -0.333
0.740 1.369 1.337 -0.337 0.369 -0.369 -0.337
0.750 1.366 1.341 -0.341 0.366 -0.366 -0.341
0.760 1.362 1.344 -0.344 0.362 -0.362 -0.344
0.770 1.359 1.348 -0.348 0.359 -0.359 -0.348
0.780 1.355 1.352 -0.352 0.355 -0.355 -0.352
0.790 1.352 1.355 -0.355 0.352 -0.352 -0.355
0.800 1.348 1.359 -0.359 0.348 -0.348 -0.359
0.810 1.345 1.362 -0.362 0.345 -0.345 -0.362
0.820 1.341 1.366 -0.366 0.341 -0.341 -0.366
0.830 1.337 1.369 -0.369 0.337 -0.337 -0.369
0.840 1.334 1.372 -0.372 0.334 -0.334 -0.372
0.850 1.330 1.376 -0.376 0.330 -0.330 -0.376
0.860 1.326 1.379 -0.379 0.326 -0.326 -0.379
0.870 1.322 1.382 -0.382 0.322 -0.322 -0.382
0.880 1.319 1.385 -0.385 0.319 -0.319 -0.385
0.890 1.315 1.389 -0.389 0.315 -0.315 -0.389
0.900 1.311 1.392 -0.392 0.311 -0.311 -0.392
0.910 1.307 1.395 -0.395 0.307 -0.307 -0.395
0.920 1.303 1.398 -0.398 0.303 -0.303 -0.398
0.930 1.299 1.401 -0.401 0.299 -0.299 -0.401
0.940 1.295 1.404 -0.404 0.295 -0.295 -0.404
0.950 1.291 1.407 -0.407 0.291 -0.291 -0.407
0.960 1.287 1.410 -0.410 0.287 -0.287 -0.410
0.970 1.283 1.412 -0.412 0.283 -0.283 -0.412
0.980 1.279 1.415 -0.415 0.279 -0.279 -0.415
0.990 1.274 1.418 -0.418 0.274 -0.274 -0.418
1.000 1.270 1.421 -0.421 0.270 -0.270 -0.421
1.010 1.266 1.423 -0.423 0.266 -0.266 -0.423
1.020 1.262 1.426 -0.426 0.262 -0.262 -0.426
1.030 1.257 1.429 -0.429 0.257 -0.257 -0.429
1.040 1.253 1.431 -0.431 0.253 -0.253 -0.431
1.050 1.249 1.434 -0.434 0.249 -0.249 -0.434
1.060 1.244 1.436 -0.436 0.244 -0.244 -0.436
1.070 1.240 1.439 -0.439 0.240 -0.240 -0.439
1.080 1.236 1.441 -0.441 0.236 -0.236 -0.441
1.090 1.231 1.443 -0.443 0.231 -0.231 -0.443
1.100 1.227 1.446 -0.446 0.227 -0.227 -0.446
1.110 1.222 1.448 -0.448 0.222 -0.222 -0.448
1.120 1.218 1.450 -0.450 0.218 -0.218 -0.450
1.130 1.213 1.452 -0.452 0.213 -0.213 -0.452
1.140 1.209 1.454 -0.454 0.209 -0.209 -0.454
1.150 1.204 1.456 -0.456 0.204 -0.204 -0.456
1.160 1.200 1.458 -0.458 0.200 -0.200 -0.458
1.170 1.195 1.460 -0.460 0.195 -0.195 -0.460
1.180 1.190 1.462 -0.462 0.190 -0.190 -0.462
1.190 1.186 1.464 -0.464 0.186 -0.186 -0.464
1.200 1.181 1.466 -0.466 0.181 -0.181 -0.466
1.210 1.177 1.468 -0.468 0.177 -0.177 -0.468
1.220 1.172 1.470 -0.470 0.172 -0.172 -0.470
1.230 1.167 1.471 -0.471 0.167 -0.167 -0.471
1.240 1.162 1.473 -0.473 0.162 -0.162 -0.473
1.250 1.158 1.474 -0.474 0.158 -0.158 -0.474
1.260 1.153 1.476 -0.476 0.153 -0.153 -0.476
1.270 1.148 1.478 -0.478 0.148 -0.148 -0.478
1.280 1.143 1.479 -0.479 0.143 -0.143 -0.479
1.290 1.139 1.480 -0.480 0.139 -0.139 -0.480
1.300 1.134 1.482 -0.482 0.134 -0.134 -0.482
1.310 1.129 1.483 -0.483 0.129 -0.129 -0.483
1.320 1.124 1.484 -0.484 0.124 -0.124 -0.484
1.330 1.119 1.486 -0.486 0.119 -0.119 -0.486
1.340 1.114 1.487 -0.487 0.114 -0.114 -0.487
1.350 1.110 1.488 -0.488 0.110 -0.110 -0.488
1.360 1.105 1.489 -0.489 0.105 -0.105 -0.489
1.370 1.100 1.490 -0.490 0.100 -0.100 -0.490
1.380 1.095 1.491 -0.491 0.095 -0.095 -0.491
1.390 1.090 1.492 -0.492 0.090 -0.090 -0.492
1.400 1.085 1.493 -0.493 0.085 -0.085 -0.493
1.410 1.080 1.494 -0.494 0.080 -0.080 -0.494
1.420 1.075 1.494 -0.494 0.075 -0.075 -0.494
1.430 1.070 1.495 -0.495 0.070 -0.070 -0.495
1.440 1.065 1.496 -0.496 0.065 -0.065 -0.496
1.450 1.060 1.496 -0.496 0.060 -0.060 -0.496
1.460 1.055 1.497 -0.497 0.055 -0.055 -0.497
1.470 1.050 1.497 -0.497 0.050 -0.050 -0.497
1.480 1.045 1.498 -0.498 0.045 -0.045 -0.498
1.490 1.040 1.498 -0.498 0.040 -0.040 -0.498
1.500 1.035 1.499 -0.499 0.035 -0.035 -0.499
1.510 1.030 1.499 -0.499 0.030 -0.030 -0.499
1.520 1.025 1.499 -0.499 0.025 -0.025 -0.499
1.530 1.020 1.500 -0.500 0.020 -0.020 -0.500
1.540 1.015 1.500 -0.500 0.015 -0.015 -0.500
1.550 1.010 1.500 -0.500 0.010 -0.010 -0.500
1.560 1.005 1.500 -0.500 0.005 -0.005 -0.500
1.570 1.000 1.500 -0.500 0.000 -0.000 -0.500
1.580 0.995 1.500 -0.500 -0.005 0.005 -0.500
1.590 0.990 1.500 -0.500 -0.010 0.010 -0.500
1.600 0.985 1.500 -0.500 -0.015 0.015 -0.500
1.610 0.980 1.500 -0.500 -0.020 0.020 -0.500
1.620 0.975 1.499 -0.499 -0.025 0.025 -0.499
1.630 0.970 1.499 -0.499 -0.030 0.030 -0.499
1.640 0.965 1.499 -0.499 -0.035 0.035 -0.499
1.650 0.960 1.498 -0.498 -0.040 0.040 -0.498
1.660 0.955 1.498 -0.498 -0.045 0.045 -0.498
1.670 0.950 1.498 -0.498 -0.050 0.050 -0.498
1.680 0.946 1.497 -0.497 -0.054 0.054 -0.497
1.690 0.941 1.496 -0.496 -0.059 0.059 -0.496
1.700 0.936 1.496 -0.496 -0.064 0.064 -0.496
1.710 0.931 1.495 -0.495 -0.069 0.069 -0.495
1.720 0.926 1.494 -0.494 -0.074 0.074 -0.494
1.730 0.921 1.494 -0.494 -0.079 0.079 -0.494
1.740 0.916 1.493 -0.493 -0.084 0.084 -0.493
1.750 0.911 1.492 -0.492 -0.089 0.089 -0.492
1.760 0.906 1.491 -0.491 -0.094 0.094 -0.491
1.770 0.901 1.490 -0.490 -0.099 0.099 -0.490
1.780 0.896 1.489 -0.489 -0.104 0.104 -0.489
1.790 0.891 1.488 -0.488 -0.109 0.109 -0.488
1.800 0.886 1.487 -0.487 -0.114 0.114 -0.487
1.810 0.882 1.486 -0.486 -0.118 0.118 -0.486
1.820 0.877 1.485 -0.485 -0.123 0.123 -0.485
1.830 0.872 1.483 -0.483 -0.128 0.128 -0.483
1.840 0.867 1.482 -0.482 -0.133 0.133 -0.482
1.850 0.862 1.481 -0.481 -0.138 0.138 -0.481
1.860 0.857 1.479 -0.479 -0.143 0.143 -0.479
1.870 0.853 1.478 -0.478 -0.147 0.147 -0.478
1.880 0.848 1.476 -0.476 -0.152 0.152 -0.476
1.890 0.843 1.475 -0.475 -0.157 0.157 -0.475
1.900 0.838 1.473 -0.473 -0.162 0.162 -0.473
1.910 0.834 1.472 -0.472 -0.166 0.166 -0.472
1.920 0.829 1.470 -0.470 -0.171 0.171 -0.470
1.930 0.824 1.468 -0.468 -0.176 0.176 -0.468
1.940 0.820 1.466 -0.466 -0.180 0.180 -0.466
1.950 0.815 1.464 -0.464 -0.185 0.185 -0.464
1.960 0.810 1.463 -0.463 -0.190 0.190 -0.463
1.970 0.806 1.461 -0.461 -0.194 0.194 -0.461
1.980 0.801 1.459 -0.459 -0.199 0.199 -0.459
1.990 0.796 1.457 -0.457 -0.204 0.204 -0.457
2.000 0.792 1.455 -0.455 -0.208 0.208 -0.455
2.010 0.787 1.453 -0.453 -0.213 0.213 -0.453
2.020 0.783 1.450 -0.450 -0.217 0.217 -0.450
2.030 0.778 1.448 -0.448 -0.222 0.222 -0.448
2.040 0.774 1.446 -0.446 -0.226 0.226 -0.446
2.050 0.769 1.444 -0.444 -0.231 0.231 -0.444
2.060 0.765 1.441 -0.441 -0.235 0.235 -0.441
2.070 0.761 1.439 -0.439 -0.239 0.239 -0.439
2.080 0.756 1.437 -0.437 -0.244 0.244 -0.437
2.090 0.752 1.434 -0.434 -0.248 0.248 -0.434
2.100 0.748 1.432 -0.432 -0.252 0.252 -0.432
2.110 0.743 1.429 -0.429 -0.257 0.257 -0.429
2.120 0.739 1.426 -0.426 -0.261 0.261 -0.426
2.130 0.735 1.424 -0.424 -0.265 0.265 -0.424
2.140 0.731 1.421 -0.421 -0.269 0.269 -0.421
2.150 0.726 1.418 -0.418 -0.274 0.274 -0.418
2.160 0.722 1.416 -0.416 -0.278 0.278 -0.416
2.170 0.718 1.413 -0.413 -0.282 0.282 -0.413
2.180 0.714 1.410 -0.410 -0.286 0.286 -0.410
2.190 0.710 1.407 -0.407 -0.290 0.290 -0.407
2.200 0.706 1.404 -0.404 -0.294 0.294 -0.404
2.210 0.702 1.401 -0.401 -0.298 0.298 -0.401
2.220 0.698 1.398 -0.398 -0.302 0.302 -0.398
2.230 0.694 1.395 -0.395 -0.306 0.306 -0.395
2.240 0.690 1.392 -0.392 -0.310 0.310 -0.392
2.250 0.686 1.389 -0.389 -0.314 0.314 -0.389
2.260 0.682 1.386 -0.386 -0.318 0.318 -0.386
2.270 0.678 1.383 -0.383 -0.322 0.322 -0.383
2.280 0.674 1.379 -0.379 -0.326 0.326 -0.379
2.290 0.671 1.376 -0.376 -0.329 0.329 -0.376
2.300 0.667 1.373 -0.373 -0.333 0.333 -0.373
2.310 0.663 1.370 -0.370 -0.337 0.337 -0.370
2.320 0.659 1.366 -0.366 -0.341 0.341 -0.366
2.330 0.656 1.363 -0.363 -0.344 0.344 -0.363
2.340 0.652 1.359 -0.359 -0.348 0.348 -0.359
2.350 0.649 1.356 -0.356 -0.351 0.351 -0.356
2.360 0.645 1.352 -0.352 -0.355 0.355 -0.352
2.370 0.642 1.349 -0.349 -0.358 0.358 -0.349
2.380 0.638 1.345 -0.345 -0.362 0.362 -0.345
2.390 0.635 1.341 -0.341 -0.365 0.365 -0.341
2.400 0.631 1.338 -0.338 -0.369 0.369 -0.338
2.410 0.628 1.334 -0.334 -0.372 0.372 -0.334
2.420 0.625 1.330 -0.330 -0.375 0.375 -0.330
2.430 0.621 1.327 -0.327 -0.379 0.379 -0.327
2.440 0.618 1.323 -0.323 -0.382 0.382 -0.323
2.450 0.615 1.319 -0.319 -0.385 0.385 -0.319
2.460 0.612 1.315 -0.315 -0.388 0.388 -0.315
2.470 0.609 1.311 -0.311 -0.391 0.391 -0.311
2.480 0.605 1.307 -0.307 -0.395 0.395 -0.307
2.490 0.602 1.303 -0.303 -0.398 0.398 -0.303
2.500 0.599 1.299 -0.299 -0.401 0.401 -0.299
2.510 0.596 1.295 -0.295 -0.404 0.404 -0.295
2.520 0.594 1.291 -0.291 -0.406 0.406 -0.291
2.530 0.591 1.287 -0.287 -0.409 0.409 -0.287
2.540 0.588 1.283 -0.283 -0.412 0.412 -0.283
2.550 0.585 1.279 -0.279 -0.415 0.415 -0.279
2.560 0.582 1.275 -0.275 -0.418 0.418 -0.275
2.570 0.579 1.270 -0.270 -0.421 0.421 -0.270
2.580 0.577 1.266 -0.266 -0.423 0.423 -0.266
2.590 0.574 1.262 -0.262 -0.426 0.426 -0.262
2.600 0.572 1.258 -0.258 -0.428 0.428 -0.258
2.610 0.569 1.253 -0.253 -0.431 0.431 -0.253
2.620 0.566 1.249 -0.249 -0.434 0.434 -0.249
2.630 0.564 1.245 -0.245 -0.436 0.436 -0.245
2.640 0.562 1.240 -0.240 -0.438 0.438 -0.240
2.650 0.559 1.236 -0.236 -0.441 0.441 -0.236
2.660 0.557 1.232 -0.232 -0.443 0.443 -0.232
2.670 0.555 1.227 -0.227 -0.445 0.445 -0.227
2.680 0.552 1.223 -0.223 -0.448 0.448 -0.223
2.690 0.550 1.218 -0.218 -0.450 0.450 -0.218
2.700 0.548 1.214 -0.214 -0.452 0.452 -0.214
2.710 0.546 1.209 -0.209 -0.454 0.454 -0.209
2.720 0.544 1.205 -0.205 -0.456 0.456 -0.205
2.730 0.542 1.200 -0.200 -0.458 0.458 -0.200
2.740 0.540 1.195 -0.195 -0.460 0.460 -0.195
2.750 0.538 1.191 -0.191 -0.462 0.462 -0.191
2.760 0.536 1.186 -0.186 -0.464 0.464 -0.186
2.770 0.534 1.182 -0.182 -0.466 0.466 -0.182
2.780 0.532 1.177 -0.177 -0.468 0.468 -0.177
2.790 0.531 1.172 -0.172 -0.469 0.469 -0.172
2.800 0.529 1.167 -0.167 -0.471 0.471 -0.167
2.810 0.527 1.163 -0.163 -0.473 0.473 -0.163
2.820 0.526 1.158 -0.158 -0.474 0.474 -0.158
2.830 0.524 1.153 -0.153 -0.476 0.476 -0.153
2.840 0.523 1.149 -0.149 -0.477 0.477 -0.149
2.850 0.521 1.144 -0.144 -0.479 0.479 -0.144
2.860 0.520 1.139 -0.139 -0.480 0.480 -0.139
2.870 0.518 1.134 -0.134 -0.482 0.482 -0.134
2.880 0.517 1.129 -0.129 -0.483 0.483 -0.129
2.890 0.516 1.124 -0.124 -0.484 0.484 -0.124
2.900 0.515 1.120 -0.120 -0.485 0.485 -0.120
2.910 0.513 1.115 -0.115 -0.487 0.487 -0.115
2.920 0.512 1.110 -0.110 -0.488 0.488 -0.110
2.930 0.511 1.105 -0.105 -0.489 0.489 -0.105
2.940 0.510 1.100 -0.100 -0.490 0.490 -0.100
2.950 0.509 1.095 -0.095 -0.491 0.491 -0.095
2.960 0.508 1.090 -0.090 -0.492 0.492 -0.090
2.970 0.507 1.085 -0.085 -0.493 0.493 -0.085
2.980 0.507 1.080 -0.080 -0.493 0.493 -0.080
2.990 0.506 1.076 -0.076 -0.494 0.494 -0.076
3.000 0.505 1.071 -0.071 -0.495 0.495 -0.071
3.010 0.504 1.066 -0.066 -0.496 0.496 -0.066
3.020 0.504 1.061 -0.061 -0.496 0.496 -0.061
3.030 0.503 1.056 -0.056 -0.497 0.497 -0.056
3.040 0.503 1.051 -0.051 -0.497 0.497 -0.051
3.050 0.502 1.046 -0.046 -0.498 0.498 -0.046
3.060 0.502 1.041 -0.041 -0.498 0.498 -0.041
3.070 0.501 1.036 -0.036 -0.499 0.499 -0.036
3.080 0.501 1.031 -0.031 -0.499 0.499 -0.031
3.090 0.501 1.026 -0.026 -0.499 0.499 -0.026
3.100 0.500 1.021 -0.021 -0.500 0.500 -0.021
3.110 0.500 1.016 -0.016 -0.500 0.500 -0.016
3.120 0.500 1.011 -0.011 -0.500 0.500 -0.011
3.130 0.500 1.006 -0.006 -0.500 0.500 -0.006
3.140 0.500 1.001 -0.001 -0.500 0.500 -0.001
3.150 0.500 0.996 0.004 -0.500 0.500 0.004
3.160 0.500 0.991 0.009 -0.500 0.500 0.009
3.170 0.500 0.986 0.014 -0.500 0.500 0.014
3.180 0.500 0.981 0.019 -0.500 0.500 0.019
3.190 0.501 0.976 0.024 -0.499 0.499 0.024
3.200 0.501 0.971 0.029 -0.499 0.499 0.029
3.210 0.501 0.966 0.034 -0.499 0.499 0.034
3.220 0.502 0.961 0.039 -0.498 0.498 0.039
3.230 0.502 0.956 0.044 -0.498 0.498 0.044
3.240 0.502 0.951 0.049 -0.498 0.498 0.049
3.250 0.503 0.946 0.054 -0.497 0.497 0.054
3.260 0.504 0.941 0.059 -0.496 0.496 0.059
3.270 0.504 0.936 0.064 -0.496 0.496 0.064
3.280 0.505 0.931 0.069 -0.495 0.495 0.069
3.290 0.505 0.926 0.074 -0.495 0.495 0.074
3.300 0.506 0.921 0.079 -0.494 0.494 0.079
3.310 0.507 0.916 0.084 -0.493 0.493 0.084
3.320 0.508 0.911 0.089 -0.492 0.492 0.089
3.330 0.509 0.906 0.094 -0.491 0.491 0.094
3.340 0.510 0.901 0.099 -0.490 0.490 0.099
3.350 0.511 0.897 0.103 -0.489 0.489 0.103
3.360 0.512 0.892 0.108 -0.488 0.488 0.108
3.370 0.513 0.887 0.113 -0.487 0.487 0.113
3.380 0.514 0.882 0.118 -0.486 0.486 0.118
3.390 0.515 0.877 0.123 -0.485 0.485 0.123
3.400 0.517 0.872 0.128 -0.483 0.483 0.128
3.410 0.518 0.867 0.133 -0.482 0.482 0.133
3.420 0.519 0.863 0.137 -0.481 0.481 0.137
3.430 0.521 0.858 0.142 -0.479 0.479 0.142
3.440 0.522 0.853 0.147 -0.478 0.478 0.147
3.450 0.524 0.848 0.152 -0.476 0.476 0.152
3.460 0.525 0.843 0.157 -0.475 0.475 0.157
3.470 0.527 0.839 0.161 -0.473 0.473 0.161
3.480 0.528 0.834 0.166 -0.472 0.472 0.166
3.490 0.530 0.829 0.171 -0.470 0.470 0.171
3.500 0.532 0.825 0.175 -0.468 0.468 0.175
3.510 0.534 0.820 0.180 -0.466 0.466 0.180
3.520 0.535 0.815 0.185 -0.465 0.465 0.185
3.530 0.537 0.811 0.189 -0.463 0.463 0.189
3.540 0.539 0.806 0.194 -0.461 0.461 0.194
3.550 0.541 0.801 0.199 -0.459 0.459 0.199
3.560 0.543 0.797 0.203 -0.457 0.457 0.203
3.570 0.545 0.792 0.208 -0.455 0.455 0.208
3.580 0.547 0.788 0.212 -0.453 0.453 0.212
3.590 0.549 0.783 0.217 -0.451 0.451 0.217
3.600 0.552 0.779 0.221 -0.448 0.448 0.221
3.610 0.554 0.774 0.226 -0.446 0.446 0.226
3.620 0.556 0.770 0.230 -0.444 0.444 0.230
3.630 0.558 0.765 0.235 -0.442 0.442 0.235
3.640 0.561 0.761 0.239 -0.439 0.439 0.239
3.650 0.563 0.757 0.243 -0.437 0.437 0.243
3.660 0.566 0.752 0.248 -0.434 0.434 0.248
3.670 0.568 0.748 0.252 -0.432 0.432 0.252
3.680 0.571 0.744 0.256 -0.429 0.429 0.256
3.690 0.573 0.739 0.261 -0.427 0.427 0.261
3.700 0.576 0.735 0.265 -0.424 0.424 0.265
3.710 0.579 0.731 0.269 -0.421 0.421 0.269
3.720 0.581 0.727 0.273 -0.419 0.419 0.273
3.730 0.584 0.722 0.278 -0.416 0.416 0.278
3.740 0.587 0.718 0.282 -0.413 0.413 0.282
3.750 0.590 0.714 0.286 -0.410 0.410 0.286
3.760 0.593 0.710 0.290 -0.407 0.407 0.290
3.770 0.596 0.706 0.294 -0.404 0.404 0.294
3.780 0.598 0.702 0.298 -0.402 0.402 0.298
3.790 0.601 0.698 0.302 -0.399 0.399 0.302
3.800 0.605 0.694 0.306 -0.395 0.395 0.306
3.810 0.608 0.690 0.310 -0.392 0.392 0.310
3.820 0.611 0.686 0.314 -0.389 0.389 0.314
3.830 0.614 0.682 0.318 -0.386 0.386 0.318
3.840 0.617 0.679 0.321 -0.383 0.383 0.321
3.850 0.620 0.675 0.325 -0.380 0.380 0.325
3.860 0.624 0.671 0.329 -0.376 0.376 0.329
3.870 0.627 0.667 0.333 -0.373 0.373 0.333
3.880 0.630 0.663 0.337 -0.370 0.370 0.337
3.890 0.634 0.660 0.340 -0.366 0.366 0.340
3.900 0.637 0.656 0.344 -0.363 0.363 0.344
3.910 0.640 0.653 0.347 -0.360 0.360 0.347
3.920 0.644 0.649 0.351 -0.356 0.356 0.351
3.930 0.648 0.645 0.355 -0.352 0.352 0.355
3.940 0.651 0.642 0.358 -0.349 0.349 0.358
3.950 0.655 0.638 0.362 -0.345 0.345 0.362
3.960 0.658 0.635 0.365 -0.342 0.342 0.365
3.970 0.662 0.632 0.368 -0.338 0.338 0.368
3.980 0.666 0.628 0.372 -0.334 0.334 0.372
3.990 0.669 0.625 0.375 -0.331 0.331 0.375
4.000 0.673 0.622 0.378 -0.327 0.327 0.378
4.010 0.677 0.618 0.382 -0.323 0.323 0.382
4.020 0.681 0.615 0.385 -0.319 0.319 0.385
4.030 0.685 0.612 0.388 -0.315 0.315 0.388
4.040 0.689 0.609 0.391 -0.311 0.311 0.391
4.050 0.692 0.606 0.394 -0.308 0.308 0.394
4.060 0.696 0.603 0.397 -0.304 0.304 0.397
4.070 0.700 0.600 0.400 -0.300 0.300 0.400
4.080 0.704 0.597 0.403 -0.296 0.296 0.403
4.090 0.709 0.594 0.406 -0.291 0.291 0.406
4.100 0.713 0.591 0.409 -0.287 0.287 0.409
4.110 0.717 0.588 0.412 -0.283 0.283 0.412
4.120 0.721 0.585 0.415 -0.279 0.279 0.415
4.130 0.725 0.582 0.418 -0.275 0.275 0.418
4.140 0.729 0.580 0.420 -0.271 0.271 0.420
4.150 0.733 0.577 0.423 -0.267 0.267 0.423
4.160 0.738 0.574 0.426 -0.262 0.262 0.426
4.170 0.742 0.572 0.428 -0.258 0.258 0.428
4.180 0.746 0.569 0.431 -0.254 0.254 0.431
4.190 0.751 0.567 0.433 -0.249 0.249 0.433
4.200 0.755 0.564 0.436 -0.245 0.245 0.436
4.210 0.759 0.562 0.438 -0.241 0.241 0.438
4.220 0.764 0.559 0.441 -0.236 0.236 0.441
4.230 0.768 0.557 0.443 -0.232 0.232 0.443
4.240 0.772 0.555 0.445 -0.228 0.228 0.445
4.250 0.777 0.553 0.447 -0.223 0.223 0.447
4.260 0.781 0.550 0.450 -0.219 0.219 0.450
4.270 0.786 0.548 0.452 -0.214 0.214 0.452
4.280 0.790 0.546 0.454 -0.210 0.210 0.454
4.290 0.795 0.544 0.456 -0.205 0.205 0.456
4.300 0.800 0.542 0.458 -0.200 0.200 0.458
4.310 0.804 0.540 0.460 -0.196 0.196 0.460
4.320 0.809 0.538 0.462 -0.191 0.191 0.462
4.330 0.813 0.536 0.464 -0.187 0.187 0.464
4.340 0.818 0.534 0.466 -0.182 0.182 0.466
4.350 0.823 0.532 0.468 -0.177 0.177 0.468
4.360 0.827 0.531 0.469 -0.173 0.173 0.469
4.370 0.832 0.529 0.471 -0.168 0.168 0.471
4.380 0.837 0.527 0.473 -0.163 0.163 0.473
4.390 0.842 0.526 0.474 -0.158 0.158 0.474
4.400 0.846 0.524 0.476 -0.154 0.154 0.476
4.410 0.851 0.523 0.477 -0.149 0.149 0.477
4.420 0.856 0.521 0.479 -0.144 0.144 0.479
4.430 0.861 0.520 0.480 -0.139 0.139 0.480
4.440 0.865 0.518 0.482 -0.135 0.135 0.482
4.450 0.870 0.517 0.483 -0.130 0.130 0.483
4.460 0.875 0.516 0.484 -0.125 0.125 0.484
4.470 0.880 0.515 0.485 -0.120 0.120 0.485
4.480 0.885 0.513 0.487 -0.115 0.115 0.487
4.490 0.890 0.512 0.488 -0.110 0.110 0.488
4.500 0.895 0.511 0.489 -0.105 0.105 0.489
4.510 0.899 0.510 0.490 -0.101 0.101 0.490
4.520 0.904 0.509 0.491 -0.096 0.096 0.491
4.530 0.909 0.508 0.492 -0.091 0.091 0.492
4.540 0.914 0.507 0.493 -0.086 0.086 0.493
4.550 0.919 0.507 0.493 -0.081 0.081 0.493
4.560 0.924 0.506 0.494 -0.076 0.076 0.494
4.570 0.929 0.505 0.495 -0.071 0.071 0.495
4.580 0.934 0.504 0.496 -0.066 0.066 0.496
4.590 0.939 0.504 0.496 -0.061 0.061 0.496
4.600 0.944 0.503 0.497 -0.056 0.056 0.497
4.610 0.949 0.503 0.497 -0.051 0.051 0.497
4.620 0.954 0.502 0.498 -0.046 0.046 0.498
4.630 0.959 0.502 0.498 -0.041 0.041 0.498
4.640 0.964 0.501 0.499 -0.036 0.036 0.499
4.650 0.969 0.501 0.499 -0.031 0.031 0.499
4.660 0.974 0.501 0.499 -0.026 0.026 0.499
4.670 0.979 0.500 0.500 -0.021 0.021 0.500
4.680 0.984 0.500 0.500 -0.016 0.016 0.500
4.690 0.989 0.500 0.500 -0.011 0.011 0.500
4.700 0.994 0.500 0.500 -0.006 0.006 0.500
4.710 0.999 0.500 0.500 -0.001 0.001 0.500
4.720 1.004 0.500 0.500 0.004 -0.004 0.500
4.730 1.009 0.500 0.500 0.009 -0.009 0.500
4.740 1.014 0.500 0.500 0.014 -0.014 0.500
4.750 1.019 0.500 0.500 0.019 -0.019 0.500
4.760 1.024 0.501 0.499 0.024 -0.024 0.499
4.770 1.029 0.501 0.499 0.029 -0.029 0.499
4.780 1.034 0.501 0.499 0.034 -0.034 0.499
4.790 1.039 0.502 0.498 0.039 -0.039 0.498
4.800 1.044 0.502 0.498 0.044 -0.044 0.498
4.810 1.049 0.502 0.498 0.049 -0.049 0.498
4.820 1.054 0.503 0.497 0.054 -0.054 0.497
4.830 1.059 0.503 0.497 0.059 -0.059 0.497
4.840 1.064 0.504 0.496 0.064 -0.064 0.496
4.850 1.069 0.505 0.495 0.069 -0.069 0.495
4.860 1.074 0.505 0.495 0.074 -0.074 0.495
4.870 1.078 0.506 0.494 0.078 -0.078 0.494
4.880 1.083 0.507 0.493 0.083 -0.083 0.493
4.890 1.088 0.508 0.492 0.088 -0.088 0.492
4.900 1.093 0.509 0.491 0.093 -0.093 0.491
4.910 1.098 0.510 0.490 0.098 -0.098 0.490
4.920 1.103 0.511 0.489 0.103 -0.103 0.489
4.930 1.108 0.512 0.488 0.108 -0.108 0.488
4.940 1.113 0.513 0.487 0.113 -0.113 0.487
4.950 1.118 0.514 0.486 0.118 -0.118 0.486
4.960 1.123 0.515 0.485 0.123 -0.123 0.485
4.970 1.127 0.516 0.484 0.127 -0.127 0.484
4.980 1.132 0.518 0.482 0.132 -0.132 0.482
4.990 1.137 0.519 0.481 0.137 -0.137 0.481
5.000 1.142 0.521 0.479 0.142 -0.142 0.479
5.010 1.147 0.522 0.478 0.147 -0.147 0.478
5.020 1.151 0.523 0.477 0.151 -0.151 0.477
5.030 1.156 0.525 0.475 0.156 -0.156 0.475
5.040 1.161 0.527 0.473 0.161 -0.161 0.473
5.050 1.166 0.528 0.472 0.166 -0.166 0.472
5.060 1.170 0.530 0.470 0.170 -0.170 0.470
5.070 1.175 0.532 0.468 0.175 -0.175 0.468
5.080 1.180 0.533 0.467 0.180 -0.180 0.467
5.090 1.184 0.535 0.465 0.184 -0.184 0.465
5.100 1.189 0.537 0.463 0.189 -0.189 0.463
5.110 1.194 0.539 0.461 0.194 -0.194 0.461
5.120 1.198 0.541 0.459 0.198 -0.198 0.459
5.130 1.203 0.543 0.457 0.203 -0.203 0.457
5.140 1.207 0.545 0.455 0.207 -0.207 0.455
5.150 1.212 0.547 0.453 0.212 -0.212 0.453
5.160 1.216 0.549 0.451 0.216 -0.216 0.451
5.170 1.221 0.551 0.449 0.221 -0.221 0.449
5.180 1.225 0.554 0.446 0.225 -0.225 0.446
5.190 1.230 0.556 0.444 0.230 -0.230 0.444
5.200 1.234 0.558 0.442 0.234 -0.234 0.442
5.210 1.239 0.561 0.439 0.239 -0.239 0.439
5.220 1.243 0.563 0.437 0.243 -0.243 0.437
5.230 1.247 0.565 0.435 0.247 -0.247 0.435
5.240 1.252 0.568 0.432 0.252 -0.252 0.432
5.250 1.256 0.571 0.429 0.256 -0.256 0.429
5.260 1.260 0.573 0.427 0.260 -0.260 0.427
5.270 1.265 0.576 0.424 0.265 -0.265 0.424
5.280 1.269 0.578 0.422 0.269 -0.269 0.422
5.290 1.273 0.581 0.419 0.273 -0.273 0.419
5.300 1.277 0.584 0.416 0.277 -0.277 0.416
5.310 1.281 0.587 0.413 0.281 -0.281 0.413
5.320 1.285 0.589 0.411 0.285 -0.285 0.411
5.330 1.290 0.592 0.408 0.290 -0.290 0.408
5.340 1.294 0.595 0.405 0.294 -0.294 0.405
5.350 1.298 0.598 0.402 0.298 -0.298 0.402
5.360 1.302 0.601 0.399 0.302 -0.302 0.399
5.370 1.306 0.604 0.396 0.306 -0.306 0.396
5.380 1.310 0.607 0.393 0.310 -0.310 0.393
5.390 1.313 0.610 0.390 0.313 -0.313 0.390
5.400 1.317 0.614 0.386 0.317 -0.317 0.386
5.410 1.321 0.617 0.383 0.321 -0.321 0.383
5.420 1.325 0.620 0.380 0.325 -0.325 0.380
5.430 1.329 0.623 0.377 0.329 -0.329 0.377
5.440 1.333 0.627 0.373 0.333 -0.333 0.373
5.450 1.336 0.630 0.370 0.336 -0.336 0.370
5.460 1.340 0.633 0.367 0.340 -0.340 0.367
5.470 1.344 0.637 0.363 0.344 -0.344 0.363
5.480 1.347 0.640 0.360 0.347 -0.347 0.360
5.490 1.351 0.644 0.356 0.351 -0.351 0.356
5.500 1.354 0.647 0.353 0.354 -0.354 0.353
5.510 1.358 0.651 0.349 0.358 -0.358 0.349
5.520 1.361 0.654 0.346 0.361 -0.361 0.346
5.530 1.365 0.658 0.342 0.365 -0.365 0.342
5.540 1.368 0.662 0.338 0.368 -0.368 0.338
5.550 1.372 0.665 0.335 0.372 -0.372 0.335
5.560 1.375 0.669 0.331 0.375 -0.375 0.331
5.570 1.378 0.673 0.327 0.378 -0.378 0.327
5.580 1.381 0.677 0.323 0.381 -0.381 0.323
5.590 1.385 0.681 0.319 0.385 -0.385 0.319
5.600 1.388 0.684 0.316 0.388 -0.388 0.316
5.610 1.391 0.688 0.312 0.391 -0.391 0.312
5.620 1.394 0.692 0.308 0.394 -0.394 0.308
5.630 1.397 0.696 0.304 0.397 -0.397 0.304
5.640 1.400 0.700 0.300 0.400 -0.400 0.300
5.650 1.403 0.704 0.296 0.403 -0.403 0.296
5.660 1.406 0.708 0.292 0.406 -0.406 0.292
5.670 1.409 0.712 0.288 0.409 -0.409 0.288
5.680 1.412 0.716 0.284 0.412 -0.412 0.284
5.690 1.415 0.720 0.280 0.415 -0.415 0.280
5.700 1.417 0.725 0.275 0.417 -0.417 0.275
5.710 1.420 0.729 0.271 0.420 -0.420 0.271
5.720 1.423 0.733 0.267 0.423 -0.423 0.267
5.730 1.425 0.737 0.263 0.425 -0.425 0.263
5.740 1.428 0.742 0.258 0.428 -0.428 0.258
5.750 1.431 0.746 0.254 0.431 -0.431 0.254
5.760 1.433 0.750 0.250 0.433 -0.433 0.250
5.770 1.436 0.755 0.245 0.436 -0.436 0.245
5.780 1.438 0.759 0.241 0.438 -0.438 0.241
5.790 1.440 0.763 0.237 0.440 -0.440 0.237
5.800 1.443 0.768 0.232 0.443 -0.443 0.232
5.810 1.445 0.772 0.228 0.445 -0.445 0.228
5.820 1.447 0.777 0.223 0.447 -0.447 0.223
5.830 1.450 0.781 0.219 0.450 -0.450 0.219
5.840 1.452 0.786 0.214 0.452 -0.452 0.214
5.850 1.454 0.790 0.210 0.454 -0.454 0.210
5.860 1.456 0.795 0.205 0.456 -0.456 0.205
5.870 1.458 0.799 0.201 0.458 -0.458 0.201
5.880 1.460 0.804 0.196 0.460 -0.460 0.196
5.890 1.462 0.808 0.192 0.462 -0.462 0.192
5.900 1.464 0.813 0.187 0.464 -0.464 0.187
5.910 1.466 0.818 0.182 0.466 -0.466 0.182
5.920 1.467 0.822 0.178 0.467 -0.467 0.178
5.930 1.469 0.827 0.173 0.469 -0.469 0.173
5.940 1.471 0.832 0.168 0.471 -0.471 0.168
5.950 1.473 0.836 0.164 0.473 -0.473 0.164
5.960 1.474 0.841 0.159 0.474 -0.474 0.159
5.970 1.476 0.846 0.154 0.476 -0.476 0.154
5.980 1.477 0.851 0.149 0.477 -0.477 0.149
5.990 1.479 0.855 0.145 0.479 -0.479 0.145
6.000 1.480 0.860 0.140 0.480 -0.480 0.140
6.010 1.481 0.865 0.135 0.481 -0.481 0.135
6.020 1.483 0.870 0.130 0.483 -0.483 0.130
6.030 1.484 0.875 0.125 0.484 -0.484 0.125
6.040 1.485 0.880 0.120 0.485 -0.485 0.120
6.050 1.486 0.884 0.116 0.486 -0.486 0.116
6.060 1.488 0.889 0.111 0.488 -0.488 0.111
6.070 1.489 0.894 0.106 0.489 -0.489 0.106
6.080 1.490 0.899 0.101 0.490 -0.490 0.101
6.090 1.491 0.904 0.096 0.491 -0.491 0.096
6.100 1.492 0.909 0.091 0.492 -0.492 0.091
6.110 1.493 0.914 0.086 0.493 -0.493 0.086
6.120 1.493 0.919 0.081 0.493 -0.493 0.081
6.130 1.494 0.924 0.076 0.494 -0.494 0.076
6.140 1.495 0.929 0.071 0.495 -0.495 0.071
6.150 1.496 0.934 0.066 0.496 -0.496 0.066
6.160 1.496 0.939 0.061 0.496 -0.496 0.061
6.170 1.497 0.944 0.056 0.497 -0.497 0.056
6.180 1.497 0.948 0.052 0.497 -0.497 0.052
6.190 1.498 0.953 0.047 0.498 -0.498 0.047
6.200 1.498 0.958 0.042 0.498 -0.498 0.042
6.210 1.499 0.963 0.037 0.499 -0.499 0.037
6.220 1.499 0.968 0.032 0.499 -0.499 0.032
6.230 1.499 0.973 0.027 0.499 -0.499 0.027
6.240 1.500 0.978 0.022 0.500 -0.500 0.022
6.250 1.500 0.983 0.017 0.500 -0.500 0.017
6.260 1.500 0.988 0.012 0.500 -0.500 0.012
6.270 1.500 0.993 0.007 0.500 -0.500 0.007
6.280 1.500 0.998 0.002 0.500 -0.500 0.002
6.290 1.500 1.003 -0.003 0.500 -0.500 -0.003
6.300 1.500 1.008 -0.008 0.500 -0.500 -0.008
6.310 1.500 1.013 -0.013 0.500 -0.500 -0.013
6.320 1.500 1.018 -0.018 0.500 -0.500 -0.018
6.330 1.499 1.023 -0.023 0.499 -0.499 -0.023
6.340 1.499 1.028 -0.028 0.499 -0.499 -0.028
6.350 1.499 1.033 -0.033 0.499 -0.499 -0.033
6.360 1.499 1.038 -0.038 0.499 -0.499 -0.038
6.370 1.498 1.043 -0.043 0.498 -0.498 -0.043
6.380 1.498 1.048 -0.048 0.498 -0.498 -0.048
6.390 1.497 1.053 -0.053 0.497 -0.497 -0.053
6.400 1.497 1.058 -0.058 0.497 -0.497 -0.058
6.410 1.496 1.063 -0.063 0.496 -0.496 -0.063
6.420 1.495 1.068 -0.068 0.495 -0.495 -0.068
6.430 1.495 1.073 -0.073 0.495 -0.495 -0.073
6.440 1.494 1.078 -0.078 0.494 -0.494 -0.078
6.450 1.493 1.083 -0.083 0.493 -0.493 -0.083
6.460 1.492 1.088 -0.088 0.492 -0.492 -0.088
6.470 1.491 1.093 -0.093 0.491 -0.491 -0.093
6.480 1.490 1.098 -0.098 0.490 -0.490 -0.098
6.490 1.489 1.103 -0.103 0.489 -0.489 -0.103
6.500 1.488 1.108 -0.108 0.488 -0.488 -0.108
6.510 1.487 1.112 -0.112 0.487 -0.487 -0.112
6.520 1.486 1.117 -0.117 0.486 -0.486 -0.117
6.530 1.485 1.122 -0.122 0.485 -0.485 -0.122
6.540 1.484 1.127 -0.127 0.484 -0.484 -0.127
6.550 1.482 1.132 -0.132 0.482 -0.482 -0.132
6.560 1.481 1.137 -0.137 0.481 -0.481 -0.137
6.570 1.480 1.141 -0.141 0.480 -0.480 -0.141
6.580 1.478 1.146 -0.146 0.478 -0.478 -0.146
6.590 1.477 1.151 -0.151 0.477 -0.477 -0.151
6.600 1.475 1.156 -0.156 0.475 -0.475 -0.156
6.610 1.474 1.161 -0.161 0.474 -0.474 -0.161
6.620 1.472 1.165 -0.165 0.472 -0.472 -0.165
6.630 1.470 1.170 -0.170 0.470 -0.470 -0.170
6.640 1.469 1.175 -0.175 0.469 -0.469 -0.175
6.650 1.467 1.179 -0.179 0.467 -0.467 -0.179
6.660 1.465 1.184 -0.184 0.465 -0.465 -0.184
6.670 1.463 1.189 -0.189 0.463 -0.463 -0.189
6.680 1.461 1.193 -0.193 0.461 -0.461 -0.193
6.690 1.459 1.198 -0.198 0.459 -0.459 -0.198
6.700 1.457 1.202 -0.202 0.457 -0.457 -0.202
6.710 1.455 1.207 -0.207 0.455 -0.455 -0.207
6.720 1.453 1.212 -0.212 0.453 -0.453 -0.212
6.730 1.451 1.216 -0.216 0.451 -0.451 -0.216
6.740 1.449 1.221 -0.221 0.449 -0.449 -0.221
6.750 1.447 1.225 -0.225 0.447 -0.447 -0.225
6.760 1.444 1.229 -0.229 0.444 -0.444 -0.229
6.770 1.442 1.234 -0.234 0.442 -0.442 -0.234
6.780 1.440 1.238 -0.238 0.440 -0.440 -0.238
6.790 1.437 1.243 -0.243 0.437 -0.437 -0.243
6.800 1.435 1.247 -0.247 0.435 -0.435 -0.247
6.810 1.432 1.251 -0.251 0.432 -0.432 -0.251
6.820 1.430 1.256 -0.256 0.430 -0.430 -0.256
6.830 1.427 1.260 -0.260 0.427 -0.427 -0.260
6.840 1.424 1.264 -0.264 0.424 -0.424 -0.264
6.850 1.422 1.268 -0.268 0.422 -0.422 -0.268
6.860 1.419 1.273 -0.273 0.419 -0.419 -0.273
6.870 1.416 1.277 -0.277 0.416 -0.416 -0.277
6.880 1.414 1.281 -0.281 0.414 -0.414 -0.281
6.890 1.411 1.285 -0.285 0.411 -0.411 -0.285
6.900 1.408 1.289 -0.289 0.408 -0.408 -0.289
6.910 1.405 1.293 -0.293 0.405 -0.405 -0.293
6.920 1.402 1.297 -0.297 0.402 -0.402 -0.297
6.930 1.399 1.301 -0.301 0.399 -0.399 -0.301
6.940 1.396 1.305 -0.305 0.396 -0.396 -0.305
6.950 1.393 1.309 -0.309 0.393 -0.393 -0.309
6.960 1.390 1.313 -0.313 0.390 -0.390 -0.313
6.970 1.387 1.317 -0.317 0.387 -0.387 -0.317
6.980 1.383 1.321 -0.321 0.383 -0.383 -0.321
6.990 1.380 1.325 -0.325 0.380 -0.380 -0.325
7.000 1.377 1.328 -0.328 0.377 -0.377 -0.328
7.010 1.374 1.332 -0.332 0.374 -0.374 -0.332
7.020 1.370 1.336 -0.336 0.370 -0.370 -0.336
7.030 1.367 1.340 -0.340 0.367 -0.367 -0.340
7.040 1.364 1.343 -0.343 0.364 -0.364 -0.343
7.050 1.360 1.347 -0.347 0.360 -0.360 -0.347
7.060 1.357 1.351 -0.351 0.357 -0.357 -0.351
7.070 1.353 1.354 -0.354 0.353 -0.353 -0.354
7.080 1.349 1.358 -0.358 0.349 -0.349 -0.358
7.090 1.346 1.361 -0.361 0.346 -0.346 -0.361
7.100 1.342 1.364 -0.364 0.342 -0.342 -0.364
7.110 1.339 1.368 -0.368 0.339 -0.339 -0.368
7.120 1.335 1.371 -0.371 0.335 -0.335 -0.371
7.130 1.331 1.375 -0.375 0.331 -0.331 -0.375
7.140 1.327 1.378 -0.378 0.327 -0.327 -0.378
7.150 1.324 1.381 -0.381 0.324 -0.324 -0.381
7.160 1.320 1.384 -0.384 0.320 -0.320 -0.384
7.170 1.316 1.388 -0.388 0.316 -0.316 -0.388
7.180 1.312 1.391 -0.391 0.312 -0.312 -0.391
7.190 1.308 1.394 -0.394 0.308 -0.308 -0.394
7.200 1.304 1.397 -0.397 0.304 -0.304 -0.397
7.210 1.300 1.400 -0.400 0.300 -0.300 -0.400
7.220 1.296 1.403 -0.403 0.296 -0.296 -0.403
7.230 1.292 1.406 -0.406 0.292 -0.292 -0.406
7.240 1.288 1.409 -0.409 0.288 -0.288 -0.409
7.250 1.284 1.412 -0.412 0.284 -0.284 -0.412
7.260 1.280 1.414 -0.414 0.280 -0.280 -0.414
7.270 1.276 1.417 -0.417 0.276 -0.276 -0.417
7.280 1.271 1.420 -0.420 0.271 -0.271 -0.420
7.290 1.267 1.423 -0.423 0.267 -0.267 -0.423
7.300 1.263 1.425 -0.425 0.263 -0.263 -0.425
7.310 1.259 1.428 -0.428 0.259 -0.259 -0.428
7.320 1.254 1.430 -0.430 0.254 -0.254 -0.430
7.330 1.250 1.433 -0.433 0.250 -0.250 -0.433
7.340 1.246 1.435 -0.435 0.246 -0.246 -0.435
7.350 1.241 1.438 -0.438 0.241 -0.241 -0.438
7.360 1.237 1.440 -0.440 0.237 -0.237 -0.440
7.370 1.233 1.443 -0.443 0.233 -0.233 -0.443
7.380 1.228 1.445 -0.445 0.228 -0.228 -0.445
7.390 1.224 1.447 -0.447 0.224 -0.224 -0.447
7.400 1.219 1.449 -0.449 0.219 -0.219 -0.449
7.410 1.215 1.452 -0.452 0.215 -0.215 -0.452
7.420 1.210 1.454 -0.454 0.210 -0.210 -0.454
7.430 1.206 1.456 -0.456 0.206 -0.206 -0.456
7.440 1.201 1.458 -0.458 0.201 -0.201 -0.458
7.450 1.197 1.460 -0.460 0.197 -0.197 -0.460
7.460 1.192 1.462 -0.462 0.192 -0.192 -0.462
7.470 1.187 1.464 -0.464 0.187 -0.187 -0.464
7.480 1.183 1.465 -0.465 0.183 -0.183 -0.465
7.490 1.178 1.467 -0.467 0.178 -0.178 -0.467
7.500 1.173 1.469 -0.469 0.173 -0.173 -0.469
7.510 1.169 1.471 -0.471 0.169 -0.169 -0.471
7.520 1.164 1.472 -0.472 0.164 -0.164 -0.472
7.530 1.159 1.474 -0.474 0.159 -0.159 -0.474
7.540 1.154 1.476 -0.476 0.154 -0.154 -0.476
7.550 1.150 1.477 -0.477 0.150 -0.150 -0.477
7.560 1.145 1.479 -0.479 0.145 -0.145 -0.479
7.570 1.140 1.480 -0.480 0.140 -0.140 -0.480
7.580 1.135 1.481 -0.481 0.135 -0.135 -0.481
7.590 1.130 1.483 -0.483 0.130 -0.130 -0.483
7.600 1.126 1.484 -0.484 0.126 -0.126 -0.484
7.610 1.121 1.485 -0.485 0.121 -0.121 -0.485
7.620 1.116 1.486 -0.486 0.116 -0.116 -0.486
7.630 1.111 1.488 -0.488 0.111 -0.111 -0.488
7.640 1.106 1.489 -0.489 0.106 -0.106 -0.489
7.650 1.101 1.490 -0.490 0.101 -0.101 -0.490
7.660 1.096 1.491 -0.491 0.096 -0.096 -0.491
7.670 1.091 1.492 -0.492 0.091 -0.091 -0.492
7.680 1.087 1.492 -0.492 0.087 -0.087 -0.492
7.690 1.082 1.493 -0.493 0.082 -0.082 -0.493
7.700 1.077 1.494 -0.494 0.077 -0.077 -0.494
7.710 1.072 1.495 -0.495 0.072 -0.072 -0.495
7.720 1.067 1.496 -0.496 0.067 -0.067 -0.496
7.730 1.062 1.496 -0.496 0.062 -0.062 -0.496
7.740 1.057 1.497 -0.497 0.057 -0.057 -0.497
7.750 1.052 1.497 -0.497 0.052 -0.052 -0.497
7.760 1.047 1.498 -0.498 0.047 -0.047 -0.498
7.770 1.042 1.498 -0.498 0.042 -0.042 -0.498
7.780 1.037 1.499 -0.499 0.037 -0.037 -0.499
7.790 1.032 1.499 -0.499 0.032 -0.032 -0.499
7.800 1.027 1.499 -0.499 0.027 -0.027 -0.499
7.810 1.022 1.500 -0.500 0.022 -0.022 -0.500
7.820 1.017 1.500 -0.500 0.017 -0.017 -0.500
7.830 1.012 1.500 -0.500 0.012 -0.012 -0.500
7.840 1.007 1.500 -0.500 0.007 -0.007 -0.500
7.850 1.002 1.500 -0.500 0.002 -0.002 -0.500
7.860 0.997 1.500 -0.500 -0.003 0.003 -0.500
7.870 0.992 1.500 -0.500 -0.008 0.008 -0.500
7.880 0.987 1.500 -0.500 -0.013 0.013 -0.500
7.890 0.982 1.500 -0.500 -0.018 0.018 -0.500
7.900 0.977 1.499 -0.499 -0.023 0.023 -0.499
7.910 0.972 1.499 -0.499 -0.028 0.028 -0.499
7.920 0.967 1.499 -0.499 -0.033 0.033 -0.499
7.930 0.962 1.499 -0.499 -0.038 0.038 -0.499
7.940 0.957 1.498 -0.498 -0.043 0.043 -0.498
7.950 0.952 1.498 -0.498 -0.048 0.048 -0.498
7.960 0.947 1.497 -0.497 -0.053 0.053 -0.497
7.970 0.942 1.497 -0.497 -0.058 0.058 -0.497
7.980 0.937 1.496 -0.496 -0.063 0.063 -0.496
7.990 0.932 1.495 -0.495 -0.068 0.068 -0.495
8.000 0.927 1.495 -0.495 -0.073 0.073 -0.495
8.010 0.922 1.494 -0.494 -0.078 0.078 -0.494
8.020 0.917 1.493 -0.493 -0.083 0.083 -0.493
8.030 0.912 1.492 -0.492 -0.088 0.088 -0.492
8.040 0.908 1.491 -0.491 -0.092 0.092 -0.491
8.050 0.903 1.490 -0.490 -0.097 0.097 -0.490
8.060 0.898 1.489 -0.489 -0.102 0.102 -0.489
8.070 0.893 1.488 -0.488 -0.107 0.107 -0.488
8.080 0.888 1.487 -0.487 -0.112 0.112 -0.487
8.090 0.883 1.486 -0.486 -0.117 0.117 -0.486
8.100 0.878 1.485 -0.485 -0.122 0.122 -0.485
8.110 0.873 1.484 -0.484 -0.127 0.127 -0.484
8.120 0.869 1.482 -0.482 -0.131 0.131 -0.482
8.130 0.864 1.481 -0.481 -0.136 0.136 -0.481
8.140 0.859 1.480 -0.480 -0.141 0.141 -0.480
8.150 0.854 1.478 -0.478 -0.146 0.146 -0.478
8.160 0.849 1.477 -0.477 -0.151 0.151 -0.477
8.170 0.845 1.475 -0.475 -0.155 0.155 -0.475
8.180 0.840 1.474 -0.474 -0.160 0.160 -0.474
8.190 0.835 1.472 -0.472 -0.165 0.165 -0.472
8.200 0.830 1.470 -0.470 -0.170 0.170 -0.470
8.210 0.826 1.469 -0.469 -0.174 0.174 -0.469
8.220 0.821 1.467 -0.467 -0.179 0.179 -0.467
8.230 0.816 1.465 -0.465 -0.184 0.184 -0.465
8.240 0.812 1.463 -0.463 -0.188 0.188 -0.463
8.250 0.807 1.461 -0.461 -0.193 0.193 -0.461
8.260 0.803 1.459 -0.459 -0.197 0.197 -0.459
8.270 0.798 1.457 -0.457 -0.202 0.202 -0.457
8.280 0.793 1.455 -0.455 -0.207 0.207 -0.455
8.290 0.789 1.453 -0.453 -0.211 0.211 -0.453
8.300 0.784 1.451 -0.451 -0.216 0.216 -0.451
8.310 0.780 1.449 -0.449 -0.220 0.220 -0.449
8.320 0.775 1.447 -0.447 -0.225 0.225 -0.447
8.330 0.771 1.444 -0.444 -0.229 0.229 -0.444
8.340 0.766 1.442 -0.442 -0.234 0.234 -0.442
8.350 0.762 1.440 -0.440 -0.238 0.238 -0.440
8.360 0.758 1.437 -0.437 -0.242 0.242 -0.437
8.370 0.753 1.435 -0.435 -0.247 0.247 -0.435
8.380 0.749 1.432 -0.432 -0.251 0.251 -0.432
8.390 0.745 1.430 -0.430 -0.255 0.255 -0.430
8.400 0.740 1.427 -0.427 -0.260 0.260 -0.427
8.410 0.736 1.425 -0.425 -0.264 0.264 -0.425
8.420 0.732 1.422 -0.422 -0.268 0.268 -0.422
8.430 0.728 1.419 -0.419 -0.272 0.272 -0.419
8.440 0.723 1.417 -0.417 -0.277 0.277 -0.417
8.450 0.719 1.414 -0.414 -0.281 0.281 -0.414
8.460 0.715 1.411 -0.411 -0.285 0.285 -0.411
8.470 0.711 1.408 -0.408 -0.289 0.289 -0.408
8.480 0.707 1.405 -0.405 -0.293 0.293 -0.405
8.490 0.703 1.402 -0.402 -0.297 0.297 -0.402
8.500 0.699 1.399 -0.399 -0.301 0.301 -0.399
8.510 0.695 1.396 -0.396 -0.305 0.305 -0.396
8.520 0.691 1.393 -0.393 -0.309 0.309 -0.393
8.530 0.687 1.390 -0.390 -0.313 0.313 -0.390
8.540 0.683 1.387 -0.387 -0.317 0.317 -0.387
8.550 0.679 1.384 -0.384 -0.321 0.321 -0.384
8.560 0.676 1.380 -0.380 -0.324 0.324 -0.380
8.570 0.672 1.377 -0.377 -0.328 0.328 -0.377
8.580 0.668 1.374 -0.374 -0.332 0.332 -0.374
8.590 0.664 1.371 -0.371 -0.336 0.336 -0.371
8.600 0.661 1.367 -0.367 -0.339 0.339 -0.367
8.610 0.657 1.364 -0.364 -0.343 0.343 -0.364
8.620 0.653 1.360 -0.360 -0.347 0.347 -0.360
8.630 0.650 1.357 -0.357 -0.350 0.350 -0.357
8.640 0.646 1.353 -0.353 -0.354 0.354 -0.353
8.650 0.643 1.350 -0.350 -0.357 0.357 -0.350
8.660 0.639 1.346 -0.346 -0.361 0.361 -0.346
8.670 0.636 1.343 -0.343 -0.364 0.364 -0.343
8.680 0.632 1.339 -0.339 -0.368 0.368 -0.339
8.690 0.629 1.335 -0.335 -0.371 0.371 -0.335
8.700 0.626 1.331 -0.331 -0.374 0.374 -0.331
8.710 0.622 1.328 -0.328 -0.378 0.378 -0.328
8.720 0.619 1.324 -0.324 -0.381 0.381 -0.324
8.730 0.616 1.320 -0.320 -0.384 0.384 -0.320
8.740 0.613 1.316 -0.316 -0.387 0.387 -0.316
8.750 0.610 1.312 -0.312 -0.390 0.390 -0.312
8.760 0.606 1.308 -0.308 -0.394 0.394 -0.308
8.770 0.603 1.304 -0.304 -0.397 0.397 -0.304
8.780 0.600 1.301 -0.301 -0.400 0.400 -0.301
8.790 0.597 1.296 -0.296 -0.403 0.403 -0.296
8.800 0.594 1.292 -0.292 -0.406 0.406 -0.292
8.810 0.592 1.288 -0.288 -0.408 0.408 -0.288
8.820 0.589 1.284 -0.284 -0.411 0.411 -0.284
8.830 0.586 1.280 -0.280 -0.414 0.414 -0.280
8.840 0.583 1.276 -0.276 -0.417 0.417 -0.276
8.850 0.580 1.272 -0.272 -0.420 0.420 -0.272
8.860 0.578 1.268 -0.268 -0.422 0.422 -0.268
8.870 0.575 1.263 -0.263 -0.425 0.425 -0.263
8.880 0.572 1.259 -0.259 -0.428 0.428 -0.259
8.890 0.570 1.255 -0.255 -0.430 0.430 -0.255
8.900 0.567 1.251 -0.251 -0.433 0.433 -0.251
8.910 0.565 1.246 -0.246 -0.435 0.435 -0.246
8.920 0.562 1.242 -0.242 -0.438 0.438 -0.242
8.930 0.560 1.237 -0.237 -0.440 0.440 -0.237
8.940 0.558 1.233 -0.233 -0.442 0.442 -0.233
8.950 0.555 1.229 -0.229 -0.445 0.445 -0.229
8.960 0.553 1.224 -0.224 -0.447 0.447 -0.224
8.970 0.551 1.220 -0.220 -0.449 0.449 -0.220
8.980 0.549 1.215 -0.215 -0.451 0.451 -0.215
8.990 0.547 1.211 -0.211 -0.453 0.453 -0.211
9.000 0.544 1.206 -0.206 -0.456 0.456 -0.206
9.010 0.542 1.201 -0.201 -0.458 0.458 -0.201
9.020 0.540 1.197 -0.197 -0.460 0.460 -0.197
9.030 0.538 1.192 -0.192 -0.462 0.462 -0.192
9.040 0.537 1.188 -0.188 -0.463 0.463 -0.188
9.050 0.535 1.183 -0.183 -0.465 0.465 -0.183
9.060 0.533 1.178 -0.178 -0.467 0.467 -0.178
9.070 0.531 1.174 -0.174 -0.469 0.469 -0.174
9.080 0.529 1.169 -0.169 -0.471 0.471 -0.169
9.090 0.528 1.164 -0.164 -0.472 0.472 -0.164
9.100 0.526 1.160 -0.160 -0.474 0.474 -0.160
9.110 0.525 1.155 -0.155 -0.475 0.475 -0.155
9.120 0.523 1.150 -0.150 -0.477 0.477 -0.150
9.130 0.522 1.145 -0.145 -0.478 0.478 -0.145
9.140 0.520 1.140 -0.140 -0.480 0.480 -0.140
9.150 0.519 1.136 -0.136 -0.481 0.481 -0.136
9.160 0.517 1.131 -0.131 -0.483 0.483 -0.131
9.170 0.516 1.126 -0.126 -0.484 0.484 -0.126
9.180 0.515 1.121 -0.121 -0.485 0.485 -0.121
9.190 0.514 1.116 -0.116 -0.486 0.486 -0.116
9.200 0.513 1.111 -0.111 -0.487 0.487 -0.111
9.210 0.511 1.107 -0.107 -0.489 0.489 -0.107
9.220 0.510 1.102 -0.102 -0.490 0.490 -0.102
9.230 0.509 1.097 -0.097 -0.491 0.491 -0.097
9.240 0.509 1.092 -0.092 -0.491 0.491 -0.092
9.250 0.508 1.087 -0.087 -0.492 0.492 -0.087
9.260 0.507 1.082 -0.082 -0.493 0.493 -0.082
9.270 0.506 1.077 -0.077 -0.494 0.494 -0.077
9.280 0.505 1.072 -0.072 -0.495 0.495 -0.072
9.290 0.505 1.067 -0.067 -0.495 0.495 -0.067
9.300 0.504 1.062 -0.062 -0.496 0.496 -0.062
9.310 0.503 1.057 -0.057 -0.497 0.497 -0.057
9.320 0.503 1.052 -0.052 -0.497 0.497 -0.052
9.330 0.502 1.047 -0.047 -0.498 0.498 -0.047
9.340 0.502 1.042 -0.042 -0.498 0.498 -0.042
9.350 0.501 1.037 -0.037 -0.499 0.499 -0.037
9.360 0.501 1.032 -0.032 -0.499 0.499 -0.032
9.370 0.501 1.027 -0.027 -0.499 0.499 -0.027
9.380 0.501 1.022 -0.022 -0.499 0.499 -0.022
9.390 0.500 1.017 -0.017 -0.500 0.500 -0.017
9.400 0.500 1.012 -0.012 -0.500 0.500 -0.012
9.410 0.500 1.007 -0.007 -0.500 0.500 -0.007
9.420 0.500 1.002 -0.002 -0.500 0.500 -0.002
9.430 0.500 0.997 0.003 -0.500 0.500 0.003
9.440 0.500 0.992 0.008 -0.500 0.500 0.008
9.450 0.500 0.987 0.013 -0.500 0.500 0.013
9.460 0.500 0.982 0.018 -0.500 0.500 0.018
9.470 0.501 0.977 0.023 -0.499 0.499 0.023
9.480 0.501 0.972 0.028 -0.499 0.499 0.028
9.490 0.501 0.967 0.033 -0.499 0.499 0.033
9.500 0.501 0.962 0.038 -0.499 0.499 0.038
9.510 0.502 0.957 0.043 -0.498 0.498 0.043
9.520 0.502 0.952 0.048 -0.498 0.498 0.048
9.530 0.503 0.947 0.053 -0.497 0.497 0.053
9.540 0.503 0.943 0.057 -0.497 0.497 0.057
9.550 0.504 0.938 0.062 -0.496 0.496 0.062
9.560 0.505 0.933 0.067 -0.495 0.495 0.067
9.570 0.505 0.928 0.072 -0.495 0.495 0.072
9.580 0.506 0.923 0.077 -0.494 0.494 0.077
9.590 0.507 0.918 0.082 -0.493 0.493 0.082
9.600 0.508 0.913 0.087 -0.492 0.492 0.087
9.610 0.509 0.908 0.092 -0.491 0.491 0.092
9.620 0.509 0.903 0.097 -0.491 0.491 0.097
9.630 0.510 0.898 0.102 -0.490 0.490 0.102
9.640 0.512 0.893 0.107 -0.488 0.488 0.107
9.650 0.513 0.888 0.112 -0.487 0.487 0.112
9.660 0.514 0.883 0.117 -0.486 0.486 0.117
9.670 0.515 0.879 0.121 -0.485 0.485 0.121
9.680 0.516 0.874 0.126 -0.484 0.484 0.126
9.690 0.517 0.869 0.131 -0.483 0.483 0.131
9.700 0.519 0.864 0.136 -0.481 0.481 0.136
9.710 0.520 0.859 0.141 -0.480 0.480 0.141
9.720 0.522 0.855 0.145 -0.478 0.478 0.145
9.730 0.523 0.850 0.150 -0.477 0.477 0.150
9.740 0.525 0.845 0.155 -0.475 0.475 0.155
9.750 0.526 0.840 0.160 -0.474 0.474 0.160
9.760 0.528 0.836 0.164 -0.472 0.472 0.164
9.770 0.529 0.831 0.169 -0.471 0.471 0.169
9.780 0.531 0.826 0.174 -0.469 0.469 0.174
9.790 0.533 0.821 0.179 -0.467 0.467 0.179
9.800 0.535 0.817 0.183 -0.465 0.465 0.183
9.810 0.537 0.812 0.188 -0.463 0.463 0.188
9.820 0.539 0.807 0.193 -0.461 0.461 0.193
9.830 0.540 0.803 0.197 -0.460 0.460 0.197
9.840 0.542 0.798 0.202 -0.458 0.458 0.202
9.850 0.545 0.794 0.206 -0.455 0.455 0.206
9.860 0.547 0.789 0.211 -0.453 0.453 0.211
9.870 0.549 0.785 0.215 -0.451 0.451 0.215
9.880 0.551 0.780 0.220 -0.449 0.449 0.220
9.890 0.553 0.776 0.224 -0.447 0.447 0.224
9.900 0.555 0.771 0.229 -0.445 0.445 0.229
9.910 0.558 0.767 0.233 -0.442 0.442 0.233
9.920 0.560 0.762 0.238 -0.440 0.440 0.238
9.930 0.562 0.758 0.242 -0.438 0.438 0.242
9.940 0.565 0.754 0.246 -0.435 0.435 0.246
9.950 0.567 0.749 0.251 -0.433 0.433 0.251
9.960 0.570 0.745 0.255 -0.430 0.430 0.255
9.970 0.572 0.741 0.259 -0.428 0.428 0.259
9.980 0.575 0.736 0.264 -0.425 0.425 0.264
9.990 0.578 0.732 0.268 -0.422 0.422 0.268
10.000 0.580 0.728 0.272 -0.420 0.420 0.272
10.010 0.583 0.724 0.276 -0.417 0.417 0.276
10.020 0.586 0.720 0.280 -0.414 0.414 0.280
10.030 0.589 0.716 0.284 -0.411 0.411 0.284
10.040 0.592 0.711 0.289 -0.408 0.408 0.289
10.050 0.595 0.707 0.293 -0.405 0.405 0.293
10.060 0.598 0.703 0.297 -0.402 0.402 0.297
10.070 0.601 0.699 0.301 -0.399 0.399 0.301
10.080 0.604 0.695 0.305 -0.396 0.396 0.305
10.090 0.607 0.691 0.309 -0.393 0.393 0.309
10.100 0.610 0.687 0.313 -0.390 0.390 0.313
10.110 0.613 0.684 0.316 -0.387 0.387 0.316
10.120 0.616 0.680 0.320 -0.384 0.384 0.320
10.130 0.619 0.676 0.324 -0.381 0.381 0.324
10.140 0.623 0.672 0.328 -0.377 0.377 0.328
10.150 0.626 0.668 0.332 -0.374 0.374 0.332
10.160 0.629 0.665 0.335 -0.371 0.371 0.335
10.170 0.633 0.661 0.339 -0.367 0.367 0.339
10.180 0.636 0.657 0.343 -0.364 0.364 0.343
10.190 0.639 0.654 0.346 -0.361 0.361 0.346
10.200 0.643 0.650 0.350 -0.357 0.357 0.350
10.210 0.646 0.647 0.353 -0.354 0.354 0.353
10.220 0.650 0.643 0.357 -0.350 0.350 0.357
10.230 0.654 0.640 0.360 -0.346 0.346 0.360
10.240 0.657 0.636 0.364 -0.343 0.343 0.364
10.250 0.661 0.633 0.367 -0.339 0.339 0.367
10.260 0.664 0.629 0.371 -0.336 0.336 0.371
10.270 0.668 0.626 0.374 -0.332 0.332 0.374
10.280 0.672 0.623 0.377 -0.328 0.328 0.377
10.290 0.676 0.619 0.381 -0.324 0.324 0.381
10.300 0.680 0.616 0.384 -0.320 0.320 0.384
10.310 0.683 0.613 0.387 -0.317 0.317 0.387
10.320 0.687 0.610 0.390 -0.313 0.313 0.390
10.330 0.691 0.607 0.393 -0.309 0.309 0.393
10.340 0.695 0.604 0.396 -0.305 0.305 0.396
10.350 0.699 0.601 0.399 -0.301 0.301 0.399
10.360 0.703 0.598 0.402 -0.297 0.297 0.402
10.370 0.707 0.595 0.405 -0.293 0.293 0.405
10.380 0.711 0.592 0.408 -0.289 0.289 0.408
10.390 0.715 0.589 0.411 -0.285 0.285 0.411
10.400 0.720 0.586 0.414 -0.280 0.280 0.414
10.410 0.724 0.583 0.417 -0.276 0.276 0.417
10.420 0.728 0.581 0.419 -0.272 0.272 0.419
10.430 0.732 0.578 0.422 -0.268 0.268 0.422
10.440 0.736 0.575 0.425 -0.264 0.264 0.425
10.450 0.741 0.573 0.427 -0.259 0.259 0.427
10.460 0.745 0.570 0.430 -0.255 0.255 0.430
10.470 0.749 0.567 0.433 -0.251 0.251 0.433
10.480 0.753 0.565 0.435 -0.247 0.247 0.435
10.490 0.758 0.563 0.437 -0.242 0.242 0.437
10.500 0.762 0.560 0.440 -0.238 0.238 0.440
10.510 0.767 0.558 0.442 -0.233 0.233 0.442
10.520 0.771 0.555 0.445 -0.229 0.229 0.445
10.530 0.776 0.553 0.447 -0.224 0.224 0.447
10.540 0.780 0.551 0.449 -0.220 0.220 0.449
10.550 0.785 0.549 0.451 -0.215 0.215 0.451
10.560 0.789 0.547 0.453 -0.211 0.211 0.453
10.570 0.794 0.545 0.455 -0.206 0.206 0.455
10.580 0.798 0.543 0.457 -0.202 0.202 0.457
10.590 0.803 0.541 0.459 -0.197 0.197 0.459
10.600 0.807 0.539 0.461 -0.193 0.193 0.461
10.610 0.812 0.537 0.463 -0.188 0.188 0.463
10.620 0.817 0.535 0.465 -0.183 0.183 0.465
10.630 0.821 0.533 0.467 -0.179 0.179 0.467
10.640 0.826 0.531 0.469 -0.174 0.174 0.469
10.650 0.831 0.530 0.470 -0.169 0.169 0.470
10.660 0.835 0.528 0.472 -0.165 0.165 0.472
10.670 0.840 0.526 0.474 -0.160 0.160 0.474
10.680 0.845 0.525 0.475 -0.155 0.155 0.475
10.690 0.850 0.523 0.477 -0.150 0.150 0.477
10.700 0.854 0.522 0.478 -0.146 0.146 0.478
10.710 0.859 0.520 0.480 -0.141 0.141 0.480
10.720 0.864 0.519 0.481 -0.136 0.136 0.481
10.730 0.869 0.518 0.482 -0.131 0.131 0.482
10.740 0.874 0.516 0.484 -0.126 0.126 0.484
10.750 0.878 0.515 0.485 -0.122 0.122 0.485
10.760 0.883 0.514 0.486 -0.117 0.117 0.486
10.770 0.888 0.513 0.487 -0.112 0.112 0.487
10.780 0.893 0.512 0.488 -0.107 0.107 0.488
10.790 0.898 0.511 0.489 -0.102 0.102 0.489
10.800 0.903 0.510 0.490 -0.097 0.097 0.490
10.810 0.908 0.509 0.491 -0.092 0.092 0.491
10.820 0.913 0.508 0.492 -0.087 0.087 0.492
10.830 0.918 0.507 0.493 -0.082 0.082 0.493
10.840 0.923 0.506 0.494 -0.077 0.077 0.494
10.850 0.927 0.505 0.495 -0.073 0.073 0.495
10.860 0.932 0.505 0.495 -0.068 0.068 0.495
10.870 0.937 0.504 0.496 -0.063 0.063 0.496
10.880 0.942 0.503 0.497 -0.058 0.058 0.497
10.890 0.947 0.503 0.497 -0.053 0.053 0.497
10.900 0.952 0.502 0.498 -0.048 0.048 0.498
10.910 0.957 0.502 0.498 -0.043 0.043 0.498
10.920 0.962 0.501 0.499 -0.038 0.038 0.499
10.930 0.967 0.501 0.499 -0.033 0.033 0.499
10.940 0.972 0.501 0.499 -0.028 0.028 0.499
10.950 0.977 0.501 0.499 -0.023 0.023 0.499
10.960 0.982 0.500 0.500 -0.018 0.018 0.500
10.970 0.987 0.500 0.500 -0.013 0.013 0.500
10.980 0.992 0.500 0.500 -0.008 0.008 0.500
10.990 0.997 0.500 0.500 -0.003 0.003 0.500
11.000 1.002 0.500 0.500 0.002 -0.002 0.500
11.010 1.007 0.500 0.500 0.007 -0.007 0.500
11.020 1.012 0.500 0.500 0.012 -0.012 0.500
11.030 1.017 0.500 0.500 0.017 -0.017 0.500
11.040 1.022 0.500 0.500 0.022 -0.022 0.500
11.050 1.027 0.501 0.499 0.027 -0.027 0.499
11.060 1.032 0.501 0.499 0.032 -0.032 0.499
11.070 1.037 0.501 0.499 0.037 -0.037 0.499
11.080 1.042 0.502 0.498 0.042 -0.042 0.498
11.090 1.047 0.502 0.498 0.047 -0.047 0.498
11.100 1.052 0.503 0.497 0.052 -0.052 0.497
11.110 1.057 0.503 0.497 0.057 -0.057 0.497
11.120 1.062 0.504 0.496 0.062 -0.062 0.496
11.130 1.067 0.505 0.495 0.067 -0.067 0.495
11.140 1.072 0.505 0.495 0.072 -0.072 0.495
11.150 1.077 0.506 0.494 0.077 -0.077 0.494
11.160 1.082 0.507 0.493 0.082 -0.082 0.493
11.170 1.087 0.508 0.492 0.087 -0.087 0.492
11.180 1.092 0.508 0.492 0.092 -0.092 0.492
11.190 1.097 0.509 0.491 0.097 -0.097 0.491
11.200 1.102 0.510 0.490 0.102 -0.102 0.490
11.210 1.106 0.511 0.489 0.106 -0.106 0.489
11.220 1.111 0.513 0.487 0.111 -0.111 0.487
11.230 1.116 0.514 0.486 0.116 -0.116 0.486
11.240 1.121 0.515 0.485 0.121 -0.121 0.485
11.250 1.126 0.516 0.484 0.126 -0.126 0.484
11.260 1.131 0.517 0.483 0.131 -0.131 0.483
11.270 1.135 0.519 0.481 0.135 -0.135 0.481
11.280 1.140 0.520 0.480 0.140 -0.140 0.480
11.290 1.145 0.522 0.478 0.145 -0.145 0.478
11.300 1.150 0.523 0.477 0.150 -0.150 0.477
11.310 1.155 0.525 0.475 0.155 -0.155 0.475
11.320 1.159 0.526 0.474 0.159 -0.159 0.474
11.330 1.164 0.528 0.472 0.164 -0.164 0.472
11.340 1.169 0.529 0.471 0.169 -0.169 0.471
11.350 1.174 0.531 0.469 0.174 -0.174 0.469
11.360 1.178 0.533 0.467 0.178 -0.178 0.467
11.370 1.183 0.535 0.465 0.183 -0.183 0.465
11.380 1.188 0.536 0.464 0.188 -0.188 0.464
11.390 1.192 0.538 0.462 0.192 -0.192 0.462
11.400 1.197 0.540 0.460 0.197 -0.197 0.460
11.410 1.201 0.542 0.458 0.201 -0.201 0.458
11.420 1.206 0.544 0.456 0.206 -0.206 0.456
11.430 1.210 0.546 0.454 0.210 -0.210 0.454
11.440 1.215 0.549 0.451 0.215 -0.215 0.451
11.450 1.219 0.551 0.449 0.219 -0.219 0.449
11.460 1.224 0.553 0.447 0.224 -0.224 0.447
11.470 1.228 0.555 0.445 0.228 -0.228 0.445
11.480 1.233 0.558 0.442 0.233 -0.233 0.442
11.490 1.237 0.560 0.440 0.237 -0.237 0.440
11.500 1.242 0.562 0.438 0.242 -0.242 0.438
11.510 1.246 0.565 0.435 0.246 -0.246 0.435
11.520 1.250 0.567 0.433 0.250 -0.250 0.433
11.530 1.255 0.570 0.430 0.255 -0.255 0.430
11.540 1.259 0.572 0.428 0.259 -0.259 0.428
11.550 1.263 0.575 0.425 0.263 -0.263 0.425
11.560 1.267 0.578 0.422 0.267 -0.267 0.422
11.570 1.272 0.580 0.420 0.272 -0.272 0.420
11.580 1.276 0.583 0.417 0.276 -0.276 0.417
11.590 1.280 0.586 0.414 0.280 -0.280 0.414
11.600 1.284 0.589 0.411 0.284 -0.284 0.411
11.610 1.288 0.591 0.409 0.288 -0.288 0.409
11.620 1.292 0.594 0.406 0.292 -0.292 0.406
11.630 1.296 0.597 0.403 0.296 -0.296 0.403
11.640 1.300 0.600 0.400 0.300 -0.300 0.400
11.650 1.304 0.603 0.397 0.304 -0.304 0.397
11.660 1.308 0.606 0.394 0.308 -0.308 0.394
11.670 1.312 0.609 0.391 0.312 -0.312 0.391
11.680 1.316 0.613 0.387 0.316 -0.316 0.387
11.690 1.320 0.616 0.384 0.320 -0.320 0.384
11.700 1.324 0.619 0.381 0.324 -0.324 0.381
11.710 1.328 0.622 0.378 0.328 -0.328 0.378
11.720 1.331 0.626 0.374 0.331 -0.331 0.374
11.730 1.335 0.629 0.371 0.335 -0.335 0.371
11.740 1.339 0.632 0.368 0.339 -0.339 0.368
11.750 1.342 0.636 0.364 0.342 -0.342 0.364
11.760 1.346 0.639 0.361 0.346 -0.346 0.361
11.770 1.350 0.643 0.357 0.350 -0.350 0.357
11.780 1.353 0.646 0.354 0.353 -0.353 0.354
11.790 1.357 0.650 0.350 0.357 -0.357 0.350
11.800 1.360 0.653 0.347 0.360 -0.360 0.347
11.810 1.364 0.657 0.343 0.364 -0.364 0.343
11.820 1.367 0.661 0.339 0.367 -0.367 0.339
11.830 1.370 0.664 0.336 0.370 -0.370 0.336
11.840 1.374 0.668 0.332 0.374 -0.374 0.332
11.850 1.377 0.672 0.328 0.377 -0.377 0.328
11.860 1.380 0.675 0.325 0.380 -0.380 0.325
11.870 1.384 0.679 0.321 0.384 -0.384 0.321
11.880 1.387 0.683 0.317 0.387 -0.387 0.317
11.890 1.390 0.687 0.313 0.390 -0.390 0.313
11.900 1.393 0.691 0.309 0.393 -0.393 0.309
11.910 1.396 0.695 0.305 0.396 -0.396 0.305
11.920 1.399 0.699 0.301 0.399 -0.399 0.301
11.930 1.402 0.703 0.297 0.402 -0.402 0.297
11.940 1.405 0.707 0.293 0.405 -0.405 0.293
11.950 1.408 0.711 0.289 0.408 -0.408 0.289
11.960 1.411 0.715 0.285 0.411 -0.411 0.285
11.970 1.414 0.719 0.281 0.414 -0.414 0.281
11.980 1.416 0.723 0.277 0.416 -0.416 0.277
11.990 1.419 0.728 0.272 0.419 -0.419 0.272
12.000 1.422 0.732 0.268 0.422 -0.422 0.268
12.010 1.425 0.736 0.264 0.425 -0.425 0.264
12.020 1.427 0.740 0.260 0.427 -0.427 0.260
12.030 1.430 0.744 0.256 0.430 -0.430 0.256
12.040 1.432 0.749 0.251 0.432 -0.432 0.251
12.050 1.435 0.753 0.247 0.435 -0.435 0.247
12.060 1.437 0.757 0.243 0.437 -0.437 0.243
12.070 1.440 0.762 0.238 0.440 -0.440 0.238
12.080 1.442 0.766 0.234 0.442 -0.442 0.234
12.090 1.444 0.771 0.229 0.444 -0.444 0.229
12.100 1.447 0.775 0.225 0.447 -0.447 0.225
12.110 1.449 0.780 0.220 0.449 -0.449 0.220
12.120 1.451 0.784 0.216 0.451 -0.451 0.216
12.130 1.453 0.789 0.211 0.453 -0.453 0.211
12.140 1.455 0.793 0.207 0.455 -0.455 0.207
12.150 1.457 0.798 0.202 0.457 -0.457 0.202
12.160 1.459 0.802 0.198 0.459 -0.459 0.198
12.170 1.461 0.807 0.193 0.461 -0.461 0.193
12.180 1.463 0.812 0.188 0.463 -0.463 0.188
12.190 1.465 0.816 0.184 0.465 -0.465 0.184
12.200 1.467 0.821 0.179 0.467 -0.467 0.179
12.210 1.469 0.826 0.174 0.469 -0.469 0.174
12.220 1.470 0.830 0.170 0.470 -0.470 0.170
12.230 1.472 0.835 0.165 0.472 -0.472 0.165
12.240 1.474 0.840 0.160 0.474 -0.474 0.160
12.250 1.475 0.844 0.156 0.475 -0.475 0.156
12.260 1.477 0.849 0.151 0.477 -0.477 0.151
12.270 1.478 0.854 0.146 0.478 -0.478 0.146
12.280 1.480 0.859 0.141 0.480 -0.480 0.141
12.290 1.481 0.864 0.136 0.481 -0.481 0.136
12.300 1.482 0.868 0.132 0.482 -0.482 0.132
12.310 1.484 0.873 0.127 0.484 -0.484 0.127
12.320 1.485 0.878 0.122 0.485 -0.485 0.122
12.330 1.486 0.883 0.117 0.486 -0.486 0.117
12.340 1.487 0.888 0.112 0.487 -0.487 0.112
12.350 1.488 0.893 0.107 0.488 -0.488 0.107
12.360 1.489 0.898 0.102 0.489 -0.489 0.102
12.370 1.490 0.902 0.098 0.490 -0.490 0.098
12.380 1.491 0.907 0.093 0.491 -0.491 0.093
12.390 1.492 0.912 0.088 0.492 -0.492 0.088
12.400 1.493 0.917 0.083 0.493 -0.493 0.083
12.410 1.494 0.922 0.078 0.494 -0.494 0.078
12.420 1.495 0.927 0.073 0.495 -0.495 0.073
12.430 1.495 0.932 0.068 0.495 -0.495 0.068
12.440 1.496 0.937 0.063 0.496 -0.496 0.063
12.450 1.497 0.942 0.058 0.497 -0.497 0.058
12.460 1.497 0.947 0.053 0.497 -0.497 0.053
12.470 1.498 0.952 0.048 0.498 -0.498 0.048
12.480 1.498 0.957 0.043 0.498 -0.498 0.043
12.490 1.499 0.962 0.038 0.499 -0.499 0.038
12.500 1.499 0.967 0.033 0.499 -0.499 0.033
12.510 1.499 0.972 0.028 0.499 -0.499 0.028
12.520 1.499 0.977 0.023 0.499 -0.499 0.023
12.530 1.500 0.982 0.018 0.500 -0.500 0.018
12.540 1.500 0.987 0.013 0.500 -0.500 0.013
12.550 1.500 0.992 0.008 0.500 -0.500 0.008
12.560 1.500 0.997 0.003 0.500 -0.500 0.003
12.570 1.500 1.002 -0.002 0.500 -0.500 -0.002
12.580 1.500 1.007 -0.007 0.500 -0.500 -0.007
12.590 1.500 1.012 -0.012 0.500 -0.500 -0.012
12.600 1.500 1.017 -0.017 0.500 -0.500 -0.017
12.610 1.500 1.022 -0.022 0.500 -0.500 -0.022
12.620 1.499 1.027 -0.027 0.499 -0.499 -0.027
12.630 1.499 1.032 -0.032 0.499 -0.499 -0.032
12.640 1.499 1.037 -0.037 0.499 -0.499 -0.037
12.650 1.498 1.042 -0.042 0.498 -0.498 -0.042
12.660 1.498 1.047 -0.047 0.498 -0.498 -0.047
12.670 1.497 1.052 -0.052 0.497 -0.497 -0.052
12.680 1.497 1.057 -0.057 0.497 -0.497 -0.057
12.690 1.496 1.062 -0.062 0.496 -0.496 -0.062
12.700 1.496 1.067 -0.067 0.496 -0.496 -0.067
12.710 1.495 1.072 -0.072 0.495 -0.495 -0.072
12.720 1.494 1.077 -0.077 0.494 -0.494 -0.077
12.730 1.493 1.081 -0.081 0.493 -0.493 -0.081
12.740 1.492 1.086 -0.086 0.492 -0.492 -0.086
12.750 1.492 1.091 -0.091 0.492 -0.492 -0.091
12.760 1.491 1.096 -0.096 0.491 -0.491 -0.096
12.770 1.490 1.101 -0.101 0.490 -0.490 -0.101
12.780 1.489 1.106 -0.106 0.489 -0.489 -0.106
12.790 1.488 1.111 -0.111 0.488 -0.488 -0.111
12.800 1.486 1.116 -0.116 0.486 -0.486 -0.116
12.810 1.485 1.121 -0.121 0.485 -0.485 -0.121
12.820 1.484 1.125 -0.125 0.484 -0.484 -0.125
12.830 1.483 1.130 -0.130 0.483 -0.483 -0.130
12.840 1.481 1.135 -0.135 0.481 -0.481 -0.135
12.850 1.480 1.140 -0.140 0.480 -0.480 -0.140
12.860 1.479 1.145 -0.145 0.479 -0.479 -0.145
12.870 1.477 1.149 -0.149 0.477 -0.477 -0.149
12.880 1.476 1.154 -0.154 0.476 -0.476 -0.154
12.890 1.474 1.159 -0.159 0.474 -0.474 -0.159
12.900 1.472 1.164 -0.164 0.472 -0.472 -0.164
12.910 1.471 1.168 -0.168 0.471 -0.471 -0.168
12.920 1.469 1.173 -0.173 0.469 -0.469 -0.173
12.930 1.467 1.178 -0.178 0.467 -0.467 -0.178
12.940 1.466 1.182 -0.182 0.466 -0.466 -0.182
12.950 1.464 1.187 -0.187 0.464 -0.464 -0.187
12.960 1.462 1.192 -0.192 0.462 -0.462 -0.192
12.970 1.460 1.196 -0.196 0.460 -0.460 -0.196
12.980 1.458 1.201 -0.201 0.458 -0.458 -0.201
12.990 1.456 1.206 -0.206 0.456 -0.456 -0.206
13.000 1.454 1.210 -0.210 0.454 -0.454 -0.210
13.010 1.452 1.215 -0.215 0.452 -0.452 -0.215
13.020 1.449 1.219 -0.219 0.449 -0.449 -0.219
13.030 1.447 1.224 -0.224 0.447 -0.447 -0.224
13.040 1.445 1.228 -0.228 0.445 -0.445 -0.228
13.050 1.443 1.232 -0.232 0.443 -0.443 -0.232
13.060 1.440 1.237 -0.237 0.440 -0.440 -0.237
13.070 1.438 1.241 -0.241 0.438 -0.438 -0.241
13.080 1.435 1.246 -0.246 0.435 -0.435 -0.246
13.090 1.433 1.250 -0.250 0.433 -0.433 -0.250
13.100 1.430 1.254 -0.254 0.430 -0.430 -0.254
13.110 1.428 1.259 -0.259 0.428 -0.428 -0.259
13.120 1.425 1.263 -0.263 0.425 -0.425 -0.263
13.130 1.423 1.267 -0.267 0.423 -0.423 -0.267
13.140 1.420 1.271 -0.271 0.420 -0.420 -0.271
13.150 1.417 1.276 -0.276 0.417 -0.417 -0.276
13.160 1.414 1.280 -0.280 0.414 -0.414 -0.280
13.170 1.412 1.284 -0.284 0.412 -0.412 -0.284
13.180 1.409 1.288 -0.288 0.409 -0.409 -0.288
13.190 1.406 1.292 -0.292 0.406 -0.406 -0.292
13.200 1.403 1.296 -0.296 0.403 -0.403 -0.296
13.210 1.400 1.300 -0.300 0.400 -0.400 -0.300
13.220 1.397 1.304 -0.304 0.397 -0.397 -0.304
13.230 1.394 1.308 -0.308 0.394 -0.394 -0.308
13.240 1.391 1.312 -0.312 0.391 -0.391 -0.312
13.250 1.388 1.316 -0.316 0.388 -0.388 -0.316
13.260 1.384 1.320 -0.320 0.384 -0.384 -0.320
13.270 1.381 1.323 -0.323 0.381 -0.381 -0.323
13.280 1.378 1.327 -0.327 0.378 -0.378 -0.327
13.290 1.375 1.331 -0.331 0.375 -0.375 -0.331
13.300 1.371 1.335 -0.335 0.371 -0.371 -0.335
13.310 1.368 1.338 -0.338 0.368 -0.368 -0.338
13.320 1.365 1.342 -0.342 0.365 -0.365 -0.342
13.330 1.361 1.346 -0.346 0.361 -0.361 -0.346
13.340 1.358 1.349 -0.349 0.358 -0.358 -0.349
13.350 1.354 1.353 -0.353 0.354 -0.354 -0.353
13.360 1.351 1.356 -0.356 0.351 -0.351 -0.356
13.370 1.347 1.360 -0.360 0.347 -0.347 -0.360
13.380 1.343 1.363 -0.363 0.343 -0.343 -0.363
13.390 1.340 1.367 -0.367 0.340 -0.340 -0.367
13.400 1.336 1.370 -0.370 0.336 -0.336 -0.370
13.410 1.332 1.374 -0.374 0.332 -0.332 -0.374
13.420 1.329 1.377 -0.377 0.329 -0.329 -0.377
13.430 1.325 1.380 -0.380 0.325 -0.325 -0.380
13.440 1.321 1.383 -0.383 0.321 -0.321 -0.383
13.450 1.317 1.387 -0.387 0.317 -0.317 -0.387
13.460 1.313 1.390 -0.390 0.313 -0.313 -0.390
13.470 1.309 1.393 -0.393 0.309 -0.309 -0.393
13.480 1.305 1.396 -0.396 0.305 -0.305 -0.396
13.490 1.301 1.399 -0.399 0.301 -0.301 -0.399
13.500 1.297 1.402 -0.402 0.297 -0.297 -0.402
13.510 1.293 1.405 -0.405 0.293 -0.293 -0.405
13.520 1.289 1.408 -0.408 0.289 -0.289 -0.408
13.530 1.285 1.411 -0.411 0.285 -0.285 -0.411
13.540 1.281 1.413 -0.413 0.281 -0.281 -0.413
13.550 1.277 1.416 -0.416 0.277 -0.277 -0.416
13.560 1.273 1.419 -0.419 0.273 -0.273 -0.419
13.570 1.269 1.422 -0.422 0.269 -0.269 -0.422
13.580 1.264 1.424 -0.424 0.264 -0.264 -0.424
13.590 1.260 1.427 -0.427 0.260 -0.260 -0.427
13.600 1.256 1.430 -0.430 0.256 -0.256 -0.430
13.610 1.252 1.432 -0.432 0.252 -0.252 -0.432
13.620 1.247 1.435 -0.435 0.247 -0.247 -0.435
13.630 1.243 1.437 -0.437 0.243 -0.243 -0.437
13.640 1.238 1.439 -0.439 0.238 -0.238 -0.439
13.650 1.234 1.442 -0.442 0.234 -0.234 -0.442
13.660 1.230 1.444 -0.444 0.230 -0.230 -0.444
13.670 1.225 1.446 -0.446 0.225 -0.225 -0.446
13.680 1.221 1.449 -0.449 0.221 -0.221 -0.449
13.690 1.216 1.451 -0.451 0.216 -0.216 -0.451
13.700 1.212 1.453 -0.453 0.212 -0.212 -0.453
13.710 1.207 1.455 -0.455 0.207 -0.207 -0.455
13.720 1.203 1.457 -0.457 0.203 -0.203 -0.457
13.730 1.198 1.459 -0.459 0.198 -0.198 -0.459
13.740 1.193 1.461 -0.461 0.193 -0.193 -0.461
13.750 1.189 1.463 -0.463 0.189 -0.189 -0.463
13.760 1.184 1.465 -0.465 0.184 -0.184 -0.465
13.770 1.179 1.467 -0.467 0.179 -0.179 -0.467
13.780 1.175 1.468 -0.468 0.175 -0.175 -0.468
13.790 1.170 1.470 -0.470 0.170 -0.170 -0.470
13.800 1.165 1.472 -0.472 0.165 -0.165 -0.472
13.810 1.161 1.473 -0.473 0.161 -0.161 -0.473
13.820 1.156 1.475 -0.475 0.156 -0.156 -0.475
13.830 1.151 1.477 -0.477 0.151 -0.151 -0.477
13.840 1.146 1.478 -0.478 0.146 -0.146 -0.478
13.850 1.142 1.480 -0.480 0.142 -0.142 -0.480
13.860 1.137 1.481 -0.481 0.137 -0.137 -0.481
13.870 1.132 1.482 -0.482 0.132 -0.132 -0.482
13.880 1.127 1.484 -0.484 0.127 -0.127 -0.484
13.890 1.122 1.485 -0.485 0.122 -0.122 -0.485
13.900 1.117 1.486 -0.486 0.117 -0.117 -0.486
13.910 1.113 1.487 -0.487 0.113 -0.113 -0.487
13.920 1.108 1.488 -0.488 0.108 -0.108 -0.488
13.930 1.103 1.489 -0.489 0.103 -0.103 -0.489
13.940 1.098 1.490 -0.490 0.098 -0.098 -0.490
13.950 1.093 1.491 -0.491 0.093 -0.093 -0.491
13.960 1.088 1.492 -0.492 0.088 -0.088 -0.492
13.970 1.083 1.493 -0.493 0.083 -0.083 -0.493
13.980 1.078 1.494 -0.494 0.078 -0.078 -0.494
13.990 1.073 1.495 -0.495 0.073 -0.073 -0.495
14.000 1.068 1.495 -0.495 0.068 -0.068 -0.495
14.010 1.063 1.496 -0.496 0.063 -0.063 -0.496
14.020 1.058 1.497 -0.497 0.058 -0.058 -0.497
14.030 1.053 1.497 -0.497 0.053 -0.053 -0.497
14.040 1.049 1.498 -0.498 0.049 -0.049 -0.498
14.050 1.044 1.498 -0.498 0.044 -0.044 -0.498
14.060 1.039 1.499 -0.499 0.039 -0.039 -0.499
14.070 1.034 1.499 -0.499 0.034 -0.034 -0.499
14.080 1.029 1.499 -0.499 0.029 -0.029 -0.499
14.090 1.024 1.499 -0.499 0.024 -0.024 -0.499
14.100 1.019 1.500 -0.500 0.019 -0.019 -0.500
14.110 1.014 1.500 -0.500 0.014 -0.014 -0.500
14.120 1.009 1.500 -0.500 0.009 -0.009 -0.500
14.130 1.004 1.500 -0.500 0.004 -0.004 -0.500
14.140 0.999 1.500 -0.500 -0.001 0.001 -0.500
14.150 0.994 1.500 -0.500 -0.006 0.006 -0.500
14.160 0.989 1.500 -0.500 -0.011 0.011 -0.500
14.170 0.984 1.500 -0.500 -0.016 0.016 -0.500
14.180 0.979 1.500 -0.500 -0.021 0.021 -0.500
14.190 0.974 1.499 -0.499 -0.026 0.026 -0.499
14.200 0.969 1.499 -0.499 -0.031 0.031 -0.499
14.210 0.964 1.499 -0.499 -0.036 0.036 -0.499
14.220 0.959 1.498 -0.498 -0.041 0.041 -0.498
14.230 0.954 1.498 -0.498 -0.046 0.046 -0.498
14.240 0.949 1.497 -0.497 -0.051 0.051 -0.497
14.250 0.944 1.497 -0.497 -0.056 0.056 -0.497
14.260 0.939 1.496 -0.496 -0.061 0.061 -0.496
14.270 0.934 1.496 -0.496 -0.066 0.066 -0.496
14.280 0.929 1.495 -0.495 -0.071 0.071 -0.495
14.290 0.924 1.494 -0.494 -0.076 0.076 -0.494
14.300 0.919 1.493 -0.493 -0.081 0.081 -0.493
14.310 0.914 1.493 -0.493 -0.086 0.086 -0.493
14.320 0.909 1.492 -0.492 -0.091 0.091 -0.492
14.330 0.904 1.491 -0.491 -0.096 0.096 -0.491
14.340 0.899 1.490 -0.490 -0.101 0.101 -0.490
14.350 0.894 1.489 -0.489 -0.106 0.106 -0.489
14.360 0.890 1.488 -0.488 -0.110 0.110 -0.488
14.370 0.885 1.487 -0.487 -0.115 0.115 -0.487
14.380 0.880 1.485 -0.485 -0.120 0.120 -0.485
14.390 0.875 1.484 -0.484 -0.125 0.125 -0.484
14.400 0.870 1.483 -0.483 -0.130 0.130 -0.483
14.410 0.865 1.482 -0.482 -0.135 0.135 -0.482
14.420 0.860 1.480 -0.480 -0.140 0.140 -0.480
14.430 0.856 1.479 -0.479 -0.144 0.144 -0.479
14.440 0.851 1.477 -0.477 -0.149 0.149 -0.477
14.450 0.846 1.476 -0.476 -0.154 0.154 -0.476
14.460 0.841 1.474 -0.474 -0.159 0.159 -0.474
14.470 0.837 1.473 -0.473 -0.163 0.163 -0.473
14.480 0.832 1.471 -0.471 -0.168 0.168 -0.471
14.490 0.827 1.469 -0.469 -0.173 0.173 -0.469
14.500 0.823 1.467 -0.467 -0.177 0.177 -0.467
14.510 0.818 1.466 -0.466 -0.182 0.182 -0.466
14.520 0.813 1.464 -0.464 -0.187 0.187 -0.464
14.530 0.809 1.462 -0.462 -0.191 0.191 -0.462
14.540 0.804 1.460 -0.460 -0.196 0.196 -0.460
14.550 0.799 1.458 -0.458 -0.201 0.201 -0.458
14.560 0.795 1.456 -0.456 -0.205 0.205 -0.456
14.570 0.790 1.454 -0.454 -0.210 0.210 -0.454
14.580 0.786 1.452 -0.452 -0.214 0.214 -0.452
14.590 0.781 1.450 -0.450 -0.219 0.219 -0.450
14.600 0.777 1.447 -0.447 -0.223 0.223 -0.447
14.610 0.772 1.445 -0.445 -0.228 0.228 -0.445
14.620 0.768 1.443 -0.443 -0.232 0.232 -0.443
14.630 0.763 1.440 -0.440 -0.237 0.237 -0.440
14.640 0.759 1.438 -0.438 -0.241 0.241 -0.438
14.650 0.755 1.436 -0.436 -0.245 0.245 -0.436
14.660 0.750 1.433 -0.433 -0.250 0.250 -0.433
14.670 0.746 1.431 -0.431 -0.254 0.254 -0.431
14.680 0.742 1.428 -0.428 -0.258 0.258 -0.428
14.690 0.737 1.426 -0.426 -0.263 0.263 -0.426
14.700 0.733 1.423 -0.423 -0.267 0.267 -0.423
14.710 0.729 1.420 -0.420 -0.271 0.271 -0.420
14.720 0.725 1.417 -0.417 -0.275 0.275 -0.417
14.730 0.721 1.415 -0.415 -0.279 0.279 -0.415
14.740 0.717 1.412 -0.412 -0.283 0.283 -0.412
14.750 0.712 1.409 -0.409 -0.288 0.288 -0.409
14.760 0.708 1.406 -0.406 -0.292 0.292 -0.406
14.770 0.704 1.403 -0.403 -0.296 0.296 -0.403
14.780 0.700 1.400 -0.400 -0.300 0.300 -0.400
14.790 0.696 1.397 -0.397 -0.304 0.304 -0.397
14.800 0.692 1.394 -0.394 -0.308 0.308 -0.394
14.810 0.688 1.391 -0.391 -0.312 0.312 -0.391
14.820 0.685 1.388 -0.388 -0.315 0.315 -0.388
14.830 0.681 1.385 -0.385 -0.319 0.319 -0.385
14.840 0.677 1.382 -0.382 -0.323 0.323 -0.382
14.850 0.673 1.378 -0.378 -0.327 0.327 -0.378
14.860 0.669 1.375 -0.375 -0.331 0.331 -0.375
14.870 0.666 1.372 -0.372 -0.334 0.334 -0.372
14.880 0.662 1.368 -0.368 -0.338 0.338 -0.368
14.890 0.658 1.365 -0.365 -0.342 0.342 -0.365
14.900 0.655 1.361 -0.361 -0.345 0.345 -0.361
14.910 0.651 1.358 -0.358 -0.349 0.349 -0.358
14.920 0.647 1.354 -0.354 -0.353 0.353 -0.354
14.930 0.644 1.351 -0.351 -0.356 0.356 -0.351
14.940 0.640 1.347 -0.347 -0.360 0.360 -0.347
14.950 0.637 1.344 -0.344 -0.363 0.363 -0.344
14.960 0.633 1.340 -0.340 -0.367 0.367 -0.340
14.970 0.630 1.336 -0.336 -0.370 0.370 -0.336
14.980 0.627 1.333 -0.333 -0.373 0.373 -0.333
14.990 0.623 1.329 -0.329 -0.377 0.377 -0.329
15.000 0.620 1.325 -0.325 -0.380 0.380 -0.325
15.010 0.617 1.321 -0.321 -0.383 0.383 -0.321
15.020 0.614 1.317 -0.317 -0.386 0.386 -0.317
15.030 0.611 1.314 -0.314 -0.389 0.389 -0.314
15.040 0.607 1.310 -0.310 -0.393 0.393 -0.310
15.050 0.604 1.306 -0.306 -0.396 0.396 -0.306
15.060 0.601 1.302 -0.302 -0.399 0.399 -0.302
15.070 0.598 1.298 -0.298 -0.402 0.402 -0.298
15.080 0.595 1.294 -0.294 -0.405 0.405 -0.294
15.090 0.592 1.290 -0.290 -0.408 0.408 -0.290
15.100 0.590 1.286 -0.286 -0.410 0.410 -0.286
15.110 0.587 1.281 -0.281 -0.413 0.413 -0.281
15.120 0.584 1.277 -0.277 -0.416 0.416 -0.277
15.130 0.581 1.273 -0.273 -0.419 0.419 -0.273
15.140 0.579 1.269 -0.269 -0.421 0.421 -0.269
15.150 0.576 1.265 -0.265 -0.424 0.424 -0.265
15.160 0.573 1.260 -0.260 -0.427 0.427 -0.260
15.170 0.571 1.256 -0.256 -0.429 0.429 -0.256
15.180 0.568 1.252 -0.252 -0.432 0.432 -0.252
15.190 0.566 1.248 -0.248 -0.434 0.434 -0.248
15.200 0.563 1.243 -0.243 -0.437 0.437 -0.243
15.210 0.561 1.239 -0.239 -0.439 0.439 -0.239
15.220 0.558 1.234 -0.234 -0.442 0.442 -0.234
15.230 0.556 1.230 -0.230 -0.444 0.444 -0.230
15.240 0.554 1.226 -0.226 -0.446 0.446 -0.226
15.250 0.552 1.221 -0.221 -0.448 0.448 -0.221
15.260 0.549 1.217 -0.217 -0.451 0.451 -0.217
15.270 0.547 1.212 -0.212 -0.453 0.453 -0.212
15.280 0.545 1.208 -0.208 -0.455 0.455 -0.208
15.290 0.543 1.203 -0.203 -0.457 0.457 -0.203
15.300 0.541 1.198 -0.198 -0.459 0.459 -0.198
15.310 0.539 1.194 -0.194 -0.461 0.461 -0.194
15.320 0.537 1.189 -0.189 -0.463 0.463 -0.189
15.330 0.535 1.185 -0.185 -0.465 0.465 -0.185
15.340 0.533 1.180 -0.180 -0.467 0.467 -0.180
15.350 0.532 1.175 -0.175 -0.468 0.468 -0.175
15.360 0.530 1.170 -0.170 -0.470 0.470 -0.170
15.370 0.528 1.166 -0.166 -0.472 0.472 -0.166
15.380 0.527 1.161 -0.161 -0.473 0.473 -0.161
15.390 0.525 1.156 -0.156 -0.475 0.475 -0.156
15.400 0.524 1.152 -0.152 -0.476 0.476 -0.152
15.410 0.522 1.147 -0.147 -0.478 0.478 -0.147
15.420 0.521 1.142 -0.142 -0.479 0.479 -0.142
15.430 0.519 1.137 -0.137 -0.481 0.481 -0.137
15.440 0.518 1.132 -0.132 -0.482 0.482 -0.132
15.450 0.517 1.128 -0.128 -0.483 0.483 -0.128
15.460 0.515 1.123 -0.123 -0.485 0.485 -0.123
15.470 0.514 1.118 -0.118 -0.486 0.486 -0.118
15.480 0.513 1.113 -0.113 -0.487 0.487 -0.113
15.490 0.512 1.108 -0.108 -0.488 0.488 -0.108
15.500 0.511 1.103 -0.103 -0.489 0.489 -0.103
15.510 0.510 1.098 -0.098 -0.490 0.490 -0.098
15.520 0.509 1.093 -0.093 -0.491 0.491 -0.093
15.530 0.508 1.089 -0.089 -0.492 0.492 -0.089
15.540 0.507 1.084 -0.084 -0.493 0.493 -0.084
15.550 0.506 1.079 -0.079 -0.494 0.494 -0.079
15.560 0.505 1.074 -0.074 -0.495 0.495 -0.074
15.570 0.505 1.069 -0.069 -0.495 0.495 -0.069
15.580 0.504 1.064 -0.064 -0.496 0.496 -0.064
15.590 0.503 1.059 -0.059 -0.497 0.497 -0.059
15.600 0.503 1.054 -0.054 -0.497 0.497 -0.054
15.610 0.502 1.049 -0.049 -0.498 0.498 -0.049
15.620 0.502 1.044 -0.044 -0.498 0.498 -0.044
15.630 0.502 1.039 -0.039 -0.498 0.498 -0.039
15.640 0.501 1.034 -0.034 -0.499 0.499 -0.034
15.650 0.501 1.029 -0.029 -0.499 0.499 -0.029
15.660 0.501 1.024 -0.024 -0.499 0.499 -0.024
15.670 0.500 1.019 -0.019 -0.500 0.500 -0.019
15.680 0.500 1.014 -0.014 -0.500 0.500 -0.014
15.690 0.500 1.009 -0.009 -0.500 0.500 -0.009
15.700 0.500 1.004 -0.004 -0.500 0.500 -0.004
15.710 0.500 0.999 0.001 -0.500 0.500 0.001
15.720 0.500 0.994 0.006 -0.500 0.500 0.006
15.730 0.500 0.989 0.011 -0.500 0.500 0.011
15.740 0.500 0.984 0.016 -0.500 0.500 0.016
15.750 0.500 0.979 0.021 -0.500 0.500 0.021
15.760 0.501 0.974 0.026 -0.499 0.499 0.026
15.770 0.501 0.969 0.031 -0.499 0.499 0.031
15.780 0.501 0.964 0.036 -0.499 0.499 0.036
15.790 0.502 0.959 0.041 -0.498 0.498 0.041
15.800 0.502 0.954 0.046 -0.498 0.498 0.046
15.810 0.503 0.949 0.051 -0.497 0.497 0.051
15.820 0.503 0.944 0.056 -0.497 0.497 0.056
15.830 0.504 0.939 0.061 -0.496 0.496 0.061
15.840 0.504 0.934 0.066 -0.496 0.496 0.066
15.850 0.505 0.929 0.071 -0.495 0.495 0.071
15.860 0.506 0.924 0.076 -0.494 0.494 0.076
15.870 0.507 0.919 0.081 -0.493 0.493 0.081
15.880 0.507 0.914 0.086 -0.493 0.493 0.086
15.890 0.508 0.909 0.091 -0.492 0.492 0.091
15.900 0.509 0.905 0.095 -0.491 0.491 0.095
15.910 0.510 0.900 0.100 -0.490 0.490 0.100
15.920 0.511 0.895 0.105 -0.489 0.489 0.105
15.930 0.512 0.890 0.110 -0.488 0.488 0.110
15.940 0.513 0.885 0.115 -0.487 0.487 0.115
15.950 0.515 0.880 0.120 -0.485 0.485 0.120
15.960 0.516 0.875 0.125 -0.484 0.484 0.125
15.970 0.517 0.870 0.130 -0.483 0.483 0.130
15.980 0.518 0.866 0.134 -0.482 0.482 0.134
15.990 0.520 0.861 0.139 -0.480 0.480 0.139
16.000 0.521 0.856 0.144 -0.479 0.479 0.144
16.010 0.523 0.851 0.149 -0.477 0.477 0.149
16.020 0.524 0.847 0.153 -0.476 0.476 0.153
16.030 0.526 0.842 0.158 -0.474 0.474 0.158
16.040 0.527 0.837 0.163 -0.473 0.473 0.163
16.050 0.529 0.832 0.168 -0.471 0.471 0.168
16.060 0.531 0.828 0.172 -0.469 0.469 0.172
16.070 0.532 0.823 0.177 -0.468 0.468 0.177
16.080 0.534 0.818 0.182 -0.466 0.466 0.182
16.090 0.536 0.814 0.186 -0.464 0.464 0.186
16.100 0.538 0.809 0.191 -0.462 0.462 0.191
16.110 0.540 0.804 0.196 -0.460 0.460 0.196
16.120 0.542 0.800 0.200 -0.458 0.458 0.200
16.130 0.544 0.795 0.205 -0.456 0.456 0.205
16.140 0.546 0.791 0.209 -0.454 0.454 0.209
16.150 0.548 0.786 0.214 -0.452 0.452 0.214
16.160 0.550 0.782 0.218 -0.450 0.450 0.218
16.170 0.552 0.777 0.223 -0.448 0.448 0.223
16.180 0.555 0.773 0.227 -0.445 0.445 0.227
16.190 0.557 0.768 0.232 -0.443 0.443 0.232
16.200 0.559 0.764 0.236 -0.441 0.441 0.236
16.210 0.562 0.759 0.241 -0.438 0.438 0.241
16.220 0.564 0.755 0.245 -0.436 0.436 0.245
16.230 0.567 0.751 0.249 -0.433 0.433 0.249
16.240 0.569 0.746 0.254 -0.431 0.431 0.254
16.250 0.572 0.742 0.258 -0.428 0.428 0.258
16.260 0.574 0.738 0.262 -0.426 0.426 0.262
16.270 0.577 0.734 0.266 -0.423 0.423 0.266
16.280 0.580 0.729 0.271 -0.420 0.420 0.271
16.290 0.582 0.725 0.275 -0.418 0.418 0.275
16.300 0.585 0.721 0.279 -0.415 0.415 0.279
16.310 0.588 0.717 0.283 -0.412 0.412 0.283
16.320 0.591 0.713 0.287 -0.409 0.409 0.287
16.330 0.594 0.709 0.291 -0.406 0.406 0.291
16.340 0.597 0.705 0.295 -0.403 0.403 0.295
16.350 0.600 0.701 0.299 -0.400 0.400 0.299
16.360 0.603 0.697 0.303 -0.397 0.397 0.303
16.370 0.606 0.693 0.307 -0.394 0.394 0.307
16.380 0.609 0.689 0.311 -0.391 0.391 0.311
16.390 0.612 0.685 0.315 -0.388 0.388 0.315
16.400 0.615 0.681 0.319 -0.385 0.385 0.319
16.410 0.618 0.677 0.323 -0.382 0.382 0.323
16.420 0.621 0.673 0.327 -0.379 0.379 0.327
16.430 0.625 0.670 0.330 -0.375 0.375 0.330
16.440 0.628 0.666 0.334 -0.372 0.372 0.334
16.450 0.631 0.662 0.338 -0.369 0.369 0.338
16.460 0.635 0.658 0.342 -0.365 0.365 0.342
16.470 0.638 0.655 0.345 -0.362 0.362 0.345
16.480 0.642 0.651 0.349 -0.358 0.358 0.349
16.490 0.645 0.648 0.352 -0.355 0.355 0.352
16.500 0.649 0.644 0.356 -0.351 0.351 0.356
16.510 0.652 0.641 0.359 -0.348 0.348 0.359
16.520 0.656 0.637 0.363 -0.344 0.344 0.363
16.530 0.660 0.634 0.366 -0.340 0.340 0.366
16.540 0.663 0.630 0.370 -0.337 0.337 0.370
16.550 0.667 0.627 0.373 -0.333 0.333 0.373
16.560 0.671 0.624 0.376 -0.329 0.329 0.376
16.570 0.675 0.620 0.380 -0.325 0.325 0.380
16.580 0.678 0.617 0.383 -0.322 0.322 0.383
16.590 0.682 0.614 0.386 -0.318 0.318 0.386
16.600 0.686 0.611 0.389 -0.314 0.314 0.389
16.610 0.690 0.608 0.392 -0.310 0.310 0.392
16.620 0.694 0.605 0.395 -0.306 0.306 0.395
16.630 0.698 0.602 0.398 -0.302 0.302 0.398
16.640 0.702 0.599 0.401 -0.298 0.298 0.401
16.650 0.706 0.596 0.404 -0.294 0.294 0.404
16.660 0.710 0.593 0.407 -0.290 0.290 0.407
16.670 0.714 0.590 0.410 -0.286 0.286 0.410
16.680 0.718 0.587 0.413 -0.282 0.282 0.413
16.690 0.722 0.584 0.416 -0.278 0.278 0.416
16.700 0.727 0.581 0.419 -0.273 0.273 0.419
16.710 0.731 0.579 0.421 -0.269 0.269 0.421
16.720 0.735 0.576 0.424 -0.265 0.265 0.424
16.730 0.739 0.573 0.427 -0.261 0.261 0.427
16.740 0.743 0.571 0.429 -0.257 0.257 0.429
16.750 0.748 0.568 0.432 -0.252 0.252 0.432
16.760 0.752 0.566 0.434 -0.248 0.248 0.434
16.770 0.756 0.563 0.437 -0.244 0.244 0.437
16.780 0.761 0.561 0.439 -0.239 0.239 0.439
16.790 0.765 0.559 0.441 -0.235 0.235 0.441
16.800 0.770 0.556 0.444 -0.230 0.230 0.444
16.810 0.774 0.554 0.446 -0.226 0.226 0.446
16.820 0.779 0.552 0.448 -0.221 0.221 0.448
16.830 0.783 0.550 0.450 -0.217 0.217 0.450
16.840 0.788 0.547 0.453 -0.212 0.212 0.453
16.850 0.792 0.545 0.455 -0.208 0.208 0.455
16.860 0.797 0.543 0.457 -0.203 0.203 0.457
16.870 0.801 0.541 0.459 -0.199 0.199 0.459
16.880 0.806 0.539 0.461 -0.194 0.194 0.461
16.890 0.810 0.537 0.463 -0.190 0.190 0.463
16.900 0.815 0.535 0.465 -0.185 0.185 0.465
16.910 0.820 0.534 0.466 -0.180 0.180 0.466
16.920 0.824 0.532 0.468 -0.176 0.176 0.468
16.930 0.829 0.530 0.470 -0.171 0.171 0.470
16.940 0.834 0.528 0.472 -0.166 0.166 0.472
16.950 0.839 0.527 0.473 -0.161 0.161 0.473
16.960 0.843 0.525 0.475 -0.157 0.157 0.475
16.970 0.848 0.524 0.476 -0.152 0.152 0.476
16.980 0.853 0.522 0.478 -0.147 0.147 0.478
16.990 0.858 0.521 0.479 -0.142 0.142 0.479
17.000 0.862 0.519 0.481 -0.138 0.138 0.481
17.010 0.867 0.518 0.482 -0.133 0.133 0.482
17.020 0.872 0.517 0.483 -0.128 0.128 0.483
17.030 0.877 0.515 0.485 -0.123 0.123 0.485
17.040 0.882 0.514 0.486 -0.118 0.118 0.486
17.050 0.887 0.513 0.487 -0.113 0.113 0.487
17.060 0.891 0.512 0.488 -0.109 0.109 0.488
17.070 0.896 0.511 0.489 -0.104 0.104 0.489
17.080 0.901 0.510 0.490 -0.099 0.099 0.490
17.090 0.906 0.509 0.491 -0.094 0.094 0.491
17.100 0.911 0.508 0.492 -0.089 0.089 0.492
17.110 0.916 0.507 0.493 -0.084 0.084 0.493
17.120 0.921 0.506 0.494 -0.079 0.079 0.494
17.130 0.926 0.506 0.494 -0.074 0.074 0.494
17.140 0.931 0.505 0.495 -0.069 0.069 0.495
17.150 0.936 0.504 0.496 -0.064 0.064 0.496
17.160 0.941 0.504 0.496 -0.059 0.059 0.496
17.170 0.946 0.503 0.497 -0.054 0.054 0.497
17.180 0.951 0.502 0.498 -0.049 0.049 0.498
17.190 0.956 0.502 0.498 -0.044 0.044 0.498
17.200 0.961 0.502 0.498 -0.039 0.039 0.498
17.210 0.966 0.501 0.499 -0.034 0.034 0.499
17.220 0.971 0.501 0.499 -0.029 0.029 0.499
17.230 0.976 0.501 0.499 -0.024 0.024 0.499
17.240 0.981 0.500 0.500 -0.019 0.019 0.500
17.250 0.986 0.500 0.500 -0.014 0.014 0.500
17.260 0.991 0.500 0.500 -0.009 0.009 0.500
17.270 0.996 0.500 0.500 -0.004 0.004 0.500
17.280 1.001 0.500 0.500 0.001 -0.001 0.500
17.290 1.006 0.500 0.500 0.006 -0.006 0.500
17.300 1.011 0.500 0.500 0.011 -0.011 0.500
17.310 1.016 0.500 0.500 0.016 -0.016 0.500
17.320 1.021 0.500 0.500 0.021 -0.021 0.500
17.330 1.026 0.501 0.499 0.026 -0.026 0.499
17.340 1.031 0.501 0.499 0.031 -0.031 0.499
17.350 1.036 0.501 0.499 0.036 -0.036 0.499
17.360 1.041 0.502 0.498 0.041 -0.041 0.498
17.370 1.046 0.502 0.498 0.046 -0.046 0.498
17.380 1.051 0.503 0.497 0.051 -0.051 0.497
17.390 1.056 0.503 0.497 0.056 -0.056 0.497
17.400 1.060 0.504 0.496 0.060 -0.060 0.496
17.410 1.065 0.504 0.496 0.065 -0.065 0.496
17.420 1.070 0.505 0.495 0.070 -0.070 0.495
17.430 1.075 0.506 0.494 0.075 -0.075 0.494
17.440 1.080 0.506 0.494 0.080 -0.080 0.494
17.450 1.085 0.507 0.493 0.085 -0.085 0.493
17.460 1.090 0.508 0.492 0.090 -0.090 0.492
17.470 1.095 0.509 0.491 0.095 -0.095 0.491
17.480 1.100 0.510 0.490 0.100 -0.100 0.490
17.490 1.105 0.511 0.489 0.105 -0.105 0.489
17.500 1.110 0.512 0.488 0.110 -0.110 0.488
17.510 1.115 0.513 0.487 0.115 -0.115 0.487
17.520 1.119 0.514 0.486 0.119 -0.119 0.486
17.530 1.124 0.516 0.484 0.124 -0.124 0.484
17.540 1.129 0.517 0.483 0.129 -0.129 0.483
17.550 1.134 0.518 0.482 0.134 -0.134 0.482
17.560 1.139 0.520 0.480 0.139 -0.139 0.480
17.570 1.144 0.521 0.479 0.144 -0.144 0.479
17.580 1.148 0.523 0.477 0.148 -0.148 0.477
17.590 1.153 0.524 0.476 0.153 -0.153 0.476
17.600 1.158 0.526 0.474 0.158 -0.158 0.474
17.610 1.163 0.527 0.473 0.163 -0.163 0.473
17.620 1.167 0.529 0.471 0.167 -0.167 0.471
17.630 1.172 0.531 0.469 0.172 -0.172 0.469
17.640 1.177 0.532 0.468 0.177 -0.177 0.468
17.650 1.181 0.534 0.466 0.181 -0.181 0.466
17.660 1.186 0.536 0.464 0.186 -0.186 0.464
17.670 1.191 0.538 0.462 0.191 -0.191 0.462
17.680 1.195 0.540 0.460 0.195 -0.195 0.460
17.690 1.200 0.542 0.458 0.200 -0.200 0.458
17.700 1.204 0.544 0.456 0.204 -0.204 0.456
17.710 1.209 0.546 0.454 0.209 -0.209 0.454
17.720 1.214 0.548 0.452 0.214 -0.214 0.452
17.730 1.218 0.550 0.450 0.218 -0.218 0.450
17.740 1.223 0.552 0.448 0.223 -0.223 0.448
17.750 1.227 0.554 0.446 0.227 -0.227 0.446
17.760 1.231 0.557 0.443 0.231 -0.231 0.443
17.770 1.236 0.559 0.441 0.236 -0.236 0.441
17.780 1.240 0.562 0.438 0.240 -0.240 0.438
17.790 1.245 0.564 0.436 0.245 -0.245 0.436
17.800 1.249 0.566 0.434 0.249 -0.249 0.434
17.810 1.253 0.569 0.431 0.253 -0.253 0.431
17.820 1.258 0.571 0.429 0.258 -0.258 0.429
17.830 1.262 0.574 0.426 0.262 -0.262 0.426
17.840 1.266 0.577 0.423 0.266 -0.266 0.423
17.850 1.270 0.579 0.421 0.270 -0.270 0.421
17.860 1.275 0.582 0.418 0.275 -0.275 0.418
17.870 1.279 0.585 0.415 0.279 -0.279 0.415
17.880 1.283 0.588 0.412 0.283 -0.283 0.412
17.890 1.287 0.591 0.409 0.287 -0.287 0.409
17.900 1.291 0.593 0.407 0.291 -0.291 0.407
17.910 1.295 0.596 0.404 0.295 -0.295 0.404
17.920 1.299 0.599 0.401 0.299 -0.299 0.401
17.930 1.303 0.602 0.398 0.303 -0.303 0.398
17.940 1.307 0.605 0.395 0.307 -0.307 0.395
17.950 1.311 0.608 0.392 0.311 -0.311 0.392
17.960 1.315 0.612 0.388 0.315 -0.315 0.388
17.970 1.319 0.615 0.385 0.319 -0.319 0.385
17.980 1.323 0.618 0.382 0.323 -0.323 0.382
17.990 1.326 0.621 0.379 0.326 -0.326 0.379
18.000 1.330 0.625 0.375 0.330 -0.330 0.375
18.010 1.334 0.628 0.372 0.334 -0.334 0.372
18.020 1.338 0.631 0.369 0.338 -0.338 0.369
18.030 1.341 0.635 0.365 0.341 -0.341 0.365
18.040 1.345 0.638 0.362 0.345 -0.345 0.362
18.050 1.349 0.641 0.359 0.349 -0.349 0.359
18.060 1.352 0.645 0.355 0.352 -0.352 0.355
18.070 1.356 0.649 0.351 0.356 -0.356 0.351
18.080 1.359 0.652 0.348 0.359 -0.359 0.348
18.090 1.363 0.656 0.344 0.363 -0.363 0.344
18.100 1.366 0.659 0.341 0.366 -0.366 0.341
18.110 1.369 0.663 0.337 0.369 -0.369 0.337
18.120 1.373 0.667 0.333 0.373 -0.373 0.333
18.130 1.376 0.670 0.330 0.376 -0.376 0.330
18.140 1.379 0.674 0.326 0.379 -0.379 0.326
18.150 1.383 0.678 0.322 0.383 -0.383 0.322
18.160 1.386 0.682 0.318 0.386 -0.386 0.318
18.170 1.389 0.686 0.314 0.389 -0.389 0.314
18.180 1.392 0.690 0.310 0.392 -0.392 0.310
18.190 1.395 0.694 0.306 0.395 -0.395 0.306
18.200 1.398 0.698 0.302 0.398 -0.398 0.302
18.210 1.401 0.702 0.298 0.401 -0.401 0.298
18.220 1.404 0.706 0.294 0.404 -0.404 0.294
18.230 1.407 0.710 0.290 0.407 -0.407 0.290
18.240 1.410 0.714 0.286 0.410 -0.410 0.286
18.250 1.413 0.718 0.282 0.413 -0.413 0.282
18.260 1.416 0.722 0.278 0.416 -0.416 0.278
18.270 1.418 0.726 0.274 0.418 -0.418 0.274
18.280 1.421 0.730 0.270 0.421 -0.421 0.270
18.290 1.424 0.735 0.265 0.424 -0.424 0.265
18.300 1.426 0.739 0.261 0.426 -0.426 0.261
18.310 1.429 0.743 0.257 0.429 -0.429 0.257
18.320 1.432 0.747 0.253 0.432 -0.432 0.253
18.330 1.434 0.752 0.248 0.434 -0.434 0.248
18.340 1.436 0.756 0.244 0.436 -0.436 0.244
18.350 1.439 0.760 0.240 0.439 -0.439 0.240
18.360 1.441 0.765 0.235 0.441 -0.441 0.235
18.370 1.444 0.769 0.231 0.444 -0.444 0.231
18.380 1.446 0.774 0.226 0.446 -0.446 0.226
18.390 1.448 0.778 0.222 0.448 -0.448 0.222
18.400 1.450 0.783 0.217 0.450 -0.450 0.217
18.410 1.452 0.787 0.213 0.452 -0.452 0.213
18.420 1.455 0.792 0.208 0.455 -0.455 0.208
18.430 1.457 0.796 0.204 0.457 -0.457 0.204
18.440 1.459 0.801 0.199 0.459 -0.459 0.199
18.450 1.461 0.805 0.195 0.461 -0.461 0.195
18.460 1.463 0.810 0.190 0.463 -0.463 0.190
18.470 1.464 0.815 0.185 0.464 -0.464 0.185
18.480 1.466 0.819 0.181 0.466 -0.466 0.181
18.490 1.468 0.824 0.176 0.468 -0.468 0.176
18.500 1.470 0.829 0.171 0.470 -0.470 0.171
18.510 1.471 0.833 0.167 0.471 -0.471 0.167
18.520 1.473 0.838 0.162 0.473 -0.473 0.162
18.530 1.475 0.843 0.157 0.475 -0.475 0.157
18.540 1.476 0.848 0.152 0.476 -0.476 0.152
18.550 1.478 0.852 0.148 0.478 -0.478 0.148
18.560 1.479 0.857 0.143 0.479 -0.479 0.143
18.570 1.481 0.862 0.138 0.481 -0.481 0.138
18.580 1.482 0.867 0.133 0.482 -0.482 0.133
18.590 1.483 0.872 0.128 0.483 -0.483 0.128
18.600 1.485 0.877 0.123 0.485 -0.485 0.123
18.610 1.486 0.881 0.119 0.486 -0.486 0.119
18.620 1.487 0.886 0.114 0.487 -0.487 0.114
18.630 1.488 0.891 0.109 0.488 -0.488 0.109
18.640 1.489 0.896 0.104 0.489 -0.489 0.104
18.650 1.490 0.901 0.099 0.490 -0.490 0.099
18.660 1.491 0.906 0.094 0.491 -0.491 0.094
18.670 1.492 0.911 0.089 0.492 -0.492 0.089
18.680 1.493 0.916 0.084 0.493 -0.493 0.084
18.690 1.494 0.921 0.079 0.494 -0.494 0.079
18.700 1.494 0.926 0.074 0.494 -0.494 0.074
18.710 1.495 0.930 0.070 0.495 -0.495 0.070
18.720 1.496 0.935 0.065 0.496 -0.496 0.065
18.730 1.496 0.940 0.060 0.496 -0.496 0.060
18.740 1.497 0.945 0.055 0.497 -0.497 0.055
18.750 1.498 0.950 0.050 0.498 -0.498 0.050
18.760 1.498 0.955 0.045 0.498 -0.498 0.045
18.770 1.498 0.960 0.040 0.498 -0.498 0.040
18.780 1.499 0.965 0.035 0.499 -0.499 0.035
18.790 1.499 0.970 0.030 0.499 -0.499 0.030
18.800 1.499 0.975 0.025 0.499 -0.499 0.025
18.810 1.500 0.980 0.020 0.500 -0.500 0.020
18.820 1.500 0.985 0.015 0.500 -0.500 0.015
18.830 1.500 0.990 0.010 0.500 -0.500 0.010
18.840 1.500 0.995 0.005 0.500 -0.500 0.005
18.850 1.500 1.000 -0.000 0.500 -0.500 -0.000
18.860 1.500 1.005 -0.005 0.500 -0.500 -0.005
18.870 1.500 1.010 -0.010 0.500 -0.500 -0.010
18.880 1.500 1.015 -0.015 0.500 -0.500 -0.015
18.890 1.500 1.020 -0.020 0.500 -0.500 -0.020
18.900 1.499 1.025 -0.025 0.499 -0.499 -0.025
18.910 1.499 1.030 -0.030 0.499 -0.499 -0.030
18.920 1.499 1.035 -0.035 0.499 -0.499 -0.035
18.930 1.498 1.040 -0.040 0.498 -0.498 -0.040
18.940 1.498 1.045 -0.045 0.498 -0.498 -0.045
18.950 1.497 1.050 -0.050 0.497 -0.497 -0.050
18.960 1.497 1.055 -0.055 0.497 -0.497 -0.055
18.970 1.496 1.060 -0.060 0.496 -0.496 -0.060
18.980 1.496 1.065 -0.065 0.496 -0.496 -0.065
18.990 1.495 1.070 -0.070 0.495 -0.495 -0.070
19.000 1.494 1.075 -0.075 0.494 -0.494 -0.075
19.010 1.494 1.080 -0.080 0.494 -0.494 -0.080
19.020 1.493 1.085 -0.085 0.493 -0.493 -0.085
19.030 1.492 1.090 -0.090 0.492 -0.492 -0.090
19.040 1.491 1.095 -0.095 0.491 -0.491 -0.095
19.050 1.490 1.100 -0.100 0.490 -0.490 -0.100
19.060 1.489 1.104 -0.104 0.489 -0.489 -0.104
19.070 1.488 1.109 -0.109 0.488 -0.488 -0.109
19.080 1.487 1.114 -0.114 0.487 -0.487 -0.114
19.090 1.486 1.119 -0.119 0.486 -0.486 -0.119
19.100 1.484 1.124 -0.124 0.484 -0.484 -0.124
19.110 1.483 1.129 -0.129 0.483 -0.483 -0.129
19.120 1.482 1.134 -0.134 0.482 -0.482 -0.134
19.130 1.480 1.138 -0.138 0.480 -0.480 -0.138
19.140 1.479 1.143 -0.143 0.479 -0.479 -0.143
19.150 1.478 1.148 -0.148 0.478 -0.478 -0.148
19.160 1.476 1.153 -0.153 0.476 -0.476 -0.153
19.170 1.475 1.157 -0.157 0.475 -0.475 -0.157
19.180 1.473 1.162 -0.162 0.473 -0.473 -0.162
19.190 1.471 1.167 -0.167 0.471 -0.471 -0.167
19.200 1.470 1.172 -0.172 0.470 -0.470 -0.172
19.210 1.468 1.176 -0.176 0.468 -0.468 -0.176
19.220 1.466 1.181 -0.181 0.466 -0.466 -0.181
19.230 1.464 1.186 -0.186 0.464 -0.464 -0.186
19.240 1.462 1.190 -0.190 0.462 -0.462 -0.190
19.250 1.460 1.195 -0.195 0.460 -0.460 -0.195
19.260 1.458 1.200 -0.200 0.458 -0.458 -0.200
19.270 1.456 1.204 -0.204 0.456 -0.456 -0.204
19.280 1.454 1.209 -0.209 0.454 -0.454 -0.209
19.290 1.452 1.213 -0.213 0.452 -0.452 -0.213
19.300 1.450 1.218 -0.218 0.450 -0.450 -0.218
19.310 1.448 1.222 -0.222 0.448 -0.448 -0.222
19.320 1.446 1.227 -0.227 0.446 -0.446 -0.227
19.330 1.443 1.231 -0.231 0.443 -0.443 -0.231
19.340 1.441 1.236 -0.236 0.441 -0.441 -0.236
19.350 1.439 1.240 -0.240 0.439 -0.439 -0.240
19.360 1.436 1.244 -0.244 0.436 -0.436 -0.244
19.370 1.434 1.249 -0.249 0.434 -0.434 -0.249
19.380 1.431 1.253 -0.253 0.431 -0.431 -0.253
19.390 1.429 1.257 -0.257 0.429 -0.429 -0.257
19.400 1.426 1.262 -0.262 0.426 -0.426 -0.262
19.410 1.424 1.266 -0.266 0.424 -0.424 -0.266
19.420 1.421 1.270 -0.270 0.421 -0.421 -0.270
19.430 1.418 1.274 -0.274 0.418 -0.418 -0.274
19.440 1.415 1.278 -0.278 0.415 -0.415 -0.278
19.450 1.413 1.283 -0.283 0.413 -0.413 -0.283
19.460 1.410 1.287 -0.287 0.410 -0.410 -0.287
19.470 1.407 1.291 -0.291 0.407 -0.407 -0.291
19.480 1.404 1.295 -0.295 0.404 -0.404 -0.295
19.490 1.401 1.299 -0.299 0.401 -0.401 -0.299
19.500 1.398 1.303 -0.303 0.398 -0.398 -0.303
19.510 1.395 1.307 -0.307 0.395 -0.395 -0.307
19.520 1.392 1.311 -0.311 0.392 -0.392 -0.311
19.530 1.389 1.315 -0.315 0.389 -0.389 -0.315
19.540 1.385 1.318 -0.318 0.385 -0.385 -0.318
19.550 1.382 1.322 -0.322 0.382 -0.382 -0.322
19.560 1.379 1.326 -0.326 0.379 -0.379 -0.326
19.570 1.376 1.330 -0.330 0.376 -0.376 -0.330
19.580 1.372 1.334 -0.334 0.372 -0.372 -0.334
19.590 1.369 1.337 -0.337 0.369 -0.369 -0.337
19.600 1.366 1.341 -0.341 0.366 -0.366 -0.341
19.610 1.362 1.345 -0.345 0.362 -0.362 -0.345
19.620 1.359 1.348 -0.348 0.359 -0.359 -0.348
19.630 1.355 1.352 -0.352 0.355 -0.355 -0.352
19.640 1.352 1.355 -0.355 0.352 -0.352 -0.355
19.650 1.348 1.359 -0.359 0.348 -0.348 -0.359
19.660 1.345 1.362 -0.362 0.345 -0.345 -0.362
19.670 1.341 1.366 -0.366 0.341 -0.341 -0.366
19.680 1.337 1.369 -0.369 0.337 -0.337 -0.369
19.690 1.334 1.372 -0.372 0.334 -0.334 -0.372
19.700 1.330 1.376 -0.376 0.330 -0.330 -0.376
19.710 1.326 1.379 -0.379 0.326 -0.326 -0.379
19.720 1.322 1.382 -0.382 0.322 -0.322 -0.382
19.730 1.318 1.386 -0.386 0.318 -0.318 -0.386
19.740 1.315 1.389 -0.389 0.315 -0.315 -0.389
19.750 1.311 1.392 -0.392 0.311 -0.311 -0.392
19.760 1.307 1.395 -0.395 0.307 -0.307 -0.395
19.770 1.303 1.398 -0.398 0.303 -0.303 -0.398
19.780 1.299 1.401 -0.401 0.299 -0.299 -0.401
19.790 1.295 1.404 -0.404 0.295 -0.295 -0.404
19.800 1.291 1.407 -0.407 0.291 -0.291 -0.407
19.810 1.287 1.410 -0.410 0.287 -0.287 -0.410
19.820 1.282 1.413 -0.413 0.282 -0.282 -0.413
19.830 1.278 1.415 -0.415 0.278 -0.278 -0.415
19.840 1.274 1.418 -0.418 0.274 -0.274 -0.418
19.850 1.270 1.421 -0.421 0.270 -0.270 -0.421
19.860 1.266 1.424 -0.424 0.266 -0.266 -0.424
19.870 1.261 1.426 -0.426 0.261 -0.261 -0.426
19.880 1.257 1.429 -0.429 0.257 -0.257 -0.429
19.890 1.253 1.431 -0.431 0.253 -0.253 -0.431
19.900 1.249 1.434 -0.434 0.249 -0.249 -0.434
19.910 1.244 1.436 -0.436 0.244 -0.244 -0.436
19.920 1.240 1.439 -0.439 0.240 -0.240 -0.439
19.930 1.235 1.441 -0.441 0.235 -0.235 -0.441
19.940 1.231 1.443 -0.443 0.231 -0.231 -0.443
19.950 1.227 1.446 -0.446 0.227 -0.227 -0.446
19.960 1.222 1.448 -0.448 0.222 -0.222 -0.448
19.970 1.218 1.450 -0.450 0.218 -0.218 -0.450
19.980 1.213 1.452 -0.452 0.213 -0.213 -0.452
19.990 1.209 1.454 -0.454 0.209 -0.209 -0.454
