t x y vx vy ax ay theta_deg
0 1e-10 0 -0 6.3837e-07 -0.00407516 -0 0
1e-05 9.97963e-11 6.37937e-12 -4.0724e-08 6.3707e-07 -0.00406686 -0.000259969 3.65759
2e-05 9.91861e-11 1.27327e-11 -8.1282e-08 6.33174e-07 -0.00404199 -0.00051888 7.31518
3e-05 9.81718e-11 1.90342e-11 -1.21509e-07 6.26699e-07 -0.00400066 -0.000775677 10.9728
4e-05 9.67575e-11 2.52582e-11 -1.61241e-07 6.17671e-07 -0.00394303 -0.00102931 14.6304
5e-05 9.49491e-11 3.13793e-11 -2.00316e-07 6.06127e-07 -0.00386933 -0.00127876 18.288
6e-05 9.27539e-11 3.73725e-11 -2.38575e-07 5.92113e-07 -0.00377987 -0.00152299 21.9455
7e-05 9.01809e-11 4.32135e-11 -2.75862e-07 5.75688e-07 -0.00367502 -0.00176102 25.6031
8e-05 8.72405e-11 4.88785e-11 -3.12025e-07 5.56917e-07 -0.00355519 -0.00199188 29.2607
9e-05 8.39446e-11 5.43443e-11 -3.46918e-07 5.35877e-07 -0.00342088 -0.00221462 32.9183
0.0001 8.03068e-11 5.95887e-11 -3.80397e-07 5.12655e-07 -0.00327263 -0.00242834 36.5759
0.00011 7.63419e-11 6.45904e-11 -4.12326e-07 4.87343e-07 -0.00311105 -0.00263216 40.2335
0.00012 7.20659e-11 6.9329e-11 -4.42575e-07 4.60047e-07 -0.0029368 -0.00282527 43.8911
0.00013 6.74964e-11 7.37851e-11 -4.71022e-07 4.30876e-07 -0.00275059 -0.00300686 47.5487
0.00014 6.26519e-11 7.79407e-11 -4.9755e-07 3.99951e-07 -0.00255316 -0.00317621 51.2063
0.00015 5.75521e-11 8.17787e-11 -5.22051e-07 3.67395e-07 -0.00234534 -0.00333261 54.8639
0.00016 5.22179e-11 8.52836e-11 -5.44425e-07 3.33344e-07 -0.00212797 -0.00347544 58.5215
0.00017 4.6671e-11 8.8441e-11 -5.64581e-07 2.97934e-07 -0.00190192 -0.00360412 62.179
0.00018 4.0934e-11 9.12382e-11 -5.82437e-07 2.6131e-07 -0.00166813 -0.00371811 65.8366
0.00019 3.50302e-11 9.36637e-11 -5.97921e-07 2.23622e-07 -0.00142754 -0.00381695 69.4942
0.0002 2.89837e-11 9.57076e-11 -6.10969e-07 1.85023e-07 -0.00118113 -0.00390024 73.1518
0.00021 2.28191e-11 9.73616e-11 -6.21527e-07 1.4567e-07 -0.000929916 -0.00396764 76.8094
0.00022 1.65616e-11 9.8619e-11 -6.29554e-07 1.05724e-07 -0.000674911 -0.00401889 80.467
0.00023 1.02366e-11 9.94747e-11 -6.35017e-07 6.53472e-08 -0.000417157 -0.00405376 84.1246
0.00024 3.86987e-12 9.99251e-11 -6.37892e-07 2.47041e-08 -0.000157703 -0.00407211 87.7822
0.00025 -2.5126e-12 9.99684e-11 -6.38168e-07 -1.60397e-08 0.000102393 -0.00407388 -88.5602
0.00026 -8.88484e-12 9.96045e-11 -6.35845e-07 -5.67181e-08 0.000362072 -0.00405905 -84.9026
0.00027 -1.52209e-11 9.88348e-11 -6.30932e-07 -9.71655e-08 0.000620275 -0.00402768 -81.2451
0.00028 -2.14949e-11 9.76625e-11 -6.23448e-07 -1.37217e-07 0.000875952 -0.00397991 -77.5875
0.00029 -2.76814e-11 9.60924e-11 -6.13425e-07 -1.7671e-07 0.00112806 -0.00391592 -73.9299
0.0003 -3.37551e-11 9.41307e-11 -6.00902e-07 -2.15482e-07 0.00137557 -0.00383598 -70.2723
0.00031 -3.96913e-11 9.17856e-11 -5.85932e-07 -2.53377e-07 0.00161748 -0.00374041 -66.6147
0.00032 -4.54658e-11 8.90666e-11 -5.68575e-07 -2.9024e-07 0.0018528 -0.00362961 -62.9571
0.00033 -5.1055e-11 8.59848e-11 -5.48901e-07 -3.2592e-07 0.00208058 -0.00350402 -59.2995
0.00034 -5.64363e-11 8.25527e-11 -5.26991e-07 -3.60273e-07 0.00229987 -0.00336416 -55.6419
0.00035 -6.15877e-11 7.87842e-11 -5.02935e-07 -3.93157e-07 0.0025098 -0.00321059 -51.9843
0.00036 -6.64882e-11 7.46949e-11 -4.7683e-07 -4.24441e-07 0.0027095 -0.00304394 -48.3267
0.00037 -7.11178e-11 7.03012e-11 -4.48782e-07 -4.53995e-07 0.00289817 -0.00286489 -44.6691
0.00038 -7.54577e-11 6.56211e-11 -4.18906e-07 -4.81699e-07 0.00307503 -0.00267417 -41.0116
0.00039 -7.94902e-11 6.06737e-11 -3.87323e-07 -5.07442e-07 0.00323936 -0.00247255 -37.354
0.0004 -8.31989e-11 5.54792e-11 -3.54162e-07 -5.31117e-07 0.00339049 -0.00226087 -33.6964
0.00041 -8.65687e-11 5.00586e-11 -3.19559e-07 -5.52628e-07 0.00352781 -0.00203997 -30.0388
0.00042 -8.95858e-11 4.44341e-11 -2.83654e-07 -5.71889e-07 0.00365077 -0.00181076 -26.3812
0.00043 -9.22379e-11 3.86286e-11 -2.46593e-07 -5.88819e-07 0.00375884 -0.00157418 -22.7236
0.00044 -9.45143e-11 3.26657e-11 -2.08528e-07 -6.03351e-07 0.00385161 -0.00133118 -19.066
0.00045 -9.64056e-11 2.65698e-11 -1.69613e-07 -6.15425e-07 0.00392869 -0.00108276 -15.4084
0.00046 -9.79043e-11 2.03656e-11 -1.30008e-07 -6.24991e-07 0.00398976 -0.000829931 -11.7508
0.00047 -9.9004e-11 1.40784e-11 -8.98725e-08 -6.32012e-07 0.00403458 -0.000573719 -8.09324
0.00048 -9.97005e-11 7.73393e-12 -4.93711e-08 -6.36458e-07 0.00406296 -0.00031517 -4.43565
0.00049 -9.99908e-11 1.35792e-12 -8.66858e-09 -6.38311e-07 0.00407479 -5.53376e-05 -0.778057
0.0005 -9.98737e-11 -5.02362e-12 3.20693e-08 -6.37564e-07 0.00407002 0.000204721 2.87953
0.00051 -9.93498e-11 -1.13847e-11 7.26765e-08 -6.3422e-07 0.00404867 0.000463945 6.53712
0.00052 -9.84212e-11 -1.76994e-11 1.12988e-07 -6.28291e-07 0.00401082 0.000721279 10.1947
0.00053 -9.70916e-11 -2.3942e-11 1.52838e-07 -6.19804e-07 0.00395664 0.000975675 13.8523
0.00054 -9.53665e-11 -3.00871e-11 1.92067e-07 -6.08791e-07 0.00388634 0.0012261 17.5099
0.00055 -9.32529e-11 -3.61095e-11 2.30513e-07 -5.95298e-07 0.00380021 0.00147152 21.1675
0.00056 -9.07594e-11 -4.19849e-11 2.68019e-07 -5.79381e-07 0.00369859 0.00171095 24.8251
0.00057 -8.78961e-11 -4.76893e-11 3.04434e-07 -5.61103e-07 0.00358191 0.00194342 28.4827
0.00058 -8.46748e-11 -5.31994e-11 3.39609e-07 -5.40539e-07 0.00345064 0.00216796 32.1403
0.00059 -8.11086e-11 -5.84927e-11 3.734e-07 -5.17773e-07 0.00330531 0.00238367 35.7978
0.0006 -7.72119e-11 -6.35478e-11 4.0567e-07 -4.92898e-07 0.00314651 0.00258968 39.4554
0.00061 -7.30007e-11 -6.8344e-11 4.36287e-07 -4.66014e-07 0.0029749 0.00278513 43.113
0.00062 -6.84921e-11 -7.28618e-11 4.65128e-07 -4.37233e-07 0.00279116 0.00296923 46.7706
0.00063 -6.37045e-11 -7.70827e-11 4.92073e-07 -4.0667e-07 0.00259606 0.00314125 50.4282
0.00064 -5.86573e-11 -8.09896e-11 5.17014e-07 -3.74451e-07 0.00239038 0.00330046 54.0858
0.00065 -5.33712e-11 -8.45666e-11 5.39848e-07 -3.40706e-07 0.00217496 0.00344623 57.7434
0.00066 -4.78677e-11 -8.77991e-11 5.60483e-07 -3.05573e-07 0.00195069 0.00357796 61.401
0.00067 -4.21691e-11 -9.06739e-11 5.78835e-07 -2.69195e-07 0.00171846 0.00369511 65.0586
0.00068 -3.62988e-11 -9.31794e-11 5.94829e-07 -2.31721e-07 0.00147924 0.00379721 68.7162
0.00069 -3.02806e-11 -9.53052e-11 6.084e-07 -1.93303e-07 0.00123399 0.00388384 72.3738
0.0007 -2.41391e-11 -9.70428e-11 6.19492e-07 -1.54097e-07 0.000983708 0.00395465 76.0313
0.00071 -1.78992e-11 -9.8385e-11 6.28061e-07 -1.14263e-07 0.000729422 0.00400935 79.6889
0.00072 -1.15864e-11 -9.93265e-11 6.34071e-07 -7.39642e-08 0.000472165 0.00404772 83.3465
0.00073 -5.22642e-12 -9.98633e-11 6.37498e-07 -3.33639e-08 0.000212985 0.00406959 87.0041
0.00074 1.15488e-12 -9.99933e-11 6.38327e-07 7.37238e-09 -4.70631e-05 0.00407489 -89.3383
0.00075 7.53146e-12 -9.9716e-11 6.36557e-07 4.80786e-08 -0.000306919 0.00406359 -85.6807
0.00076 1.38774e-11 -9.90324e-11 6.32193e-07 8.8589e-08 -0.000565525 0.00403573 -82.0231
0.00077 2.01667e-11 -9.79454e-11 6.25254e-07 1.28738e-07 -0.000821828 0.00399143 -78.3655
0.00078 2.6374e-11 -9.64594e-11 6.15768e-07 1.68363e-07 -0.00107478 0.00393088 -74.7079
0.00079 3.24737e-11 -9.45804e-11 6.03773e-07 2.07303e-07 -0.00132336 0.00385431 -71.0503
0.0008 3.84412e-11 -9.23162e-11 5.89319e-07 2.45397e-07 -0.00156654 0.00376203 -67.3927
0.00081 4.42521e-11 -8.96758e-11 5.72463e-07 2.82492e-07 -0.00180335 0.00365444 -63.7352
0.00082 4.98827e-11 -8.66701e-11 5.53276e-07 3.18436e-07 -0.0020328 0.00353195 -60.0776
0.00083 5.53101e-11 -8.33114e-11 5.31835e-07 3.53083e-07 -0.00225398 0.00339508 -56.42
0.00084 6.05122e-11 -7.96133e-11 5.08227e-07 3.86292e-07 -0.00246597 0.00324437 -52.7624
0.00085 6.54678e-11 -7.55908e-11 4.82549e-07 4.17927e-07 -0.00266792 0.00308045 -49.1048
0.00086 7.01566e-11 -7.12604e-11 4.54905e-07 4.47859e-07 -0.002859 0.00290398 -45.4472
0.00087 7.45597e-11 -6.66397e-11 4.25408e-07 4.75967e-07 -0.00303843 0.00271568 -41.7896
0.00088 7.8659e-11 -6.17476e-11 3.94178e-07 5.02135e-07 -0.00320548 0.00251631 -38.132
0.00089 8.24379e-11 -5.66038e-11 3.61342e-07 5.26259e-07 -0.00335948 0.0023067 -34.4744
0.0009 8.58809e-11 -5.12295e-11 3.27034e-07 5.48238e-07 -0.00349979 0.00208769 -30.8168
0.00091 8.89741e-11 -4.56465e-11 2.91394e-07 5.67984e-07 -0.00362584 0.00186017 -27.1592
0.00092 9.17049e-11 -3.98776e-11 2.54566e-07 5.85416e-07 -0.00373712 0.00162508 -23.5017
0.00093 9.4062e-11 -3.39461e-11 2.16702e-07 6.00464e-07 -0.00383318 0.00138336 -19.8441
0.00094 9.6036e-11 -2.78764e-11 1.77955e-07 6.13065e-07 -0.00391362 0.00113601 -16.1865
0.00095 9.76187e-11 -2.16932e-11 1.38483e-07 6.23168e-07 -0.00397812 0.000884032 -12.5289
0.00096 9.88037e-11 -1.54215e-11 9.84465e-08 6.30733e-07 -0.00402641 0.000628453 -8.8713
0.00097 9.95863e-11 -9.08708e-12 5.80092e-08 6.35729e-07 -0.0040583 0.000370313 -5.2137
0.00098 9.99631e-11 -2.7156e-12 1.73356e-08 6.38135e-07 -0.00407366 0.000110665 -1.55611
0.00099 9.99327e-11 3.66695e-12 -2.34087e-08 6.37941e-07 -0.00407242 -0.000149434 2.10148
0.001 9.94953e-11 1.00346e-11 -6.40576e-08 6.35148e-07 -0.00405459 -0.000408924 5.75907
0.00101 9.86525e-11 1.63613e-11 -1.04445e-07 6.29768e-07 -0.00402025 -0.000666749 9.41666
0.00102 9.74078e-11 2.26214e-11 -1.44408e-07 6.21822e-07 -0.00396953 -0.000921857 13.0742
0.00103 9.57663e-11 2.87893e-11 -1.83782e-07 6.11343e-07 -0.00390263 -0.00117321 16.7318
0.00104 9.37346e-11 3.48399e-11 -2.22408e-07 5.98374e-07 -0.00381984 -0.00141978 20.3894
0.00105 9.13211e-11 4.07486e-11 -2.60127e-07 5.82967e-07 -0.00372148 -0.00166057 24.047
0.00106 8.85356e-11 4.64913e-11 -2.96787e-07 5.65185e-07 -0.00360797 -0.0018946 27.7046
0.00107 8.53894e-11 5.20446e-11 -3.32237e-07 5.45101e-07 -0.00347976 -0.0021209 31.3622
0.00108 8.18954e-11 5.73859e-11 -3.66335e-07 5.22796e-07 -0.00333737 -0.00233857 35.0198
0.00109 7.80677e-11 6.24935e-11 -3.98939e-07 4.98361e-07 -0.00318139 -0.00254671 38.6774
0.0011 7.3922e-11 6.73464e-11 -4.29919e-07 4.71896e-07 -0.00301244 -0.00274447 42.335
0.00111 6.94752e-11 7.1925e-11 -4.59147e-07 4.43509e-07 -0.00283123 -0.00293106 45.9926
0.00112 6.47453e-11 7.62105e-11 -4.86505e-07 4.13315e-07 -0.00263848 -0.0031057 49.6502
0.00113 5.97517e-11 8.01856e-11 -5.11881e-07 3.81437e-07 -0.00243498 -0.0032677 53.3077
0.00114 5.45146e-11 8.38341e-11 -5.35172e-07 3.48005e-07 -0.00222156 -0.00341638 56.9653
0.00115 4.90555e-11 8.7141e-11 -5.56282e-07 3.13156e-07 -0.00199909 -0.00355114 60.6229
0.00116 4.33965e-11 9.0093e-11 -5.75126e-07 2.77031e-07 -0.00176848 -0.00367143 64.2805
0.00117 3.75608e-11 9.26779e-11 -5.91628e-07 2.39777e-07 -0.00153066 -0.00377677 67.9381
0.00118 3.1572e-11 9.48852e-11 -6.05719e-07 2.01546e-07 -0.00128661 -0.00386673 71.5957
0.00119 2.54546e-11 9.67061e-11 -6.17342e-07 1.62495e-07 -0.00103732 -0.00394093 75.2533
0.0012 1.92336e-11 9.81329e-11 -6.26451e-07 1.22781e-07 -0.000783799 -0.00399908 78.9109
0.00121 1.29341e-11 9.916e-11 -6.33008e-07 8.25676e-08 -0.000527087 -0.00404093 82.5685
0.00122 6.582e-12 9.97832e-11 -6.36986e-07 4.20175e-08 -0.000268227 -0.00406633 86.2261
0.00123 2.03063e-13 9.99998e-11 -6.38369e-07 1.29629e-09 -8.27516e-06 -0.00407515 89.8837
0.00124 -6.1767e-12 9.98091e-11 -6.37151e-07 -3.94302e-08 0.000251711 -0.00406738 -86.4588
0.00125 -1.25313e-11 9.92117e-11 -6.33338e-07 -7.99961e-08 0.000510671 -0.00404304 -82.8012
0.00126 -1.88349e-11 9.82102e-11 -6.26945e-07 -1.20236e-07 0.000767551 -0.00400223 -79.1436
0.00127 -2.50617e-11 9.68086e-11 -6.17997e-07 -1.59986e-07 0.0010213 -0.00394511 -75.486
0.00128 -3.11864e-11 9.50127e-11 -6.06532e-07 -1.99085e-07 0.0012709 -0.00387192 -71.8284
0.00129 -3.71841e-11 9.28296e-11 -5.92597e-07 -2.37372e-07 0.00151531 -0.00378296 -68.1708
0.0013 -4.30303e-11 9.02685e-11 -5.76247e-07 -2.74692e-07 0.00175355 -0.00367859 -64.5132
0.00131 -4.87012e-11 8.73395e-11 -5.57549e-07 -3.10894e-07 0.00198465 -0.00355923 -60.8556
0.00132 -5.41737e-11 8.40548e-11 -5.36581e-07 -3.45829e-07 0.00220767 -0.00342537 -57.198
0.00133 -5.94255e-11 8.04276e-11 -5.13426e-07 -3.79355e-07 0.00242169 -0.00327756 -53.5404
0.00134 -6.44353e-11 7.64729e-11 -4.8818e-07 -4.11335e-07 0.00262584 -0.00311639 -49.8828
0.00135 -6.91825e-11 7.22065e-11 -4.60945e-07 -4.4164e-07 0.0028193 -0.00294253 -46.2253
0.00136 -7.36479e-11 6.7646e-11 -4.31832e-07 -4.70146e-07 0.00300127 -0.00275669 -42.5677
0.00137 -7.78133e-11 6.281e-11 -4.0096e-07 -4.96737e-07 0.00317102 -0.00255961 -38.9101
0.00138 -8.16617e-11 5.77181e-11 -3.68455e-07 -5.21303e-07 0.00332785 -0.0023521 -35.2525
0.00139 -8.51774e-11 5.2391e-11 -3.34448e-07 -5.43747e-07 0.00347112 -0.00213502 -31.5949
0.0014 -8.83461e-11 4.68505e-11 -2.9908e-07 -5.63975e-07 0.00360025 -0.00190923 -27.9373
0.00141 -9.11549e-11 4.11192e-11 -2.62492e-07 -5.81905e-07 0.00371471 -0.00167567 -24.2797
0.00142 -9.35924e-11 3.52203e-11 -2.24836e-07 -5.97466e-07 0.00381404 -0.00143528 -20.6221
0.00143 -9.56486e-11 2.9178e-11 -1.86263e-07 -6.10592e-07 0.00389783 -0.00118905 -16.9645
0.00144 -9.73151e-11 2.30168e-11 -1.46932e-07 -6.2123e-07 0.00396575 -0.000937971 -13.3069
0.00145 -9.85852e-11 1.67618e-11 -1.07002e-07 -6.29338e-07 0.00401751 -0.00068307 -9.64935
0.00146 -9.94537e-11 1.04385e-11 -6.66365e-08 -6.34883e-07 0.0040529 -0.000425388 -5.99176
0.00147 -9.9917e-11 4.07277e-12 -2.59993e-08 -6.3784e-07 0.00407178 -0.000165972 -2.33417
0.00148 -9.99733e-11 -2.3096e-12 1.47438e-08 -6.382e-07 0.00407408 9.41199e-05 1.32342
0.00149 -9.96224e-11 -8.68256e-12 5.54268e-08 -6.35959e-07 0.00405977 0.000353828 4.98101
0.0015 -9.88655e-11 -1.50201e-11 9.58841e-08 -6.31128e-07 0.00402893 0.000612095 8.6386
0.00151 -9.7706e-11 -2.12965e-11 1.35951e-07 -6.23726e-07 0.00398168 0.000867869 12.2962
0.00152 -9.61484e-11 -2.74862e-11 1.75464e-07 -6.13782e-07 0.0039182 0.00112011 15.9538
0.00153 -9.41991e-11 -3.35639e-11 2.14262e-07 -6.01339e-07 0.00383877 0.00136778 19.6114
0.00154 -9.18661e-11 -3.95048e-11 2.52187e-07 -5.86445e-07 0.00374369 0.00160988 23.269
0.00155 -8.91588e-11 -4.52848e-11 2.89085e-07 -5.69163e-07 0.00363337 0.00184543 26.9266
0.00156 -8.60883e-11 -5.08803e-11 3.24805e-07 -5.49562e-07 0.00350824 0.00207346 30.5841
0.00157 -8.26671e-11 -5.62686e-11 3.59202e-07 -5.27722e-07 0.00336882 0.00229304 34.2417
0.00158 -7.89091e-11 -6.14276e-11 3.92135e-07 -5.03732e-07 0.00321568 0.00250327 37.8993
0.00159 -7.48297e-11 -6.63364e-11 4.23472e-07 -4.7769e-07 0.00304943 0.00270332 41.5569
0.0016 -7.04455e-11 -7.09749e-11 4.53083e-07 -4.49703e-07 0.00287077 0.00289234 45.2145
0.00161 -6.57742e-11 -7.53243e-11 4.80848e-07 -4.19883e-07 0.00268041 0.00306959 48.8721
0.00162 -6.0835e-11 -7.93669e-11 5.06654e-07 -3.88353e-07 0.00247913 0.00323433 52.5297
0.00163 -5.5648e-11 -8.30861e-11 5.30397e-07 -3.5524e-07 0.00226775 0.00338589 56.1873
0.00164 -5.02343e-11 -8.64668e-11 5.51978e-07 -3.20681e-07 0.00204713 0.00352366 59.8449
0.00165 -4.46159e-11 -8.94954e-11 5.71311e-07 -2.84815e-07 0.00181817 0.00364708 63.5025
0.00166 -3.88158e-11 -9.21593e-11 5.88317e-07 -2.47789e-07 0.00158181 0.00375564 67.1601
0.00167 -3.28576e-11 -9.44478e-11 6.02926e-07 -2.09753e-07 0.001339 0.0038489 70.8176
0.00168 -2.67655e-11 -9.63515e-11 6.15079e-07 -1.70863e-07 0.00109074 0.00392648 74.4752
0.00169 -2.05644e-11 -9.78627e-11 6.24726e-07 -1.31277e-07 0.000838031 0.00398806 78.1328
0.0017 -1.42795e-11 -9.89752e-11 6.31828e-07 -9.11557e-08 0.000581911 0.0040334 81.7904
0.00171 -7.93637e-12 -9.96846e-11 6.36356e-07 -5.06634e-08 0.00032342 0.00406231 85.448
0.00172 -1.56097e-12 -9.99878e-11 6.38292e-07 -9.96473e-09 6.36119e-05 0.00407467 89.1056
0.00173 4.8208e-12 -9.98837e-11 6.37628e-07 3.07746e-08 -0.000196456 0.00407042 -87.2368
0.00174 1.11829e-11 -9.93727e-11 6.34366e-07 7.13885e-08 -0.000455723 0.0040496 -83.5792
0.00175 1.74995e-11 -9.84569e-11 6.2852e-07 1.11712e-07 -0.000713133 0.00401228 -79.9216
0.00176 2.37448e-11 -9.714e-11 6.20113e-07 1.5158e-07 -0.000967639 0.00395861 -76.264
0.00177 2.98933e-11 -9.54274e-11 6.0918e-07 1.9083e-07 -0.0012182 0.00388882 -72.6065
0.00178 3.59201e-11 -9.3326e-11 5.95765e-07 2.29303e-07 -0.0014638 0.00380319 -68.9489
0.00179 4.18006e-11 -9.08444e-11 5.79924e-07 2.66842e-07 -0.00170344 0.00370206 -65.2913
0.0018 4.75107e-11 -8.79928e-11 5.6172e-07 3.03294e-07 -0.00193614 0.00358585 -61.6337
0.00181 5.30273e-11 -8.47827e-11 5.41227e-07 3.3851e-07 -0.00216095 0.00345503 -57.9761
0.00182 5.83279e-11 -8.12272e-11 5.1853e-07 3.72348e-07 -0.00237696 0.00331014 -54.3185
0.00183 6.33909e-11 -7.73408e-11 4.9372e-07 4.04668e-07 -0.00258328 0.00315176 -50.6609
0.00184 6.81956e-11 -7.31393e-11 4.66899e-07 4.3534e-07 -0.00277908 0.00298055 -47.0033
0.00185 7.27225e-11 -6.86399e-11 4.38176e-07 4.64239e-07 -0.00296356 0.00279719 -43.3457
0.00186 7.69532e-11 -6.38608e-11 4.07668e-07 4.91246e-07 -0.00313597 0.00260243 -39.6881
0.00187 8.08704e-11 -5.88216e-11 3.755e-07 5.16252e-07 -0.0032956 0.00239708 -36.0305
0.00188 8.44581e-11 -5.35428e-11 3.41801e-07 5.39155e-07 -0.0034418 0.00218196 -32.373
0.00189 8.77017e-11 -4.80459e-11 3.0671e-07 5.59862e-07 -0.00357399 0.00195795 -28.7154
0.0019 9.05881e-11 -4.23532e-11 2.7037e-07 5.78287e-07 -0.00369161 0.00172596 -25.0578
0.00191 9.31055e-11 -3.6488e-11 2.32928e-07 5.94357e-07 -0.0037942 0.00148694 -21.4002
0.00192 9.52435e-11 -3.04741e-11 1.94538e-07 6.08006e-07 -0.00388133 0.00124187 -17.7426
0.00193 9.69936e-11 -2.43361e-11 1.55354e-07 6.19178e-07 -0.00395265 0.000991736 -14.085
0.00194 9.83485e-11 -1.8099e-11 1.15538e-07 6.27827e-07 -0.00400786 0.000737562 -10.4274
0.00195 9.93028e-11 -1.17881e-11 7.52516e-08 6.33919e-07 -0.00404675 0.000480384 -6.76982
0.00196 9.98525e-11 -5.42919e-12 3.46583e-08 6.37428e-07 -0.00406915 0.000221248 -3.11223
0.00197 9.99955e-11 9.51824e-13 -6.07616e-09 6.38341e-07 -0.00407498 -3.87884e-05 0.545363
0.00198 9.97311e-11 7.32896e-12 -4.67859e-08 6.36653e-07 -0.0040642 -0.000298667 4.20295
0.00199 9.90604e-11 1.36762e-11 -8.7305e-08 6.32372e-07 -0.00403687 -0.000557329 7.86054
0.002 9.79862e-11 1.99678e-11 -1.27469e-07 6.25514e-07 -0.0039931 -0.000813721 11.5181
0.00201 9.65127e-11 2.6178e-11 -1.67113e-07 6.16108e-07 -0.00393305 -0.0010668 15.1757
0.00202 9.46462e-11 3.22816e-11 -2.06076e-07 6.04193e-07 -0.00385699 -0.00131553 18.8333
0.00203 9.2394e-11 3.82537e-11 -2.442e-07 5.89816e-07 -0.00376521 -0.0015589 22.4909
0.00204 8.97655e-11 4.40699e-11 -2.81329e-07 5.73036e-07 -0.00365809 -0.00179592 26.1485
0.00205 8.67713e-11 4.97066e-11 -3.17312e-07 5.53922e-07 -0.00353607 -0.00202563 29.8061
0.00206 8.34236e-11 5.51408e-11 -3.52002e-07 5.32551e-07 -0.00339965 -0.00224708 33.4637
0.00207 7.9736e-11 6.03504e-11 -3.85259e-07 5.09011e-07 -0.00324937 -0.00245938 37.1213
0.00208 7.57236e-11 6.53141e-11 -4.16946e-07 4.83397e-07 -0.00308586 -0.00266166 40.7789
0.00209 7.14027e-11 7.00118e-11 -4.46934e-07 4.55814e-07 -0.00290978 -0.00285309 44.4365
0.0021 6.6791e-11 7.44242e-11 -4.75102e-07 4.26374e-07 -0.00272184 -0.00303291 48.094
0.00211 6.19072e-11 7.85335e-11 -5.01334e-07 3.95197e-07 -0.00252282 -0.00320037 51.7516
0.00212 5.67711e-11 8.23228e-11 -5.25524e-07 3.6241e-07 -0.00231352 -0.00335479 55.4092
0.00213 5.14038e-11 8.57767e-11 -5.47573e-07 3.28147e-07 -0.00209479 -0.00349554 59.0668
0.00214 4.58271e-11 8.88813e-11 -5.67391e-07 2.92546e-07 -0.00186753 -0.00362206 62.7244
0.00215 4.00637e-11 9.16237e-11 -5.84898e-07 2.55755e-07 -0.00163266 -0.00373381 66.382
0.00216 3.41371e-11 9.39929e-11 -6.00022e-07 2.17921e-07 -0.00139114 -0.00383036 70.0396
0.00217 2.80714e-11 9.59791e-11 -6.12702e-07 1.79199e-07 -0.00114396 -0.00391131 73.6972
0.00218 2.18914e-11 9.75744e-11 -6.22886e-07 1.39748e-07 -0.000892109 -0.00397632 77.3548
0.00219 1.56221e-11 9.87722e-11 -6.30532e-07 9.97271e-08 -0.000636628 -0.00402513 81.0124
0.0022 9.28928e-12 9.95676e-11 -6.3561e-07 5.93e-08 -0.000378553 -0.00405754 84.6699
0.00221 2.91858e-12 9.99574e-11 -6.38098e-07 1.86313e-08 -0.000118937 -0.00407343 88.3275
0.00222 -3.46401e-12 9.994e-11 -6.37987e-07 -2.21132e-08 0.000141164 -0.00407272 -88.0149
0.00223 -9.83249e-12 9.95154e-11 -6.35277e-07 -6.27677e-08 0.00040069 -0.00405542 -84.3573
0.00224 -1.61609e-11 9.86855e-11 -6.29979e-07 -1.03166e-07 0.000658584 -0.00402159 -80.6997
0.00225 -2.24235e-11 9.74535e-11 -6.22114e-07 -1.43145e-07 0.000913794 -0.00397139 -77.0421
0.00226 -2.85947e-11 9.58245e-11 -6.11715e-07 -1.8254e-07 0.00116528 -0.00390501 -73.3845
0.00227 -3.46495e-11 9.38052e-11 -5.98824e-07 -2.21192e-07 0.00141202 -0.00382271 -69.7269
0.00228 -4.05631e-11 9.14037e-11 -5.83494e-07 -2.58943e-07 0.00165301 -0.00372485 -66.0693
0.00229 -4.63115e-11 8.86298e-11 -5.65786e-07 -2.95638e-07 0.00188727 -0.00361181 -62.4117
0.0023 -5.18711e-11 8.54949e-11 -5.45774e-07 -3.3113e-07 0.00211383 -0.00348406 -58.7541
0.00231 -5.72195e-11 8.20117e-11 -5.23538e-07 -3.65272e-07 0.00233179 -0.00334211 -55.0966
0.00232 -6.23348e-11 7.81945e-11 -4.9917e-07 -3.97927e-07 0.00254024 -0.00318655 -51.439
0.00233 -6.71961e-11 7.40586e-11 -4.72768e-07 -4.2896e-07 0.00273835 -0.00301801 -47.7814
0.00234 -7.17837e-11 6.96211e-11 -4.4444e-07 -4.58246e-07 0.0029253 -0.00283717 -44.1238
0.00235 -7.60789e-11 6.48999e-11 -4.14302e-07 -4.85665e-07 0.00310034 -0.00264478 -40.4662
0.00236 -8.00641e-11 5.99144e-11 -3.82475e-07 -5.11105e-07 0.00326274 -0.00244161 -36.8086
0.00237 -8.37232e-11 5.46848e-11 -3.49091e-07 -5.34464e-07 0.00341186 -0.00222849 -33.151
0.00238 -8.70412e-11 4.92324e-11 -3.14285e-07 -5.55645e-07 0.00354707 -0.0020063 -29.4934
0.00239 -9.00046e-11 4.35794e-11 -2.78198e-07 -5.74563e-07 0.00366784 -0.00177593 -25.8358
0.0024 -9.26014e-11 3.77489e-11 -2.40978e-07 -5.9114e-07 0.00377366 -0.00153833 -22.1782
0.00241 -9.48209e-11 3.17646e-11 -2.02776e-07 -6.05308e-07 0.00386411 -0.00129446 -18.5206
0.00242 -9.66542e-11 2.5651e-11 -1.63748e-07 -6.17011e-07 0.00393881 -0.00104532 -14.8631
0.00243 -9.80937e-11 1.94328e-11 -1.24053e-07 -6.26201e-07 0.00399748 -0.000791918 -11.2055
0.00244 -9.91335e-11 1.31355e-11 -8.38528e-08 -6.32839e-07 0.00403985 -0.000535291 -7.54787
0.00245 -9.97696e-11 6.78461e-12 -4.33109e-08 -6.36899e-07 0.00406577 -0.000276484 -3.89028
0.00246 -9.99992e-11 4.06126e-13 -2.59258e-09 -6.38365e-07 0.00407513 -1.65503e-05 -0.232694
0.00247 -9.98214e-11 -5.97401e-12 3.81363e-08 -6.3723e-07 0.00406788 0.000243451 3.4249
0.00248 -9.9237e-11 -1.23298e-11 7.87099e-08 -6.33499e-07 0.00404407 0.00050246 7.08249
0.00249 -9.82483e-11 -1.86354e-11 1.18963e-07 -6.27187e-07 0.00400378 0.000759422 10.7401
0.0025 -9.68593e-11 -2.4865e-11 1.58731e-07 -6.18321e-07 0.00394718 0.00101329 14.3977
0.00251 -9.50758e-11 -3.09934e-11 1.97853e-07 -6.06935e-07 0.00387449 0.00126303 18.0553
0.00252 -9.2905e-11 -3.69955e-11 2.36168e-07 -5.93077e-07 0.00378603 0.00150763 21.7129
0.00253 -9.03556e-11 -4.28469e-11 2.73522e-07 -5.76803e-07 0.00368214 0.00174608 25.3704
0.00254 -8.74382e-11 -4.85237e-11 3.09761e-07 -5.58179e-07 0.00356325 0.00197742 29.028
0.00255 -8.41646e-11 -5.40029e-11 3.44738e-07 -5.37282e-07 0.00342985 0.00220071 32.6856
0.00256 -8.05482e-11 -5.92621e-11 3.78311e-07 -5.14195e-07 0.00328247 0.00241503 36.3432
0.00257 -7.66035e-11 -6.42798e-11 4.10343e-07 -4.89014e-07 0.00312172 0.00261951 40.0008
0.00258 -7.23469e-11 -6.90357e-11 4.40703e-07 -4.61841e-07 0.00294825 0.00281332 43.6584
0.00259 -6.77955e-11 -7.35104e-11 4.69268e-07 -4.32786e-07 0.00276278 0.00299567 47.316
0.0026 -6.29679e-11 -7.76856e-11 4.95921e-07 -4.01968e-07 0.00256604 0.00316581 50.9736
0.00261 -5.78838e-11 -8.15443e-11 5.20554e-07 -3.69513e-07 0.00235886 0.00332306 54.6312
0.00262 -5.25639e-11 -8.50708e-11 5.43066e-07 -3.35552e-07 0.00214206 0.00346677 58.2888
0.00263 -4.70298e-11 -8.82508e-11 5.63366e-07 -3.00224e-07 0.00191654 0.00359636 61.9463
0.00264 -4.13042e-11 -9.10712e-11 5.81371e-07 -2.63674e-07 0.00168321 0.0037113 65.6039
0.00265 -3.54103e-11 -9.35206e-11 5.97008e-07 -2.26049e-07 0.00144303 0.00381112 69.2615
0.00266 -2.93721e-11 -9.55891e-11 6.10212e-07 -1.87503e-07 0.00119696 0.00389541 72.9191
0.00267 -2.32143e-11 -9.72682e-11 6.20931e-07 -1.48193e-07 0.000946022 0.00396384 76.5767
0.00268 -1.6962e-11 -9.8551e-11 6.2912e-07 -1.0828e-07 0.000691227 0.00401611 80.2343
0.00269 -1.06405e-11 -9.94323e-11 6.34746e-07 -6.79256e-08 0.000433617 0.00405203 83.8919
0.0027 -4.27566e-12 -9.99086e-11 6.37786e-07 -2.72945e-08 0.00017424 0.00407144 87.5495
0.00271 2.10658e-12 -9.99778e-11 6.38228e-07 1.34478e-08 -8.58468e-05 0.00407426 -88.7929
0.00272 8.48024e-12 -9.96398e-11 6.3607e-07 5.41353e-08 -0.000345584 0.00406048 -85.1353
0.00273 1.48194e-11 -9.88958e-11 6.31321e-07 9.46023e-08 -0.000603913 0.00403017 -81.4777
0.00274 2.10981e-11 -9.7749e-11 6.24e-07 1.34684e-07 -0.000859782 0.00398343 -77.8202
0.00275 2.72909e-11 -9.6204e-11 6.14137e-07 1.74217e-07 -0.00111215 0.00392047 -74.1626
0.00276 3.33725e-11 -9.4267e-11 6.01773e-07 2.1304e-07 -0.00135998 0.00384154 -70.505
0.00277 3.93182e-11 -9.19461e-11 5.86956e-07 2.50995e-07 -0.00160228 0.00374695 -66.8474
0.00278 4.51037e-11 -8.92505e-11 5.69749e-07 2.87928e-07 -0.00183805 0.0036371 -63.1898
0.00279 5.07054e-11 -8.61914e-11 5.5022e-07 3.23688e-07 -0.00206633 0.00351244 -59.5322
0.0028 5.61006e-11 -8.27812e-11 5.2845e-07 3.58129e-07 -0.00228619 0.00337347 -55.8746
0.00281 6.12672e-11 -7.90337e-11 5.04527e-07 3.91112e-07 -0.00249674 0.00322075 -52.217
0.00282 6.61843e-11 -7.49643e-11 4.78549e-07 4.22501e-07 -0.00269712 0.00305492 -48.5594
0.00283 7.08317e-11 -7.05894e-11 4.50622e-07 4.52168e-07 -0.00288651 0.00287663 -44.9018
0.00284 7.51906e-11 -6.5927e-11 4.20858e-07 4.79994e-07 -0.00306414 0.00268663 -41.2442
0.00285 7.92432e-11 -6.09961e-11 3.89381e-07 5.05865e-07 -0.00322929 0.00248569 -37.5867
0.00286 8.29729e-11 -5.58166e-11 3.56316e-07 5.29674e-07 -0.00338128 0.00227462 -33.9291
0.00287 8.63647e-11 -5.04098e-11 3.21801e-07 5.51326e-07 -0.0035195 0.00205428 -30.2715
0.00288 8.94046e-11 -4.47976e-11 2.85974e-07 5.70732e-07 -0.00364338 0.00182557 -26.6139
0.00289 9.20803e-11 -3.90029e-11 2.48983e-07 5.87813e-07 -0.00375242 0.00158943 -22.9563
0.0029 9.43808e-11 -3.30493e-11 2.10977e-07 6.02499e-07 -0.00384617 0.00134681 -19.2987
0.00291 9.62969e-11 -2.69611e-11 1.72111e-07 6.14731e-07 -0.00392426 0.00109871 -15.6411
0.00292 9.78207e-11 -2.0763e-11 1.32545e-07 6.24458e-07 -0.00398635 0.000846128 -11.9835
0.00293 9.8946e-11 -1.44804e-11 9.24386e-08 6.31642e-07 -0.00403221 0.0005901 -8.32593
0.00294 9.96683e-11 -8.13878e-12 5.19555e-08 6.36252e-07 -0.00406164 0.000331669 -4.66834
0.00295 9.99844e-11 -1.764e-12 1.12609e-08 6.38271e-07 -0.00407453 7.18859e-05 -1.01075
0.00296 9.98933e-11 4.61796e-12 -2.94797e-08 6.37689e-07 -0.00407081 -0.00018819 2.64684
0.00297 9.93952e-11 1.09811e-11 -7.01002e-08 6.34509e-07 -0.00405052 -0.000447498 6.30443
0.00298 9.84923e-11 1.72995e-11 -1.10435e-07 6.28745e-07 -0.00401372 -0.000704984 9.96202
0.00299 9.7188e-11 2.35475e-11 -1.5032e-07 6.20419e-07 -0.00396057 -0.000959598 13.6196
0.003 9.54879e-11 2.96995e-11 -1.89593e-07 6.09566e-07 -0.00389129 -0.0012103 17.2772
0.00301 9.33988e-11 3.57305e-11 -2.28093e-07 5.9623e-07 -0.00380615 -0.00145608 20.9348
0.00302 9.09291e-11 4.1616e-11 -2.65664e-07 5.80464e-07 -0.00370551 -0.00169592 24.5924
0.00303 8.80891e-11 4.73319e-11 -3.02153e-07 5.62334e-07 -0.00358977 -0.00192885 28.25
0.00304 8.48902e-11 5.2855e-11 -3.37411e-07 5.41914e-07 -0.00345941 -0.00215393 31.9076
0.00305 8.13455e-11 5.81628e-11 -3.71294e-07 5.19285e-07 -0.00331496 -0.00237023 35.5652
0.00306 7.74694e-11 6.32337e-11 -4.03665e-07 4.94541e-07 -0.003157 -0.00257688 39.2227
0.00307 7.32776e-11 6.80469e-11 -4.34391e-07 4.67783e-07 -0.00298618 -0.00277302 42.8803
0.00308 6.87874e-11 7.2583e-11 -4.63348e-07 4.39118e-07 -0.0028032 -0.00295787 46.5379
0.00309 6.4017e-11 7.68233e-11 -4.90417e-07 4.08665e-07 -0.0026088 -0.00313068 50.1955
0.0031 5.89857e-11 8.07507e-11 -5.15489e-07 3.76547e-07 -0.00240376 -0.00329072 53.8531
0.00311 5.37142e-11 8.43492e-11 -5.3846e-07 3.42895e-07 -0.00218894 -0.00343737 57.5107
0.00312 4.82239e-11 8.7604e-11 -5.59238e-07 3.07847e-07 -0.0019652 -0.00357001 61.1683
0.00313 4.25371e-11 9.05019e-11 -5.77737e-07 2.71544e-07 -0.00173345 -0.0036881 64.8259
0.00314 3.6677e-11 9.30312e-11 -5.93883e-07 2.34135e-07 -0.00149465 -0.00379117 68.4835
0.00315 3.06675e-11 9.51814e-11 -6.0761e-07 1.95772e-07 -0.00124975 -0.0038788 72.1411
0.00316 2.4533e-11 9.6944e-11 -6.18861e-07 1.56611e-07 -0.00099976 -0.00395062 75.7987
0.00317 1.82986e-11 9.83115e-11 -6.27591e-07 1.16813e-07 -0.000745699 -0.00400636 79.4562
0.00318 1.19897e-11 9.92786e-11 -6.33765e-07 7.65387e-08 -0.0004886 -0.00404577 83.1138
0.00319 5.63194e-12 9.98413e-11 -6.37357e-07 3.59526e-08 -0.000229511 -0.00406869 86.7714
0.0032 -7.48768e-13 9.99972e-11 -6.38352e-07 -4.77991e-09 3.05135e-05 -0.00407505 -89.571
0.00321 -7.12643e-12 9.97457e-11 -6.36747e-07 -4.5493e-08 0.000290414 -0.0040648 -85.9134
0.00322 -1.34751e-11 9.9088e-11 -6.32548e-07 -8.60207e-08 0.000549131 -0.004038 -82.2558
0.00323 -1.97688e-11 9.80265e-11 -6.25772e-07 -1.26198e-07 0.00080561 -0.00399474 -78.5982
0.00324 -2.5982e-11 9.65657e-11 -6.16447e-07 -1.65861e-07 0.00105881 -0.00393521 -74.9406
0.00325 -3.20894e-11 9.47115e-11 -6.0461e-07 -2.04849e-07 0.00130769 -0.00385965 -71.283
0.00326 -3.8066e-11 9.24715e-11 -5.9031e-07 -2.43002e-07 0.00155125 -0.00376836 -67.6254
0.00327 -4.38875e-11 8.98548e-11 -5.73606e-07 -2.80165e-07 0.00178849 -0.00366173 -63.9678
0.00328 -4.95303e-11 8.6872e-11 -5.54565e-07 -3.16187e-07 0.00201844 -0.00354018 -60.3103
0.00329 -5.49713e-11 8.35354e-11 -5.33265e-07 -3.5092e-07 0.00224017 -0.0034042 -56.6527
0.0033 -6.01884e-11 7.98584e-11 -5.09792e-07 -3.84224e-07 0.00245277 -0.00325436 -52.9951
0.00331 -6.51602e-11 7.58561e-11 -4.84242e-07 -4.15963e-07 0.00265539 -0.00309126 -49.3375
0.00332 -6.98666e-11 7.15448e-11 -4.5672e-07 -4.46008e-07 0.00284718 -0.00291557 -45.6799
0.00333 -7.42884e-11 6.6942e-11 -4.27338e-07 -4.74235e-07 0.00302737 -0.00272799 -42.0223
0.00334 -7.84076e-11 6.20665e-11 -3.96214e-07 -5.0053e-07 0.00319524 -0.00252931 -38.3647
0.00335 -8.22073e-11 5.69382e-11 -3.63476e-07 -5.24787e-07 0.00335008 -0.00232032 -34.7071
0.00336 -8.56722e-11 5.15779e-11 -3.29258e-07 -5.46905e-07 0.00349128 -0.00210188 -31.0495
0.00337 -8.8788e-11 4.60075e-11 -2.93698e-07 -5.66796e-07 0.00361826 -0.00187488 -27.3919
0.00338 -9.15421e-11 4.02497e-11 -2.56942e-07 -5.84378e-07 0.00373049 -0.00164024 -23.7344
0.00339 -9.39234e-11 3.43279e-11 -2.19139e-07 -5.99579e-07 0.00382753 -0.00139892 -20.0768
0.0034 -9.59219e-11 2.82662e-11 -1.80443e-07 -6.12337e-07 0.00390898 -0.0011519 -16.4192
0.00341 -9.75298e-11 2.20895e-11 -1.41012e-07 -6.22601e-07 0.0039745 -0.000900181 -12.7616
0.00342 -9.87403e-11 1.58227e-11 -1.01007e-07 -6.30328e-07 0.00402383 -0.0006448 -9.10399
0.00343 -9.95485e-11 9.49145e-12 -6.05906e-08 -6.35488e-07 0.00405676 -0.000386792 -5.4464
0.00344 -9.99513e-11 3.12155e-12 -1.9927e-08 -6.38059e-07 0.00407318 -0.000127208 -1.78881
0.00345 -9.99468e-11 -3.26106e-12 2.08177e-08 -6.3803e-07 0.004073 0.000132894 1.86878
0.00346 -9.95352e-11 -9.63039e-12 6.14775e-08 -6.35403e-07 0.00405622 0.000392454 5.52637
0.00347 -9.87181e-11 -1.59605e-11 1.01887e-07 -6.30187e-07 0.00402292 0.000650416 9.18396
0.00348 -9.74988e-11 -2.22256e-11 1.41881e-07 -6.22403e-07 0.00397324 0.000905728 12.8416
0.00349 -9.58824e-11 -2.84001e-11 1.81298e-07 -6.12084e-07 0.00390736 0.00115735 16.4991
0.0035 -9.38753e-11 -3.44589e-11 2.19976e-07 -5.99272e-07 0.00382557 0.00140426 20.1567
0.00351 -9.14859e-11 -4.03774e-11 2.57757e-07 -5.84018e-07 0.0037282 0.00164545 23.8143
0.00352 -8.87237e-11 -4.61314e-11 2.94489e-07 -5.66386e-07 0.00361564 0.00187993 27.4719
0.00353 -8.56001e-11 -5.16974e-11 3.30021e-07 -5.46445e-07 0.00348834 0.00210675 31.1295
0.00354 -8.21278e-11 -5.70529e-11 3.64208e-07 -5.24279e-07 0.00334684 0.002325 34.7871
0.00355 -7.83209e-11 -6.21759e-11 3.96912e-07 -4.99977e-07 0.0031917 0.00253377 38.4447
0.00356 -7.41949e-11 -6.70456e-11 4.27999e-07 -4.73638e-07 0.00302356 0.00273222 42.1023
0.00357 -6.97667e-11 -7.16422e-11 4.57342e-07 -4.4537e-07 0.00284311 0.00291954 45.7599
0.00358 -6.50543e-11 -7.5947e-11 4.84823e-07 -4.15287e-07 0.00265107 0.00309496 49.4175
0.00359 -6.00768e-11 -7.99423e-11 5.10328e-07 -3.83512e-07 0.00244823 0.00325778 53.0751
0.0036 -5.48547e-11 -8.3612e-11 5.33754e-07 -3.50176e-07 0.00223542 0.00340733 56.7326
0.00361 -4.9409e-11 -8.69411e-11 5.55006e-07 -3.15412e-07 0.0020135 0.00354299 60.3902
0.00362 -4.37621e-11 -8.9916e-11 5.73997e-07 -2.79364e-07 0.00178338 0.00366422 64.0478
0.00363 -3.79369e-11 -9.25246e-11 5.90649e-07 -2.42178e-07 0.00154599 0.00377053 67.7054
0.00364 -3.19571e-11 -9.47562e-11 6.04895e-07 -2.04005e-07 0.0013023 0.00386147 71.363
0.00365 -2.58472e-11 -9.66019e-11 6.16677e-07 -1.65001e-07 0.00105331 0.00393668 75.0206
0.00366 -1.96319e-11 -9.8054e-11 6.25947e-07 -1.25324e-07 0.000800034 0.00399586 78.6782
0.00367 -1.33367e-11 -9.91067e-11 6.32667e-07 -8.51377e-08 0.000543494 0.00403876 82.3358
0.00368 -6.98719e-12 -9.97556e-11 6.3681e-07 -4.46041e-08 0.000284739 0.0040652 85.9934
0.00369 -6.09186e-13 -9.99981e-11 6.38358e-07 -3.88886e-09 2.48253e-05 0.00407509 89.651
0.0037 5.7713e-12 -9.98333e-11 6.37306e-07 3.68423e-08 -0.00023519 0.00406837 -86.6914
0.00371 1.21283e-11 -9.92618e-11 6.33658e-07 7.74233e-08 -0.000494247 0.00404508 -83.0339
0.00372 1.84358e-11 -9.82859e-11 6.27428e-07 1.17689e-07 -0.000751291 0.00400531 -79.3763
0.00373 2.46683e-11 -9.69096e-11 6.18642e-07 1.57475e-07 -0.00100527 0.00394922 -75.7187
0.00374 3.08003e-11 -9.51385e-11 6.07336e-07 1.9662e-07 -0.00125516 0.00387705 -72.0611
0.00375 3.68068e-11 -9.29799e-11 5.93556e-07 2.34963e-07 -0.00149994 0.00378908 -68.4035
0.00376 4.26633e-11 -9.04425e-11 5.77358e-07 2.7235e-07 -0.0017386 0.00368568 -64.7459
0.00377 4.83461e-11 -8.75366e-11 5.58807e-07 3.08627e-07 -0.00197018 0.00356726 -61.0883
0.00378 5.38319e-11 -8.42741e-11 5.37981e-07 3.43647e-07 -0.00219374 0.00343431 -57.4307
0.00379 5.90984e-11 -8.06683e-11 5.14962e-07 3.77266e-07 -0.00240836 0.00328737 -53.7731
0.0038 6.41241e-11 -7.67339e-11 4.89846e-07 4.09349e-07 -0.00261316 0.00312703 -50.1155
0.00381 6.88887e-11 -7.24869e-11 4.62735e-07 4.39765e-07 -0.00280733 0.00295396 -46.458
0.00382 7.33726e-11 -6.79446e-11 4.33738e-07 4.68388e-07 -0.00299005 0.00276885 -42.8004
0.00383 7.75575e-11 -6.31255e-11 4.02974e-07 4.95104e-07 -0.0031606 0.00257247 -39.1428
0.00384 8.14266e-11 -5.80492e-11 3.70569e-07 5.19803e-07 -0.00331827 0.0023656 -35.4852
0.00385 8.49639e-11 -5.27365e-11 3.36654e-07 5.42384e-07 -0.00346242 0.0021491 -31.8276
0.00386 8.81551e-11 -4.72089e-11 3.01368e-07 5.62756e-07 -0.00359246 0.00192384 -28.17
0.00387 9.09871e-11 -4.1489e-11 2.64854e-07 5.80835e-07 -0.00370787 0.00169075 -24.5124
0.00388 9.34486e-11 -3.56001e-11 2.2726e-07 5.96548e-07 -0.00380818 0.00145076 -20.8548
0.00389 9.55293e-11 -2.95662e-11 1.88742e-07 6.0983e-07 -0.00389297 0.00120487 -17.1972
0.0039 9.72208e-11 -2.34118e-11 1.49454e-07 6.20629e-07 -0.00396191 0.000954069 -13.5396
0.00391 9.85163e-11 -1.7162e-11 1.09557e-07 6.28899e-07 -0.0040147 0.000699381 -9.88205
0.00392 9.94105e-11 -1.08424e-11 6.92144e-08 6.34607e-07 -0.00405114 0.000441844 -6.22445
0.00393 9.98997e-11 -4.47852e-12 2.85896e-08 6.37729e-07 -0.00407107 0.000182507 -2.56686
0.00394 9.99819e-11 1.90356e-12 -1.21518e-08 6.38254e-07 -0.00407442 -7.75733e-05 1.09073
0.00395 9.96568e-11 8.27789e-12 -5.28436e-08 6.36179e-07 -0.00406118 -0.000337338 4.74832
0.00396 9.89257e-11 1.46185e-11 -9.33201e-08 6.31512e-07 -0.00403138 -0.000595728 8.40591
0.00397 9.77917e-11 2.08996e-11 -1.33417e-07 6.24273e-07 -0.00398517 -0.000851691 12.0635
0.00398 9.62592e-11 2.70955e-11 -1.72969e-07 6.1449e-07 -0.00392272 -0.00110418 15.7211
0.00399 9.43346e-11 3.3181e-11 -2.11818e-07 6.02204e-07 -0.00384429 -0.00135218 19.3787
0.004 9.20257e-11 3.91314e-11 -2.49803e-07 5.87465e-07 -0.0037502 -0.00159467 23.0363
0.00401 8.9342e-11 4.49223e-11 -2.86771e-07 5.70332e-07 -0.00364083 -0.00183066 26.6939
0.00402 8.62942e-11 5.05303e-11 -3.2257e-07 5.50876e-07 -0.00351663 -0.00205919 30.3515
0.00403 8.28949e-11 5.59324e-11 -3.57055e-07 5.29176e-07 -0.0033781 -0.00227934 34.009
0.00404 7.9158e-11 6.11066e-11 -3.90086e-07 5.05321e-07 -0.00322582 -0.00249019 37.6666
0.00405 7.50985e-11 6.60319e-11 -4.21528e-07 4.79406e-07 -0.00306039 -0.00269091 41.3242
0.00406 7.07331e-11 7.06882e-11 -4.51252e-07 4.51539e-07 -0.00288249 -0.00288066 44.9818
0.00407 6.60796e-11 7.50566e-11 -4.79139e-07 4.21832e-07 -0.00269285 -0.00305868 48.6394
0.00408 6.11569e-11 7.91191e-11 -5.05073e-07 3.90407e-07 -0.00249224 -0.00322423 52.297
0.00409 5.5985e-11 8.28594e-11 -5.2895e-07 3.57391e-07 -0.00228148 -0.00337666 55.9546
0.0041 5.0585e-11 8.62621e-11 -5.50671e-07 3.2292e-07 -0.00206142 -0.00351532 59.6122
0.00411 4.4979e-11 8.93134e-11 -5.7015e-07 2.87133e-07 -0.00183297 -0.00363967 63.2698
0.00412 3.91898e-11 9.20009e-11 -5.87306e-07 2.50176e-07 -0.00159705 -0.00374919 66.9274
0.00413 3.32409e-11 9.43135e-11 -6.02069e-07 2.122e-07 -0.00135462 -0.00384343 70.5849
0.00414 2.71566e-11 9.6242e-11 -6.1438e-07 1.73359e-07 -0.00110667 -0.00392202 74.2425
0.00415 2.09616e-11 9.77784e-11 -6.24188e-07 1.33813e-07 -0.000854221 -0.00398463 77.9001
0.00416 1.46813e-11 9.89164e-11 -6.31453e-07 9.3721e-08 -0.000598287 -0.00403101 81.5577
0.00417 8.34115e-12 9.96515e-11 -6.36145e-07 5.32474e-08 -0.000339916 -0.00406096 85.2153
0.00418 1.96703e-12 9.99807e-11 -6.38246e-07 1.25569e-08 -8.01596e-05 -0.00407437 88.8729
0.00419 -4.41511e-12 9.99025e-11 -6.37748e-07 -2.81847e-08 0.000179923 -0.00407119 -87.4695
0.0042 -1.07793e-11 9.94173e-11 -6.3465e-07 -6.88116e-08 0.000439272 -0.00405142 -83.8119
0.00421 -1.70995e-11 9.85272e-11 -6.28968e-07 -1.09158e-07 0.000696832 -0.00401514 -80.1543
0.00422 -2.33501e-11 9.72357e-11 -6.20723e-07 -1.4906e-07 0.000951554 -0.00396251 -76.4967
0.00423 -2.95055e-11 9.5548e-11 -6.0995e-07 -1.88354e-07 0.0012024 -0.00389374 -72.8391
0.00424 -3.55408e-11 9.34711e-11 -5.96692e-07 -2.26882e-07 0.00144835 -0.0038091 -69.1816
0.00425 -4.14313e-11 9.10135e-11 -5.81003e-07 -2.64485e-07 0.00168839 -0.00370895 -65.524
0.00426 -4.7153e-11 8.8185e-11 -5.62947e-07 -3.0101e-07 0.00192156 -0.00359368 -61.8664
0.00427 -5.26826e-11 8.49973e-11 -5.42598e-07 -3.3631e-07 0.0021469 -0.00346378 -58.2088
0.00428 -5.79975e-11 8.14634e-11 -5.20038e-07 -3.70239e-07 0.00236349 -0.00331977 -54.5512
0.00429 -6.30762e-11 7.75976e-11 -4.9536e-07 -4.0266e-07 0.00257046 -0.00316223 -50.8936
0.0043 -6.7898e-11 7.34157e-11 -4.68664e-07 -4.3344e-07 0.00276695 -0.00299181 -47.236
0.00431 -7.24432e-11 6.89347e-11 -4.40058e-07 -4.62455e-07 0.00295218 -0.0028092 -43.5784
0.00432 -7.66932e-11 6.41728e-11 -4.0966e-07 -4.89586e-07 0.00312537 -0.00261515 -39.9208
0.00433 -8.06308e-11 5.91496e-11 -3.77593e-07 -5.14723e-07 0.00328584 -0.00241044 -36.2632
0.00434 -8.42399e-11 5.38854e-11 -3.43988e-07 -5.37762e-07 0.00343291 -0.00219592 -32.6056
0.00435 -8.75059e-11 4.84016e-11 -3.08982e-07 -5.58611e-07 0.00356601 -0.00197245 -28.9481
0.00436 -9.04154e-11 4.27207e-11 -2.72716e-07 -5.77185e-07 0.00368457 -0.00174094 -25.2905
0.00437 -9.29565e-11 3.68658e-11 -2.3534e-07 -5.93406e-07 0.00378813 -0.00150234 -21.6329
0.00438 -9.5119e-11 3.08607e-11 -1.97005e-07 -6.07211e-07 0.00387625 -0.00125762 -17.9753
0.00439 -9.68939e-11 2.47298e-11 -1.57868e-07 -6.18542e-07 0.00394859 -0.00100778 -14.3177
0.0044 -9.82742e-11 1.84982e-11 -1.18087e-07 -6.27353e-07 0.00400483 -0.000753833 -10.6601
0.00441 -9.92541e-11 1.21913e-11 -7.78255e-08 -6.33608e-07 0.00404477 -0.000496815 -7.00251
0.00442 -9.98296e-11 5.83467e-12 -3.72468e-08 -6.37282e-07 0.00406822 -0.000237772 -3.34492
0.00443 -9.99985e-11 -5.45709e-13 3.48364e-09 -6.3836e-07 0.0040751 2.22385e-05 0.31267
0.00444 -9.976e-11 -6.92387e-12 4.41999e-08 -6.36838e-07 0.00406538 0.000282159 3.97026
0.00445 -9.91151e-11 -1.32738e-11 8.47361e-08 -6.32721e-07 0.0040391 0.00054093 7.62785
0.00446 -9.80664e-11 -1.95697e-11 1.24927e-07 -6.26027e-07 0.00399637 0.000797497 11.2854
0.00447 -9.66183e-11 -2.57859e-11 1.64609e-07 -6.16782e-07 0.00393735 0.00105082 14.943
0.00448 -9.47765e-11 -3.1897e-11 2.03621e-07 -6.05025e-07 0.0038623 0.00129985 18.6006
0.00449 -9.25486e-11 -3.78781e-11 2.41803e-07 -5.90803e-07 0.00377151 0.0015436 22.2582
0.0045 -8.99437e-11 -4.3705e-11 2.79e-07 -5.74174e-07 0.00366535 0.00178105 25.9158
0.00451 -8.69724e-11 -4.93538e-11 3.1506e-07 -5.55206e-07 0.00354427 0.00201125 29.5734
0.00452 -8.36468e-11 -5.48016e-11 3.49837e-07 -5.33976e-07 0.00340874 0.00223325 33.231
0.00453 -7.99804e-11 -6.00261e-11 3.83188e-07 -5.10571e-07 0.00325933 0.00244616 36.8886
0.00454 -7.59882e-11 -6.50061e-11 4.14979e-07 -4.85086e-07 0.00309664 0.0026491 40.5462
0.00455 -7.16865e-11 -6.97212e-11 4.45079e-07 -4.57625e-07 0.00292134 0.00284125 44.2038
0.00456 -6.70927e-11 -7.41523e-11 4.73366e-07 -4.283e-07 0.00273414 0.00302183 47.8613
0.00457 -6.22256e-11 -7.82814e-11 4.99725e-07 -3.9723e-07 0.00253579 0.00319009 51.5189
0.00458 -5.7105e-11 -8.20915e-11 5.24048e-07 -3.64541e-07 0.00232712 0.00334536 55.1765
0.00459 -5.17518e-11 -8.55673e-11 5.46236e-07 -3.30368e-07 0.00210897 0.003487 58.8341
0.0046 -4.61877e-11 -8.86944e-11 5.66198e-07 -2.94848e-07 0.00188222 0.00361444 62.4917
0.00461 -4.04355e-11 -9.14602e-11 5.83855e-07 -2.58128e-07 0.00164781 0.00372715 66.1493
0.00462 -3.45185e-11 -9.38535e-11 5.99132e-07 -2.20356e-07 0.00140669 0.00382468 69.8069
0.00463 -2.8461e-11 -9.58643e-11 6.11969e-07 -1.81686e-07 0.00115983 0.00390663 73.4645
0.00464 -2.22875e-11 -9.74847e-11 6.22313e-07 -1.42276e-07 0.00090825 0.00397266 77.1221
0.00465 -1.60232e-11 -9.87079e-11 6.30122e-07 -1.02287e-07 0.00065297 0.00402251 80.7797
0.00466 -9.69358e-12 -9.95291e-11 6.35364e-07 -6.18809e-08 0.000395029 0.00405597 84.4373
0.00467 -3.32451e-12 -9.99447e-11 6.38017e-07 -2.12227e-08 0.000135479 0.00407291 88.0948
0.00468 3.0581e-12 -9.99532e-11 6.38071e-07 1.9522e-08 -0.000124623 0.00407326 -88.2476
0.00469 9.42825e-12 -9.95545e-11 6.35526e-07 6.01871e-08 -0.000384217 0.00405701 -84.59
0.0047 1.576e-11 -9.87503e-11 6.30392e-07 1.00607e-07 -0.000642246 0.00402424 -80.9324
0.00471 2.20275e-11 -9.75438e-11 6.2269e-07 1.40617e-07 -0.000897658 0.00397507 -77.2748
0.00472 2.82053e-11 -9.59399e-11 6.12451e-07 1.80054e-07 -0.00114941 0.00390971 -73.6172
0.00473 3.42682e-11 -9.39451e-11 5.99718e-07 2.18758e-07 -0.00139649 0.00382842 -69.9596
0.00474 4.01916e-11 -9.15677e-11 5.84541e-07 2.56571e-07 -0.00163787 0.00373153 -66.302
0.00475 4.59511e-11 -8.88172e-11 5.66982e-07 2.93338e-07 -0.00187258 0.00361945 -62.6444
0.00476 5.15235e-11 -8.57049e-11 5.47114e-07 3.28911e-07 -0.00209967 0.00349261 -58.9868
0.00477 5.6886e-11 -8.22435e-11 5.25018e-07 3.63143e-07 -0.0023182 0.00335155 -55.3292
0.00478 6.20167e-11 -7.8447e-11 5.00782e-07 3.95896e-07 -0.00252728 0.00319684 -51.6717
0.00479 6.68948e-11 -7.43309e-11 4.74506e-07 4.27036e-07 -0.00272607 0.00302911 -48.0141
0.0048 7.15004e-11 -6.9912e-11 4.46297e-07 4.56437e-07 -0.00291376 0.00284903 -44.3565
0.00481 7.58147e-11 -6.52084e-11 4.16271e-07 4.83978e-07 -0.00308957 0.00265735 -40.6989
0.00482 7.98202e-11 -6.0239e-11 3.84548e-07 5.09548e-07 -0.0032528 0.00245484 -37.0413
0.00483 8.35004e-11 -5.50243e-11 3.51259e-07 5.33042e-07 -0.00340278 0.00224233 -33.3837
0.00484 8.68406e-11 -4.95854e-11 3.16539e-07 5.54364e-07 -0.00353889 0.00202069 -29.7261
0.00485 8.98269e-11 -4.39446e-11 2.80529e-07 5.73428e-07 -0.00366059 0.00179081 -26.0685
0.00486 9.24473e-11 -3.81247e-11 2.43376e-07 5.90156e-07 -0.00376738 0.00155364 -22.4109
0.00487 9.46911e-11 -3.21495e-11 2.05233e-07 6.0448e-07 -0.00385882 0.00131014 -18.7533
0.00488 9.65492e-11 -2.60433e-11 1.66253e-07 6.16341e-07 -0.00393454 0.00106131 -15.0957
0.00489 9.80139e-11 -1.9831e-11 1.26595e-07 6.25692e-07 -0.00399423 0.000808146 -11.4382
0.0049 9.90794e-11 -1.3538e-11 8.64222e-08 6.32493e-07 -0.00403765 0.000551694 -7.78057
0.00491 9.97412e-11 -7.18974e-12 4.58972e-08 6.36718e-07 -0.00406462 0.000292994 -4.12298
0.00492 9.99967e-11 -8.12245e-13 5.18513e-09 6.38349e-07 -0.00407503 3.31003e-05 -0.465387
0.00493 9.98448e-11 5.56856e-12 -3.5548e-08 6.37379e-07 -0.00406884 -0.000226928 3.1922
0.00494 9.92862e-11 1.19267e-11 -7.61364e-08 6.33813e-07 -0.00404608 -0.000486032 6.84979
0.00495 9.83231e-11 1.82362e-11 -1.16415e-07 6.27665e-07 -0.00400683 -0.000743156 10.5074
0.00496 9.69595e-11 2.44715e-11 -1.56219e-07 6.1896e-07 -0.00395126 -0.000997252 14.165
0.00497 9.52009e-11 3.0607e-11 -1.95386e-07 6.07734e-07 -0.00387959 -0.00124729 17.8226
0.00498 9.30544e-11 3.66179e-11 -2.33758e-07 5.94032e-07 -0.00379212 -0.00149224 21.4802
0.00499 9.05289e-11 4.24796e-11 -2.71177e-07 5.77909e-07 -0.0036892 -0.00173111 25.1377
0.005 8.76346e-11 4.81682e-11 -3.07492e-07 5.59433e-07 -0.00357125 -0.00196293 28.7953
0.00501 8.43833e-11 5.36607e-11 -3.42554e-07 5.38677e-07 -0.00343875 -0.00218676 32.4529
0.00502 8.07882e-11 5.89345e-11 -3.7622e-07 5.15727e-07 -0.00329225 -0.00240168 36.1105
0.00503 7.6864e-11 6.39682e-11 -4.08354e-07 4.90677e-07 -0.00313233 -0.00260681 39.7681
0.00504 7.26266e-11 6.87413e-11 -4.38824e-07 4.63627e-07 -0.00295965 -0.00280132 43.4257
0.00505 6.80934e-11 7.32344e-11 -4.67507e-07 4.34688e-07 -0.00277492 -0.00298442 47.0833
0.00506 6.32829e-11 7.74292e-11 -4.94285e-07 4.03979e-07 -0.00257888 -0.00315537 50.7409
0.00507 5.82145e-11 8.13085e-11 -5.19049e-07 3.71624e-07 -0.00237233 -0.00331345 54.3985
0.00508 5.29089e-11 8.48566e-11 -5.41699e-07 3.37755e-07 -0.00215612 -0.00345805 58.0561
0.00509 4.73878e-11 8.8059e-11 -5.62142e-07 3.0251e-07 -0.00193113 -0.00358855 61.7137
0.0051 4.16737e-11 9.09027e-11 -5.80296e-07 2.66032e-07 -0.00169827 -0.00370443 65.3712
0.00511 3.57898e-11 9.33761e-11 -5.96085e-07 2.28471e-07 -0.00145849 -0.00380523 69.0288
0.00512 2.97601e-11 9.5469e-11 -6.09446e-07 1.8998e-07 -0.00121277 -0.00389052 72.6864
0.00513 2.36092e-11 9.71731e-11 -6.20324e-07 1.50714e-07 -0.000962112 -0.00395996 76.344
0.00514 1.73621e-11 9.84813e-11 -6.28675e-07 1.10834e-07 -0.000707532 -0.00401327 80.0016
0.00515 1.10442e-11 9.93883e-11 -6.34465e-07 7.05029e-08 -0.00045007 -0.00405023 83.6592
0.00516 4.68137e-12 9.98904e-11 -6.3767e-07 2.98845e-08 -0.000190774 -0.00407069 87.3168
0.00517 -1.70053e-12 9.99855e-11 -6.38278e-07 -1.08557e-08 6.92994e-05 -0.00407457 -89.0256
0.00518 -8.07551e-12 9.96734e-11 -6.36285e-07 -5.15516e-08 0.00032909 -0.00406185 -85.368
0.00519 -1.44176e-11 9.89552e-11 -6.317e-07 -9.20376e-08 0.00058754 -0.00403259 -81.7104
0.0052 -2.07009e-11 9.78339e-11 -6.24542e-07 -1.32149e-07 0.000843597 -0.00398689 -78.0528
0.00521 -2.69e-11 9.6314e-11 -6.1484e-07 -1.71721e-07 0.00109622 -0.00392495 -74.3953
0.00522 -3.29894e-11 9.44018e-11 -6.02633e-07 -2.10594e-07 0.00134437 -0.00384703 -70.7377
0.00523 -3.89444e-11 9.2105e-11 -5.87971e-07 -2.4861e-07 0.00158705 -0.00375343 -67.0801
0.00524 -4.47408e-11 8.9433e-11 -5.70913e-07 -2.85612e-07 0.00182326 -0.00364454 -63.4225
0.00525 -5.03549e-11 8.63966e-11 -5.5153e-07 -3.21451e-07 0.00205205 -0.0035208 -59.7649
0.00526 -5.57639e-11 8.30083e-11 -5.299e-07 -3.5598e-07 0.00227247 -0.00338272 -56.1073
0.00527 -6.09457e-11 7.92819e-11 -5.06112e-07 -3.89059e-07 0.00248364 -0.00323087 -52.4497
0.00528 -6.58793e-11 7.52324e-11 -4.80261e-07 -4.20554e-07 0.00268469 -0.00306584 -48.7921
0.00529 -7.05445e-11 7.08765e-11 -4.52454e-07 -4.50335e-07 0.0028748 -0.00288833 -45.1345
0.0053 -7.49222e-11 6.62319e-11 -4.22804e-07 -4.78281e-07 0.0030532 -0.00269906 -41.4769
0.00531 -7.89948e-11 6.13174e-11 -3.91432e-07 -5.04279e-07 0.00321917 -0.00249878 -37.8194
0.00532 -8.27456e-11 5.61531e-11 -3.58465e-07 -5.28223e-07 0.00337202 -0.00228833 -34.1618
0.00533 -8.61592e-11 5.07601e-11 -3.24037e-07 -5.50015e-07 0.00351113 -0.00206856 -30.5042
0.00534 -8.92219e-11 4.51603e-11 -2.8829e-07 -5.69566e-07 0.00363594 -0.00184036 -26.8466
0.00535 -9.19211e-11 3.93765e-11 -2.51368e-07 -5.86797e-07 0.00374593 -0.00160466 -23.189
0.00536 -9.42458e-11 3.34323e-11 -2.13422e-07 -6.01637e-07 0.00384067 -0.00136242 -19.5314
0.00537 -9.61866e-11 2.7352e-11 -1.74607e-07 -6.14027e-07 0.00391976 -0.00111464 -15.8738
0.00538 -9.77356e-11 2.11601e-11 -1.3508e-07 -6.23915e-07 0.00398288 -0.00086231 -12.2162
0.00539 -9.88864e-11 1.48821e-11 -9.50031e-08 -6.31261e-07 0.00402978 -0.000606471 -8.55863
0.0054 -9.96344e-11 8.54349e-12 -5.45391e-08 -6.36036e-07 0.00406026 -0.000348161 -4.90103
0.00541 -9.99765e-11 2.17005e-12 -1.38529e-08 -6.3822e-07 0.0040742 -8.8433e-05 -1.24344
0.00542 -9.99112e-11 -4.21223e-12 2.68896e-08 -6.37803e-07 0.00407155 0.000171655 2.41415
0.00543 -9.9439e-11 -1.05774e-11 6.75227e-08 -6.34789e-07 0.0040523 0.000431045 6.07174
0.00544 -9.85617e-11 -1.68994e-11 1.07881e-07 -6.29188e-07 0.00401655 0.000688678 9.72933
0.00545 -9.72829e-11 -2.31526e-11 1.47799e-07 -6.21025e-07 0.00396444 0.000943505 13.3869
0.00546 -9.56077e-11 -2.93115e-11 1.87116e-07 -6.10331e-07 0.00389617 0.00119449 17.0445
0.00547 -9.35431e-11 -3.53509e-11 2.2567e-07 -5.97151e-07 0.00381203 0.00144061 20.7021
0.00548 -9.10974e-11 -4.12464e-11 2.63304e-07 -5.81539e-07 0.00371237 0.00168086 24.3597
0.00549 -8.82806e-11 -4.69738e-11 2.99867e-07 -5.63557e-07 0.00359758 0.00191426 28.0173
0.0055 -8.51041e-11 -5.25098e-11 3.35207e-07 -5.43279e-07 0.00346813 0.00213986 31.6749
0.00551 -8.1581e-11 -5.7832e-11 3.69182e-07 -5.20789e-07 0.00332456 0.00235675 35.3325
0.00552 -7.77255e-11 -6.29185e-11 4.01653e-07 -4.96176e-07 0.00316744 0.00256403 38.9901
0.00553 -7.35534e-11 -6.77488e-11 4.32488e-07 -4.69543e-07 0.00299742 0.00276087 42.6476
0.00554 -6.90816e-11 -7.2303e-11 4.61561e-07 -4.40996e-07 0.00281519 0.00294647 46.3052
0.00555 -6.43284e-11 -7.65627e-11 4.88753e-07 -4.10654e-07 0.00262149 0.00312006 49.9628
0.00556 -5.93132e-11 -8.05105e-11 5.13955e-07 -3.78638e-07 0.00241711 0.00328093 53.6204
0.00557 -5.40563e-11 -8.41303e-11 5.37063e-07 -3.45079e-07 0.00220288 0.00342845 57.278
0.00558 -4.85792e-11 -8.74074e-11 5.57983e-07 -3.10115e-07 0.00197968 0.00356199 60.9356
0.00559 -4.29043e-11 -9.03284e-11 5.7663e-07 -2.73888e-07 0.00174842 0.00368103 64.5932
0.0056 -3.70545e-11 -9.28815e-11 5.92927e-07 -2.36545e-07 0.00151003 0.00378507 68.2508
0.00561 -3.10538e-11 -9.50561e-11 6.0681e-07 -1.98238e-07 0.00126549 0.00387369 71.9084
0.00562 -2.49265e-11 -9.68435e-11 6.1822e-07 -1.59123e-07 0.0010158 0.00394653 75.566
0.00563 -1.86978e-11 -9.82364e-11 6.27112e-07 -1.19361e-07 0.000761964 0.00400329 79.2236
0.00564 -1.23928e-11 -9.92291e-11 6.33449e-07 -7.9112e-08 0.000505027 0.00404375 82.8811
0.00565 -6.03738e-12 -9.98176e-11 6.37206e-07 -3.85408e-08 0.000246033 0.00406773 86.5387
0.00566 3.42648e-13 -9.99994e-11 6.38366e-07 2.18736e-09 -1.39635e-05 0.00407514 -89.8037
0.00567 6.72128e-12 -9.97739e-11 6.36926e-07 4.29066e-08 -0.000273903 0.00406595 -86.1461
0.00568 1.30725e-11 -9.91419e-11 6.32892e-07 8.34511e-08 -0.000532727 0.00404019 -82.4885
0.00569 1.93705e-11 -9.8106e-11 6.26279e-07 1.23656e-07 -0.00078938 0.00399798 -78.8309
0.0057 2.55896e-11 -9.66704e-11 6.17115e-07 1.63356e-07 -0.00104282 0.00393948 -75.1733
0.00571 3.17044e-11 -9.48411e-11 6.05437e-07 2.02392e-07 -0.00129201 0.00386493 -71.5157
0.00572 3.76901e-11 -9.26253e-11 5.91292e-07 2.40602e-07 -0.00153593 0.00377463 -67.8581
0.00573 4.35223e-11 -9.00323e-11 5.74739e-07 2.77833e-07 -0.0017736 0.00366896 -64.2005
0.00574 4.91771e-11 -8.70725e-11 5.55844e-07 3.13932e-07 -0.00200405 0.00354834 -60.543
0.00575 5.46316e-11 -8.37579e-11 5.34685e-07 3.48752e-07 -0.00222633 0.00341327 -56.8854
0.00576 5.98635e-11 -8.01022e-11 5.11348e-07 3.82151e-07 -0.00243954 0.00326429 -53.2278
0.00577 6.48516e-11 -7.61201e-11 4.85928e-07 4.13993e-07 -0.00264281 0.00310202 -49.5702
0.00578 6.95755e-11 -7.18279e-11 4.58528e-07 4.44149e-07 -0.00283531 0.0029271 -45.9126
0.00579 7.40159e-11 -6.72431e-11 4.2926e-07 4.72496e-07 -0.00301627 0.00274027 -42.255
0.0058 7.81549e-11 -6.23844e-11 3.98243e-07 4.98917e-07 -0.00318494 0.00254227 -38.5974
0.00581 8.19754e-11 -5.72716e-11 3.65605e-07 5.23306e-07 -0.00334063 0.00233391 -34.9398
0.00582 8.5462e-11 -5.19254e-11 3.31476e-07 5.45564e-07 -0.00348272 0.00211604 -31.2822
0.00583 8.86004e-11 -4.63677e-11 2.95998e-07 5.65599e-07 -0.00361061 0.00188956 -27.6246
0.00584 9.13779e-11 -4.06211e-11 2.59313e-07 5.83329e-07 -0.0037238 0.00165538 -23.967
0.00585 9.37832e-11 -3.4709e-11 2.21572e-07 5.98684e-07 -0.00382182 0.00141445 -20.3095
0.00586 9.58064e-11 -2.86556e-11 1.82929e-07 6.11599e-07 -0.00390426 0.00116776 -16.6519
0.00587 9.74393e-11 -2.24854e-11 1.4354e-07 6.22023e-07 -0.00397081 0.000916315 -12.9943
0.00588 9.86752e-11 -1.62236e-11 1.03566e-07 6.29913e-07 -0.00402118 0.000661136 -9.33668
0.00589 9.95092e-11 -9.89566e-12 6.31709e-08 6.35237e-07 -0.00405516 0.000403264 -5.67909
0.0059 9.99378e-11 -3.52745e-12 2.25182e-08 6.37973e-07 -0.00407263 0.000143749 -2.0215
0.00591 9.99592e-11 2.85513e-12 -1.82263e-08 6.3811e-07 -0.0040735 -0.000116351 1.63609
0.00592 9.95735e-11 9.22608e-12 -5.88965e-08 6.35647e-07 -0.00405778 -0.000375978 5.29368
0.00593 9.87821e-11 1.55594e-11 -9.93268e-08 6.30595e-07 -0.00402553 -0.000634072 8.95127
0.00594 9.75883e-11 2.18294e-11 -1.39352e-07 6.22974e-07 -0.00397688 -0.000889584 12.6089
0.00595 9.59969e-11 2.80105e-11 -1.7881e-07 6.12816e-07 -0.00391203 -0.00114147 16.2665
0.00596 9.40145e-11 3.40774e-11 -2.1754e-07 6.0016e-07 -0.00383124 -0.00138871 19.924
0.00597 9.16491e-11 4.00055e-11 -2.55383e-07 5.8506e-07 -0.00373485 -0.00163029 23.5816
0.00598 8.89103e-11 4.57707e-11 -2.92186e-07 5.67577e-07 -0.00362324 -0.00186523 27.2392
0.00599 8.58093e-11 5.13494e-11 -3.27799e-07 5.47781e-07 -0.00349687 -0.00209257 30.8968
0.006 8.23588e-11 5.67189e-11 -3.62076e-07 5.25754e-07 -0.00335625 -0.00231139 34.5544
0.00601 7.85727e-11 6.18573e-11 -3.94878e-07 5.01585e-07 -0.00320197 -0.00252079 38.212
0.00602 7.44666e-11 6.67437e-11 -4.26072e-07 4.75372e-07 -0.00303463 -0.00271992 41.8696
0.00603 7.00571e-11 7.13583e-11 -4.5553e-07 4.47223e-07 -0.00285494 -0.00290797 45.5272
0.00604 6.53622e-11 7.56821e-11 -4.83132e-07 4.17253e-07 -0.00266362 -0.00308417 49.1848
0.00605 6.0401e-11 7.96977e-11 -5.08766e-07 3.85582e-07 -0.00246144 -0.00324781 52.8424
0.00606 5.51938e-11 8.33885e-11 -5.32327e-07 3.5234e-07 -0.00224924 -0.00339822 56.5
0.00607 4.97617e-11 8.67397e-11 -5.5372e-07 3.17664e-07 -0.00202787 -0.00353478 60.1575
0.00608 4.41269e-11 8.97375e-11 -5.72857e-07 2.81693e-07 -0.00179824 -0.00365695 63.8151
0.00609 3.83123e-11 9.23697e-11 -5.89661e-07 2.44574e-07 -0.00156129 -0.00376422 67.4727
0.0061 3.23417e-11 9.46257e-11 -6.04062e-07 2.0646e-07 -0.00131798 -0.00385615 71.1303
0.00611 2.62393e-11 9.64961e-11 -6.16002e-07 1.67504e-07 -0.00106929 -0.00393237 74.7879
0.00612 2.003e-11 9.79735e-11 -6.25433e-07 1.27866e-07 -0.000816255 -0.00399258 78.4455
0.00613 1.37391e-11 9.90517e-11 -6.32316e-07 8.77064e-08 -0.000559892 -0.00403652 82.1031
0.00614 7.39227e-12 9.97264e-11 -6.36623e-07 4.719e-08 -0.000301247 -0.00406401 85.7607
0.00615 1.0153e-12 9.99948e-11 -6.38337e-07 6.48137e-09 -4.13751e-05 -0.00407495 89.4183
0.00616 -5.3658e-12 9.98559e-11 -6.3745e-07 -3.42537e-08 0.000218665 -0.00406929 -86.9241
0.00617 -1.17251e-11 9.93102e-11 -6.33967e-07 -7.48492e-08 0.000477815 -0.00404705 -83.2666
0.00618 -1.80365e-11 9.836e-11 -6.27901e-07 -1.1514e-07 0.000735018 -0.00400833 -79.609
0.00619 -2.42745e-11 9.7009e-11 -6.19276e-07 -1.54961e-07 0.000989227 -0.00395327 -75.9514
0.0062 -3.04136e-11 9.52628e-11 -6.08129e-07 -1.94152e-07 0.00123941 -0.00388212 -72.2938
0.00621 -3.64289e-11 9.31286e-11 -5.94505e-07 -2.32551e-07 0.00148454 -0.00379514 -68.6362
0.00622 -4.22957e-11 9.0615e-11 -5.78459e-07 -2.70003e-07 0.00172362 -0.00369271 -64.9786
0.00623 -4.79902e-11 8.77322e-11 -5.60056e-07 -3.06355e-07 0.00195568 -0.00357523 -61.321
0.00624 -5.34892e-11 8.4492e-11 -5.39372e-07 -3.41459e-07 0.00217977 -0.00344319 -57.6634
0.00625 -5.87703e-11 8.09077e-11 -5.1649e-07 -3.75172e-07 0.00239499 -0.00329712 -54.0058
0.00626 -6.3812e-11 7.69937e-11 -4.91505e-07 -4.07357e-07 0.00260044 -0.00313762 -50.3482
0.00627 -6.85937e-11 7.27661e-11 -4.64517e-07 -4.37882e-07 0.00279531 -0.00296534 -46.6906
0.00628 -7.3096e-11 6.8242e-11 -4.35637e-07 -4.66623e-07 0.00297878 -0.00278097 -43.0331
0.00629 -7.73005e-11 6.344e-11 -4.04982e-07 -4.93463e-07 0.00315012 -0.00258528 -39.3755
0.0063 -8.11901e-11 5.83795e-11 -3.72677e-07 -5.18294e-07 0.00330863 -0.00237906 -35.7179
0.00631 -8.4749e-11 5.30811e-11 -3.38854e-07 -5.41012e-07 0.00345366 -0.00216314 -32.0603
0.00632 -8.79626e-11 4.75666e-11 -3.03651e-07 -5.61527e-07 0.00358462 -0.00193841 -28.4027
0.00633 -9.08179e-11 4.18582e-11 -2.6721e-07 -5.79754e-07 0.00370098 -0.00170579 -24.7451
0.00634 -9.33032e-11 3.59793e-11 -2.29681e-07 -5.9562e-07 0.00380226 -0.00146622 -21.0875
0.00635 -9.54084e-11 2.99539e-11 -1.91217e-07 -6.09059e-07 0.00388805 -0.00122067 -17.4299
0.00636 -9.71249e-11 2.38064e-11 -1.51973e-07 -6.20016e-07 0.003958 -0.000970151 -13.7723
0.00637 -9.84458e-11 1.7562e-11 -1.12111e-07 -6.28448e-07 0.00401183 -0.00071568 -10.1147
0.00638 -9.93656e-11 1.1246e-11 -7.17911e-08 -6.3432e-07 0.00404931 -0.000458293 -6.45715
0.00639 -9.98807e-11 4.88421e-12 -3.11793e-08 -6.37608e-07 0.0040703 -0.000199039 -2.79956
0.0064 -9.99888e-11 -1.49749e-12 9.55955e-09 -6.38298e-07 0.00407471 6.10253e-05 0.858033
0.00641 -9.96896e-11 -7.87309e-12 5.02595e-08 -6.36388e-07 0.00406251 0.000320841 4.51562
0.00642 -9.89843e-11 -1.42166e-11 9.07546e-08 -6.31886e-07 0.00403377 0.00057935 8.17321
0.00643 -9.78757e-11 -2.05022e-11 1.3088e-07 -6.24809e-07 0.0039886 0.000835499 11.8308
0.00644 -9.63685e-11 -2.67043e-11 1.70472e-07 -6.15187e-07 0.00392717 0.00108824 15.4884
0.00645 -9.44686e-11 -3.27976e-11 2.0937e-07 -6.03059e-07 0.00384975 0.00133656 19.146
0.00646 -9.21839e-11 -3.87573e-11 2.47415e-07 -5.88474e-07 0.00375664 0.00157942 22.8036
0.00647 -8.95237e-11 -4.45591e-11 2.84452e-07 -5.71492e-07 0.00364823 0.00181586 26.4612
0.00648 -8.64987e-11 -5.01794e-11 3.2033e-07 -5.52182e-07 0.00352496 0.00204489 30.1188
0.00649 -8.31214e-11 -5.55953e-11 3.54903e-07 -5.30622e-07 0.00338733 0.0022656 33.7763
0.0065 -7.94055e-11 -6.07846e-11 3.88031e-07 -5.06901e-07 0.0032359 0.00247707 37.4339
0.00651 -7.53661e-11 -6.57264e-11 4.19578e-07 -4.81114e-07 0.00307129 0.00267846 41.0915
0.00652 -7.10196e-11 -7.04004e-11 4.49415e-07 -4.53368e-07 0.00289416 0.00286893 44.7491
0.00653 -6.63839e-11 -7.47876e-11 4.77422e-07 -4.23775e-07 0.00270525 0.00304772 48.4067
0.00654 -6.14777e-11 -7.88701e-11 5.03483e-07 -3.92455e-07 0.00250532 0.00321409 52.0643
0.00655 -5.6321e-11 -8.26314e-11 5.27494e-07 -3.59537e-07 0.00229517 0.00336736 55.7219
0.00656 -5.0935e-11 -8.6056e-11 5.49355e-07 -3.25153e-07 0.00207568 0.00350692 59.3795
0.00657 -4.53414e-11 -8.913e-11 5.68979e-07 -2.89446e-07 0.00184774 0.00363219 63.0371
0.00658 -3.95631e-11 -9.1841e-11 5.86285e-07 -2.52559e-07 0.00161226 0.00374267 66.6947
0.00659 -3.36236e-11 -9.41778e-11 6.01203e-07 -2.14643e-07 0.00137022 0.0038379 70.3523
0.0066 -2.75472e-11 -9.61309e-11 6.13671e-07 -1.75853e-07 0.00112259 0.00391749 74.0098
0.00661 -2.13586e-11 -9.76924e-11 6.23639e-07 -1.36347e-07 0.000870396 0.00398113 77.6674
0.00662 -1.50829e-11 -9.8856e-11 6.31067e-07 -9.62847e-08 0.000614653 0.00402854 81.325
0.00663 -8.74579e-12 -9.96168e-11 6.35924e-07 -5.58305e-08 0.000356405 0.00405955 84.9826
0.00664 -2.37306e-12 -9.99718e-11 6.3819e-07 -1.51489e-08 9.6706e-05 0.00407401 88.6402
0.00665 4.00934e-12 -9.99196e-11 6.37857e-07 2.55944e-08 -0.000163387 0.00407189 -87.7022
0.00666 1.03754e-11 -9.94603e-11 6.34925e-07 6.62335e-08 -0.000422815 0.00405317 -84.0446
0.00667 1.66992e-11 -9.85958e-11 6.29406e-07 1.06603e-07 -0.00068052 0.00401794 -80.387
0.00668 2.2955e-11 -9.73297e-11 6.21324e-07 1.46538e-07 -0.000935453 0.00396634 -76.7294
0.00669 2.91172e-11 -9.56671e-11 6.1071e-07 1.85876e-07 -0.00118658 0.00389859 -73.0718
0.0067 3.51609e-11 -9.36147e-11 5.97608e-07 2.24457e-07 -0.00143286 0.00381495 -69.4142
0.00671 4.10613e-11 -9.1181e-11 5.82072e-07 2.62123e-07 -0.00167331 0.00371577 -65.7567
0.00672 4.67944e-11 -8.83758e-11 5.64165e-07 2.98722e-07 -0.00190695 0.00360146 -62.0991
0.00673 5.23369e-11 -8.52106e-11 5.43959e-07 3.34103e-07 -0.00213281 0.00347247 -58.4415
0.00674 5.76662e-11 -8.16983e-11 5.21537e-07 3.68124e-07 -0.00234999 0.00332934 -54.7839
0.00675 6.27606e-11 -7.78531e-11 4.96991e-07 4.00645e-07 -0.0025576 0.00317264 -51.1263
0.00676 6.75993e-11 -7.36908e-11 4.7042e-07 4.31534e-07 -0.00275478 0.00300302 -47.4687
0.00677 7.21626e-11 -6.92283e-11 4.41933e-07 4.60664e-07 -0.00294074 0.00282117 -43.8111
0.00678 7.64319e-11 -6.44838e-11 4.11645e-07 4.87919e-07 -0.00311473 0.00262782 -40.1535
0.00679 8.03899e-11 -5.94766e-11 3.79681e-07 5.13185e-07 -0.00327602 0.00242377 -36.4959
0.0068 8.40204e-11 -5.42271e-11 3.46169e-07 5.36361e-07 -0.00342397 0.00220984 -32.8383
0.00681 8.73086e-11 -4.87566e-11 3.11248e-07 5.57352e-07 -0.00355797 0.00198691 -29.1807
0.00682 9.02411e-11 -4.30876e-11 2.75058e-07 5.76072e-07 -0.00367747 0.00175589 -25.5232
0.00683 9.2806e-11 -3.7243e-11 2.37748e-07 5.92446e-07 -0.003782 0.00151771 -21.8656
0.00684 9.49929e-11 -3.12467e-11 1.9947e-07 6.06406e-07 -0.00387111 0.00127335 -18.208
0.00685 9.67927e-11 -2.51231e-11 1.60379e-07 6.17896e-07 -0.00394446 0.00102381 -14.5504
0.00686 9.81982e-11 -1.88972e-11 1.20634e-07 6.26868e-07 -0.00400174 0.000770092 -10.8928
0.00687 9.92038e-11 -1.25943e-11 8.03981e-08 6.33287e-07 -0.00404271 0.000513237 -7.23521
0.00688 9.98051e-11 -6.24006e-12 3.98347e-08 6.37126e-07 -0.00406722 0.000254293 -3.57761
0.00689 9.99999e-11 1.39585e-13 -8.91068e-10 6.38369e-07 -0.00407516 -5.68831e-06 0.0799763
0.0069 9.97873e-11 6.51866e-12 -4.16132e-08 6.37012e-07 -0.0040665 -0.000265646 3.73757
0.00691 9.91682e-11 1.28712e-11 -8.21657e-08 6.3306e-07 -0.00404127 -0.000524521 7.39516
0.00692 9.81451e-11 1.91713e-11 -1.22384e-07 6.26529e-07 -0.00399957 -0.00078126 11.0527
0.00693 9.67222e-11 2.53932e-11 -1.62103e-07 6.17445e-07 -0.00394159 -0.00103482 14.7103
0.00694 9.49053e-11 3.15118e-11 -2.01162e-07 6.05847e-07 -0.00386754 -0.00128416 18.3679
0.00695 9.27017e-11 3.7502e-11 -2.39401e-07 5.9178e-07 -0.00377774 -0.00152827 22.0255
0.00696 9.01205e-11 4.33393e-11 -2.76665e-07 5.75302e-07 -0.00367256 -0.00176615 25.6831
0.00697 8.71721e-11 4.90002e-11 -3.12802e-07 5.56481e-07 -0.00355241 -0.00199684 29.3407
0.00698 8.38687e-11 5.44614e-11 -3.47665e-07 5.35392e-07 -0.00341779 -0.00221939 32.9983
0.00699 8.02236e-11 5.97008e-11 -3.81112e-07 5.12123e-07 -0.00326924 -0.0024329 36.6559
0.007 7.62516e-11 6.46969e-11 -4.13006e-07 4.86767e-07 -0.00310738 -0.0026365 40.3135
0.00701 7.19691e-11 6.94295e-11 -4.43217e-07 4.59429e-07 -0.00293286 -0.00282936 43.9711
0.00702 6.73933e-11 7.38792e-11 -4.71623e-07 4.30219e-07 -0.00274639 -0.0030107 47.6287
0.00703 6.2543e-11 7.8028e-11 -4.98108e-07 3.99256e-07 -0.00254873 -0.00317977 51.2862
0.00704 5.74379e-11 8.18589e-11 -5.22563e-07 3.66666e-07 -0.00234069 -0.00333588 54.9438
0.00705 5.20988e-11 8.53564e-11 -5.4489e-07 3.32583e-07 -0.00212311 -0.00347841 58.6014
0.00706 4.65475e-11 8.85061e-11 -5.64996e-07 2.97145e-07 -0.00189689 -0.00360677 62.259
0.00707 4.08066e-11 9.12953e-11 -5.82801e-07 2.60497e-07 -0.00166293 -0.00372043 65.9166
0.00708 3.48994e-11 9.37125e-11 -5.98232e-07 2.22787e-07 -0.00142221 -0.00381894 69.5742
0.00709 2.88501e-11 9.5748e-11 -6.11226e-07 1.8417e-07 -0.00117569 -0.00390189 73.2318
0.0071 2.26832e-11 9.73934e-11 -6.2173e-07 1.44803e-07 -0.000924377 -0.00396894 76.8894
0.00711 1.64239e-11 9.86421e-11 -6.29701e-07 1.04845e-07 -0.000669301 -0.00401982 80.547
0.00712 1.00977e-11 9.94889e-11 -6.35107e-07 6.44607e-08 -0.000411498 -0.00405433 84.2046
0.00713 3.73038e-12 9.99304e-11 -6.37926e-07 2.38136e-08 -0.000152019 -0.00407233 87.8622
0.00714 -2.65214e-12 9.99648e-11 -6.38145e-07 -1.69305e-08 0.000108079 -0.00407373 -88.4803
0.00715 -9.02386e-12 9.9592e-11 -6.35766e-07 -5.76056e-08 0.000367737 -0.00405854 -84.8227
0.00716 -1.53588e-11 9.88135e-11 -6.30796e-07 -9.80461e-08 0.000625897 -0.00402681 -81.1651
0.00717 -2.16312e-11 9.76324e-11 -6.23256e-07 -1.38087e-07 0.000881507 -0.00397868 -77.5075
0.00718 -2.78155e-11 9.60536e-11 -6.13178e-07 -1.77566e-07 0.00113353 -0.00391434 -73.8499
0.00719 -3.38864e-11 9.40835e-11 -6.00601e-07 -2.16321e-07 0.00138093 -0.00383406 -70.1923
0.0072 -3.98193e-11 9.17301e-11 -5.85578e-07 -2.54195e-07 0.0016227 -0.00373815 -66.5347
0.00721 -4.559e-11 8.90031e-11 -5.68169e-07 -2.91033e-07 0.00185787 -0.00362702 -62.8771
0.00722 -5.1175e-11 8.59134e-11 -5.48446e-07 -3.26686e-07 0.00208546 -0.00350111 -59.2195
0.00723 -5.65515e-11 8.24738e-11 -5.26488e-07 -3.61008e-07 0.00230457 -0.00336094 -55.5619
0.00724 -6.16976e-11 7.86982e-11 -5.02386e-07 -3.93859e-07 0.00251428 -0.00320708 -51.9044
0.00725 -6.65924e-11 7.4602e-11 -4.76237e-07 -4.25106e-07 0.00271375 -0.00304015 -48.2468
0.00726 -7.12159e-11 7.02018e-11 -4.48148e-07 -4.54621e-07 0.00290216 -0.00286084 -44.5892
0.00727 -7.55493e-11 6.55157e-11 -4.18233e-07 -4.82284e-07 0.00307875 -0.00266987 -40.9316
0.00728 -7.95749e-11 6.05627e-11 -3.86614e-07 -5.07982e-07 0.0032428 -0.00246803 -37.274
0.00729 -8.32763e-11 5.5363e-11 -3.53421e-07 -5.31611e-07 0.00339364 -0.00225613 -33.6164
0.0073 -8.66385e-11 4.99377e-11 -3.18787e-07 -5.53074e-07 0.00353066 -0.00203504 -29.9588
0.00731 -8.96477e-11 4.4309e-11 -2.82855e-07 -5.72284e-07 0.00365329 -0.00180566 -26.3012
0.00732 -9.22917e-11 3.84998e-11 -2.45771e-07 -5.89163e-07 0.00376104 -0.00156893 -22.6436
0.00733 -9.45598e-11 3.25338e-11 -2.07686e-07 -6.03641e-07 0.00385347 -0.0013258 -18.986
0.00734 -9.64426e-11 2.64352e-11 -1.68754e-07 -6.15661e-07 0.00393019 -0.00107728 -15.3284
0.00735 -9.79326e-11 2.02289e-11 -1.29135e-07 -6.25172e-07 0.00399091 -0.000824361 -11.6709
0.00736 -9.90236e-11 1.39402e-11 -8.89903e-08 -6.32137e-07 0.00403537 -0.000568087 -8.01326
0.00737 -9.97112e-11 7.59476e-12 -4.84827e-08 -6.36526e-07 0.00406339 -0.000309499 -4.35567
0.00738 -9.99926e-11 1.21835e-12 -7.77758e-09 -6.38323e-07 0.00407486 -4.96498e-05 -0.698081
0.00739 -9.98666e-11 -5.16302e-12 3.29592e-08 -6.37519e-07 0.00406973 0.000210402 2.95951
0.0074 -9.93338e-11 -1.15234e-11 7.35617e-08 -6.34117e-07 0.00404802 0.000469596 6.6171
0.00741 -9.83964e-11 -1.78368e-11 1.13865e-07 -6.28133e-07 0.00400981 0.000726877 10.2747
0.00742 -9.70581e-11 -2.40775e-11 1.53703e-07 -6.1959e-07 0.00395528 0.000981197 13.9323
0.00743 -9.53244e-11 -3.02201e-11 1.92916e-07 -6.08522e-07 0.00388462 0.00123152 17.5899
0.00744 -9.32024e-11 -3.62397e-11 2.31343e-07 -5.94976e-07 0.00379815 0.00147683 21.2475
0.00745 -9.07007e-11 -4.21116e-11 2.68828e-07 -5.79006e-07 0.0036962 0.00171612 24.9051
0.00746 -8.78295e-11 -4.78119e-11 3.05217e-07 -5.60677e-07 0.00357919 0.00194841 28.5626
0.00747 -8.46005e-11 -5.33175e-11 3.40363e-07 -5.40064e-07 0.00344761 0.00217278 32.2202
0.00748 -8.10269e-11 -5.86059e-11 3.74122e-07 -5.17251e-07 0.00330198 0.00238828 35.8778
0.00749 -7.71231e-11 -6.36555e-11 4.06358e-07 -4.92331e-07 0.00314289 0.00259407 39.5354
0.0075 -7.29052e-11 -6.84458e-11 4.36938e-07 -4.65405e-07 0.00297101 0.00278928 43.193
0.00751 -6.83903e-11 -7.29573e-11 4.65737e-07 -4.36583e-07 0.00278702 0.00297313 46.8506
0.00752 -6.35968e-11 -7.71715e-11 4.9264e-07 -4.05983e-07 0.00259167 0.00314487 50.5082
0.00753 -5.85442e-11 -8.10714e-11 5.17536e-07 -3.73729e-07 0.00238577 0.00330379 54.1658
0.00754 -5.32531e-11 -8.4641e-11 5.40323e-07 -3.39952e-07 0.00217015 0.00344926 57.8234
0.00755 -4.77451e-11 -8.78659e-11 5.60909e-07 -3.0479e-07 0.00194569 0.00358068 61.481
0.00756 -4.20425e-11 -9.07327e-11 5.7921e-07 -2.68387e-07 0.0017133 0.00369751 65.1386
0.00757 -3.61687e-11 -9.32299e-11 5.95152e-07 -2.3089e-07 0.00147393 0.00379927 68.7961
0.00758 -3.01476e-11 -9.53474e-11 6.08669e-07 -1.92453e-07 0.00122856 0.00388556 72.4537
0.00759 -2.40036e-11 -9.70764e-11 6.19707e-07 -1.53232e-07 0.000978186 0.00395602 76.1113
0.0076 -1.77619e-11 -9.84099e-11 6.2822e-07 -1.13386e-07 0.000723825 0.00401036 79.7689
0.00761 -1.14478e-11 -9.93426e-11 6.34173e-07 -7.30791e-08 0.000466515 0.00404837 83.4265
0.00762 -5.08702e-12 -9.98705e-11 6.37543e-07 -3.2474e-08 0.000207304 0.00406989 87.0841
0.00763 1.29445e-12 -9.99916e-11 6.38317e-07 8.26339e-09 -5.2751e-05 0.00407482 -89.2583
0.00764 7.67064e-12 -9.97054e-11 6.36489e-07 4.89671e-08 -0.000312591 0.00406316 -85.6007
0.00765 1.40156e-11 -9.90129e-11 6.32069e-07 8.94713e-08 -0.000571158 0.00403494 -81.9431
0.00766 2.03034e-11 -9.79172e-11 6.25074e-07 1.29611e-07 -0.000827398 0.00399028 -78.2855
0.00767 2.65086e-11 -9.64225e-11 6.15532e-07 1.69223e-07 -0.00108027 0.00392937 -74.628
0.00768 3.26057e-11 -9.4535e-11 6.03483e-07 2.08145e-07 -0.00132874 0.00385246 -70.9704
0.00769 3.857e-11 -9.22624e-11 5.88976e-07 2.4622e-07 -0.00157179 0.00375984 -67.3128
0.0077 4.43772e-11 -8.9614e-11 5.72069e-07 2.83291e-07 -0.00180844 0.00365191 -63.6552
0.00771 5.00036e-11 -8.66004e-11 5.52831e-07 3.19208e-07 -0.00203773 0.00352911 -59.9976
0.00772 5.54264e-11 -8.32341e-11 5.31342e-07 3.53825e-07 -0.00225871 0.00339193 -56.34
0.00773 6.06233e-11 -7.95287e-11 5.07688e-07 3.87001e-07 -0.0024705 0.00324093 -52.6824
0.00774 6.55732e-11 -7.54994e-11 4.81965e-07 4.186e-07 -0.00267221 0.00307672 -49.0248
0.00775 7.0256e-11 -7.11624e-11 4.5428e-07 4.48493e-07 -0.00286305 0.00289998 -45.3672
0.00776 7.46526e-11 -6.65356e-11 4.24743e-07 4.7656e-07 -0.00304222 0.00271143 -41.7096
0.00777 7.87451e-11 -6.16377e-11 3.93477e-07 5.02685e-07 -0.00320899 0.00251184 -38.052
0.00778 8.25168e-11 -5.64887e-11 3.60607e-07 5.26763e-07 -0.00336269 0.00230201 -34.3945
0.00779 8.59524e-11 -5.11096e-11 3.26268e-07 5.48694e-07 -0.0035027 0.0020828 -30.7369
0.0078 8.90378e-11 -4.55223e-11 2.90601e-07 5.6839e-07 -0.00362843 0.00185511 -27.0793
0.00781 9.17604e-11 -3.97495e-11 2.53749e-07 5.85771e-07 -0.00373939 0.00161986 -23.4217
0.00782 9.41093e-11 -3.38148e-11 2.15864e-07 6.00765e-07 -0.00383511 0.00137801 -19.7641
0.00783 9.60748e-11 -2.77424e-11 1.77099e-07 6.13313e-07 -0.0039152 0.00113055 -16.1065
0.00784 9.76489e-11 -2.15569e-11 1.37613e-07 6.23361e-07 -0.00397935 0.000878479 -12.4489
0.00785 9.88252e-11 -1.52836e-11 9.7566e-08 6.3087e-07 -0.00402729 0.000622832 -8.79132
0.00786 9.95989e-11 -8.94806e-12 5.71217e-08 6.35809e-07 -0.00405882 0.000364648 -5.13373
0.00787 9.99668e-11 -2.57606e-12 1.64448e-08 6.38158e-07 -0.00407381 0.000104979 -1.47614
0.00788 9.99275e-11 3.80643e-12 -2.42991e-08 6.37907e-07 -0.00407221 -0.000155118 2.18145
0.00789 9.94812e-11 1.01734e-11 -6.49441e-08 6.35058e-07 -0.00405402 -0.000414584 5.83904
0.0079 9.86295e-11 1.6499e-11 -1.05324e-07 6.29621e-07 -0.00401931 -0.00067236 9.49663
0.00791 9.73761e-11 2.27573e-11 -1.45276e-07 6.2162e-07 -0.00396823 -0.000927397 13.1542
0.00792 9.5726e-11 2.89229e-11 -1.84635e-07 6.11086e-07 -0.00390099 -0.00117866 16.8118
0.00793 9.36859e-11 3.49707e-11 -2.23243e-07 5.98063e-07 -0.00381785 -0.00142511 20.4694
0.00794 9.12642e-11 4.08761e-11 -2.6094e-07 5.82603e-07 -0.00371916 -0.00166577 24.127
0.00795 8.84706e-11 4.66149e-11 -2.97575e-07 5.6477e-07 -0.00360532 -0.00189963 27.7846
0.00796 8.53167e-11 5.21638e-11 -3.32998e-07 5.44636e-07 -0.00347679 -0.00212576 31.4422
0.00797 8.18152e-11 5.75002e-11 -3.67064e-07 5.22284e-07 -0.0033341 -0.00234323 35.0998
0.00798 7.79804e-11 6.26024e-11 -3.99635e-07 4.97804e-07 -0.00317783 -0.00255115 38.7574
0.00799 7.38279e-11 6.74495e-11 -4.30577e-07 4.71295e-07 -0.00300861 -0.00274868 42.415
0.008 6.93747e-11 7.20219e-11 -4.59766e-07 4.42867e-07 -0.00282713 -0.00293501 46.0725
0.00801 6.46389e-11 7.63008e-11 -4.87082e-07 4.12635e-07 -0.00263414 -0.00310938 49.7301
0.00802 5.96397e-11 8.0269e-11 -5.12413e-07 3.80722e-07 -0.00243041 -0.00327109 53.3877
0.00803 5.43976e-11 8.39101e-11 -5.35657e-07 3.47258e-07 -0.00221679 -0.00341947 57.0453
0.00804 4.89338e-11 8.72094e-11 -5.56719e-07 3.12379e-07 -0.00199413 -0.00355393 60.7029
0.00805 4.32707e-11 9.01534e-11 -5.75513e-07 2.76227e-07 -0.00176335 -0.0036739 64.3605
0.00806 3.74314e-11 9.27302e-11 -5.91962e-07 2.38951e-07 -0.00152539 -0.00377891 68.0181
0.00807 3.14395e-11 9.49292e-11 -6.06e-07 2.00701e-07 -0.00128121 -0.00386852 71.6757
0.00808 2.53196e-11 9.67415e-11 -6.17569e-07 1.61633e-07 -0.00103182 -0.00394237 75.3333
0.00809 1.90966e-11 9.81597e-11 -6.26622e-07 1.21907e-07 -0.000778216 -0.00400017 78.9909
0.0081 1.27957e-11 9.9178e-11 -6.33122e-07 8.16839e-08 -0.000521446 -0.00404166 82.6484
0.00811 6.44271e-12 9.97922e-11 -6.37044e-07 4.11283e-08 -0.000262551 -0.0040667 86.306
0.00812 6.34784e-14 1e-10 -6.3837e-07 4.05227e-10 -2.58685e-06 -0.00407516 89.9636
0.00813 -6.31601e-12 9.98003e-11 -6.37095e-07 -4.03195e-08 0.000257388 -0.00406703 -86.3788
0.00814 -1.26698e-11 9.91941e-11 -6.33226e-07 -8.08801e-08 0.000516314 -0.00404232 -82.7212
0.00815 -1.89719e-11 9.81838e-11 -6.26776e-07 -1.21111e-07 0.000773137 -0.00400115 -79.0636
0.00816 -2.51968e-11 9.67736e-11 -6.17773e-07 -1.60849e-07 0.00102681 -0.00394368 -75.406
0.00817 -3.1319e-11 9.4969e-11 -6.06254e-07 -1.99931e-07 0.0012763 -0.00387014 -71.7484
0.00818 -3.73136e-11 9.27777e-11 -5.92265e-07 -2.38199e-07 0.00152059 -0.00378084 -68.0908
0.00819 -4.31563e-11 9.02083e-11 -5.75863e-07 -2.75497e-07 0.00175869 -0.00367613 -64.4332
0.0082 -4.88231e-11 8.72715e-11 -5.57115e-07 -3.11672e-07 0.00198962 -0.00355645 -60.7756
0.00821 -5.4291e-11 8.39791e-11 -5.36097e-07 -3.46577e-07 0.00221245 -0.00342228 -57.1181
0.00822 -5.95377e-11 8.03446e-11 -5.12896e-07 -3.80071e-07 0.00242626 -0.00327417 -53.4605
0.00823 -6.45419e-11 7.63828e-11 -4.87605e-07 -4.12016e-07 0.00263019 -0.00311272 -49.8029
0.00824 -6.92832e-11 7.21099e-11 -4.60328e-07 -4.42283e-07 0.0028234 -0.0029386 -46.1453
0.00825 -7.37422e-11 6.75432e-11 -4.31175e-07 -4.70748e-07 0.00300512 -0.00275249 -42.4877
0.00826 -7.79009e-11 6.27013e-11 -4.00266e-07 -4.97296e-07 0.00317459 -0.00255518 -38.8301
0.00827 -8.17421e-11 5.7604e-11 -3.67727e-07 -5.21817e-07 0.00333112 -0.00234746 -35.1725
0.00828 -8.52504e-11 5.22721e-11 -3.33689e-07 -5.44213e-07 0.00347409 -0.00213017 -31.5149
0.00829 -8.84114e-11 4.67271e-11 -2.98292e-07 -5.64392e-07 0.00360291 -0.00190421 -27.8573
0.0083 -9.12122e-11 4.09919e-11 -2.6168e-07 -5.82271e-07 0.00371705 -0.00167049 -24.1997
0.00831 -9.36414e-11 3.50896e-11 -2.24002e-07 -5.97779e-07 0.00381604 -0.00142996 -20.5421
0.00832 -9.56892e-11 2.90444e-11 -1.85411e-07 -6.10851e-07 0.00389949 -0.00118361 -16.8846
0.00833 -9.73471e-11 2.28809e-11 -1.46065e-07 -6.21435e-07 0.00396705 -0.000932434 -13.227
0.00834 -9.86085e-11 1.66242e-11 -1.06124e-07 -6.29487e-07 0.00401846 -0.000677462 -9.56938
0.00835 -9.94682e-11 1.02997e-11 -6.57503e-08 -6.34975e-07 0.00405349 -0.00041973 -5.91178
0.00836 -9.99226e-11 3.9333e-12 -2.5109e-08 -6.37876e-07 0.00407201 -0.000160288 -2.25419
0.00837 -9.997e-11 -2.44914e-12 1.56346e-08 -6.38179e-07 0.00407394 9.98066e-05 1.4034
0.00838 -9.96101e-11 -8.82161e-12 5.63145e-08 -6.35881e-07 0.00405927 0.000359495 5.06099
0.00839 -9.88445e-11 -1.51581e-11 9.6765e-08 -6.30994e-07 0.00402807 0.000617719 8.71858
0.0084 -9.76762e-11 -2.14329e-11 1.36821e-07 -6.23535e-07 0.00398046 0.000873426 12.3762
0.00841 -9.61099e-11 -2.76204e-11 1.7632e-07 -6.13537e-07 0.00391664 0.00112557 16.0338
0.00842 -9.41521e-11 -3.36953e-11 2.15101e-07 -6.01039e-07 0.00383685 0.00137314 19.6913
0.00843 -9.18108e-11 -3.9633e-11 2.53005e-07 -5.86093e-07 0.00374144 0.00161511 23.3489
0.00844 -8.90955e-11 -4.54092e-11 2.89879e-07 -5.68759e-07 0.00363079 0.0018505 27.0065
0.00845 -8.60172e-11 -5.10004e-11 3.25571e-07 -5.49108e-07 0.00350534 0.00207835 30.6641
0.00846 -8.25885e-11 -5.63839e-11 3.59938e-07 -5.2722e-07 0.00336561 0.00229774 34.3217
0.00847 -7.88233e-11 -6.15377e-11 3.92838e-07 -5.03184e-07 0.00321218 0.00250776 37.9793
0.00848 -7.4737e-11 -6.64408e-11 4.24138e-07 -4.77099e-07 0.00304566 0.00270757 41.6369
0.00849 -7.03463e-11 -7.10732e-11 4.5371e-07 -4.4907e-07 0.00286673 0.00289635 45.2945
0.0085 -6.5669e-11 -7.54161e-11 4.81433e-07 -4.19211e-07 0.00267612 0.00307333 48.9521
0.00851 -6.07242e-11 -7.94517e-11 5.07196e-07 -3.87645e-07 0.00247461 0.00323779 52.6097
0.00852 -5.5532e-11 -8.31637e-11 5.30892e-07 -3.54499e-07 0.00226302 0.00338906 56.2673
0.00853 -5.01136e-11 -8.65369e-11 5.52425e-07 -3.1991e-07 0.00204221 0.00352652 59.9248
0.00854 -4.4491e-11 -8.95575e-11 5.71708e-07 -2.84017e-07 0.00181308 0.00364962 63.5824
0.00855 -3.86871e-11 -9.22134e-11 5.88662e-07 -2.46967e-07 0.00157656 0.00375784 67.24
0.00856 -3.27257e-11 -9.44935e-11 6.03218e-07 -2.08911e-07 0.00133363 0.00385077 70.8976
0.00857 -2.6631e-11 -9.63888e-11 6.15317e-07 -1.70004e-07 0.00108526 0.003928 74.5552
0.00858 -2.04277e-11 -9.78913e-11 6.24909e-07 -1.30405e-07 0.000832463 0.00398923 78.2128
0.00859 -1.41413e-11 -9.89951e-11 6.31955e-07 -9.02737e-08 0.00057628 0.00403421 81.8704
0.0086 -7.79722e-12 -9.96956e-11 6.36427e-07 -4.97751e-08 0.000317749 0.00406276 85.528
0.00861 -1.4214e-12 -9.99899e-11 6.38306e-07 -9.07377e-09 5.79242e-05 0.00407475 89.1856
0.00862 4.96022e-12 -9.98769e-11 6.37584e-07 3.16646e-08 -0.000202137 0.00407015 -87.1568
0.00863 1.13216e-11 -9.9357e-11 6.34266e-07 7.22739e-08 -0.000461375 0.00404896 -83.4992
0.00864 1.76369e-11 -9.84324e-11 6.28363e-07 1.12589e-07 -0.000718733 0.00401128 -79.8417
0.00865 2.38804e-11 -9.71068e-11 6.19901e-07 1.52445e-07 -0.000973163 0.00395726 -76.1841
0.00866 3.00265e-11 -9.53856e-11 6.08913e-07 1.9168e-07 -0.00122363 0.00388712 -72.5265
0.00867 3.60503e-11 -9.32758e-11 5.95445e-07 2.30135e-07 -0.00146911 0.00380114 -68.8689
0.00868 4.19273e-11 -9.0786e-11 5.79551e-07 2.67651e-07 -0.00170861 0.00369968 -65.2113
0.00869 4.76335e-11 -8.79264e-11 5.61296e-07 3.04078e-07 -0.00194114 0.00358314 -61.5537
0.0087 5.31456e-11 -8.47086e-11 5.40754e-07 3.39266e-07 -0.00216577 0.00345201 -57.8961
0.00871 5.84412e-11 -8.11457e-11 5.1801e-07 3.73071e-07 -0.00238157 0.00330682 -54.2385
0.00872 6.34988e-11 -7.72522e-11 4.93155e-07 4.05357e-07 -0.00258768 0.00314815 -50.5809
0.00873 6.82976e-11 -7.30441e-11 4.66291e-07 4.35992e-07 -0.00278324 0.00297666 -46.9233
0.00874 7.28183e-11 -6.85383e-11 4.37528e-07 4.6485e-07 -0.00296746 0.00279305 -43.2657
0.00875 7.70422e-11 -6.37534e-11 4.06982e-07 4.91815e-07 -0.0031396 0.00259805 -39.6082
0.00876 8.09524e-11 -5.87087e-11 3.74779e-07 5.16776e-07 -0.00329894 0.00239248 -35.9506
0.00877 8.45327e-11 -5.34249e-11 3.41048e-07 5.39632e-07 -0.00344485 0.00217715 -32.293
0.00878 8.77687e-11 -4.79234e-11 3.05929e-07 5.60289e-07 -0.00357672 0.00195296 -28.6354
0.00879 9.06472e-11 -4.22267e-11 2.69563e-07 5.78664e-07 -0.00369402 0.00172081 -24.9778
0.0088 9.31563e-11 -3.6358e-11 2.32098e-07 5.94682e-07 -0.00379627 0.00148165 -21.3202
0.00881 9.5286e-11 -3.03411e-11 1.93689e-07 6.08277e-07 -0.00388306 0.00123645 -17.6626
0.00882 9.70275e-11 -2.42007e-11 1.5449e-07 6.19394e-07 -0.00395403 0.000986218 -14.005
0.00883 9.83737e-11 -1.79617e-11 1.14662e-07 6.27988e-07 -0.00400889 0.000731967 -10.3474
0.00884 9.93191e-11 -1.16495e-11 7.43667e-08 6.34024e-07 -0.00404742 0.000474735 -6.68984
0.00885 9.986e-11 -5.28981e-12 3.37685e-08 6.37476e-07 -0.00406946 0.000215568 -3.03225
0.00886 9.9994e-11 1.0914e-12 -6.96718e-09 6.38332e-07 -0.00407492 -4.44764e-05 0.62534
0.00887 9.97207e-11 7.46816e-12 -4.76745e-08 6.36587e-07 -0.00406378 -0.00030434 4.28293
0.00888 9.90412e-11 1.38145e-11 -8.81876e-08 6.32249e-07 -0.00403609 -0.000562963 7.94052
0.00889 9.79582e-11 2.01046e-11 -1.28342e-07 6.25336e-07 -0.00399196 -0.000819294 11.5981
0.0089 9.64761e-11 2.63127e-11 -1.67973e-07 6.15875e-07 -0.00393156 -0.00107229 15.2557
0.00891 9.4601e-11 3.24137e-11 -2.06919e-07 6.03905e-07 -0.00385515 -0.00132091 18.9133
0.00892 9.23405e-11 3.83826e-11 -2.45023e-07 5.89474e-07 -0.00376303 -0.00156415 22.5709
0.00893 8.97039e-11 4.41952e-11 -2.82129e-07 5.72643e-07 -0.00365558 -0.00180103 26.2285
0.00894 8.67018e-11 4.98277e-11 -3.18085e-07 5.53478e-07 -0.00353324 -0.00203056 29.8861
0.00895 8.33465e-11 5.52572e-11 -3.52746e-07 5.32059e-07 -0.00339651 -0.00225182 33.5437
0.00896 7.96517e-11 6.04616e-11 -3.85969e-07 5.08472e-07 -0.00324594 -0.00246391 37.2012
0.00897 7.56324e-11 6.54198e-11 -4.1762e-07 4.82814e-07 -0.00308214 -0.00266596 40.8588
0.00898 7.13049e-11 7.01114e-11 -4.4757e-07 4.55189e-07 -0.00290579 -0.00285715 44.5164
0.00899 6.6687e-11 7.45174e-11 -4.75697e-07 4.2571e-07 -0.00271761 -0.0030367 48.174
0.009 6.17975e-11 7.86198e-11 -5.01885e-07 3.94497e-07 -0.00251835 -0.00320388 51.8316
0.00901 5.66562e-11 8.24019e-11 -5.26029e-07 3.61676e-07 -0.00230883 -0.00335801 55.4892
0.00902 5.1284e-11 8.58484e-11 -5.4803e-07 3.27382e-07 -0.00208991 -0.00349846 59.1468
0.00903 4.5703e-11 8.89451e-11 -5.67799e-07 2.91754e-07 -0.00186247 -0.00362466 62.8044
0.00904 3.99358e-11 9.16795e-11 -5.85255e-07 2.54938e-07 -0.00162745 -0.00373609 66.462
0.00905 3.40058e-11 9.40404e-11 -6.00326e-07 2.17083e-07 -0.00138579 -0.0038323 70.1196
0.00906 2.79374e-11 9.60182e-11 -6.12952e-07 1.78344e-07 -0.00113849 -0.0039129 73.7772
0.00907 2.17551e-11 9.76049e-11 -6.2308e-07 1.38878e-07 -0.000886557 -0.00397756 77.4347
0.00908 1.54843e-11 9.87939e-11 -6.30671e-07 9.88468e-08 -0.000631009 -0.00402601 81.0923
0.00909 9.15029e-12 9.95805e-11 -6.35692e-07 5.84127e-08 -0.000372889 -0.00405807 84.7499
0.0091 2.77905e-12 9.99614e-11 -6.38123e-07 1.77406e-08 -0.000113251 -0.00407359 88.4075
0.00911 -3.60351e-12 9.99351e-11 -6.37955e-07 -2.30037e-08 0.000146849 -0.00407252 -87.9349
0.00912 -9.97139e-12 9.95016e-11 -6.35188e-07 -6.36544e-08 0.00040635 -0.00405485 -84.2773
0.00913 -1.62987e-11 9.86628e-11 -6.29834e-07 -1.04046e-07 0.000664197 -0.00402067 -80.6197
0.00914 -2.25595e-11 9.74221e-11 -6.21914e-07 -1.44013e-07 0.000919337 -0.00397011 -76.9621
0.00915 -2.87285e-11 9.57845e-11 -6.1146e-07 -1.83394e-07 0.00117073 -0.00390337 -73.3045
0.00916 -3.47804e-11 9.37567e-11 -5.98515e-07 -2.22028e-07 0.00141736 -0.00382074 -69.6469
0.00917 -4.06906e-11 9.1347e-11 -5.83132e-07 -2.59757e-07 0.00165821 -0.00372254 -65.9893
0.00918 -4.64351e-11 8.85651e-11 -5.65373e-07 -2.96428e-07 0.00189231 -0.00360917 -62.3318
0.00919 -5.19904e-11 8.54225e-11 -5.45311e-07 -3.31891e-07 0.00211869 -0.0034811 -58.6742
0.0092 -5.73339e-11 8.19318e-11 -5.23028e-07 -3.66003e-07 0.00233645 -0.00333885 -55.0166
0.00921 -6.24439e-11 7.81074e-11 -4.98614e-07 -3.98623e-07 0.00254469 -0.003183 -51.359
0.00922 -6.72994e-11 7.39647e-11 -4.72169e-07 -4.29619e-07 0.00274256 -0.00301418 -47.7014
0.00923 -7.18808e-11 6.95208e-11 -4.438e-07 -4.58866e-07 0.00292926 -0.00283309 -44.0438
0.00924 -7.61694e-11 6.47937e-11 -4.13623e-07 -4.86243e-07 0.00310403 -0.00264045 -40.3862
0.00925 -8.01477e-11 5.98026e-11 -3.81762e-07 -5.11639e-07 0.00326615 -0.00243705 -36.7286
0.00926 -8.37995e-11 5.45678e-11 -3.48345e-07 -5.34951e-07 0.00341496 -0.00222373 -33.071
0.00927 -8.71099e-11 4.91108e-11 -3.13509e-07 -5.56083e-07 0.00354987 -0.00200135 -29.4134
0.00928 -9.00654e-11 4.34537e-11 -2.77396e-07 -5.7495e-07 0.00367031 -0.00177081 -25.7559
0.00929 -9.2654e-11 3.76196e-11 -2.40152e-07 -5.91475e-07 0.0037758 -0.00153306 -22.0983
0.0093 -9.48652e-11 3.16323e-11 -2.01931e-07 -6.05591e-07 0.00386591 -0.00128907 -18.4407
0.00931 -9.66899e-11 2.5516e-11 -1.62887e-07 -6.17239e-07 0.00394027 -0.00103982 -14.7831
0.00932 -9.81207e-11 1.92958e-11 -1.23179e-07 -6.26373e-07 0.00399858 -0.000786337 -11.1255
0.00933 -9.91518e-11 1.29971e-11 -8.29694e-08 -6.32955e-07 0.0040406 -0.000529652 -7.4679
0.00934 -9.9779e-11 6.64534e-12 -4.24219e-08 -6.36959e-07 0.00406615 -0.000270808 -3.81031
0.00935 -9.99996e-11 2.66542e-13 -1.70152e-09 -6.38368e-07 0.00407515 -1.0862e-05 -0.152717
0.00936 -9.9813e-11 -6.11334e-12 3.90258e-08 -6.37176e-07 0.00406754 0.000249129 3.50487
0.00937 -9.92197e-11 -1.24683e-11 7.9594e-08 -6.33389e-07 0.00404336 0.000508105 7.16246
0.00938 -9.82222e-11 -1.87725e-11 1.19838e-07 -6.27021e-07 0.00400271 0.00076501 10.8201
0.00939 -9.68245e-11 -2.50002e-11 1.59594e-07 -6.18099e-07 0.00394576 0.0010188 14.4776
0.0094 -9.50324e-11 -3.11261e-11 1.987e-07 -6.06659e-07 0.00387273 0.00126844 18.1352
0.00941 -9.28532e-11 -3.71252e-11 2.36996e-07 -5.92747e-07 0.00378392 0.00151291 21.7928
0.00942 -9.02958e-11 -4.2973e-11 2.74327e-07 -5.76421e-07 0.0036797 0.00175122 25.4504
0.00943 -8.73704e-11 -4.86458e-11 3.1054e-07 -5.57747e-07 0.00356049 0.00198239 29.108
0.00944 -8.40892e-11 -5.41203e-11 3.45488e-07 -5.368e-07 0.00342677 0.00220549 32.7656
0.00945 -8.04654e-11 -5.93745e-11 3.79029e-07 -5.13667e-07 0.00327909 0.00241961 36.4232
0.00946 -7.65137e-11 -6.43867e-11 4.11025e-07 -4.88441e-07 0.00311806 0.00262386 40.0808
0.00947 -7.22504e-11 -6.91366e-11 4.41348e-07 -4.61225e-07 0.00294432 0.00281743 43.7384
0.00948 -6.76928e-11 -7.36049e-11 4.69872e-07 -4.3213e-07 0.00275859 0.00299952 47.396
0.00949 -6.28594e-11 -7.77734e-11 4.96482e-07 -4.01275e-07 0.00256162 0.00316939 51.0536
0.0095 -5.77699e-11 -8.1625e-11 5.21069e-07 -3.68786e-07 0.00235422 0.00332635 54.7111
0.00951 -5.24451e-11 -8.51441e-11 5.43534e-07 -3.34794e-07 0.00213722 0.00346976 58.3687
0.00952 -4.69066e-11 -8.83163e-11 5.63785e-07 -2.99438e-07 0.00191152 0.00359903 62.0263
0.00953 -4.1177e-11 -9.11288e-11 5.81739e-07 -2.62862e-07 0.00167803 0.00371365 65.6839
0.00954 -3.52797e-11 -9.357e-11 5.97323e-07 -2.25215e-07 0.00143771 0.00381313 69.3415
0.00955 -2.92387e-11 -9.563e-11 6.10473e-07 -1.86651e-07 0.00119152 0.00389708 72.9991
0.00956 -2.30785e-11 -9.73005e-11 6.21137e-07 -1.47326e-07 0.000940488 0.00396515 76.6567
0.00957 -1.68244e-11 -9.85745e-11 6.2927e-07 -1.07402e-07 0.000685621 0.00401707 80.3143
0.00958 -1.05017e-11 -9.9447e-11 6.3484e-07 -6.70395e-08 0.00042796 0.00405263 83.9719
0.00959 -4.13619e-12 -9.99144e-11 6.37824e-07 -2.64042e-08 0.000168557 0.00407168 87.6295
0.0096 2.24614e-12 -9.99748e-11 6.38209e-07 1.43387e-08 -9.15337e-05 0.00407413 -88.713
0.00961 8.61932e-12 -9.96278e-11 6.35994e-07 5.50231e-08 -0.000351251 0.00406 -85.0554
0.00962 1.49574e-11 -9.88751e-11 6.31189e-07 9.54835e-08 -0.000609538 0.00402932 -81.3978
0.00963 2.12345e-11 -9.77195e-11 6.23812e-07 1.35555e-07 -0.000865341 0.00398223 -77.7402
0.00964 2.74251e-11 -9.61658e-11 6.13894e-07 1.75074e-07 -0.00111762 0.00391891 -74.0826
0.00965 3.35041e-11 -9.42204e-11 6.01475e-07 2.1388e-07 -0.00136534 0.00383963 -70.425
0.00966 3.94465e-11 -9.18911e-11 5.86605e-07 2.51814e-07 -0.00160751 0.00374471 -66.7674
0.00967 4.52282e-11 -8.91875e-11 5.69346e-07 2.88723e-07 -0.00184312 0.00363454 -63.1098
0.00968 5.08257e-11 -8.61206e-11 5.49768e-07 3.24456e-07 -0.00207123 0.00350955 -59.4522
0.00969 5.62161e-11 -8.27028e-11 5.2795e-07 3.58867e-07 -0.0022909 0.00337027 -55.7946
0.0097 6.13775e-11 -7.89481e-11 5.03981e-07 3.91815e-07 -0.00250123 0.00321726 -52.137
0.00971 6.62889e-11 -7.48718e-11 4.77959e-07 4.23168e-07 -0.00270138 0.00305115 -48.4795
0.00972 7.09302e-11 -7.04905e-11 4.4999e-07 4.52797e-07 -0.00289052 0.0028726 -44.8219
0.00973 7.52826e-11 -6.5822e-11 4.20188e-07 4.80581e-07 -0.00306789 0.00268235 -41.1643
0.00974 7.93282e-11 -6.08854e-11 3.88674e-07 5.06408e-07 -0.00323275 0.00248118 -37.5067
0.00975 8.30508e-11 -5.57007e-11 3.55577e-07 5.30171e-07 -0.00338445 0.0022699 -33.8491
0.00976 8.64349e-11 -5.02892e-11 3.21031e-07 5.51775e-07 -0.00352236 0.00204937 -30.1915
0.00977 8.9467e-11 -4.46727e-11 2.85177e-07 5.71131e-07 -0.00364593 0.00182049 -26.5339
0.00978 9.21346e-11 -3.88743e-11 2.48162e-07 5.8816e-07 -0.00375464 0.00158419 -22.8763
0.00979 9.44269e-11 -3.29175e-11 2.10136e-07 6.02793e-07 -0.00384805 0.00134144 -19.2187
0.0098 9.63345e-11 -2.68266e-11 1.71253e-07 6.1497e-07 -0.00392579 0.00109323 -15.5611
0.00981 9.78496e-11 -2.06265e-11 1.31673e-07 6.24643e-07 -0.00398753 0.000840562 -11.9035
0.00982 9.89662e-11 -1.43423e-11 9.15568e-08 6.3177e-07 -0.00403303 0.000584471 -8.24596
0.00983 9.96795e-11 -7.99965e-12 5.10674e-08 6.36324e-07 -0.0040621 0.000325999 -4.58836
0.00984 9.99868e-11 -1.62444e-12 1.03699e-08 6.38286e-07 -0.00407462 6.61984e-05 -0.930774
0.00985 9.98868e-11 4.7574e-12 -3.03698e-08 6.37647e-07 -0.00407055 -0.000193872 2.72682
0.00986 9.93798e-11 1.11198e-11 -7.09858e-08 6.34411e-07 -0.00404989 -0.000453152 6.38441
0.00987 9.8468e-11 1.7437e-11 -1.11313e-07 6.2859e-07 -0.00401273 -0.000710586 10.042
0.00988 9.71551e-11 2.36831e-11 -1.51186e-07 6.20209e-07 -0.00395923 -0.000965126 13.6996
0.00989 9.54464e-11 2.98328e-11 -1.90443e-07 6.09301e-07 -0.00388959 -0.00121573 17.3572
0.0099 9.33488e-11 3.58609e-11 -2.28925e-07 5.95911e-07 -0.00380412 -0.00146139 21.0148
0.00991 9.0871e-11 4.17429e-11 -2.66474e-07 5.80093e-07 -0.00370314 -0.00170109 24.6724
0.00992 8.80229e-11 4.74548e-11 -3.02937e-07 5.61912e-07 -0.00358708 -0.00193386 28.33
0.00993 8.48163e-11 5.29735e-11 -3.38167e-07 5.41442e-07 -0.0034564 -0.00215876 31.9875
0.00994 8.12642e-11 5.82763e-11 -3.72019e-07 5.18766e-07 -0.00331165 -0.00237486 35.6451
0.00995 7.7381e-11 6.33418e-11 -4.04355e-07 4.93977e-07 -0.0031534 -0.00258128 39.3027
0.00996 7.31826e-11 6.81492e-11 -4.35044e-07 4.67176e-07 -0.00298231 -0.00277719 42.9603
0.00997 6.8686e-11 7.26789e-11 -4.63961e-07 4.38471e-07 -0.00279907 -0.00296178 46.6179
0.00998 6.39097e-11 7.69126e-11 -4.90987e-07 4.0798e-07 -0.00260442 -0.00313431 50.2755
0.00999 5.8873e-11 8.0833e-11 -5.16014e-07 3.75827e-07 -0.00239917 -0.00329408 53.9331
0.01 5.35964e-11 8.44241e-11 -5.38938e-07 3.42143e-07 -0.00218414 -0.00344042 57.5907
