t x y vx vy ax ay theta_deg
0 1 0 -0 2 -4 -0 0
0.01 0.9998 0.0199987 -0.0399973 1.9996 -3.9992 -0.0799947 1.14592
0.02 0.9992 0.0399893 -0.0799787 1.9984 -3.9968 -0.159957 2.29183
0.03 0.998201 0.059964 -0.119928 1.9964 -3.9928 -0.239856 3.43775
0.04 0.996802 0.0799147 -0.159829 1.9936 -3.98721 -0.319659 4.58366
0.05 0.995004 0.0998334 -0.199667 1.99001 -3.98002 -0.399334 5.72958
0.06 0.992809 0.119712 -0.239424 1.98562 -3.97123 -0.478849 6.87549
0.07 0.990216 0.139543 -0.279086 1.98043 -3.96086 -0.558172 8.02141
0.08 0.987227 0.159318 -0.318636 1.97445 -3.94891 -0.637273 9.16732
0.09 0.983844 0.17903 -0.358059 1.96769 -3.93537 -0.716118 10.3132
0.1 0.980067 0.198669 -0.397339 1.96013 -3.92027 -0.794677 11.4592
0.11 0.975897 0.21823 -0.436459 1.95179 -3.90359 -0.872918 12.6051
0.12 0.971338 0.237703 -0.475405 1.94268 -3.88535 -0.950811 13.751
0.13 0.96639 0.257081 -0.514161 1.93278 -3.86556 -1.02832 14.8969
0.14 0.961055 0.276356 -0.552711 1.92211 -3.84422 -1.10542 16.0428
0.15 0.955336 0.29552 -0.59104 1.91067 -3.82135 -1.18208 17.1887
0.16 0.949235 0.314567 -0.629133 1.89847 -3.79694 -1.25827 18.3346
0.17 0.942755 0.333487 -0.666974 1.88551 -3.77102 -1.33395 19.4806
0.18 0.935897 0.352274 -0.704548 1.87179 -3.74359 -1.4091 20.6265
0.19 0.928665 0.37092 -0.741841 1.85733 -3.71466 -1.48368 21.7724
0.2 0.921061 0.389418 -0.778837 1.84212 -3.68424 -1.55767 22.9183
0.21 0.913089 0.40776 -0.815521 1.82618 -3.65236 -1.63104 24.0642
0.22 0.904752 0.425939 -0.851879 1.8095 -3.61901 -1.70376 25.2101
0.23 0.896052 0.443948 -0.887896 1.7921 -3.58421 -1.77579 26.3561
0.24 0.886995 0.461779 -0.923558 1.77399 -3.54798 -1.84712 27.502
0.25 0.877583 0.479426 -0.958851 1.75517 -3.51033 -1.9177 28.6479
0.26 0.867819 0.49688 -0.99376 1.73564 -3.47128 -1.98752 29.7938
0.27 0.857709 0.514136 -1.02827 1.71542 -3.43083 -2.05654 30.9397
0.28 0.847255 0.531186 -1.06237 1.69451 -3.38902 -2.12474 32.0856
0.29 0.836463 0.548024 -1.09605 1.67293 -3.34585 -2.1921 33.2316
0.3 0.825336 0.564642 -1.12928 1.65067 -3.30134 -2.25857 34.3775
0.31 0.813878 0.581035 -1.16207 1.62776 -3.25551 -2.32414 35.5234
0.32 0.802096 0.597195 -1.19439 1.60419 -3.20838 -2.38878 36.6693
0.33 0.789992 0.613117 -1.22623 1.57998 -3.15997 -2.45247 37.8152
0.34 0.777573 0.628793 -1.25759 1.55515 -3.11029 -2.51517 38.9611
0.35 0.764842 0.644218 -1.28844 1.52968 -3.05937 -2.57687 40.107
0.36 0.751806 0.659385 -1.31877 1.50361 -3.00722 -2.63754 41.253
0.37 0.738469 0.674288 -1.34858 1.47694 -2.95387 -2.69715 42.3989
0.38 0.724836 0.688921 -1.37784 1.44967 -2.89934 -2.75569 43.5448
0.39 0.710914 0.703279 -1.40656 1.42183 -2.84365 -2.81312 44.6907
0.4 0.696707 0.717356 -1.43471 1.39341 -2.78683 -2.86942 45.8366
0.41 0.682221 0.731146 -1.46229 1.36444 -2.72888 -2.92458 46.9825
0.42 0.667463 0.744643 -1.48929 1.33493 -2.66985 -2.97857 48.1285
0.43 0.652437 0.757843 -1.51569 1.30487 -2.60975 -3.03137 49.2744
0.44 0.637151 0.770739 -1.54148 1.2743 -2.5486 -3.08296 50.4203
0.45 0.62161 0.783327 -1.56665 1.24322 -2.48644 -3.13331 51.5662
0.46 0.60582 0.795602 -1.5912 1.21164 -2.42328 -3.18241 52.7121
0.47 0.589788 0.807558 -1.61512 1.17958 -2.35915 -3.23023 53.858
0.48 0.57352 0.819192 -1.63838 1.14704 -2.29408 -3.27677 55.0039
0.49 0.557023 0.830497 -1.66099 1.11405 -2.22809 -3.32199 56.1499
0.5 0.540302 0.841471 -1.68294 1.0806 -2.16121 -3.36588 57.2958
0.51 0.523366 0.852108 -1.70422 1.04673 -2.09346 -3.40843 58.4417
0.52 0.50622 0.862404 -1.72481 1.01244 -2.02488 -3.44962 59.5876
0.53 0.488872 0.872355 -1.74471 0.977744 -1.95549 -3.48942 60.7335
0.54 0.471328 0.881958 -1.76392 0.942657 -1.88531 -3.52783 61.8794
0.55 0.453596 0.891207 -1.78241 0.907192 -1.81438 -3.56483 63.0254
0.56 0.435682 0.9001 -1.8002 0.871365 -1.74273 -3.6004 64.1713
0.57 0.417595 0.908633 -1.81727 0.835189 -1.67038 -3.63453 65.3172
0.58 0.39934 0.916803 -1.83361 0.798679 -1.59736 -3.66721 66.4631
0.59 0.380925 0.924606 -1.84921 0.76185 -1.5237 -3.69842 67.609
0.6 0.362358 0.932039 -1.86408 0.724716 -1.44943 -3.72816 68.7549
0.61 0.343646 0.939099 -1.8782 0.687291 -1.37458 -3.7564 69.9009
0.62 0.324796 0.945784 -1.89157 0.649593 -1.29919 -3.78314 71.0468
0.63 0.305817 0.95209 -1.90418 0.611634 -1.22327 -3.80836 72.1927
0.64 0.286715 0.958016 -1.91603 0.57343 -1.14686 -3.83206 73.3386
0.65 0.267499 0.963558 -1.92712 0.534998 -1.07 -3.85423 74.4845
0.66 0.248175 0.968715 -1.93743 0.496351 -0.992702 -3.87486 75.6304
0.67 0.228753 0.973485 -1.94697 0.457506 -0.915011 -3.89394 76.7763
0.68 0.209239 0.977865 -1.95573 0.418477 -0.836955 -3.91146 77.9223
0.69 0.189641 0.981854 -1.96371 0.379282 -0.758563 -3.92741 79.0682
0.7 0.169967 0.98545 -1.9709 0.339934 -0.679869 -3.9418 80.2141
0.71 0.150225 0.988652 -1.9773 0.300451 -0.600902 -3.95461 81.36
0.72 0.130424 0.991458 -1.98292 0.260847 -0.521695 -3.96583 82.5059
0.73 0.11057 0.993868 -1.98774 0.22114 -0.442279 -3.97547 83.6518
0.74 0.0906716 0.995881 -1.99176 0.181343 -0.362686 -3.98352 84.7978
0.75 0.0707372 0.997495 -1.99499 0.141474 -0.282949 -3.98998 85.9437
0.76 0.0507745 0.99871 -1.99742 0.101549 -0.203098 -3.99484 87.0896
0.77 0.0307915 0.999526 -1.99905 0.0615829 -0.123166 -3.9981 88.2355
0.78 0.0107961 0.999942 -1.99988 0.0215922 -0.0431845 -3.99977 89.3814
0.79 -0.00920354 0.999958 -1.99992 -0.0184071 0.0368142 -3.99983 -89.4727
0.8 -0.0291995 0.999574 -1.99915 -0.058399 0.116798 -3.99829 -88.3268
0.81 -0.0491838 0.99879 -1.99758 -0.0983676 0.196735 -3.99516 -87.1808
0.82 -0.0691484 0.997606 -1.99521 -0.138297 0.276594 -3.99043 -86.0349
0.83 -0.0890854 0.996024 -1.99205 -0.178171 0.356342 -3.9841 -84.889
0.84 -0.108987 0.994043 -1.98809 -0.217974 0.435947 -3.97617 -83.7431
0.85 -0.128844 0.991665 -1.98333 -0.257689 0.515378 -3.96666 -82.5972
0.86 -0.148651 0.98889 -1.97778 -0.297301 0.594603 -3.95556 -81.4513
0.87 -0.168397 0.985719 -1.97144 -0.336795 0.67359 -3.94288 -80.3053
0.88 -0.188077 0.982154 -1.96431 -0.376154 0.752307 -3.92862 -79.1594
0.89 -0.207681 0.978197 -1.95639 -0.415362 0.830724 -3.91279 -78.0135
0.9 -0.227202 0.973848 -1.9477 -0.454404 0.908808 -3.89539 -76.8676
0.91 -0.246632 0.969109 -1.93822 -0.493265 0.986529 -3.87644 -75.7217
0.92 -0.265964 0.963983 -1.92797 -0.531928 1.06386 -3.85593 -74.5758
0.93 -0.285189 0.958471 -1.91694 -0.570378 1.14076 -3.83389 -73.4299
0.94 -0.3043 0.952576 -1.90515 -0.6086 1.2172 -3.8103 -72.2839
0.95 -0.32329 0.9463 -1.8926 -0.646579 1.29316 -3.7852 -71.138
0.96 -0.34215 0.939645 -1.87929 -0.684299 1.3686 -3.75858 -69.9921
0.97 -0.360873 0.932615 -1.86523 -0.721746 1.44349 -3.73046 -68.8462
0.98 -0.379452 0.925212 -1.85042 -0.758904 1.51781 -3.70085 -67.7003
0.99 -0.397879 0.917438 -1.83488 -0.795758 1.59152 -3.66975 -66.5544
1 -0.416147 0.909297 -1.81859 -0.832294 1.66459 -3.63719 -65.4084
1.01 -0.434248 0.900793 -1.80159 -0.868497 1.73699 -3.60317 -64.2625
1.02 -0.452176 0.891929 -1.78386 -0.904352 1.8087 -3.56771 -63.1166
1.03 -0.469923 0.882707 -1.76541 -0.939846 1.87969 -3.53083 -61.9707
1.04 -0.487482 0.873133 -1.74627 -0.974964 1.94993 -3.49253 -60.8248
1.05 -0.504846 0.863209 -1.72642 -1.00969 2.01938 -3.45284 -59.6789
1.06 -0.522008 0.85294 -1.70588 -1.04402 2.08803 -3.41176 -58.5329
1.07 -0.538961 0.84233 -1.68466 -1.07792 2.15585 -3.36932 -57.387
1.08 -0.555699 0.831383 -1.66277 -1.1114 2.2228 -3.32553 -56.2411
1.09 -0.572215 0.820104 -1.64021 -1.14443 2.28886 -3.28042 -55.0952
1.1 -0.588501 0.808496 -1.61699 -1.177 2.354 -3.23399 -53.9493
1.11 -0.604552 0.796565 -1.59313 -1.2091 2.41821 -3.18626 -52.8034
1.12 -0.620362 0.784316 -1.56863 -1.24072 2.48145 -3.13726 -51.6575
1.13 -0.635923 0.771753 -1.54351 -1.27185 2.54369 -3.08701 -50.5115
1.14 -0.65123 0.758881 -1.51776 -1.30246 2.60492 -3.03552 -49.3656
1.15 -0.666276 0.745705 -1.49141 -1.33255 2.6651 -2.98282 -48.2197
1.16 -0.681056 0.732231 -1.46446 -1.36211 2.72422 -2.92893 -47.0738
1.17 -0.695563 0.718465 -1.43693 -1.39113 2.78225 -2.87386 -45.9279
1.18 -0.709793 0.704411 -1.40882 -1.41959 2.83917 -2.81764 -44.782
1.19 -0.723738 0.690075 -1.38015 -1.44748 2.89495 -2.7603 -43.636
1.2 -0.737394 0.675463 -1.35093 -1.47479 2.94957 -2.70185 -42.4901
1.21 -0.750755 0.660581 -1.32116 -1.50151 3.00302 -2.64232 -41.3442
1.22 -0.763815 0.645435 -1.29087 -1.52763 3.05526 -2.58174 -40.1983
1.23 -0.77657 0.630031 -1.26006 -1.55314 3.10628 -2.52012 -39.0524
1.24 -0.789015 0.614374 -1.22875 -1.57803 3.15606 -2.4575 -37.9065
1.25 -0.801144 0.598472 -1.19694 -1.60229 3.20457 -2.39389 -36.7606
1.26 -0.812952 0.582331 -1.16466 -1.6259 3.25181 -2.32932 -35.6146
1.27 -0.824435 0.565956 -1.13191 -1.64887 3.29774 -2.26382 -34.4687
1.28 -0.835589 0.549355 -1.09871 -1.67118 3.34236 -2.19742 -33.3228
1.29 -0.846408 0.532535 -1.06507 -1.69282 3.38563 -2.13014 -32.1769
1.3 -0.856889 0.515501 -1.031 -1.71378 3.42756 -2.06201 -31.031
1.31 -0.867027 0.498262 -0.996523 -1.73405 3.46811 -1.99305 -29.8851
1.32 -0.876818 0.480823 -0.961645 -1.75364 3.50727 -1.92329 -28.7391
1.33 -0.886258 0.463191 -0.926383 -1.77252 3.54503 -1.85277 -27.5932
1.34 -0.895344 0.445375 -0.890749 -1.79069 3.58138 -1.7815 -26.4473
1.35 -0.904072 0.42738 -0.85476 -1.80814 3.61629 -1.70952 -25.3014
1.36 -0.912438 0.409214 -0.818428 -1.82488 3.64975 -1.63686 -24.1555
1.37 -0.92044 0.390885 -0.78177 -1.84088 3.68176 -1.56354 -23.0096
1.38 -0.928073 0.372399 -0.744798 -1.85615 3.71229 -1.4896 -21.8636
1.39 -0.935335 0.353764 -0.707529 -1.87067 3.74134 -1.41506 -20.7177
1.4 -0.942222 0.334988 -0.669976 -1.88444 3.76889 -1.33995 -19.5718
1.41 -0.948733 0.316078 -0.632156 -1.89747 3.79493 -1.26431 -18.4259
1.42 -0.954865 0.297041 -0.594083 -1.90973 3.81946 -1.18817 -17.28
1.43 -0.960614 0.277886 -0.555772 -1.92123 3.84246 -1.11154 -16.1341
1.44 -0.965979 0.258619 -0.517239 -1.93196 3.86392 -1.03448 -14.9882
1.45 -0.970958 0.239249 -0.478499 -1.94192 3.88383 -0.956997 -13.8422
1.46 -0.975549 0.219784 -0.439567 -1.9511 3.90219 -0.879134 -12.6963
1.47 -0.979749 0.20023 -0.40046 -1.9595 3.919 -0.80092 -11.5504
1.48 -0.983557 0.180596 -0.361193 -1.96711 3.93423 -0.722385 -10.4045
1.49 -0.986972 0.16089 -0.321781 -1.97394 3.94789 -0.643561 -9.25858
1.5 -0.989992 0.14112 -0.28224 -1.97998 3.95997 -0.56448 -8.11266
1.51 -0.992617 0.121293 -0.242587 -1.98523 3.97047 -0.485173 -6.96675
1.52 -0.994844 0.101418 -0.202836 -1.98969 3.97938 -0.405672 -5.82083
1.53 -0.996673 0.0815022 -0.163004 -1.99335 3.98669 -0.326009 -4.67491
1.54 -0.998104 0.0615537 -0.123107 -1.99621 3.99242 -0.246215 -3.529
1.55 -0.999135 0.0415807 -0.0831613 -1.99827 3.99654 -0.166323 -2.38308
1.56 -0.999767 0.021591 -0.043182 -1.99953 3.99907 -0.0863639 -1.23717
1.57 -0.999999 0.00159265 -0.00318531 -2 3.99999 -0.00637061 -0.0912523
1.58 -0.999831 -0.0184063 0.0368126 -1.99966 3.99932 0.0736252 1.05466
1.59 -0.999263 -0.0383979 0.0767958 -1.99853 3.99705 0.153592 2.20058
1.6 -0.998295 -0.0583741 0.116748 -1.99659 3.99318 0.233497 3.34649
1.61 -0.996928 -0.078327 0.156654 -1.99386 3.98771 0.313308 4.49241
1.62 -0.995162 -0.0982486 0.196497 -1.99032 3.98065 0.392994 5.63833
1.63 -0.992998 -0.118131 0.236262 -1.986 3.97199 0.472523 6.78424
1.64 -0.990437 -0.137966 0.275932 -1.98087 3.96175 0.551863 7.93016
1.65 -0.98748 -0.157746 0.315491 -1.97496 3.94992 0.630983 9.07607
1.66 -0.984128 -0.177462 0.354925 -1.96826 3.93651 0.70985 10.222
1.67 -0.980382 -0.197108 0.394216 -1.96076 3.92153 0.788433 11.3679
1.68 -0.976244 -0.216675 0.43335 -1.95249 3.90498 0.8667 12.5138
1.69 -0.971715 -0.236155 0.472311 -1.94343 3.88686 0.944621 13.6597
1.7 -0.966798 -0.255541 0.511082 -1.9336 3.86719 1.02216 14.8057
1.71 -0.961494 -0.274825 0.549649 -1.92299 3.84598 1.0993 15.9516
1.72 -0.955806 -0.293998 0.587997 -1.91161 3.82322 1.17599 17.0975
1.73 -0.949735 -0.313054 0.626109 -1.89947 3.79894 1.25222 18.2434
1.74 -0.943285 -0.331985 0.66397 -1.88657 3.77314 1.32794 19.3893
1.75 -0.936457 -0.350783 0.701566 -1.87291 3.74583 1.40313 20.5352
1.76 -0.929254 -0.369441 0.738882 -1.85851 3.71702 1.47776 21.6811
1.77 -0.92168 -0.387951 0.775902 -1.84336 3.68672 1.5518 22.8271
1.78 -0.913737 -0.406306 0.812611 -1.82747 3.65495 1.62522 23.973
1.79 -0.905429 -0.424498 0.848996 -1.81086 3.62172 1.69799 25.1189
1.8 -0.896758 -0.44252 0.885041 -1.79352 3.58703 1.77008 26.2648
1.81 -0.887729 -0.460366 0.920732 -1.77546 3.55092 1.84146 27.4107
1.82 -0.878345 -0.478027 0.956054 -1.75669 3.51338 1.91211 28.5566
1.83 -0.868609 -0.495497 0.990995 -1.73722 3.47444 1.98199 29.7026
1.84 -0.858526 -0.512769 1.02554 -1.71705 3.43411 2.05108 30.8485
1.85 -0.8481 -0.529836 1.05967 -1.6962 3.3924 2.11934 31.9944
1.86 -0.837334 -0.546691 1.09338 -1.67467 3.34934 2.18676 33.1403
1.87 -0.826234 -0.563327 1.12665 -1.65247 3.30494 2.25331 34.2862
1.88 -0.814803 -0.579738 1.15948 -1.62961 3.25921 2.31895 35.4321
1.89 -0.803046 -0.595917 1.19183 -1.60609 3.21218 2.38367 36.578
1.9 -0.790968 -0.611858 1.22372 -1.58194 3.16387 2.44743 37.724
1.91 -0.778573 -0.627554 1.25511 -1.55715 3.11429 2.51022 38.8699
1.92 -0.765867 -0.642999 1.286 -1.53173 3.06347 2.57199 40.0158
1.93 -0.752855 -0.658186 1.31637 -1.50571 3.01142 2.63275 41.1617
1.94 -0.739542 -0.673111 1.34622 -1.47908 2.95817 2.69244 42.3076
1.95 -0.725932 -0.687766 1.37553 -1.45186 2.90373 2.75106 43.4535
1.96 -0.712033 -0.702146 1.40429 -1.42407 2.84813 2.80859 44.5995
1.97 -0.697848 -0.716246 1.43249 -1.3957 2.79139 2.86498 45.7454
1.98 -0.683385 -0.730058 1.46012 -1.36677 2.73354 2.92023 46.8913
1.99 -0.668648 -0.743579 1.48716 -1.3373 2.67459 2.97432 48.0372
2 -0.653644 -0.756802 1.5136 -1.30729 2.61457 3.02721 49.1831
2.01 -0.638378 -0.769723 1.53945 -1.27676 2.55351 3.07889 50.329
2.02 -0.622857 -0.782336 1.56467 -1.24571 2.49143 3.12934 51.4749
2.03 -0.607087 -0.794636 1.58927 -1.21417 2.42835 3.17854 52.6209
2.04 -0.591073 -0.806618 1.61324 -1.18215 2.36429 3.22647 53.7668
2.05 -0.574824 -0.818277 1.63655 -1.14965 2.2993 3.27311 54.9127
2.06 -0.558345 -0.829609 1.65922 -1.11669 2.23338 3.31844 56.0586
2.07 -0.541642 -0.840609 1.68122 -1.08328 2.16657 3.36244 57.2045
2.08 -0.524722 -0.851273 1.70255 -1.04944 2.09889 3.40509 58.3504
2.09 -0.507593 -0.861597 1.72319 -1.01519 2.03037 3.44639 59.4964
2.1 -0.490261 -0.871576 1.74315 -0.980522 1.96104 3.4863 60.6423
2.11 -0.472732 -0.881206 1.76241 -0.945465 1.89093 3.52482 61.7882
2.12 -0.455015 -0.890484 1.78097 -0.91003 1.82006 3.56194 62.9341
2.13 -0.437115 -0.899405 1.79881 -0.874231 1.74846 3.59762 64.08
2.14 -0.419041 -0.907967 1.81593 -0.838082 1.67616 3.63187 65.2259
2.15 -0.400799 -0.916166 1.83233 -0.801598 1.6032 3.66466 66.3719
2.16 -0.382397 -0.923998 1.848 -0.764794 1.52959 3.69599 67.5178
2.17 -0.363842 -0.931461 1.86292 -0.727683 1.45537 3.72584 68.6637
2.18 -0.345141 -0.938551 1.8771 -0.690282 1.38056 3.7542 69.8096
2.19 -0.326302 -0.945266 1.89053 -0.652604 1.30521 3.78106 70.9555
2.2 -0.307333 -0.951602 1.9032 -0.614666 1.22933 3.80641 72.1014
2.21 -0.288241 -0.957558 1.91512 -0.576481 1.15296 3.83023 73.2473
2.22 -0.269033 -0.963131 1.92626 -0.538066 1.07613 3.85252 74.3933
2.23 -0.249718 -0.968319 1.93664 -0.499436 0.998872 3.87327 75.5392
2.24 -0.230303 -0.973119 1.94624 -0.460606 0.921212 3.89248 76.6851
2.25 -0.210796 -0.97753 1.95506 -0.421592 0.843183 3.91012 77.831
2.26 -0.191204 -0.98155 1.9631 -0.382409 0.764817 3.9262 78.9769
2.27 -0.171536 -0.985178 1.97036 -0.343073 0.686146 3.94071 80.1228
2.28 -0.1518 -0.988411 1.97682 -0.3036 0.607199 3.95365 81.2688
2.29 -0.132003 -0.991249 1.9825 -0.264005 0.52801 3.965 82.4147
2.3 -0.112153 -0.993691 1.98738 -0.224305 0.44861 3.97476 83.5606
2.31 -0.0922576 -0.995735 1.99147 -0.184515 0.36903 3.98294 84.7065
2.32 -0.0723258 -0.997381 1.99476 -0.144652 0.289303 3.98952 85.8524
2.33 -0.052365 -0.998628 1.99726 -0.10473 0.20946 3.99451 86.9983
2.34 -0.0323833 -0.999476 1.99895 -0.0647666 0.129533 3.9979 88.1442
2.35 -0.0123887 -0.999923 1.99985 -0.0247773 0.0495547 3.99969 89.2902
2.36 0.00761095 -0.999971 1.99994 0.0152219 -0.0304438 3.99988 -89.5639
2.37 0.0276075 -0.999619 1.99924 0.055215 -0.11043 3.99848 -88.418
2.38 0.047593 -0.998867 1.99773 0.0951861 -0.190372 3.99547 -87.2721
2.39 0.0675595 -0.997715 1.99543 0.135119 -0.270238 3.99086 -86.1262
2.4 0.087499 -0.996165 1.99233 0.174998 -0.349996 3.98466 -84.9803
2.41 0.107403 -0.994216 1.98843 0.214807 -0.429614 3.97686 -83.8343
2.42 0.127265 -0.991869 1.98374 0.25453 -0.50906 3.96748 -82.6884
2.43 0.147076 -0.989125 1.97825 0.294151 -0.588302 3.9565 -81.5425
2.44 0.166827 -0.985986 1.97197 0.333655 -0.667309 3.94394 -80.3966
2.45 0.186512 -0.982453 1.96491 0.373025 -0.746049 3.92981 -79.2507
2.46 0.206123 -0.978526 1.95705 0.412246 -0.824491 3.9141 -78.1048
2.47 0.225651 -0.974208 1.94842 0.451302 -0.902603 3.89683 -76.9588
2.48 0.245089 -0.969501 1.939 0.490177 -0.980354 3.878 -75.8129
2.49 0.264428 -0.964405 1.92881 0.528856 -1.05771 3.85762 -74.667
2.5 0.283662 -0.958924 1.91785 0.567324 -1.13465 3.8357 -73.5211
2.51 0.302783 -0.95306 1.90612 0.605565 -1.21113 3.81224 -72.3752
2.52 0.321782 -0.946814 1.89363 0.643564 -1.28713 3.78726 -71.2293
2.53 0.340653 -0.940189 1.88038 0.681305 -1.36261 3.76076 -70.0834
2.54 0.359387 -0.933189 1.86638 0.718774 -1.43755 3.73275 -68.9374
2.55 0.377978 -0.925815 1.85163 0.755955 -1.51191 3.70326 -67.7915
2.56 0.396417 -0.91807 1.83614 0.792834 -1.58567 3.67228 -66.6456
2.57 0.414698 -0.909959 1.81992 0.829396 -1.65879 3.63984 -65.4997
2.58 0.432813 -0.901484 1.80297 0.865626 -1.73125 3.60593 -64.3538
2.59 0.450755 -0.892648 1.7853 0.90151 -1.80302 3.57059 -63.2079
2.6 0.468517 -0.883455 1.76691 0.937033 -1.87407 3.53382 -62.0619
2.61 0.486091 -0.873908 1.74782 0.972182 -1.94436 3.49563 -60.916
2.62 0.503471 -0.864012 1.72802 1.00694 -2.01388 3.45605 -59.7701
2.63 0.520649 -0.853771 1.70754 1.0413 -2.0826 3.41508 -58.6242
2.64 0.537619 -0.843188 1.68638 1.07524 -2.15048 3.37275 -57.4783
2.65 0.554374 -0.832267 1.66453 1.10875 -2.2175 3.32907 -56.3324
2.66 0.570908 -0.821014 1.64203 1.14182 -2.28363 3.28406 -55.1865
2.67 0.587213 -0.809433 1.61887 1.17443 -2.34885 3.23773 -54.0405
2.68 0.603283 -0.797527 1.59505 1.20657 -2.41313 3.19011 -52.8946
2.69 0.619112 -0.785303 1.57061 1.23822 -2.47645 3.14121 -51.7487
2.7 0.634693 -0.772764 1.54553 1.26939 -2.53877 3.09106 -50.6028
2.71 0.65002 -0.759917 1.51983 1.30004 -2.60008 3.03967 -49.4569
2.72 0.665088 -0.746765 1.49353 1.33018 -2.66035 2.98706 -48.311
2.73 0.679889 -0.733315 1.46663 1.35978 -2.71956 2.93326 -47.165
2.74 0.694418 -0.719572 1.43914 1.38884 -2.77767 2.87829 -46.0191
2.75 0.70867 -0.70554 1.41108 1.41734 -2.83468 2.82216 -44.8732
2.76 0.722638 -0.691227 1.38245 1.44528 -2.89055 2.76491 -43.7273
2.77 0.736317 -0.676637 1.35327 1.47263 -2.94527 2.70655 -42.5814
2.78 0.749702 -0.661776 1.32355 1.4994 -2.99881 2.6471 -41.4355
2.79 0.762786 -0.646651 1.2933 1.52557 -3.05115 2.5866 -40.2896
2.8 0.775566 -0.631267 1.26253 1.55113 -3.10226 2.52507 -39.1436
2.81 0.788035 -0.61563 1.23126 1.57607 -3.15214 2.46252 -37.9977
2.82 0.800189 -0.599747 1.19949 1.60038 -3.20076 2.39899 -36.8518
2.83 0.812024 -0.583625 1.16725 1.62405 -3.24809 2.3345 -35.7059
2.84 0.823533 -0.567269 1.13454 1.64707 -3.29413 2.26907 -34.56
2.85 0.834713 -0.550686 1.10137 1.66943 -3.33885 2.20274 -33.4141
2.86 0.845559 -0.533882 1.06776 1.69112 -3.38224 2.13553 -32.2681
2.87 0.856067 -0.516865 1.03373 1.71213 -3.42427 2.06746 -31.1222
2.88 0.866232 -0.499642 0.999284 1.73246 -3.46493 1.99857 -29.9763
2.89 0.876051 -0.482218 0.964437 1.7521 -3.5042 1.92887 -28.8304
2.9 0.88552 -0.464602 0.929204 1.77104 -3.54208 1.85841 -27.6845
2.91 0.894634 -0.4468 0.8936 1.78927 -3.57854 1.7872 -26.5386
2.92 0.90339 -0.428819 0.857638 1.80678 -3.61356 1.71528 -25.3926
2.93 0.911785 -0.410667 0.821334 1.82357 -3.64714 1.64267 -24.2467
2.94 0.919816 -0.39235 0.7847 1.83963 -3.67926 1.5694 -23.1008
2.95 0.927478 -0.373877 0.747753 1.85496 -3.70991 1.49551 -21.9549
2.96 0.93477 -0.355254 0.710507 1.86954 -3.73908 1.42101 -20.809
2.97 0.941688 -0.336488 0.672977 1.88338 -3.76675 1.34595 -19.6631
2.98 0.948229 -0.317589 0.635177 1.89646 -3.79291 1.27035 -18.5172
2.99 0.95439 -0.298562 0.597123 1.90878 -3.81756 1.19425 -17.3712
3 0.96017 -0.279415 0.558831 1.92034 -3.84068 1.11766 -16.2253
3.01 0.965566 -0.260157 0.520315 1.93113 -3.86226 1.04063 -15.0794
3.02 0.970576 -0.240795 0.481591 1.94115 -3.8823 0.963182 -13.9335
3.03 0.975197 -0.221337 0.442674 1.95039 -3.90079 0.885348 -12.7876
3.04 0.979429 -0.20179 0.40358 1.95886 -3.91772 0.807161 -11.6417
3.05 0.983268 -0.182163 0.364325 1.96654 -3.93307 0.72865 -10.4957
3.06 0.986715 -0.162462 0.324924 1.97343 -3.94686 0.649848 -9.34983
3.07 0.989766 -0.142697 0.285393 1.97953 -3.95907 0.570786 -8.20391
3.08 0.992422 -0.122874 0.245748 1.98484 -3.96969 0.491496 -7.058
3.09 0.994681 -0.103002 0.206005 1.98936 -3.97872 0.412009 -5.91208
3.1 0.996542 -0.0830894 0.166179 1.99308 -3.98617 0.332358 -4.76617
3.11 0.998004 -0.0631433 0.126287 1.99601 -3.99202 0.252573 -3.62025
3.12 0.999068 -0.0431719 0.0863438 1.99814 -3.99627 0.172688 -2.47434
3.13 0.999731 -0.0231832 0.0463665 1.99946 -3.99892 0.0927329 -1.32842
3.14 0.999995 -0.0031853 0.0063706 1.99999 -3.99998 0.0127412 -0.182505
3.15 0.999859 0.0168139 -0.0336278 1.99972 -3.99943 -0.0672556 0.963411
3.16 0.999322 0.0368064 -0.0736128 1.99864 -3.99729 -0.147226 2.10933
3.17 0.998386 0.0567841 -0.113568 1.99677 -3.99355 -0.227137 3.25524
3.18 0.997051 0.0767392 -0.153478 1.9941 -3.9882 -0.306957 4.40116
3.19 0.995317 0.0966635 -0.193327 1.99063 -3.98127 -0.386654 5.54707
3.2 0.993185 0.116549 -0.233098 1.98637 -3.97274 -0.466197 6.69299
3.21 0.990655 0.136388 -0.272777 1.98131 -3.96262 -0.545553 7.8389
3.22 0.98773 0.156173 -0.312346 1.97546 -3.95092 -0.624691 8.98482
3.23 0.984409 0.175895 -0.35179 1.96882 -3.93764 -0.703579 10.1307
3.24 0.980694 0.195547 -0.391093 1.96139 -3.92278 -0.782186 11.2767
3.25 0.976588 0.21512 -0.43024 1.95318 -3.90635 -0.86048 12.4226
3.26 0.97209 0.234607 -0.469215 1.94418 -3.88836 -0.93843 13.5685
3.27 0.967204 0.254001 -0.508002 1.93441 -3.86882 -1.016 14.7144
3.28 0.961931 0.273293 -0.546586 1.92386 -3.84772 -1.09317 15.8603
3.29 0.956273 0.292476 -0.584951 1.91255 -3.82509 -1.1699 17.0062
3.3 0.950233 0.311541 -0.623083 1.90047 -3.80093 -1.24617 18.1521
3.31 0.943812 0.330482 -0.660965 1.88762 -3.77525 -1.32193 19.2981
3.32 0.937014 0.349291 -0.698583 1.87403 -3.74806 -1.39717 20.444
3.33 0.929841 0.367961 -0.735921 1.85968 -3.71937 -1.47184 21.5899
3.34 0.922297 0.386483 -0.772965 1.84459 -3.68919 -1.54593 22.7358
3.35 0.914383 0.40485 -0.8097 1.82877 -3.65753 -1.6194 23.8817
3.36 0.906104 0.423055 -0.846111 1.81221 -3.62442 -1.69222 25.0276
3.37 0.897462 0.441092 -0.882183 1.79492 -3.58985 -1.76437 26.1736
3.38 0.888461 0.458951 -0.917903 1.77692 -3.55385 -1.83581 27.3195
3.39 0.879105 0.476628 -0.953255 1.75821 -3.51642 -1.90651 28.4654
3.4 0.869397 0.494113 -0.988227 1.73879 -3.47759 -1.97645 29.6113
3.41 0.859342 0.511401 -1.0228 1.71868 -3.43737 -2.04561 30.7572
3.42 0.848943 0.528485 -1.05697 1.69789 -3.39577 -2.11394 31.9031
3.43 0.838204 0.545357 -1.09071 1.67641 -3.35282 -2.18143 33.049
3.44 0.82713 0.562011 -1.12402 1.65426 -3.30852 -2.24804 34.195
3.45 0.815725 0.57844 -1.15688 1.63145 -3.2629 -2.31376 35.3409
3.46 0.803994 0.594637 -1.18927 1.60799 -3.21598 -2.37855 36.4868
3.47 0.791941 0.610597 -1.22119 1.58388 -3.16776 -2.44239 37.6327
3.48 0.779572 0.626313 -1.25263 1.55914 -3.11829 -2.50525 38.7786
3.49 0.76689 0.641778 -1.28356 1.53378 -3.06756 -2.56711 39.9245
3.5 0.753902 0.656987 -1.31397 1.5078 -3.01561 -2.62795 41.0705
3.51 0.740613 0.671932 -1.34386 1.48123 -2.96245 -2.68773 42.2164
3.52 0.727027 0.686609 -1.37322 1.45405 -2.90811 -2.74644 43.3623
3.53 0.71315 0.701011 -1.40202 1.4263 -2.8526 -2.80405 44.5082
3.54 0.698988 0.715133 -1.43027 1.39798 -2.79595 -2.86053 45.6541
3.55 0.684547 0.728969 -1.45794 1.36909 -2.73819 -2.91588 46.8
3.56 0.669831 0.742513 -1.48503 1.33966 -2.67933 -2.97005 47.946
3.57 0.654848 0.755761 -1.51152 1.3097 -2.61939 -3.02304 49.0919
3.58 0.639603 0.768705 -1.53741 1.27921 -2.55841 -3.07482 50.2378
3.59 0.624102 0.781343 -1.56269 1.2482 -2.49641 -3.12537 51.3837
3.6 0.608351 0.793668 -1.58734 1.2167 -2.43341 -3.17467 52.5296
3.61 0.592357 0.805675 -1.61135 1.18471 -2.36943 -3.2227 53.6755
3.62 0.576126 0.817361 -1.63472 1.15225 -2.30451 -3.26944 54.8214
3.63 0.559665 0.828719 -1.65744 1.11933 -2.23866 -3.31488 55.9674
3.64 0.54298 0.839746 -1.67949 1.08596 -2.17192 -3.35898 57.1133
3.65 0.526078 0.850437 -1.70087 1.05216 -2.10431 -3.40175 58.2592
3.66 0.508965 0.860787 -1.72157 1.01793 -2.03586 -3.44315 59.4051
3.67 0.491648 0.870794 -1.74159 0.983297 -1.96659 -3.48318 60.551
3.68 0.474135 0.880452 -1.7609 0.948271 -1.89654 -3.52181 61.6969
3.69 0.456433 0.889758 -1.77952 0.912865 -1.82573 -3.55903 62.8429
3.7 0.438547 0.898708 -1.79742 0.877095 -1.75419 -3.59483 63.9888
3.71 0.420487 0.907299 -1.8146 0.840973 -1.68195 -3.62919 65.1347
3.72 0.402258 0.915526 -1.83105 0.804516 -1.60903 -3.66211 66.2806
3.73 0.383868 0.923388 -1.84678 0.767736 -1.53547 -3.69355 67.4265
3.74 0.365325 0.93088 -1.86176 0.730649 -1.4613 -3.72352 68.5724
3.75 0.346635 0.938 -1.876 0.693271 -1.38654 -3.752 69.7183
3.76 0.327807 0.944745 -1.88949 0.655614 -1.31123 -3.77898 70.8643
3.77 0.308848 0.951111 -1.90222 0.617696 -1.23539 -3.80445 72.0102
3.78 0.289765 0.957098 -1.9142 0.579531 -1.15906 -3.82839 73.1561
3.79 0.270567 0.962701 -1.9254 0.541133 -1.08227 -3.8508 74.302
3.8 0.25126 0.96792 -1.93584 0.50252 -1.00504 -3.87168 75.4479
3.81 0.231852 0.972751 -1.9455 0.463705 -0.92741 -3.891 76.5938
3.82 0.212352 0.977193 -1.95439 0.424705 -0.84941 -3.90877 77.7398
3.83 0.192767 0.981244 -1.96249 0.385535 -0.771069 -3.92498 78.8857
3.84 0.173105 0.984903 -1.96981 0.34621 -0.692421 -3.93961 80.0316
3.85 0.153374 0.988168 -1.97634 0.306748 -0.613495 -3.95267 81.1775
3.86 0.133581 0.991038 -1.98208 0.267162 -0.534325 -3.96415 82.3234
3.87 0.113735 0.993511 -1.98702 0.22747 -0.45494 -3.97404 83.4693
3.88 0.0938433 0.995587 -1.99117 0.187687 -0.375373 -3.98235 84.6152
3.89 0.0739142 0.997265 -1.99453 0.147828 -0.295657 -3.98906 85.7612
3.9 0.0539554 0.998543 -1.99709 0.107911 -0.215822 -3.99417 86.9071
3.91 0.0339751 0.999423 -1.99885 0.0679502 -0.1359 -3.99769 88.053
3.92 0.0139812 0.999902 -1.9998 0.0279624 -0.0559247 -3.99961 89.1989
3.93 -0.00601833 0.999982 -1.99996 -0.0120367 0.0240733 -3.99993 -89.6552
3.94 -0.0260154 0.999662 -1.99932 -0.0520309 0.104062 -3.99865 -88.5093
3.95 -0.0460021 0.998941 -1.99788 -0.0920043 0.184009 -3.99577 -87.3633
3.96 -0.0659704 0.997822 -1.99564 -0.131941 0.263882 -3.99129 -86.2174
3.97 -0.0859123 0.996303 -1.99261 -0.171825 0.343649 -3.98521 -85.0715
3.98 -0.10582 0.994385 -1.98877 -0.21164 0.423279 -3.97754 -83.9256
3.99 -0.125685 0.99207 -1.98414 -0.25137 0.50274 -3.96828 -82.7797
4 -0.1455 0.989358 -1.97872 -0.291 0.582 -3.95743 -81.6338
4.01 -0.165257 0.986251 -1.9725 -0.330514 0.661027 -3.945 -80.4878
4.02 -0.184947 0.982748 -1.9655 -0.369895 0.73979 -3.93099 -79.3419
4.03 -0.204564 0.978853 -1.95771 -0.409128 0.818256 -3.91541 -78.196
4.04 -0.224099 0.974566 -1.94913 -0.448198 0.896396 -3.89827 -77.0501
4.05 -0.243544 0.96989 -1.93978 -0.487088 0.974177 -3.87956 -75.9042
4.06 -0.262892 0.964825 -1.92965 -0.525784 1.05157 -3.8593 -74.7583
4.07 -0.282135 0.959375 -1.91875 -0.564269 1.12854 -3.8375 -73.6124
4.08 -0.301264 0.953541 -1.90708 -0.602529 1.20506 -3.81416 -72.4664
4.09 -0.320274 0.947325 -1.89465 -0.640547 1.28109 -3.7893 -71.3205
4.1 -0.339155 0.940731 -1.88146 -0.67831 1.35662 -3.76292 -70.1746
4.11 -0.3579 0.93376 -1.86752 -0.715801 1.4316 -3.73504 -69.0287
4.12 -0.376503 0.926415 -1.85283 -0.753006 1.50601 -3.70566 -67.8828
4.13 -0.394955 0.918701 -1.8374 -0.789909 1.57982 -3.6748 -66.7369
4.14 -0.413248 0.910618 -1.82124 -0.826497 1.65299 -3.64247 -65.5909
4.15 -0.431377 0.902172 -1.80434 -0.862754 1.72551 -3.60869 -64.445
4.16 -0.449333 0.893364 -1.78673 -0.898666 1.79733 -3.57346 -63.2991
4.17 -0.467109 0.8842 -1.7684 -0.934218 1.86844 -3.5368 -62.1532
4.18 -0.484698 0.874681 -1.74936 -0.969397 1.93879 -3.49873 -61.0073
4.19 -0.502094 0.864813 -1.72963 -1.00419 2.00838 -3.45925 -59.8614
4.2 -0.519289 0.854599 -1.7092 -1.03858 2.07715 -3.4184 -58.7155
4.21 -0.536276 0.844043 -1.68809 -1.07255 2.1451 -3.37617 -57.5695
4.22 -0.553048 0.833149 -1.6663 -1.1061 2.21219 -3.3326 -56.4236
4.23 -0.569599 0.821922 -1.64384 -1.1392 2.2784 -3.28769 -55.2777
4.24 -0.585923 0.810367 -1.62073 -1.17185 2.34369 -3.24147 -54.1318
4.25 -0.602012 0.798487 -1.59697 -1.20402 2.40805 -3.19395 -52.9859
4.26 -0.61786 0.786288 -1.57258 -1.23572 2.47144 -3.14515 -51.84
4.27 -0.633461 0.773774 -1.54755 -1.26692 2.53385 -3.0951 -50.694
4.28 -0.648809 0.760951 -1.5219 -1.29762 2.59524 -3.0438 -49.5481
4.29 -0.663897 0.747824 -1.49565 -1.32779 2.65559 -2.99129 -48.4022
4.3 -0.67872 0.734397 -1.46879 -1.35744 2.71488 -2.93759 -47.2563
4.31 -0.693271 0.720677 -1.44135 -1.38654 2.77309 -2.88271 -46.1104
4.32 -0.707545 0.706668 -1.41334 -1.41509 2.83018 -2.82667 -44.9645
4.33 -0.721536 0.692377 -1.38475 -1.44307 2.88614 -2.76951 -43.8185
4.34 -0.735238 0.677809 -1.35562 -1.47048 2.94095 -2.71123 -42.6726
4.35 -0.748647 0.662969 -1.32594 -1.49729 2.99459 -2.65188 -41.5267
4.36 -0.761755 0.647865 -1.29573 -1.52351 3.04702 -2.59146 -40.3808
4.37 -0.77456 0.632501 -1.265 -1.54912 3.09824 -2.53 -39.2349
4.38 -0.787054 0.616884 -1.23377 -1.57411 3.14822 -2.46754 -38.089
4.39 -0.799233 0.601021 -1.20204 -1.59847 3.19693 -2.40408 -36.9431
4.4 -0.811093 0.584917 -1.16983 -1.62219 3.24437 -2.33967 -35.7971
4.41 -0.822628 0.568579 -1.13716 -1.64526 3.29051 -2.27432 -34.6512
4.42 -0.833835 0.552014 -1.10403 -1.66767 3.33534 -2.20806 -33.5053
4.43 -0.844707 0.535228 -1.07046 -1.68941 3.37883 -2.14091 -32.3594
4.44 -0.855242 0.518228 -1.03646 -1.71048 3.42097 -2.07291 -31.2135
4.45 -0.865435 0.501021 -1.00204 -1.73087 3.46174 -2.00408 -30.0676
4.46 -0.875282 0.483613 -0.967226 -1.75056 3.50113 -1.93445 -28.9216
4.47 -0.884778 0.466012 -0.932024 -1.76956 3.53911 -1.86405 -27.7757
4.48 -0.893921 0.448224 -0.896449 -1.78784 3.57568 -1.7929 -26.6298
4.49 -0.902706 0.430257 -0.860515 -1.80541 3.61082 -1.72103 -25.4839
4.5 -0.91113 0.412118 -0.824237 -1.82226 3.64452 -1.64847 -24.338
4.51 -0.91919 0.393815 -0.787629 -1.83838 3.67676 -1.57526 -23.1921
4.52 -0.926882 0.375353 -0.750707 -1.85376 3.70753 -1.50141 -22.0462
4.53 -0.934203 0.356742 -0.713484 -1.86841 3.73681 -1.42697 -20.9002
4.54 -0.941151 0.337988 -0.675975 -1.8823 3.7646 -1.35195 -19.7543
4.55 -0.947722 0.319098 -0.638197 -1.89544 3.79089 -1.27639 -18.6084
4.56 -0.953914 0.300081 -0.600163 -1.90783 3.81565 -1.20033 -17.4625
4.57 -0.959724 0.280944 -0.561889 -1.91945 3.8389 -1.12378 -16.3166
4.58 -0.965151 0.261695 -0.52339 -1.9303 3.8606 -1.04678 -15.1707
4.59 -0.970191 0.242341 -0.484682 -1.94038 3.88076 -0.969364 -14.0247
4.6 -0.974844 0.22289 -0.44578 -1.94969 3.89937 -0.89156 -12.8788
4.61 -0.979106 0.20335 -0.4067 -1.95821 3.91642 -0.813399 -11.7329
4.62 -0.982977 0.183728 -0.367457 -1.96595 3.93191 -0.734913 -10.587
4.63 -0.986455 0.164033 -0.328067 -1.97291 3.94582 -0.656133 -9.44108
4.64 -0.989538 0.144273 -0.288545 -1.97908 3.95815 -0.577091 -8.29517
4.65 -0.992225 0.124454 -0.248909 -1.98445 3.9689 -0.497818 -7.14925
4.66 -0.994516 0.104586 -0.209173 -1.98903 3.97806 -0.418345 -6.00333
4.67 -0.996409 0.0846764 -0.169353 -1.99282 3.98563 -0.338706 -4.85742
4.68 -0.997903 0.0647327 -0.129465 -1.99581 3.99161 -0.258931 -3.7115
4.69 -0.998998 0.044763 -0.089526 -1.998 3.99599 -0.179052 -2.56559
4.7 -0.999693 0.0247754 -0.0495509 -1.99939 3.99877 -0.0991017 -1.41967
4.71 -0.999989 0.00477794 -0.00955589 -1.99998 3.99995 -0.0191118 -0.273757
4.72 -0.999884 -0.0152215 0.0304429 -1.99977 3.99954 0.0608858 0.872159
4.73 -0.99938 -0.0352148 0.0704295 -1.99876 3.99752 0.140859 2.01807
4.74 -0.998476 -0.055194 0.110388 -1.99695 3.9939 0.220776 3.16399
4.75 -0.997172 -0.0751511 0.150302 -1.99434 3.98869 0.300604 4.30991
4.76 -0.99547 -0.0950782 0.190156 -1.99094 3.98188 0.380313 5.45582
4.77 -0.993369 -0.114967 0.229935 -1.98674 3.97348 0.459869 6.60174
4.78 -0.990871 -0.13481 0.269621 -1.98174 3.96349 0.539241 7.74765
4.79 -0.987977 -0.154599 0.309199 -1.97595 3.95191 0.618398 8.89357
4.8 -0.984688 -0.174327 0.348654 -1.96938 3.93875 0.697307 10.0395
4.81 -0.981005 -0.193984 0.387969 -1.96201 3.92402 0.775937 11.1854
4.82 -0.976929 -0.213564 0.427129 -1.95386 3.90772 0.854257 12.3313
4.83 -0.972463 -0.233059 0.466118 -1.94493 3.88985 0.932236 13.4772
4.84 -0.967607 -0.25246 0.504921 -1.93521 3.87043 1.00984 14.6231
4.85 -0.962365 -0.271761 0.543521 -1.92473 3.84946 1.08704 15.7691
4.86 -0.956738 -0.290952 0.581905 -1.91348 3.82695 1.16381 16.915
4.87 -0.950728 -0.310028 0.620055 -1.90146 3.80291 1.24011 18.0609
4.88 -0.944337 -0.328979 0.657958 -1.88867 3.77735 1.31592 19.2068
4.89 -0.937569 -0.347799 0.695597 -1.87514 3.75028 1.39119 20.3527
4.9 -0.930426 -0.366479 0.732958 -1.86085 3.72171 1.46592 21.4986
4.91 -0.922911 -0.385013 0.770026 -1.84582 3.69164 1.54005 22.6446
4.92 -0.915027 -0.403393 0.806786 -1.83005 3.66011 1.61357 23.7905
4.93 -0.906776 -0.421612 0.843224 -1.81355 3.62711 1.68645 24.9364
4.94 -0.898163 -0.439662 0.879324 -1.79633 3.59265 1.75865 26.0823
4.95 -0.889191 -0.457536 0.915072 -1.77838 3.55676 1.83014 27.2282
4.96 -0.879863 -0.475227 0.950454 -1.75973 3.51945 1.90091 28.3741
4.97 -0.870183 -0.492728 0.985456 -1.74037 3.48073 1.97091 29.52
4.98 -0.860155 -0.510032 1.02006 -1.72031 3.44062 2.04013 30.666
4.99 -0.849783 -0.527132 1.05426 -1.69957 3.39913 2.10853 31.8119
5 -0.839072 -0.544021 1.08804 -1.67814 3.35629 2.17608 32.9578
5.01 -0.828024 -0.560693 1.12139 -1.65605 3.3121 2.24277 34.1037
5.02 -0.816645 -0.57714 1.15428 -1.63329 3.26658 2.30856 35.2496
5.03 -0.80494 -0.593356 1.18671 -1.60988 3.21976 2.37343 36.3955
5.04 -0.792913 -0.609335 1.21867 -1.58583 3.17165 2.43734 37.5415
5.05 -0.780568 -0.625071 1.25014 -1.56114 3.12227 2.50028 38.6874
5.06 -0.767911 -0.640556 1.28111 -1.53582 3.07165 2.56222 39.8333
5.07 -0.754948 -0.655785 1.31157 -1.5099 3.01979 2.62314 40.9792
5.08 -0.741682 -0.670752 1.3415 -1.48336 2.96673 2.68301 42.1251
5.09 -0.728119 -0.68545 1.3709 -1.45624 2.91248 2.7418 43.271
5.1 -0.714266 -0.699875 1.39975 -1.42853 2.85706 2.7995 44.417
5.11 -0.700126 -0.714019 1.42804 -1.40025 2.8005 2.85608 45.5629
5.12 -0.685707 -0.727878 1.45576 -1.37141 2.74283 2.91151 46.7088
5.13 -0.671013 -0.741446 1.48289 -1.34203 2.68405 2.96578 47.8547
5.14 -0.656051 -0.754717 1.50943 -1.3121 2.6242 3.01887 49.0006
5.15 -0.640826 -0.767686 1.53537 -1.28165 2.56331 3.07074 50.1465
5.16 -0.625346 -0.780348 1.5607 -1.25069 2.50138 3.12139 51.2924
5.17 -0.609615 -0.792698 1.5854 -1.21923 2.43846 3.17079 52.4384
5.18 -0.59364 -0.804731 1.60946 -1.18728 2.37456 3.21892 53.5843
5.19 -0.577427 -0.816442 1.63288 -1.15485 2.30971 3.26577 54.7302
5.2 -0.560984 -0.827826 1.65565 -1.12197 2.24394 3.31131 55.8761
5.21 -0.544317 -0.83888 1.67776 -1.08863 2.17727 3.35552 57.022
5.22 -0.527431 -0.849598 1.6992 -1.05486 2.10973 3.39839 58.1679
5.23 -0.510335 -0.859976 1.71995 -1.02067 2.04134 3.4399 59.3139
5.24 -0.493035 -0.87001 1.74002 -0.986069 1.97214 3.48004 60.4598
5.25 -0.475537 -0.879696 1.75939 -0.951074 1.90215 3.51878 61.6057
5.26 -0.457849 -0.88903 1.77806 -0.915698 1.8314 3.55612 62.7516
5.27 -0.439978 -0.898009 1.79602 -0.879956 1.75991 3.59203 63.8975
5.28 -0.421931 -0.906628 1.81326 -0.843862 1.68772 3.62651 65.0434
5.29 -0.403715 -0.914885 1.82977 -0.807431 1.61486 3.65954 66.1893
5.3 -0.385338 -0.922775 1.84555 -0.770676 1.54135 3.6911 67.3353
5.31 -0.366807 -0.930297 1.86059 -0.733614 1.46723 3.72119 68.4812
5.32 -0.348129 -0.937447 1.87489 -0.696258 1.39252 3.74979 69.6271
5.33 -0.329311 -0.944221 1.88844 -0.658623 1.31725 3.77689 70.773
5.34 -0.310362 -0.950618 1.90124 -0.620725 1.24145 3.80247 71.9189
5.35 -0.291289 -0.956635 1.91327 -0.582579 1.16516 3.82654 73.0648
5.36 -0.2721 -0.962269 1.92454 -0.544199 1.0884 3.84908 74.2108
5.37 -0.252801 -0.967518 1.93504 -0.505602 1.0112 3.87007 75.3567
5.38 -0.233401 -0.97238 1.94476 -0.466803 0.933606 3.88952 76.5026
5.39 -0.213908 -0.976854 1.95371 -0.427817 0.855634 3.90741 77.6485
5.4 -0.19433 -0.980936 1.96187 -0.38866 0.77732 3.92374 78.7944
5.41 -0.174674 -0.984626 1.96925 -0.349347 0.698695 3.93851 79.9403
5.42 -0.154947 -0.987923 1.97585 -0.309895 0.61979 3.95169 81.0862
5.43 -0.135159 -0.990824 1.98165 -0.270319 0.540637 3.9633 82.2322
5.44 -0.115317 -0.993329 1.98666 -0.230634 0.461269 3.97331 83.3781
5.45 -0.0954289 -0.995436 1.99087 -0.190858 0.381715 3.98175 84.524
5.46 -0.0755024 -0.997146 1.99429 -0.151005 0.302009 3.98858 85.6699
5.47 -0.0555457 -0.998456 1.99691 -0.111091 0.222183 3.99382 86.8158
5.48 -0.0355668 -0.999367 1.99873 -0.0711336 0.142267 3.99747 87.9617
5.49 -0.0155737 -0.999879 1.99976 -0.0311473 0.0622946 3.99951 89.1077
5.5 0.0044257 -0.99999 1.99998 0.0088514 -0.0177028 3.99996 -89.7464
5.51 0.0244233 -0.999702 1.9994 0.0488466 -0.0976931 3.99881 -88.6005
5.52 0.0444111 -0.999013 1.99803 0.0888222 -0.177644 3.99605 -87.4546
5.53 0.0643812 -0.997925 1.99585 0.128762 -0.257525 3.9917 -86.3087
5.54 0.0843255 -0.996438 1.99288 0.168651 -0.337302 3.98575 -85.1628
5.55 0.104236 -0.994553 1.98911 0.208472 -0.416944 3.97821 -84.0168
5.56 0.124105 -0.992269 1.98454 0.24821 -0.49642 3.96908 -82.8709
5.57 0.143924 -0.989589 1.97918 0.287848 -0.575697 3.95835 -81.725
5.58 0.163686 -0.986513 1.97303 0.327372 -0.654743 3.94605 -80.5791
5.59 0.183382 -0.983042 1.96608 0.366764 -0.733528 3.93217 -79.4332
5.6 0.203005 -0.979178 1.95836 0.40601 -0.812019 3.91671 -78.2873
5.61 0.222547 -0.974922 1.94984 0.445093 -0.890186 3.89969 -77.1414
5.62 0.241999 -0.970276 1.94055 0.483998 -0.967997 3.88111 -75.9954
5.63 0.261355 -0.965243 1.93049 0.52271 -1.04542 3.86097 -74.8495
5.64 0.280606 -0.959823 1.91965 0.561213 -1.12243 3.83929 -73.7036
5.65 0.299745 -0.954019 1.90804 0.599491 -1.19898 3.81608 -72.5577
5.66 0.318765 -0.947834 1.89567 0.637529 -1.27506 3.79134 -71.4118
5.67 0.337656 -0.94127 1.88254 0.675312 -1.35062 3.76508 -70.2659
5.68 0.356413 -0.934329 1.86866 0.712826 -1.42565 3.73731 -69.1199
5.69 0.375027 -0.927014 1.85403 0.750054 -1.50011 3.70806 -67.974
5.7 0.393491 -0.919329 1.83866 0.786982 -1.57396 3.67731 -66.8281
5.71 0.411798 -0.911275 1.82255 0.823595 -1.64719 3.6451 -65.6822
5.72 0.429939 -0.902858 1.80572 0.859879 -1.71976 3.61143 -64.5363
5.73 0.447909 -0.894079 1.78816 0.895819 -1.79164 3.57632 -63.3904
5.74 0.4657 -0.884943 1.76989 0.9314 -1.8628 3.53977 -62.2445
5.75 0.483305 -0.875452 1.7509 0.96661 -1.93322 3.50181 -61.0985
5.76 0.500716 -0.865612 1.73122 1.00143 -2.00286 3.46245 -59.9526
5.77 0.517927 -0.855425 1.71085 1.03585 -2.07171 3.4217 -58.8067
5.78 0.534931 -0.844896 1.68979 1.06986 -2.13972 3.37958 -57.6608
5.79 0.551721 -0.834029 1.66806 1.10344 -2.20688 3.33612 -56.5149
5.8 0.56829 -0.822829 1.64566 1.13658 -2.27316 3.29131 -55.369
5.81 0.584631 -0.811299 1.6226 1.16926 -2.33853 3.2452 -54.223
5.82 0.600739 -0.799445 1.59889 1.20148 -2.40296 3.19778 -53.0771
5.83 0.616607 -0.787271 1.57454 1.23321 -2.46643 3.14908 -51.9312
5.84 0.632228 -0.774782 1.54956 1.26446 -2.52891 3.09913 -50.7853
5.85 0.647596 -0.761984 1.52397 1.29519 -2.59039 3.04793 -49.6394
5.86 0.662705 -0.74888 1.49776 1.32541 -2.65082 2.99552 -48.4935
5.87 0.67755 -0.735477 1.47095 1.3551 -2.7102 2.94191 -47.3475
5.88 0.692123 -0.72178 1.44356 1.38425 -2.76849 2.88712 -46.2016
5.89 0.706419 -0.707794 1.41559 1.41284 -2.82568 2.83118 -45.0557
5.9 0.720432 -0.693525 1.38705 1.44086 -2.88173 2.7741 -43.9098
5.91 0.734158 -0.678979 1.35796 1.46832 -2.93663 2.71591 -42.7639
5.92 0.74759 -0.664161 1.32832 1.49518 -2.99036 2.65664 -41.618
5.93 0.760723 -0.649077 1.29815 1.52145 -3.04289 2.59631 -40.4721
5.94 0.773551 -0.633734 1.26747 1.5471 -3.0942 2.53494 -39.3261
5.95 0.78607 -0.618137 1.23627 1.57214 -3.14428 2.47255 -38.1802
5.96 0.798275 -0.602293 1.20459 1.59655 -3.1931 2.40917 -37.0343
5.97 0.81016 -0.586208 1.17242 1.62032 -3.24064 2.34483 -35.8884
5.98 0.821722 -0.569889 1.13978 1.64344 -3.28689 2.27956 -34.7425
5.99 0.832954 -0.553342 1.10668 1.66591 -3.33182 2.21337 -33.5966
6 0.843854 -0.536573 1.07315 1.68771 -3.37542 2.14629 -32.4506
6.01 0.854416 -0.51959 1.03918 1.70883 -3.41766 2.07836 -31.3047
6.02 0.864636 -0.502399 1.0048 1.72927 -3.45854 2.00959 -30.1588
6.03 0.874511 -0.485007 0.970013 1.74902 -3.49804 1.94003 -29.0129
6.04 0.884035 -0.46742 0.934841 1.76807 -3.53614 1.86968 -27.867
6.05 0.893206 -0.449647 0.899295 1.78641 -3.57282 1.79859 -26.7211
6.06 0.90202 -0.431695 0.863389 1.80404 -3.60808 1.72678 -25.5752
6.07 0.910473 -0.413569 0.827138 1.82095 -3.64189 1.65428 -24.4292
6.08 0.918561 -0.395278 0.790556 1.83712 -3.67425 1.58111 -23.2833
6.09 0.926283 -0.376829 0.753658 1.85257 -3.70513 1.50732 -22.1374
6.1 0.933634 -0.358229 0.716459 1.86727 -3.73453 1.43292 -20.9915
6.11 0.940611 -0.339486 0.678972 1.88122 -3.76244 1.35794 -19.8456
6.12 0.947212 -0.320607 0.641215 1.89442 -3.78885 1.28243 -18.6997
6.13 0.953434 -0.3016 0.6032 1.90687 -3.81374 1.2064 -17.5537
6.14 0.959275 -0.282473 0.564945 1.91855 -3.8371 1.12989 -16.4078
6.15 0.964733 -0.263232 0.526464 1.92947 -3.85893 1.05293 -15.2619
6.16 0.969804 -0.243886 0.487772 1.93961 -3.87922 0.975543 -14.116
6.17 0.974487 -0.224442 0.448884 1.94897 -3.89795 0.897769 -12.9701
6.18 0.978781 -0.204909 0.409818 1.95756 -3.91512 0.819636 -11.8242
6.19 0.982683 -0.185294 0.370587 1.96537 -3.93073 0.741174 -10.6782
6.2 0.986192 -0.165604 0.331208 1.97238 -3.94477 0.662417 -9.53233
6.21 0.989307 -0.145849 0.291697 1.97861 -3.95723 0.583394 -8.38642
6.22 0.992026 -0.126035 0.252069 1.98405 -3.9681 0.504138 -7.2405
6.23 0.994348 -0.10617 0.21234 1.9887 -3.97739 0.424681 -6.09459
6.24 0.996272 -0.0862633 0.172527 1.99254 -3.98509 0.345053 -4.94867
6.25 0.997798 -0.0663219 0.132644 1.9956 -3.99119 0.265288 -3.80276
6.26 0.998925 -0.046354 0.092708 1.99785 -3.9957 0.185416 -2.65684
6.27 0.999652 -0.0263676 0.0527351 1.9993 -3.99861 0.10547 -1.51092
6.28 0.99998 -0.00637057 0.0127411 1.99996 -3.99992 0.0254823 -0.365009
6.29 0.999907 0.013629 -0.0272579 1.99981 -3.99963 -0.0545159 0.780906
6.3 0.999435 0.033623 -0.0672461 1.99887 -3.99774 -0.134492 1.92682
6.31 0.998562 0.0536037 -0.107207 1.99712 -3.99425 -0.214415 3.07274
6.32 0.997291 0.0735629 -0.147126 1.99458 -3.98916 -0.294252 4.21865
6.33 0.99562 0.0934926 -0.186985 1.99124 -3.98248 -0.373971 5.36457
6.34 0.993551 0.113385 -0.22677 1.9871 -3.9742 -0.45354 6.51048
6.35 0.991085 0.133232 -0.266464 1.98217 -3.96434 -0.532928 7.6564
6.36 0.988222 0.153026 -0.306052 1.97644 -3.95289 -0.612103 8.80232
6.37 0.984964 0.172758 -0.345517 1.96993 -3.93986 -0.691033 9.94823
6.38 0.981312 0.192422 -0.384843 1.96262 -3.92525 -0.769687 11.0941
6.39 0.977268 0.212008 -0.424016 1.95454 -3.90907 -0.848033 12.2401
6.4 0.972833 0.23151 -0.46302 1.94567 -3.89133 -0.926039 13.386
6.41 0.968008 0.250919 -0.501838 1.93602 -3.87203 -1.00368 14.5319
6.42 0.962796 0.270228 -0.540455 1.92559 -3.85119 -1.08091 15.6778
6.43 0.9572 0.289428 -0.578856 1.9144 -3.8288 -1.15771 16.8237
6.44 0.95122 0.308513 -0.617026 1.90244 -3.80488 -1.23405 17.9696
6.45 0.94486 0.327474 -0.654949 1.88972 -3.77944 -1.3099 19.1156
6.46 0.938122 0.346305 -0.69261 1.87624 -3.75249 -1.38522 20.2615
6.47 0.931009 0.364997 -0.729994 1.86202 -3.72404 -1.45999 21.4074
6.48 0.923523 0.383543 -0.767086 1.84705 -3.69409 -1.53417 22.5533
6.49 0.915668 0.401935 -0.803871 1.83134 -3.66267 -1.60774 23.6992
6.5 0.907447 0.420167 -0.840334 1.81489 -3.62979 -1.68067 24.8451
6.51 0.898863 0.438231 -0.876461 1.79773 -3.59545 -1.75292 25.991
6.52 0.889919 0.456119 -0.912238 1.77984 -3.55967 -1.82448 27.137
6.53 0.880619 0.473825 -0.94765 1.76124 -3.52248 -1.8953 28.2829
6.54 0.870967 0.491342 -0.982683 1.74193 -3.48387 -1.96537 29.4288
6.55 0.860967 0.508661 -1.01732 1.72193 -3.44387 -2.03465 30.5747
6.56 0.850622 0.525778 -1.05156 1.70124 -3.40249 -2.10311 31.7206
6.57 0.839937 0.542684 -1.08537 1.67987 -3.35975 -2.17074 32.8665
6.58 0.828916 0.559373 -1.11875 1.65783 -3.31566 -2.23749 34.0125
6.59 0.817563 0.575838 -1.15168 1.63513 -3.27025 -2.30335 35.1584
6.6 0.805884 0.592074 -1.18415 1.61177 -3.22354 -2.36829 36.3043
6.61 0.793882 0.608072 -1.21614 1.58776 -3.17553 -2.43229 37.4502
6.62 0.781563 0.623827 -1.24765 1.56313 -3.12625 -2.49531 38.5961
6.63 0.768931 0.639332 -1.27866 1.53786 -3.07572 -2.55733 39.742
6.64 0.755991 0.654582 -1.30916 1.51198 -3.02396 -2.61833 40.888
6.65 0.742749 0.66957 -1.33914 1.4855 -2.971 -2.67828 42.0339
6.66 0.72921 0.68429 -1.36858 1.45842 -2.91684 -2.73716 43.1798
6.67 0.715379 0.698736 -1.39747 1.43076 -2.86152 -2.79494 44.3257
6.68 0.701263 0.712903 -1.42581 1.40253 -2.80505 -2.85161 45.4716
6.69 0.686865 0.726785 -1.45357 1.37373 -2.74746 -2.90714 46.6175
6.7 0.672193 0.740376 -1.48075 1.34439 -2.68877 -2.9615 47.7634
6.71 0.657252 0.753671 -1.50734 1.3145 -2.62901 -3.01468 48.9094
6.72 0.642048 0.766664 -1.53333 1.2841 -2.56819 -3.06666 50.0553
6.73 0.626588 0.779351 -1.5587 1.25318 -2.50635 -3.1174 51.2012
6.74 0.610876 0.791726 -1.58345 1.22175 -2.44351 -3.1669 52.3471
6.75 0.594921 0.803784 -1.60757 1.18984 -2.37968 -3.21514 53.493
6.76 0.578727 0.815521 -1.63104 1.15745 -2.31491 -3.26209 54.6389
6.77 0.562302 0.826932 -1.65386 1.1246 -2.24921 -3.30773 55.7849
6.78 0.545652 0.838012 -1.67602 1.0913 -2.18261 -3.35205 56.9308
6.79 0.528784 0.848757 -1.69751 1.05757 -2.11513 -3.39503 58.0767
6.8 0.511704 0.859162 -1.71832 1.02341 -2.04682 -3.43665 59.2226
6.81 0.49442 0.869223 -1.73845 0.988839 -1.97768 -3.47689 60.3685
6.82 0.476937 0.878937 -1.75787 0.953875 -1.90775 -3.51575 61.5144
6.83 0.459264 0.8883 -1.7766 0.918529 -1.83706 -3.5532 62.6603
6.84 0.441408 0.897307 -1.79461 0.882816 -1.76563 -3.58923 63.8063
6.85 0.423375 0.905955 -1.81191 0.846749 -1.6935 -3.62382 64.9522
6.86 0.405172 0.91424 -1.82848 0.810344 -1.62069 -3.65696 66.0981
6.87 0.386807 0.922161 -1.84432 0.773615 -1.54723 -3.68864 67.244
6.88 0.368288 0.929712 -1.85942 0.736576 -1.47315 -3.71885 68.3899
6.89 0.349621 0.936891 -1.87378 0.699243 -1.39849 -3.74756 69.5358
6.9 0.330815 0.943696 -1.88739 0.66163 -1.32326 -3.77478 70.6818
6.91 0.311876 0.950123 -1.90025 0.623752 -1.2475 -3.80049 71.8277
6.92 0.292812 0.95617 -1.91234 0.585625 -1.17125 -3.82468 72.9736
6.93 0.273632 0.961835 -1.92367 0.547264 -1.09453 -3.84734 74.1195
6.94 0.254342 0.967114 -1.93423 0.508683 -1.01737 -3.86846 75.2654
6.95 0.23495 0.972008 -1.94402 0.4699 -0.939799 -3.88803 76.4113
6.96 0.215464 0.976512 -1.95302 0.430928 -0.861856 -3.90605 77.5573
6.97 0.195892 0.980625 -1.96125 0.391784 -0.783568 -3.9225 78.7032
6.98 0.176242 0.984347 -1.96869 0.352483 -0.704966 -3.93739 79.8491
6.99 0.156521 0.987675 -1.97535 0.313041 -0.626083 -3.9507 80.995
7 0.136737 0.990607 -1.98121 0.273474 -0.546949 -3.96243 82.1409
7.01 0.116899 0.993144 -1.98629 0.233798 -0.467596 -3.97258 83.2868
7.02 0.0970141 0.995283 -1.99057 0.194028 -0.388056 -3.98113 84.4327
7.03 0.0770904 0.997024 -1.99405 0.154181 -0.308362 -3.9881 85.5787
7.04 0.0571358 0.998366 -1.99673 0.114272 -0.228543 -3.99347 86.7246
7.05 0.0371584 0.999309 -1.99862 0.0743168 -0.148634 -3.99724 87.8705
7.06 0.0171661 0.999853 -1.99971 0.0343322 -0.0686644 -3.99941 89.0164
7.07 -0.00283306 0.999996 -1.99999 -0.00566611 0.0113322 -3.99998 -89.8377
7.08 -0.0228311 0.999739 -1.99948 -0.0456621 0.0913243 -3.99896 -88.6918
7.09 -0.04282 0.999083 -1.99817 -0.0856399 0.17128 -3.99633 -87.5458
7.1 -0.0627917 0.998027 -1.99605 -0.125583 0.251167 -3.99211 -86.3999
7.11 -0.0827384 0.996571 -1.99314 -0.165477 0.330953 -3.98629 -85.254
7.12 -0.102652 0.994717 -1.98943 -0.205304 0.410608 -3.97887 -84.1081
7.13 -0.122524 0.992466 -1.98493 -0.245049 0.490098 -3.96986 -82.9622
7.14 -0.142348 0.989817 -1.97963 -0.284696 0.569392 -3.95927 -81.8163
7.15 -0.162114 0.986772 -1.97354 -0.324229 0.648458 -3.94709 -80.6704
7.16 -0.181816 0.983333 -1.96667 -0.363632 0.727265 -3.93333 -79.5244
7.17 -0.201445 0.9795 -1.959 -0.40289 0.80578 -3.918 -78.3785
7.18 -0.220994 0.975275 -1.95055 -0.441987 0.883974 -3.9011 -77.2326
7.19 -0.240454 0.970661 -1.94132 -0.480907 0.961814 -3.88264 -76.0867
7.2 -0.259817 0.965658 -1.93132 -0.519635 1.03927 -3.86263 -74.9408
7.21 -0.279077 0.960269 -1.92054 -0.558155 1.11631 -3.84107 -73.7949
7.22 -0.298226 0.954495 -1.90899 -0.596451 1.1929 -3.81798 -72.6489
7.23 -0.317255 0.94834 -1.89668 -0.634509 1.26902 -3.79336 -71.503
7.24 -0.336157 0.941806 -1.88361 -0.672313 1.34463 -3.76722 -70.3571
7.25 -0.354924 0.934895 -1.86979 -0.709849 1.4197 -3.73958 -69.2112
7.26 -0.37355 0.92761 -1.85522 -0.7471 1.4942 -3.71044 -68.0653
7.27 -0.392026 0.919954 -1.83991 -0.784052 1.5681 -3.67982 -66.9194
7.28 -0.410346 0.91193 -1.82386 -0.820691 1.64138 -3.64772 -65.7735
7.29 -0.428501 0.903541 -1.80708 -0.857002 1.714 -3.61417 -64.6275
7.3 -0.446485 0.894791 -1.78958 -0.89297 1.78594 -3.57916 -63.4816
7.31 -0.46429 0.885683 -1.77137 -0.92858 1.85716 -3.54273 -62.3357
7.32 -0.48191 0.876221 -1.75244 -0.96382 1.92764 -3.50488 -61.1898
7.33 -0.499337 0.866408 -1.73282 -0.998673 1.99735 -3.46563 -60.0439
7.34 -0.516564 0.856249 -1.7125 -1.03313 2.06626 -3.42499 -58.898
7.35 -0.533584 0.845747 -1.69149 -1.06717 2.13434 -3.38299 -57.752
7.36 -0.550391 0.834907 -1.66981 -1.10078 2.20157 -3.33963 -56.6061
7.37 -0.566978 0.823733 -1.64747 -1.13396 2.26791 -3.29493 -55.4602
7.38 -0.583339 0.812229 -1.62446 -1.16668 2.33335 -3.24892 -54.3143
7.39 -0.599465 0.800401 -1.6008 -1.19893 2.39786 -3.2016 -53.1684
7.4 -0.615352 0.788252 -1.5765 -1.2307 2.46141 -3.15301 -52.0225
7.41 -0.630993 0.775788 -1.55158 -1.26199 2.52397 -3.10315 -50.8765
7.42 -0.646382 0.763014 -1.52603 -1.29276 2.58553 -3.05206 -49.7306
7.43 -0.661512 0.749935 -1.49987 -1.32302 2.64605 -2.99974 -48.5847
7.44 -0.676377 0.736555 -1.47311 -1.35275 2.70551 -2.94622 -47.4388
7.45 -0.690972 0.722881 -1.44576 -1.38194 2.76389 -2.89153 -46.2929
7.46 -0.705291 0.708918 -1.41784 -1.41058 2.82116 -2.83567 -45.147
7.47 -0.719327 0.694672 -1.38934 -1.43865 2.87731 -2.77869 -44.0011
7.48 -0.733076 0.680147 -1.36029 -1.46615 2.9323 -2.72059 -42.8551
7.49 -0.746531 0.665351 -1.3307 -1.49306 2.98612 -2.6614 -41.7092
7.5 -0.759688 0.650288 -1.30058 -1.51938 3.03875 -2.60115 -40.5633
7.51 -0.772541 0.634965 -1.26993 -1.54508 3.09016 -2.53986 -39.4174
7.52 -0.785085 0.619388 -1.23878 -1.57017 3.14034 -2.47755 -38.2715
7.53 -0.797315 0.603564 -1.20713 -1.59463 3.18926 -2.41425 -37.1256
7.54 -0.809226 0.587498 -1.175 -1.61845 3.2369 -2.34999 -35.9796
7.55 -0.820813 0.571197 -1.14239 -1.64163 3.28325 -2.28479 -34.8337
7.56 -0.832072 0.554667 -1.10933 -1.66414 3.32829 -2.21867 -33.6878
7.57 -0.842998 0.537916 -1.07583 -1.686 3.37199 -2.15166 -32.5419
7.58 -0.853587 0.52095 -1.0419 -1.70717 3.41435 -2.0838 -31.396
7.59 -0.863835 0.503775 -1.00755 -1.72767 3.45534 -2.0151 -30.2501
7.6 -0.873737 0.486399 -0.972797 -1.74747 3.49495 -1.94559 -29.1042
7.61 -0.88329 0.468828 -0.937656 -1.76658 3.53316 -1.87531 -27.9582
7.62 -0.892489 0.451069 -0.902139 -1.78498 3.56996 -1.80428 -26.8123
7.63 -0.901331 0.433131 -0.866261 -1.80266 3.60532 -1.73252 -25.6664
7.64 -0.909813 0.415019 -0.830037 -1.81963 3.63925 -1.66007 -24.5205
7.65 -0.917931 0.396741 -0.793481 -1.83586 3.67172 -1.58696 -23.3746
7.66 -0.925681 0.378304 -0.756608 -1.85136 3.70273 -1.51322 -22.2287
7.67 -0.933062 0.359716 -0.719432 -1.86612 3.73225 -1.43886 -21.0827
7.68 -0.940069 0.340984 -0.681968 -1.88014 3.76028 -1.36394 -19.9368
7.69 -0.9467 0.322116 -0.644231 -1.8934 3.7868 -1.28846 -18.7909
7.7 -0.952953 0.303118 -0.606237 -1.90591 3.81181 -1.21247 -17.645
7.71 -0.958824 0.284 -0.568 -1.91765 3.8353 -1.136 -16.4991
7.72 -0.964312 0.264768 -0.529536 -1.92862 3.85725 -1.05907 -15.3532
7.73 -0.969414 0.24543 -0.49086 -1.93883 3.87766 -0.98172 -14.2072
7.74 -0.974129 0.225994 -0.451988 -1.94826 3.89651 -0.903976 -13.0613
7.75 -0.978453 0.206467 -0.412935 -1.95691 3.91381 -0.82587 -11.9154
7.76 -0.982387 0.186858 -0.373717 -1.96477 3.92955 -0.747434 -10.7695
7.77 -0.985927 0.167175 -0.334349 -1.97185 3.94371 -0.668699 -9.62359
7.78 -0.989073 0.147424 -0.294848 -1.97815 3.95629 -0.589696 -8.47767
7.79 -0.991824 0.127614 -0.255229 -1.98365 3.9673 -0.510457 -7.33176
7.8 -0.994178 0.107754 -0.215507 -1.98836 3.97671 -0.431015 -6.18584
7.81 -0.996134 0.0878499 -0.1757 -1.99227 3.98453 -0.3514 -5.03992
7.82 -0.997691 0.067911 -0.135822 -1.99538 3.99077 -0.271644 -3.89401
7.83 -0.99885 0.0479449 -0.0958898 -1.9977 3.9954 -0.19178 -2.74809
7.84 -0.999609 0.0279596 -0.0559192 -1.99922 3.99844 -0.111838 -1.60218
7.85 -0.999968 0.00796318 -0.0159264 -1.99994 3.99987 -0.0318527 -0.456262
7.86 -0.999928 -0.0120364 0.0240729 -1.99986 3.99971 0.0481458 0.689654
7.87 -0.999487 -0.0320313 0.0640625 -1.99897 3.99795 0.128125 1.83557
7.88 -0.998646 -0.0520133 0.104027 -1.99729 3.99459 0.208053 2.98149
7.89 -0.997406 -0.0719744 0.143949 -1.99481 3.98963 0.287898 4.1274
7.9 -0.995768 -0.0919069 0.183814 -1.99154 3.98307 0.367627 5.27332
7.91 -0.99373 -0.111802 0.223605 -1.98746 3.97492 0.44721 6.41923
7.92 -0.991296 -0.131653 0.263307 -1.98259 3.96518 0.526614 7.56515
7.93 -0.988465 -0.151452 0.302903 -1.97693 3.95386 0.605807 8.71106
7.94 -0.985238 -0.171189 0.342379 -1.97048 3.94095 0.684757 9.85698
7.95 -0.981618 -0.190859 0.381717 -1.96324 3.92647 0.763434 11.0029
7.96 -0.977604 -0.210451 0.420903 -1.95521 3.91042 0.841806 12.1488
7.97 -0.9732 -0.22996 0.45992 -1.9464 3.8928 0.919841 13.2947
7.98 -0.968407 -0.249377 0.498754 -1.93681 3.87363 0.997507 14.4406
7.99 -0.963226 -0.268694 0.537388 -1.92645 3.8529 1.07478 15.5866
8 -0.957659 -0.287903 0.575807 -1.91532 3.83064 1.15161 16.7325
8.01 -0.95171 -0.306998 0.613995 -1.90342 3.80684 1.22799 17.8784
8.02 -0.94538 -0.325969 0.651938 -1.89076 3.78152 1.30388 19.0243
8.03 -0.938672 -0.34481 0.689621 -1.87734 3.75469 1.37924 20.1702
8.04 -0.931589 -0.363514 0.727027 -1.86318 3.72636 1.45405 21.3161
8.05 -0.924133 -0.382071 0.764143 -1.84827 3.69653 1.52829 22.4621
8.06 -0.916307 -0.400476 0.800953 -1.83261 3.66523 1.60191 23.608
8.07 -0.908115 -0.418721 0.837443 -1.81623 3.63246 1.67489 24.7539
8.08 -0.899559 -0.436799 0.873597 -1.79912 3.59824 1.74719 25.8998
8.09 -0.890644 -0.454701 0.909402 -1.78129 3.56258 1.8188 27.0457
8.1 -0.881372 -0.472422 0.944844 -1.76274 3.52549 1.88969 28.1916
8.11 -0.871748 -0.489954 0.979908 -1.7435 3.48699 1.95982 29.3375
8.12 -0.861776 -0.50729 1.01458 -1.72355 3.4471 2.02916 30.4835
8.13 -0.851458 -0.524423 1.04885 -1.70292 3.40583 2.09769 31.6294
8.14 -0.8408 -0.541346 1.08269 -1.6816 3.3632 2.16538 32.7753
8.15 -0.829806 -0.558052 1.1161 -1.65961 3.31922 2.23221 33.9212
8.16 -0.81848 -0.574536 1.14907 -1.63696 3.27392 2.29814 35.0671
8.17 -0.806826 -0.590789 1.18158 -1.61365 3.2273 2.36316 36.213
8.18 -0.79485 -0.606807 1.21361 -1.5897 3.1794 2.42723 37.359
8.19 -0.782555 -0.622581 1.24516 -1.56511 3.13022 2.49032 38.5049
8.2 -0.769948 -0.638107 1.27621 -1.5399 3.07979 2.55243 39.6508
8.21 -0.757033 -0.653377 1.30675 -1.51407 3.02813 2.61351 40.7967
8.22 -0.743815 -0.668386 1.33677 -1.48763 2.97526 2.67354 41.9426
8.23 -0.730299 -0.683128 1.36626 -1.4606 2.9212 2.73251 43.0885
8.24 -0.716491 -0.697596 1.39519 -1.43298 2.86597 2.79038 44.2344
8.25 -0.702397 -0.711785 1.42357 -1.40479 2.80959 2.84714 45.3804
8.26 -0.688022 -0.72569 1.45138 -1.37604 2.75209 2.90276 46.5263
8.27 -0.673371 -0.739304 1.47861 -1.34674 2.69349 2.95722 47.6722
8.28 -0.658452 -0.752623 1.50525 -1.3169 2.63381 3.01049 48.8181
8.29 -0.643268 -0.765641 1.53128 -1.28654 2.57307 3.06256 49.964
8.3 -0.627828 -0.778352 1.5567 -1.25566 2.51131 3.11341 51.1099
8.31 -0.612136 -0.790752 1.5815 -1.22427 2.44855 3.16301 52.2559
8.32 -0.5962 -0.802836 1.60567 -1.1924 2.3848 3.21134 53.4018
8.33 -0.580025 -0.814599 1.6292 -1.16005 2.3201 3.25839 54.5477
8.34 -0.563618 -0.826035 1.65207 -1.12724 2.25447 3.30414 55.6936
8.35 -0.546986 -0.837142 1.67428 -1.09397 2.18794 3.34857 56.8395
8.36 -0.530135 -0.847913 1.69583 -1.06027 2.12054 3.39165 57.9854
8.37 -0.513072 -0.858346 1.71669 -1.02614 2.05229 3.43338 59.1313
8.38 -0.495803 -0.868435 1.73687 -0.991607 1.98321 3.47374 60.2773
8.39 -0.478337 -0.878177 1.75635 -0.956673 1.91335 3.51271 61.4232
8.4 -0.460679 -0.887567 1.77513 -0.921357 1.84271 3.55027 62.5691
8.41 -0.442836 -0.896602 1.7932 -0.885673 1.77135 3.58641 63.715
8.42 -0.424817 -0.905279 1.81056 -0.849634 1.69927 3.62112 64.8609
8.43 -0.406628 -0.913594 1.82719 -0.813255 1.62651 3.65438 66.0068
8.44 -0.388276 -0.921543 1.84309 -0.776551 1.5531 3.68617 67.1528
8.45 -0.369768 -0.929124 1.85825 -0.739537 1.47907 3.7165 68.2987
8.46 -0.351113 -0.936333 1.87267 -0.702226 1.40445 3.74533 69.4446
8.47 -0.332317 -0.943168 1.88634 -0.664635 1.32927 3.77267 70.5905
8.48 -0.313389 -0.949625 1.89925 -0.626778 1.25356 3.7985 71.7364
8.49 -0.294335 -0.955702 1.9114 -0.58867 1.17734 3.82281 72.8823
8.5 -0.275163 -0.961397 1.92279 -0.550327 1.10065 3.84559 74.0283
8.51 -0.255882 -0.966708 1.93342 -0.511763 1.02353 3.86683 75.1742
8.52 -0.236498 -0.971632 1.94326 -0.472995 0.94599 3.88653 76.3201
8.53 -0.217019 -0.976167 1.95233 -0.434038 0.868076 3.90467 77.466
8.54 -0.197453 -0.980312 1.96062 -0.394907 0.789814 3.92125 78.6119
8.55 -0.177809 -0.984065 1.96813 -0.355618 0.711236 3.93626 79.7578
8.56 -0.158094 -0.987424 1.97485 -0.316187 0.632374 3.9497 80.9037
8.57 -0.138315 -0.990388 1.98078 -0.276629 0.553259 3.96155 82.0497
8.58 -0.118481 -0.992956 1.98591 -0.236961 0.473923 3.97183 83.1956
8.59 -0.0985991 -0.995127 1.99025 -0.197198 0.394397 3.98051 84.3415
8.6 -0.0786782 -0.9969 1.9938 -0.157356 0.314713 3.9876 85.4874
8.61 -0.0587258 -0.998274 1.99655 -0.117452 0.234903 3.9931 86.6333
8.62 -0.0387499 -0.999249 1.9985 -0.0774998 0.155 3.997 87.7792
8.63 -0.0187585 -0.999824 1.99965 -0.037517 0.075034 3.9993 88.9252
8.64 0.0012404 -0.999999 2 0.00248081 -0.00496162 4 -89.9289
8.65 0.0212388 -0.999774 1.99955 0.0424776 -0.0849552 3.9991 -88.783
8.66 0.0412287 -0.99915 1.9983 0.0824574 -0.164915 3.9966 -87.6371
8.67 0.0612021 -0.998125 1.99625 0.122404 -0.244809 3.9925 -86.4912
8.68 0.0811511 -0.996702 1.9934 0.162302 -0.324604 3.98681 -85.3453
8.69 0.101068 -0.99488 1.98976 0.202135 -0.40427 3.97952 -84.1994
8.7 0.120944 -0.992659 1.98532 0.241887 -0.483774 3.97064 -83.0534
8.71 0.140771 -0.990042 1.98008 0.281543 -0.563085 3.96017 -81.9075
8.72 0.160543 -0.987029 1.97406 0.321085 -0.642171 3.94812 -80.7616
8.73 0.18025 -0.983621 1.96724 0.3605 -0.720999 3.93448 -79.6157
8.74 0.199885 -0.979819 1.95964 0.39977 -0.799539 3.91928 -78.4698
8.75 0.21944 -0.975626 1.95125 0.43888 -0.87776 3.9025 -77.3239
8.76 0.238907 -0.971042 1.94208 0.477815 -0.955629 3.88417 -76.1779
8.77 0.258279 -0.96607 1.93214 0.516558 -1.03312 3.86428 -75.032
8.78 0.277548 -0.960712 1.92142 0.555095 -1.11019 3.84285 -73.8861
8.79 0.296705 -0.954969 1.90994 0.59341 -1.18682 3.81988 -72.7402
8.8 0.315744 -0.948844 1.89769 0.631488 -1.26298 3.79538 -71.5943
8.81 0.334656 -0.94234 1.88468 0.669312 -1.33862 3.76936 -70.4484
8.82 0.353435 -0.935459 1.87092 0.70687 -1.41374 3.74184 -69.3024
8.83 0.372072 -0.928204 1.85641 0.744144 -1.48829 3.71282 -68.1565
8.84 0.390561 -0.920577 1.84115 0.781121 -1.56224 3.68231 -67.0106
8.85 0.408893 -0.912582 1.82516 0.817785 -1.63557 3.65033 -65.8647
8.86 0.427061 -0.904223 1.80845 0.854123 -1.70825 3.61689 -64.7188
8.87 0.445059 -0.895501 1.791 0.890118 -1.78024 3.582 -63.5729
8.88 0.462879 -0.886421 1.77284 0.925758 -1.85152 3.54569 -62.427
8.89 0.480514 -0.876987 1.75397 0.961027 -1.92205 3.50795 -61.281
8.9 0.497956 -0.867202 1.7344 0.995912 -1.99182 3.46881 -60.1351
8.91 0.5152 -0.85707 1.71414 1.0304 -2.0608 3.42828 -58.9892
8.92 0.532237 -0.846596 1.69319 1.06447 -2.12895 3.38638 -57.8433
8.93 0.549061 -0.835782 1.67156 1.09812 -2.19624 3.34313 -56.6974
8.94 0.565666 -0.824635 1.64927 1.13133 -2.26266 3.29854 -55.5515
8.95 0.582044 -0.813157 1.62631 1.16409 -2.32818 3.25263 -54.4055
8.96 0.59819 -0.801354 1.60271 1.19638 -2.39276 3.20542 -53.2596
8.97 0.614096 -0.789231 1.57846 1.22819 -2.45639 3.15692 -52.1137
8.98 0.629757 -0.776792 1.55358 1.25951 -2.51903 3.10717 -50.9678
8.99 0.645166 -0.764043 1.52809 1.29033 -2.58066 3.05617 -49.8219
9 0.660317 -0.750987 1.50197 1.32063 -2.64127 3.00395 -48.676
9.01 0.675203 -0.737632 1.47526 1.35041 -2.70081 2.95053 -47.5301
9.02 0.68982 -0.723981 1.44796 1.37964 -2.75928 2.89592 -46.3841
9.03 0.704161 -0.710041 1.42008 1.40832 -2.81664 2.84016 -45.2382
9.04 0.71822 -0.695816 1.39163 1.43644 -2.87288 2.78327 -44.0923
9.05 0.731991 -0.681314 1.36263 1.46398 -2.92797 2.72526 -42.9464
9.06 0.74547 -0.666539 1.33308 1.49094 -2.98188 2.66615 -41.8005
9.07 0.758651 -0.651497 1.30299 1.5173 -3.03461 2.60599 -40.6546
9.08 0.771529 -0.636195 1.27239 1.54306 -3.08611 2.54478 -39.5086
9.09 0.784097 -0.620638 1.24128 1.56819 -3.13639 2.48255 -38.3627
9.1 0.796352 -0.604833 1.20967 1.5927 -3.18541 2.41933 -37.2168
9.11 0.808289 -0.588786 1.17757 1.61658 -3.23316 2.35514 -36.0709
9.12 0.819902 -0.572503 1.14501 1.6398 -3.27961 2.29001 -34.925
9.13 0.831188 -0.555992 1.11198 1.66238 -3.32475 2.22397 -33.7791
9.14 0.842141 -0.539258 1.07852 1.68428 -3.36856 2.15703 -32.6332
9.15 0.852757 -0.522309 1.04462 1.70551 -3.41103 2.08923 -31.4872
9.16 0.863031 -0.50515 1.0103 1.72606 -3.45213 2.0206 -30.3413
9.17 0.872961 -0.48779 0.975579 1.74592 -3.49184 1.95116 -29.1954
9.18 0.882542 -0.470234 0.940468 1.76508 -3.53017 1.88094 -28.0495
9.19 0.891769 -0.45249 0.904981 1.78354 -3.56708 1.80996 -26.9036
9.2 0.90064 -0.434566 0.869131 1.80128 -3.60256 1.73826 -25.7577
9.21 0.909151 -0.416467 0.832934 1.8183 -3.6366 1.66587 -24.6117
9.22 0.917298 -0.398202 0.796404 1.8346 -3.66919 1.59281 -23.4658
9.23 0.925078 -0.379778 0.759555 1.85016 -3.70031 1.51911 -22.3199
9.24 0.932488 -0.361201 0.722403 1.86498 -3.72995 1.44481 -21.174
9.25 0.939525 -0.342481 0.684961 1.87905 -3.7581 1.36992 -20.0281
9.26 0.946186 -0.323623 0.647246 1.89237 -3.78474 1.29449 -18.8822
9.27 0.952469 -0.304636 0.609271 1.90494 -3.80988 1.21854 -17.7362
9.28 0.958371 -0.285527 0.571053 1.91674 -3.83348 1.14211 -16.5903
9.29 0.963889 -0.266303 0.532607 1.92778 -3.85556 1.06521 -15.4444
9.3 0.969022 -0.246974 0.493947 1.93804 -3.87609 0.987895 -14.2985
9.31 0.973768 -0.227545 0.45509 1.94754 -3.89507 0.91018 -13.1526
9.32 0.978123 -0.208026 0.416051 1.95625 -3.91249 0.832102 -12.0067
9.33 0.982088 -0.188423 0.376846 1.96418 -3.92835 0.753691 -10.8608
9.34 0.98566 -0.168745 0.337489 1.97132 -3.94264 0.674979 -9.71484
9.35 0.988837 -0.148999 0.297998 1.97767 -3.95535 0.595996 -8.56892
9.36 0.991619 -0.129194 0.258388 1.98324 -3.96648 0.516775 -7.42301
9.37 0.994005 -0.109337 0.218674 1.98801 -3.97602 0.437348 -6.27709
9.38 0.995993 -0.0894363 0.178873 1.99199 -3.98397 0.357745 -5.13118
9.39 0.997582 -0.0694998 0.139 1.99516 -3.99033 0.277999 -3.98526
9.4 0.998772 -0.0495356 0.0990713 1.99754 -3.99509 0.198143 -2.83935
9.41 0.999563 -0.0295516 0.0591032 1.99913 -3.99825 0.118206 -1.69343
9.42 0.999954 -0.00955578 0.0191116 1.99991 -3.99982 0.0382231 -0.547514
9.43 0.999945 0.0104439 -0.0208878 1.99989 -3.99978 -0.0417756 0.598402
9.44 0.999537 0.0304394 -0.0608788 1.99907 -3.99815 -0.121758 1.74432
9.45 0.998728 0.0504227 -0.100845 1.99746 -3.99491 -0.201691 2.89023
9.46 0.99752 0.0703858 -0.140772 1.99504 -3.99008 -0.281543 4.03615
9.47 0.995913 0.0903208 -0.180642 1.99183 -3.98365 -0.361283 5.18206
9.48 0.993907 0.11022 -0.220439 1.98781 -3.97563 -0.440879 6.32798
9.49 0.991504 0.130074 -0.260149 1.98301 -3.96602 -0.520298 7.4739
9.5 0.988705 0.149877 -0.299754 1.97741 -3.95482 -0.599509 8.61981
9.51 0.98551 0.16962 -0.33924 1.97102 -3.94204 -0.67848 9.76573
9.52 0.98192 0.189295 -0.37859 1.96384 -3.92768 -0.75718 10.9116
9.53 0.977938 0.208894 -0.417788 1.95588 -3.91175 -0.835577 12.0576
9.54 0.973565 0.22841 -0.45682 1.94713 -3.89426 -0.91364 13.2035
9.55 0.968802 0.247834 -0.495668 1.9376 -3.87521 -0.991337 14.3494
9.56 0.963652 0.267159 -0.534319 1.9273 -3.85461 -1.06864 15.4953
9.57 0.958117 0.286378 -0.572755 1.91623 -3.83247 -1.14551 16.6412
9.58 0.952198 0.305482 -0.610963 1.9044 -3.80879 -1.22193 17.7871
9.59 0.945898 0.324463 -0.648926 1.8918 -3.78359 -1.29785 18.9331
9.6 0.93922 0.343315 -0.68663 1.87844 -3.75688 -1.37326 20.079
9.61 0.932167 0.362029 -0.724059 1.86433 -3.72867 -1.44812 21.2249
9.62 0.92474 0.380599 -0.761198 1.84948 -3.69896 -1.5224 22.3708
9.63 0.916944 0.399017 -0.798033 1.83389 -3.66777 -1.59607 23.5167
9.64 0.908781 0.417274 -0.834549 1.81756 -3.63512 -1.6691 24.6626
9.65 0.900254 0.435365 -0.870731 1.80051 -3.60102 -1.74146 25.8085
9.66 0.891367 0.453282 -0.906564 1.78273 -3.56547 -1.81313 26.9545
9.67 0.882124 0.471018 -0.942035 1.76425 -3.5285 -1.88407 28.1004
9.68 0.872528 0.488565 -0.97713 1.74506 -3.49011 -1.95426 29.2463
9.69 0.862582 0.505916 -1.01183 1.72516 -3.45033 -2.02367 30.3922
9.7 0.852292 0.523066 -1.04613 1.70458 -3.40917 -2.09226 31.5381
9.71 0.841661 0.540006 -1.08001 1.68332 -3.36665 -2.16002 32.684
9.72 0.830694 0.55673 -1.11346 1.66139 -3.32277 -2.22692 33.83
9.73 0.819394 0.573231 -1.14646 1.63879 -3.27757 -2.29293 34.9759
9.74 0.807766 0.589504 -1.17901 1.61553 -3.23106 -2.35801 36.1218
9.75 0.795815 0.60554 -1.21108 1.59163 -3.18326 -2.42216 37.2677
9.76 0.783546 0.621334 -1.24267 1.56709 -3.13418 -2.48534 38.4136
9.77 0.770963 0.63688 -1.27376 1.54193 -3.08385 -2.54752 39.5595
9.78 0.758072 0.65217 -1.30434 1.51614 -3.03229 -2.60868 40.7054
9.79 0.744878 0.6672 -1.3344 1.48976 -2.97951 -2.6688 41.8514
9.8 0.731386 0.681964 -1.36393 1.46277 -2.92554 -2.72785 42.9973
9.81 0.717601 0.696454 -1.39291 1.4352 -2.87041 -2.78582 44.1432
9.82 0.70353 0.710666 -1.42133 1.40706 -2.81412 -2.84266 45.2891
9.83 0.689177 0.724593 -1.44919 1.37835 -2.75671 -2.89837 46.435
9.84 0.674548 0.738231 -1.47646 1.3491 -2.69819 -2.95292 47.5809
9.85 0.659649 0.751573 -1.50315 1.3193 -2.6386 -3.00629 48.7269
9.86 0.644487 0.764615 -1.52923 1.28897 -2.57795 -3.05846 49.8728
9.87 0.629067 0.777351 -1.5547 1.25813 -2.51627 -3.1094 51.0187
9.88 0.613395 0.789776 -1.57955 1.22679 -2.45358 -3.1591 52.1646
9.89 0.597478 0.801885 -1.60377 1.19496 -2.38991 -3.20754 53.3105
9.9 0.581322 0.813674 -1.62735 1.16264 -2.32529 -3.25469 54.4564
9.91 0.564933 0.825137 -1.65027 1.12987 -2.25973 -3.30055 55.6023
9.92 0.548319 0.83627 -1.67254 1.09664 -2.19327 -3.34508 56.7483
9.93 0.531485 0.847068 -1.69414 1.06297 -2.12594 -3.38827 57.8942
9.94 0.514438 0.857528 -1.71506 1.02888 -2.05775 -3.43011 59.0401
9.95 0.497186 0.867644 -1.73529 0.994372 -1.98874 -3.47058 60.186
9.96 0.479735 0.877414 -1.75483 0.959469 -1.91894 -3.50965 61.3319
9.97 0.462092 0.886832 -1.77366 0.924183 -1.84837 -3.54733 62.4778
9.98 0.444264 0.895896 -1.79179 0.888527 -1.77705 -3.58358 63.6238
9.99 0.426258 0.904602 -1.8092 0.852516 -1.70503 -3.61841 64.7697
10 0.408082 0.912945 -1.82589 0.816164 -1.63233 -3.65178 65.9156
