t x y vx vy ax ay theta_deg
0 1.1 1 -0 0.1 -0.1 -0 0
0.05 1.09988 1.005 -0.00499792 0.099875 -0.099875 -0.00499792 2.86479
0.1 1.0995 1.00998 -0.00998334 0.0995004 -0.0995004 -0.00998334 5.72958
0.15 1.09888 1.01494 -0.0149438 0.0988771 -0.0988771 -0.0149438 8.59437
0.2 1.09801 1.01987 -0.0198669 0.0980067 -0.0980067 -0.0198669 11.4592
0.25 1.09689 1.02474 -0.0247404 0.0968912 -0.0968912 -0.0247404 14.3239
0.3 1.09553 1.02955 -0.029552 0.0955336 -0.0955336 -0.029552 17.1887
0.35 1.09394 1.03429 -0.0342898 0.0939373 -0.0939373 -0.0342898 20.0535
0.4 1.09211 1.03894 -0.0389418 0.0921061 -0.0921061 -0.0389418 22.9183
0.45 1.09004 1.0435 -0.0434966 0.0900447 -0.0900447 -0.0434966 25.7831
0.5 1.08776 1.04794 -0.0479426 0.0877583 -0.0877583 -0.0479426 28.6479
0.55 1.08525 1.05227 -0.0522687 0.0852525 -0.0852525 -0.0522687 31.5127
0.6 1.08253 1.05646 -0.0564642 0.0825336 -0.0825336 -0.0564642 34.3775
0.65 1.07961 1.06052 -0.0605186 0.0796084 -0.0796084 -0.0605186 37.2423
0.7 1.07648 1.06442 -0.0644218 0.0764842 -0.0764842 -0.0644218 40.107
0.75 1.07317 1.06816 -0.0681639 0.0731689 -0.0731689 -0.0681639 42.9718
0.8 1.06967 1.07174 -0.0717356 0.0696707 -0.0696707 -0.0717356 45.8366
0.85 1.066 1.07513 -0.075128 0.0659983 -0.0659983 -0.075128 48.7014
0.9 1.06216 1.07833 -0.0783327 0.062161 -0.062161 -0.0783327 51.5662
0.95 1.05817 1.08134 -0.0813416 0.0581683 -0.0581683 -0.0813416 54.431
1 1.05403 1.08415 -0.0841471 0.0540302 -0.0540302 -0.0841471 57.2958
1.05 1.04976 1.08674 -0.0867423 0.0497571 -0.0497571 -0.0867423 60.1606
1.1 1.04536 1.08912 -0.0891207 0.0453596 -0.0453596 -0.0891207 63.0254
1.15 1.04085 1.09128 -0.0912764 0.0408487 -0.0408487 -0.0912764 65.8901
1.2 1.03624 1.0932 -0.0932039 0.0362358 -0.0362358 -0.0932039 68.7549
1.25 1.03153 1.0949 -0.0948985 0.0315322 -0.0315322 -0.0948985 71.6197
1.3 1.02675 1.09636 -0.0963558 0.0267499 -0.0267499 -0.0963558 74.4845
1.35 1.0219 1.09757 -0.0975723 0.0219007 -0.0219007 -0.0975723 77.3493
1.4 1.017 1.09854 -0.098545 0.0169967 -0.0169967 -0.098545 80.2141
1.45 1.01205 1.09927 -0.0992713 0.0120503 -0.0120503 -0.0992713 83.0789
1.5 1.00707 1.09975 -0.0997495 0.00707372 -0.00707372 -0.0997495 85.9437
1.55 1.00208 1.09998 -0.0999784 0.00207948 -0.00207948 -0.0999784 88.8085
1.6 0.99708 1.09996 -0.0999574 -0.00291995 0.00291995 -0.0999574 -88.3268
1.65 0.992088 1.09969 -0.0996865 -0.00791209 0.00791209 -0.0996865 -85.462
1.7 0.987116 1.09917 -0.0991665 -0.0128844 0.0128844 -0.0991665 -82.5972
1.75 0.982175 1.0984 -0.0983986 -0.0178246 0.0178246 -0.0983986 -79.7324
1.8 0.97728 1.09738 -0.0973848 -0.0227202 0.0227202 -0.0973848 -76.8676
1.85 0.972441 1.09613 -0.0961275 -0.027559 0.027559 -0.0961275 -74.0028
1.9 0.967671 1.09463 -0.09463 -0.032329 0.032329 -0.09463 -71.138
1.95 0.962982 1.0929 -0.092896 -0.0370181 0.0370181 -0.092896 -68.2732
2 0.958385 1.09093 -0.0909297 -0.0416147 0.0416147 -0.0909297 -65.4084
2.05 0.953893 1.08874 -0.0887362 -0.0461073 0.0461073 -0.0887362 -62.5437
2.1 0.949515 1.08632 -0.0863209 -0.0504846 0.0504846 -0.0863209 -59.6789
2.15 0.945264 1.08369 -0.0836899 -0.0547358 0.0547358 -0.0836899 -56.8141
2.2 0.94115 1.08085 -0.0808496 -0.0588501 0.0588501 -0.0808496 -53.9493
2.25 0.937183 1.07781 -0.0778073 -0.0628174 0.0628174 -0.0778073 -51.0845
2.3 0.933372 1.07457 -0.0745705 -0.0666276 0.0666276 -0.0745705 -48.2197
2.35 0.929729 1.07115 -0.0711473 -0.0702713 0.0702713 -0.0711473 -45.3549
2.4 0.926261 1.06755 -0.0675463 -0.0737394 0.0737394 -0.0675463 -42.4901
2.45 0.922977 1.06378 -0.0637765 -0.0770231 0.0770231 -0.0637765 -39.6253
2.5 0.919886 1.05985 -0.0598472 -0.0801144 0.0801144 -0.0598472 -36.7606
2.55 0.916995 1.05577 -0.0557684 -0.0830054 0.0830054 -0.0557684 -33.8958
2.6 0.914311 1.05155 -0.0515501 -0.0856889 0.0856889 -0.0515501 -31.031
2.65 0.911842 1.0472 -0.0472031 -0.0881582 0.0881582 -0.0472031 -28.1662
2.7 0.909593 1.04274 -0.042738 -0.0904072 0.0904072 -0.042738 -25.3014
2.75 0.90757 1.03817 -0.0381661 -0.0924302 0.0924302 -0.0381661 -22.4366
2.8 0.905778 1.0335 -0.0334988 -0.0942222 0.0942222 -0.0334988 -19.5718
2.85 0.904221 1.02875 -0.0287478 -0.0957787 0.0957787 -0.0287478 -16.707
2.9 0.902904 1.02392 -0.0239249 -0.0970958 0.0970958 -0.0239249 -13.8422
2.95 0.90183 1.01904 -0.0190423 -0.0981702 0.0981702 -0.0190423 -10.9775
3 0.901001 1.01411 -0.014112 -0.0989992 0.0989992 -0.014112 -8.11266
3.05 0.900419 1.00915 -0.00914646 -0.0995808 0.0995808 -0.00914646 -5.24787
3.1 0.900086 1.00416 -0.00415807 -0.0999135 0.0999135 -0.00415807 -2.38308
3.15 0.900004 0.999159 0.000840725 -0.0999965 0.0999965 0.000840725 0.481705
3.2 0.900171 0.994163 0.00583741 -0.0998295 0.0998295 0.00583741 3.34649
3.25 0.900587 0.98918 0.0108195 -0.099413 0.099413 0.0108195 6.21128
3.3 0.901252 0.984225 0.0157746 -0.098748 0.098748 0.0157746 9.07607
3.35 0.902164 0.97931 0.0206902 -0.0978362 0.0978362 0.0206902 11.9409
3.4 0.90332 0.974446 0.0255541 -0.0966798 0.0966798 0.0255541 14.8057
3.45 0.904718 0.969646 0.0303542 -0.0952818 0.0952818 0.0303542 17.6704
3.5 0.906354 0.964922 0.0350783 -0.0936457 0.0936457 0.0350783 20.5352
3.55 0.908225 0.960285 0.0397148 -0.0917755 0.0917755 0.0397148 23.4
3.6 0.910324 0.955748 0.044252 -0.0896758 0.0896758 0.044252 26.2648
3.65 0.912648 0.951321 0.0486787 -0.0873521 0.0873521 0.0486787 29.1296
3.7 0.91519 0.947016 0.0529836 -0.08481 0.08481 0.0529836 31.9944
3.75 0.917944 0.942844 0.0571561 -0.0820559 0.0820559 0.0571561 34.8592
3.8 0.920903 0.938814 0.0611858 -0.0790968 0.0790968 0.0611858 37.724
3.85 0.92406 0.934937 0.0650625 -0.0759399 0.0759399 0.0650625 40.5888
3.9 0.927407 0.931223 0.0687766 -0.0725932 0.0725932 0.0687766 43.4535
3.95 0.930935 0.927681 0.0723188 -0.0690651 0.0690651 0.0723188 46.3183
4 0.934636 0.92432 0.0756802 -0.0653644 0.0653644 0.0756802 49.1831
4.05 0.9385 0.921147 0.0788525 -0.0615002 0.0615002 0.0788525 52.0479
4.1 0.942518 0.918172 0.0818277 -0.0574824 0.0574824 0.0818277 54.9127
4.15 0.946679 0.915402 0.0845984 -0.0533209 0.0533209 0.0845984 57.7775
4.2 0.950974 0.912842 0.0871576 -0.0490261 0.0490261 0.0871576 60.6423
4.25 0.955391 0.910501 0.0894989 -0.0446087 0.0446087 0.0894989 63.5071
4.3 0.95992 0.908383 0.0916166 -0.0400799 0.0400799 0.0916166 66.3719
4.35 0.964549 0.906495 0.0935053 -0.0354509 0.0354509 0.0935053 69.2366
4.4 0.969267 0.90484 0.0951602 -0.0307333 0.0307333 0.0951602 72.1014
4.45 0.974061 0.903423 0.0965773 -0.0259389 0.0259389 0.0965773 74.9662
4.5 0.97892 0.902247 0.097753 -0.0210796 0.0210796 0.097753 77.831
4.55 0.983832 0.901316 0.0986844 -0.0161676 0.0161676 0.0986844 80.6958
4.6 0.988785 0.900631 0.0993691 -0.0112153 0.0112153 0.0993691 83.5606
4.65 0.993765 0.900195 0.0998054 -0.00623485 0.00623485 0.0998054 86.4254
4.7 0.998761 0.900008 0.0999923 -0.00123887 0.00123887 0.0999923 89.2902
4.75 1.00376 0.900071 0.0999293 0.00376022 -0.00376022 0.0999293 -87.845
4.8 1.00875 0.900384 0.0996165 0.0087499 -0.0087499 0.0996165 -84.9803
4.85 1.01372 0.900945 0.0990547 0.0137177 -0.0137177 0.0990547 -82.1155
4.9 1.01865 0.901755 0.0982453 0.0186512 -0.0186512 0.0982453 -79.2507
4.95 1.02354 0.90281 0.0971903 0.0235381 -0.0235381 0.0971903 -76.3859
5 1.02837 0.904108 0.0958924 0.0283662 -0.0283662 0.0958924 -73.5211
5.05 1.03312 0.905645 0.0943549 0.0331234 -0.0331234 0.0943549 -70.6563
5.1 1.0378 0.907419 0.0925815 0.0377978 -0.0377978 0.0925815 -67.7915
5.15 1.04238 0.909423 0.0905767 0.0423777 -0.0423777 0.0905767 -64.9267
5.2 1.04685 0.911655 0.0883455 0.0468517 -0.0468517 0.0883455 -62.0619
5.25 1.05121 0.914107 0.0858934 0.0512085 -0.0512085 0.0858934 -59.1972
5.3 1.05544 0.916773 0.0832267 0.0554374 -0.0554374 0.0832267 -56.3324
5.35 1.05953 0.919648 0.080352 0.0595278 -0.0595278 0.080352 -53.4676
5.4 1.06347 0.922724 0.0772764 0.0634693 -0.0634693 0.0772764 -50.6028
5.45 1.06725 0.925992 0.0740077 0.0672522 -0.0672522 0.0740077 -47.738
5.5 1.07087 0.929446 0.070554 0.070867 -0.070867 0.070554 -44.8732
5.55 1.0743 0.933076 0.066924 0.0743046 -0.0743046 0.066924 -42.0084
5.6 1.07756 0.936873 0.0631267 0.0775566 -0.0775566 0.0631267 -39.1436
5.65 1.08061 0.940828 0.0591716 0.0806147 -0.0806147 0.0591716 -36.2788
5.7 1.08347 0.944931 0.0550686 0.0834713 -0.0834713 0.0550686 -33.4141
5.75 1.08612 0.949172 0.0508279 0.0861192 -0.0861192 0.0508279 -30.5493
5.8 1.08855 0.95354 0.0464602 0.088552 -0.088552 0.0464602 -27.6845
5.85 1.09076 0.958024 0.0419764 0.0907633 -0.0907633 0.0419764 -24.8197
5.9 1.09275 0.962612 0.0373877 0.0927478 -0.0927478 0.0373877 -21.9549
5.95 1.0945 0.967295 0.0327055 0.0945005 -0.0945005 0.0327055 -19.0901
6 1.09602 0.972058 0.0279415 0.096017 -0.096017 0.0279415 -16.2253
6.05 1.09729 0.976892 0.0231078 0.0972935 -0.0972935 0.0231078 -13.3605
6.1 1.09833 0.981784 0.0182163 0.0983268 -0.0983268 0.0182163 -10.4957
6.15 1.09911 0.986721 0.0132792 0.0991144 -0.0991144 0.0132792 -7.63096
6.2 1.09965 0.991691 0.00830894 0.0996542 -0.0996542 0.00830894 -4.76617
6.25 1.09994 0.996682 0.00331792 0.0999449 -0.0999449 0.00331792 -1.90138
6.3 1.09999 1.00168 -0.00168139 0.0999859 -0.0999859 -0.00168139 0.963411
6.35 1.09978 1.00668 -0.0066765 0.0997769 -0.0997769 -0.0066765 3.8282
6.4 1.09932 1.01165 -0.0116549 0.0993185 -0.0993185 -0.0116549 6.69299
6.45 1.09861 1.0166 -0.0166042 0.0986119 -0.0986119 -0.0166042 9.55778
6.5 1.09766 1.02151 -0.021512 0.0976588 -0.0976588 -0.021512 12.4226
6.55 1.09646 1.02637 -0.026366 0.0964616 -0.0964616 -0.026366 15.2874
6.6 1.09502 1.03115 -0.0311541 0.0950233 -0.0950233 -0.0311541 18.1521
6.65 1.09335 1.03586 -0.0358644 0.0933474 -0.0933474 -0.0358644 21.0169
6.7 1.09144 1.04048 -0.040485 0.0914383 -0.0914383 -0.040485 23.8817
6.75 1.0893 1.045 -0.0450044 0.0893006 -0.0893006 -0.0450044 26.7465
6.8 1.08694 1.04941 -0.0494113 0.0869397 -0.0869397 -0.0494113 29.6113
6.85 1.08436 1.05369 -0.0536948 0.0843616 -0.0843616 -0.0536948 32.4761
6.9 1.08157 1.05784 -0.057844 0.0815725 -0.0815725 -0.057844 35.3409
6.95 1.07858 1.06185 -0.0618486 0.0785796 -0.0785796 -0.0618486 38.2057
7 1.07539 1.0657 -0.0656987 0.0753902 -0.0753902 -0.0656987 41.0705
7.05 1.07201 1.06938 -0.0693845 0.0720124 -0.0720124 -0.0693845 43.9352
7.1 1.06845 1.0729 -0.0728969 0.0684547 -0.0684547 -0.0728969 46.8
7.15 1.06473 1.07623 -0.0762271 0.0647258 -0.0647258 -0.0762271 49.6648
7.2 1.06084 1.07937 -0.0793668 0.0608351 -0.0608351 -0.0793668 52.5296
7.25 1.05679 1.08231 -0.0823081 0.0567924 -0.0567924 -0.0823081 55.3944
7.3 1.05261 1.08504 -0.0850437 0.0526078 -0.0526078 -0.0850437 58.2592
7.35 1.04829 1.08757 -0.0875667 0.0482916 -0.0482916 -0.0875667 61.124
7.4 1.04385 1.08987 -0.0898708 0.0438547 -0.0438547 -0.0898708 63.9888
7.45 1.03931 1.09195 -0.0919503 0.0393083 -0.0393083 -0.0919503 66.8536
7.5 1.03466 1.0938 -0.0938 0.0346635 -0.0346635 -0.0938 69.7183
7.55 1.02993 1.09542 -0.0954152 0.0299322 -0.0299322 -0.0954152 72.5831
7.6 1.02513 1.09679 -0.096792 0.025126 -0.025126 -0.096792 75.4479
7.65 1.02026 1.09793 -0.0979268 0.020257 -0.020257 -0.0979268 78.3127
7.7 1.01534 1.09882 -0.0988168 0.0153374 -0.0153374 -0.0988168 81.1775
7.75 1.01038 1.09946 -0.0994599 0.0103794 -0.0103794 -0.0994599 84.0423
7.8 1.0054 1.09985 -0.0998543 0.00539554 -0.00539554 -0.0998543 86.9071
7.85 1.0004 1.1 -0.0999992 0.000398162 -0.000398162 -0.0999992 89.7719
7.9 0.9954 1.09989 -0.0998941 -0.00460021 0.00460021 -0.0998941 -87.3633
7.95 0.990413 1.09954 -0.0995394 -0.00958709 0.00958709 -0.0995394 -84.4986
8 0.98545 1.09894 -0.0989358 -0.01455 0.01455 -0.0989358 -81.6338
8.05 0.980523 1.09808 -0.098085 -0.0194765 0.0194765 -0.098085 -78.769
8.1 0.975646 1.09699 -0.096989 -0.0243544 0.0243544 -0.096989 -75.9042
8.15 0.970829 1.09565 -0.0956506 -0.0291714 0.0291714 -0.0956506 -73.0394
8.2 0.966085 1.09407 -0.0940731 -0.0339155 0.0339155 -0.0940731 -70.1746
8.25 0.961425 1.09226 -0.0922604 -0.0385748 0.0385748 -0.0922604 -67.3098
8.3 0.956862 1.09022 -0.0902172 -0.0431377 0.0431377 -0.0902172 -64.445
8.35 0.952407 1.08795 -0.0879484 -0.0475928 0.0475928 -0.0879484 -61.5802
8.4 0.948071 1.08546 -0.0854599 -0.0519289 0.0519289 -0.0854599 -58.7155
8.45 0.943865 1.08276 -0.0827577 -0.0561352 0.0561352 -0.0827577 -55.8507
8.5 0.939799 1.07985 -0.0798487 -0.0602012 0.0602012 -0.0798487 -52.9859
8.55 0.935883 1.07674 -0.0767401 -0.0641167 0.0641167 -0.0767401 -50.1211
8.6 0.932128 1.07344 -0.0734397 -0.067872 0.067872 -0.0734397 -47.2563
8.65 0.928542 1.06996 -0.0699557 -0.0714576 0.0714576 -0.0699557 -44.3915
8.7 0.925135 1.0663 -0.0662969 -0.0748647 0.0748647 -0.0662969 -41.5267
8.75 0.921915 1.06247 -0.0624724 -0.0780846 0.0780846 -0.0624724 -38.6619
8.8 0.918891 1.05849 -0.0584917 -0.0811093 0.0811093 -0.0584917 -35.7971
8.85 0.916069 1.05436 -0.0543648 -0.0839313 0.0839313 -0.0543648 -32.9324
8.9 0.913456 1.0501 -0.0501021 -0.0865435 0.0865435 -0.0501021 -30.0676
8.95 0.911061 1.04571 -0.0457141 -0.0889394 0.0889394 -0.0457141 -27.2028
9 0.908887 1.04121 -0.0412118 -0.091113 0.091113 -0.0412118 -24.338
9.05 0.906941 1.03661 -0.0366066 -0.0930589 0.0930589 -0.0366066 -21.4732
9.1 0.905228 1.03191 -0.0319098 -0.0947722 0.0947722 -0.0319098 -18.6084
9.15 0.903751 1.02713 -0.0271333 -0.0962485 0.0962485 -0.0271333 -15.7436
9.2 0.902516 1.02229 -0.022289 -0.0974844 0.0974844 -0.022289 -12.8788
9.25 0.901523 1.01739 -0.0173889 -0.0984765 0.0984765 -0.0173889 -10.014
9.3 0.900777 1.01245 -0.0124454 -0.0992225 0.0992225 -0.0124454 -7.14925
9.35 0.900279 1.00747 -0.00747083 -0.0997205 0.0997205 -0.00747083 -4.28446
9.4 0.900031 1.00248 -0.00247754 -0.0999693 0.0999693 -0.00247754 -1.41967
9.45 0.900032 0.997478 0.00252194 -0.0999682 0.0999682 0.00252194 1.44512
9.5 0.900283 0.992485 0.00751511 -0.0997172 0.0997172 0.00751511 4.30991
9.55 0.900783 0.98751 0.0124895 -0.099217 0.099217 0.0124895 7.17469
9.6 0.901531 0.982567 0.0174327 -0.0984688 0.0984688 0.0174327 10.0395
9.65 0.902526 0.977668 0.0223323 -0.0974745 0.0974745 0.0223323 12.9043
9.7 0.903764 0.972824 0.0271761 -0.0962365 0.0962365 0.0271761 15.7691
9.75 0.905242 0.968048 0.0319519 -0.094758 0.094758 0.0319519 18.6339
9.8 0.906957 0.963352 0.0366479 -0.0930426 0.0930426 0.0366479 21.4986
9.85 0.908905 0.958748 0.0412523 -0.0910947 0.0910947 0.0412523 24.3634
9.9 0.911081 0.954246 0.0457536 -0.0889191 0.0889191 0.0457536 27.2282
9.95 0.913479 0.949859 0.0501405 -0.0865213 0.0865213 0.0501405 30.093
10 0.916093 0.945598 0.0544021 -0.0839072 0.0839072 0.0544021 32.9578
10.05 0.918917 0.941472 0.0585277 -0.0810833 0.0810833 0.0585277 35.8226
10.1 0.921943 0.937493 0.0625071 -0.0780568 0.0780568 0.0625071 38.6874
10.15 0.925165 0.93367 0.0663302 -0.0748352 0.0748352 0.0663302 41.5522
10.2 0.928573 0.930013 0.0699875 -0.0714266 0.0714266 0.0699875 44.417
10.25 0.932161 0.92653 0.0734698 -0.0678394 0.0678394 0.0734698 47.2817
10.3 0.935917 0.923231 0.0767686 -0.0640826 0.0640826 0.0767686 50.1465
10.35 0.939834 0.920125 0.0798754 -0.0601657 0.0601657 0.0798754 53.0113
10.4 0.943902 0.917217 0.0827826 -0.0560984 0.0560984 0.0827826 55.8761
10.45 0.948109 0.914517 0.0854829 -0.0518909 0.0518909 0.0854829 58.7409
10.5 0.952446 0.91203 0.0879696 -0.0475537 0.0475537 0.0879696 61.6057
10.55 0.956902 0.909764 0.0902363 -0.0430976 0.0430976 0.0902363 64.4705
10.6 0.961466 0.907722 0.0922775 -0.0385338 0.0385338 0.0922775 67.3353
10.65 0.966126 0.905912 0.0940881 -0.0338737 0.0338737 0.0940881 70.2001
10.7 0.970871 0.904336 0.0956635 -0.0291289 0.0291289 0.0956635 73.0648
10.75 0.975689 0.903 0.0969998 -0.0243113 0.0243113 0.0969998 75.9296
10.8 0.980567 0.901906 0.0980936 -0.019433 0.019433 0.0980936 78.7944
10.85 0.985494 0.901058 0.0989423 -0.0145061 0.0145061 0.0989423 81.6592
10.9 0.990457 0.900456 0.0995436 -0.00954289 0.00954289 0.0995436 84.524
10.95 0.995444 0.900104 0.0998962 -0.00455585 0.00455585 0.0998962 87.3888
11 1.00044 0.900001 0.099999 0.00044257 -0.00044257 0.099999 -89.7464
11.05 1.00544 0.900148 0.0998519 0.00543988 -0.00543988 0.0998519 -86.8816
11.1 1.01042 0.900545 0.0994553 0.0104236 -0.0104236 0.0994553 -84.0168
11.15 1.01538 0.90119 0.09881 0.0153813 -0.0153813 0.09881 -81.1521
11.2 1.0203 0.902082 0.0979178 0.0203005 -0.0203005 0.0979178 -78.2873
11.25 1.02517 0.903219 0.0967808 0.025169 -0.025169 0.0967808 -75.4225
11.3 1.02997 0.904598 0.0954019 0.0299745 -0.0299745 0.0954019 -72.5577
11.35 1.03471 0.906215 0.0937846 0.0347052 -0.0347052 0.0937846 -69.6929
11.4 1.03935 0.908067 0.0919329 0.0393491 -0.0393491 0.0919329 -66.8281
11.45 1.04389 0.910149 0.0898513 0.0438946 -0.0438946 0.0898513 -63.9633
11.5 1.04833 0.912455 0.0875452 0.0483305 -0.0483305 0.0875452 -61.0985
11.55 1.05265 0.91498 0.0850203 0.0526455 -0.0526455 0.0850203 -58.2337
11.6 1.05683 0.917717 0.0822829 0.056829 -0.056829 0.0822829 -55.369
11.65 1.06087 0.92066 0.0793398 0.0608704 -0.0608704 0.0793398 -52.5042
11.7 1.06476 0.923802 0.0761984 0.0647596 -0.0647596 0.0761984 -49.6394
11.75 1.06849 0.927134 0.0728665 0.068487 -0.068487 0.0728665 -46.7746
11.8 1.07204 0.930647 0.0693525 0.0720432 -0.0720432 0.0693525 -43.9098
11.85 1.07542 0.934335 0.0656652 0.0754194 -0.0754194 0.0656652 -41.045
11.9 1.07861 0.938186 0.0618137 0.078607 -0.078607 0.0618137 -38.1802
11.95 1.0816 0.942192 0.0578077 0.0815982 -0.0815982 0.0578077 -35.3154
12 1.08439 0.946343 0.0536573 0.0843854 -0.0843854 0.0536573 -32.4506
12.05 1.08696 0.950627 0.0493727 0.0869617 -0.0869617 0.0493727 -29.5859
12.1 1.08932 0.955035 0.0449647 0.0893206 -0.0893206 0.0449647 -26.7211
12.15 1.09146 0.959556 0.0404444 0.0914563 -0.0914563 0.0404444 -23.8563
12.2 1.09336 0.964177 0.0358229 0.0933634 -0.0933634 0.0358229 -20.9915
12.25 1.09504 0.968888 0.0311119 0.0950371 -0.0950371 0.0311119 -18.1267
12.3 1.09647 0.973677 0.0263232 0.0964733 -0.0964733 0.0263232 -15.2619
12.35 1.09767 0.978531 0.0214686 0.0976683 -0.0976683 0.0214686 -12.3971
12.4 1.09862 0.98344 0.0165604 0.0986192 -0.0986192 0.0165604 -9.53233
12.45 1.09932 0.988389 0.0116108 0.0993237 -0.0993237 0.0116108 -6.66755
12.5 1.09978 0.993368 0.00663219 0.0997798 -0.0997798 0.00663219 -3.80276
12.55 1.09999 0.998363 0.00163699 0.0999866 -0.0999866 0.00163699 -0.937967
12.6 1.09994 1.00336 -0.0033623 0.0999435 -0.0999435 -0.0033623 1.92682
12.65 1.09965 1.00835 -0.00835319 0.0996505 -0.0996505 -0.00835319 4.79161
12.7 1.09911 1.01332 -0.0133232 0.0991085 -0.0991085 -0.0133232 7.6564
12.75 1.09832 1.01826 -0.0182599 0.0983187 -0.0983187 -0.0182599 10.5212
12.8 1.09728 1.02315 -0.023151 0.0972833 -0.0972833 -0.023151 13.386
12.85 1.096 1.02798 -0.0279842 0.0960046 -0.0960046 -0.0279842 16.2508
12.9 1.09449 1.03275 -0.0327474 0.094486 -0.094486 -0.0327474 19.1156
12.95 1.09273 1.03743 -0.0374289 0.0927312 -0.0927312 -0.0374289 21.9803
13 1.09074 1.04202 -0.0420167 0.0907447 -0.0907447 -0.0420167 24.8451
13.05 1.08853 1.0465 -0.0464995 0.0885313 -0.0885313 -0.0464995 27.7099
13.1 1.0861 1.05087 -0.0508661 0.0860967 -0.0860967 -0.0508661 30.5747
13.15 1.08345 1.05511 -0.0551056 0.0834468 -0.0834468 -0.0551056 33.4395
13.2 1.08059 1.05921 -0.0592074 0.0805884 -0.0805884 -0.0592074 36.3043
13.25 1.07753 1.06316 -0.0631611 0.0775285 -0.0775285 -0.0631611 39.1691
13.3 1.07427 1.06696 -0.066957 0.0742749 -0.0742749 -0.066957 42.0339
13.35 1.07084 1.07059 -0.0705855 0.0708356 -0.0708356 -0.0705855 44.8987
13.4 1.06722 1.07404 -0.0740376 0.0672193 -0.0672193 -0.0740376 47.7634
13.45 1.06343 1.0773 -0.0773046 0.063435 -0.063435 -0.0773046 50.6282
13.5 1.05949 1.08038 -0.0803784 0.0594921 -0.0594921 -0.0803784 53.493
13.55 1.0554 1.08325 -0.0832514 0.0554005 -0.0554005 -0.0832514 56.3578
13.6 1.05117 1.08592 -0.0859162 0.0511704 -0.0511704 -0.0859162 59.2226
13.65 1.04681 1.08837 -0.0883663 0.0468124 -0.0468124 -0.0883663 62.0874
13.7 1.04234 1.0906 -0.0905955 0.0423375 -0.0423375 -0.0905955 64.9522
13.75 1.03776 1.0926 -0.0925982 0.0377567 -0.0377567 -0.0925982 67.817
13.8 1.03308 1.09437 -0.0943696 0.0330815 -0.0330815 -0.0943696 70.6818
13.85 1.02832 1.09591 -0.095905 0.0283236 -0.0283236 -0.095905 73.5465
13.9 1.02349 1.0972 -0.0972008 0.023495 -0.023495 -0.0972008 76.4113
13.95 1.01861 1.09825 -0.0982535 0.0186076 -0.0186076 -0.0982535 79.2761
14 1.01367 1.09906 -0.0990607 0.0136737 -0.0136737 -0.0990607 82.1409
14.05 1.00871 1.09962 -0.0996203 0.00870566 -0.00870566 -0.0996203 85.0057
14.1 1.00372 1.09993 -0.0999309 0.00371584 -0.00371584 -0.0999309 87.8705
14.15 0.998717 1.09999 -0.0999918 -0.00128327 0.00128327 -0.0999918 -89.2647
14.2 0.993721 1.0998 -0.0998027 -0.00627917 0.00627917 -0.0998027 -86.3999
14.25 0.988741 1.09936 -0.0993641 -0.0112594 0.0112594 -0.0993641 -83.5351
14.3 0.983789 1.09868 -0.0986772 -0.0162114 0.0162114 -0.0986772 -80.6704
14.35 0.978877 1.09774 -0.0977436 -0.021123 0.021123 -0.0977436 -77.8056
14.4 0.974018 1.09657 -0.0965658 -0.0259817 0.0259817 -0.0965658 -74.9408
14.45 0.969224 1.09515 -0.0951466 -0.0307755 0.0307755 -0.0951466 -72.076
14.5 0.964508 1.09349 -0.0934895 -0.0354924 0.0354924 -0.0934895 -69.2112
14.55 0.959879 1.0916 -0.0915988 -0.0401206 0.0401206 -0.0915988 -66.3464
14.6 0.955352 1.08948 -0.0894791 -0.0446485 0.0446485 -0.0894791 -63.4816
14.65 0.950935 1.08714 -0.0871358 -0.0490648 0.0490648 -0.0871358 -60.6168
14.7 0.946642 1.08457 -0.0845747 -0.0533584 0.0533584 -0.0845747 -57.752
14.75 0.942481 1.0818 -0.0818022 -0.0575187 0.0575187 -0.0818022 -54.8873
14.8 0.938465 1.07883 -0.0788252 -0.0615352 0.0615352 -0.0788252 -52.0225
14.85 0.934602 1.07565 -0.0756512 -0.065398 0.065398 -0.0756512 -49.1577
14.9 0.930903 1.07229 -0.0722881 -0.0690972 0.0690972 -0.0722881 -46.2929
14.95 0.927376 1.06874 -0.0687444 -0.0726238 0.0726238 -0.0687444 -43.4281
15 0.924031 1.06503 -0.0650288 -0.0759688 0.0759688 -0.0650288 -40.5633
15.05 0.920876 1.06115 -0.0611507 -0.0791239 0.0791239 -0.0611507 -37.6985
15.1 0.917919 1.05712 -0.0571197 -0.0820813 0.0820813 -0.0571197 -34.8337
15.15 0.915166 1.05295 -0.0529459 -0.0848335 0.0848335 -0.0529459 -31.9689
15.2 0.912626 1.04864 -0.0486399 -0.0873737 0.0873737 -0.0486399 -29.1042
15.25 0.910305 1.04421 -0.0442122 -0.0896955 0.0896955 -0.0442122 -26.2394
15.3 0.908207 1.03967 -0.0396741 -0.0917931 0.0917931 -0.0396741 -23.3746
15.35 0.906339 1.03504 -0.0350367 -0.0936612 0.0936612 -0.0350367 -20.5098
15.4 0.904705 1.03031 -0.0303118 -0.0952953 0.0952953 -0.0303118 -17.645
15.45 0.903309 1.02551 -0.0255112 -0.0966912 0.0966912 -0.0255112 -14.7802
15.5 0.902155 1.02065 -0.0206467 -0.0978453 0.0978453 -0.0206467 -11.9154
15.55 0.901245 1.01573 -0.0157307 -0.098755 0.098755 -0.0157307 -9.05063
15.6 0.900582 1.01078 -0.0107754 -0.0994178 0.0994178 -0.0107754 -6.18584
15.65 0.900168 1.00579 -0.00579308 -0.0998321 0.0998321 -0.00579308 -3.32105
15.7 0.900003 1.0008 -0.000796318 -0.0999968 0.0999968 -0.000796318 -0.456262
15.75 0.900088 0.995798 0.00420244 -0.0999117 0.0999117 0.00420244 2.40853
15.8 0.900423 0.990809 0.00919069 -0.0995768 0.0995768 0.00919069 5.27332
15.85 0.901007 0.985844 0.014156 -0.098993 0.098993 0.014156 8.13811
15.9 0.901838 0.980914 0.0190859 -0.0981618 0.0981618 0.0190859 11.0029
15.95 0.902915 0.976032 0.023968 -0.0970852 0.0970852 0.023968 13.8677
16 0.904234 0.97121 0.0287903 -0.0957659 0.0957659 0.0287903 16.7325
16.05 0.905793 0.966459 0.0335407 -0.0942073 0.0942073 0.0335407 19.5973
16.1 0.907587 0.961793 0.0382071 -0.0924133 0.0924133 0.0382071 22.4621
16.15 0.909612 0.957222 0.0427781 -0.0903882 0.0903882 0.0427781 25.3268
16.2 0.911863 0.952758 0.0472422 -0.0881372 0.0881372 0.0472422 28.1916
16.25 0.914334 0.948412 0.0515882 -0.085666 0.085666 0.0515882 31.0564
16.3 0.917019 0.944195 0.0558052 -0.0829806 0.0829806 0.0558052 33.9212
16.35 0.919912 0.940117 0.0598828 -0.0800878 0.0800878 0.0598828 36.786
16.4 0.923005 0.936189 0.0638107 -0.0769948 0.0769948 0.0638107 39.6508
16.45 0.926291 0.932421 0.0675791 -0.0737094 0.0737094 0.0675791 42.5156
16.5 0.92976 0.928821 0.0711785 -0.0702397 0.0702397 0.0711785 45.3804
16.55 0.933406 0.9254 0.0746001 -0.0665945 0.0665945 0.0746001 48.2452
16.6 0.937217 0.922165 0.0778352 -0.0627828 0.0627828 0.0778352 51.1099
16.65 0.941186 0.919124 0.0808758 -0.0588142 0.0588142 0.0808758 53.9747
16.7 0.945301 0.916286 0.0837142 -0.0546986 0.0546986 0.0837142 56.8395
16.75 0.949554 0.913657 0.0863433 -0.0504463 0.0504463 0.0863433 59.7043
16.8 0.953932 0.911243 0.0887567 -0.0460679 0.0460679 0.0887567 62.5691
16.85 0.958426 0.909052 0.0909482 -0.0415743 0.0415743 0.0909482 65.4339
16.9 0.963023 0.907088 0.0929124 -0.0369768 0.0369768 0.0929124 68.2987
16.95 0.967713 0.905356 0.0946444 -0.0322869 0.0322869 0.0946444 71.1635
17 0.972484 0.90386 0.0961397 -0.0275163 0.0275163 0.0961397 74.0283
17.05 0.977323 0.902605 0.0973948 -0.022677 0.022677 0.0973948 76.893
17.1 0.982219 0.901593 0.0984065 -0.0177809 0.0177809 0.0984065 79.7578
17.15 0.98716 0.900828 0.0991722 -0.0128404 0.0128404 0.0991722 82.6226
17.2 0.992132 0.90031 0.09969 -0.00786782 0.00786782 0.09969 85.4874
17.25 0.997124 0.900041 0.0999586 -0.00287556 0.00287556 0.0999586 88.3522
17.3 1.00212 0.900023 0.0999774 0.00212388 -0.00212388 0.0999774 -88.783
17.35 1.00712 0.900254 0.0997463 0.00711802 -0.00711802 0.0997463 -85.9182
17.4 1.01209 0.900734 0.0992659 0.0120944 -0.0120944 0.0992659 -83.0534
17.45 1.01704 0.901463 0.0985374 0.0170405 -0.0170405 0.0985374 -80.1886
17.5 1.02194 0.902437 0.0975626 0.021944 -0.021944 0.0975626 -77.3239
17.55 1.02679 0.903656 0.0963439 0.0267927 -0.0267927 0.0963439 -74.4591
17.6 1.03157 0.905116 0.0948844 0.0315744 -0.0315744 0.0948844 -71.5943
17.65 1.03628 0.906812 0.0931878 0.0362772 -0.0362772 0.0931878 -68.7295
17.7 1.04089 0.908742 0.0912582 0.0408893 -0.0408893 0.0912582 -65.8647
17.75 1.0454 0.910899 0.0891006 0.0453992 -0.0453992 0.0891006 -62.9999
17.8 1.0498 0.91328 0.0867202 0.0497956 -0.0497956 0.0867202 -60.1351
17.85 1.05407 0.915877 0.0841231 0.0540676 -0.0540676 0.0841231 -57.2703
17.9 1.0582 0.918684 0.0813157 0.0582044 -0.0582044 0.0813157 -54.4055
17.95 1.0622 0.921695 0.0783051 0.0621958 -0.0621958 0.0783051 -51.5408
18 1.06603 0.924901 0.0750987 0.0660317 -0.0660317 0.0750987 -48.676
18.05 1.0697 0.928295 0.0717047 0.0697025 -0.0697025 0.0717047 -45.8112
18.1 1.0732 0.931869 0.0681314 0.0731991 -0.0731991 0.0681314 -42.9464
18.15 1.07651 0.935612 0.0643878 0.0765128 -0.0765128 0.0643878 -40.0816
18.2 1.07964 0.939517 0.0604833 0.0796352 -0.0796352 0.0604833 -37.2168
18.25 1.08256 0.943572 0.0564276 0.0825586 -0.0825586 0.0564276 -34.352
18.3 1.08528 0.947769 0.0522309 0.0852757 -0.0852757 0.0522309 -31.4872
18.35 1.08778 0.952096 0.0479036 0.0877795 -0.0877795 0.0479036 -28.6224
18.4 1.09006 0.956543 0.0434566 0.090064 -0.090064 0.0434566 -25.7577
18.45 1.09212 0.961099 0.0389009 0.0921234 -0.0921234 0.0389009 -22.8929
18.5 1.09395 0.965752 0.0342481 0.0939525 -0.0939525 0.0342481 -20.0281
18.55 1.09555 0.97049 0.0295096 0.0955468 -0.0955468 0.0295096 -17.1633
18.6 1.0969 0.975303 0.0246974 0.0969022 -0.0969022 0.0246974 -14.2985
18.65 1.09802 0.980177 0.0198234 0.0980155 -0.0980155 0.0198234 -11.4337
18.7 1.09888 0.9851 0.0148999 0.0988837 -0.0988837 0.0148999 -8.56892
18.75 1.0995 0.990061 0.00993915 0.0995048 -0.0995048 0.00993915 -5.70413
18.8 1.09988 0.995046 0.00495356 0.0998772 -0.0998772 0.00495356 -2.83935
18.85 1.1 1.00004 -4.44078e-05 0.1 -0.1 -4.44078e-05 0.0254438
18.9 1.09987 1.00504 -0.00504227 0.0998728 -0.0998728 -0.00504227 2.89023
18.95 1.0995 1.01003 -0.0100275 0.099496 -0.099496 -0.0100275 5.75502
19 1.09887 1.01499 -0.0149877 0.0988705 -0.0988705 -0.0149877 8.61981
19.05 1.098 1.01991 -0.0199105 0.0979978 -0.0979978 -0.0199105 11.4846
19.1 1.09688 1.02478 -0.0247834 0.0968802 -0.0968802 -0.0247834 14.3494
19.15 1.09552 1.02959 -0.0295944 0.0955205 -0.0955205 -0.0295944 17.2142
19.2 1.09392 1.03433 -0.0343315 0.093922 -0.093922 -0.0343315 20.079
19.25 1.09209 1.03898 -0.0389827 0.0920888 -0.0920888 -0.0389827 22.9438
19.3 1.09003 1.04354 -0.0435365 0.0900254 -0.0900254 -0.0435365 25.8085
19.35 1.08774 1.04798 -0.0479815 0.087737 -0.087737 -0.0479815 28.6733
19.4 1.08523 1.05231 -0.0523066 0.0852292 -0.0852292 -0.0523066 31.5381
19.45 1.08251 1.0565 -0.0565009 0.0825085 -0.0825085 -0.0565009 34.4029
19.5 1.07958 1.06055 -0.060554 0.0795815 -0.0795815 -0.060554 37.2677
19.55 1.07646 1.06446 -0.0644557 0.0764556 -0.0764556 -0.0644557 40.1325
19.6 1.07314 1.0682 -0.0681964 0.0731386 -0.0731386 -0.0681964 42.9973
19.65 1.06964 1.07177 -0.0717665 0.0696388 -0.0696388 -0.0717665 45.8621
19.7 1.06596 1.07516 -0.0751573 0.0659649 -0.0659649 -0.0751573 48.7269
19.75 1.06213 1.07836 -0.0783603 0.0621262 -0.0621262 -0.0783603 51.5916
19.8 1.05813 1.08137 -0.0813674 0.0581322 -0.0581322 -0.0813674 54.4564
19.85 1.05399 1.08417 -0.0841711 0.0539929 -0.0539929 -0.0841711 57.3212
19.9 1.04972 1.08676 -0.0867644 0.0497186 -0.0497186 -0.0867644 60.186
19.95 1.04532 1.08914 -0.0891409 0.04532 -0.04532 -0.0891409 63.0508
